PRT1
245
870
4 0 2 (1024 1024 -190 ) (1024 1024 1102 ) (1024 1103 1102 ) (1024 1103 -190 ) 
4 0 1 (1024 1024 1102 ) (1024 1024 -190 ) (1215 1024 -190 ) (1215 1024 1102 ) 
4 1 64 (1215 0 1102 ) (1024 0 1102 ) (1024 0 -190 ) (1215 0 -190 ) 
4 1 42 (1024 0 -190 ) (1024 0 -52 ) (1024 1024 -52 ) (1024 1024 -190 ) 
4 1 37 (1024 0 -52 ) (1024 0 0 ) (1024 1024 0 ) (1024 1024 -52 ) 
4 1 3 (1024 0 0 ) (1024 0 1102 ) (1024 1024 1102 ) (1024 1024 0 ) 
4 2 43 (0 1024 -190 ) (0 1024 1102 ) (0 1103 1102 ) (0 1103 -190 ) 
4 2 42 (1024 1024 -190 ) (1024 1024 -52 ) (0 1024 -52 ) (0 1024 -190 ) 
4 2 40 (304 1024 0 ) (58 1024 0 ) (58 1024 -52 ) (304 1024 -52 ) 
4 2 39 (725 1024 0 ) (304 1024 0 ) (304 1024 -52 ) (725 1024 -52 ) 
4 2 41 (58 1024 0 ) (0 1024 0 ) (0 1024 -52 ) (58 1024 -52 ) 
4 2 38 (929 1024 0 ) (725 1024 0 ) (725 1024 -52 ) (929 1024 -52 ) 
4 2 37 (1024 1024 -52 ) (1024 1024 0 ) (929 1024 0 ) (929 1024 -52 ) 
4 2 19 (51 1024 0 ) (311 1024 0 ) (311 1024 384 ) (51 1024 384 ) 
4 2 18 (311 1024 0 ) (725 1024 0 ) (725 1024 384 ) (311 1024 384 ) 
4 2 21 (0 1024 384 ) (0 1024 0 ) (51 1024 0 ) (51 1024 384 ) 
4 2 17 (725 1024 1102 ) (0 1024 1102 ) (0 1024 384 ) (725 1024 384 ) 
4 2 11 (725 1024 24 ) (725 1024 0 ) (732 1024 0 ) (732 1024 24 ) 
4 2 10 (732 1024 0 ) (929 1024 0 ) (929 1024 24 ) (732 1024 24 ) 
4 2 7 (732 1024 1102 ) (725 1024 1102 ) (725 1024 24 ) (732 1024 24 ) 
4 2 6 (929 1024 1102 ) (732 1024 1102 ) (732 1024 24 ) (929 1024 24 ) 
4 2 4 (936 1024 1102 ) (929 1024 1102 ) (929 1024 0 ) (936 1024 0 ) 
4 2 3 (1024 1024 0 ) (1024 1024 1102 ) (936 1024 1102 ) (936 1024 0 ) 
4 3 142 (1024 0 0 ) (1024 0 128 ) (936 0 128 ) (936 0 0 ) 
4 3 119 (1024 0 128 ) (1024 0 187 ) (936 0 187 ) (936 0 128 ) 
4 3 117 (1024 0 187 ) (1024 0 214 ) (936 0 214 ) (936 0 187 ) 
4 3 67 (1024 0 214 ) (1024 0 384 ) (936 0 384 ) (936 0 214 ) 
4 3 66 (1024 0 384 ) (1024 0 1102 ) (936 0 1102 ) (936 0 384 ) 
4 3 37 (1024 0 0 ) (936 0 0 ) (936 1024 0 ) (1024 1024 0 ) 
4 3 5 (936 0 24 ) (936 0 1102 ) (936 80 1102 ) (936 80 24 ) 
4 3 4 (936 1024 0 ) (936 80 0 ) (936 80 1102 ) (936 1024 1102 ) 
4 4 37 (929 80 0 ) (929 1024 0 ) (936 1024 0 ) (936 80 0 ) 
4 4 10 (929 1024 24 ) (929 1024 0 ) (929 80 0 ) (929 80 24 ) 
4 4 6 (929 1024 1102 ) (929 1024 24 ) (929 80 24 ) (929 80 1102 ) 
4 4 5 (936 80 24 ) (936 80 1102 ) (929 80 1102 ) (929 80 24 ) 
4 5 143 (929 0 128 ) (929 0 24 ) (936 0 24 ) (936 0 128 ) 
4 5 119 (929 0 187 ) (929 0 128 ) (936 0 128 ) (936 0 187 ) 
4 5 117 (929 0 214 ) (929 0 187 ) (936 0 187 ) (936 0 214 ) 
4 5 67 (929 0 384 ) (929 0 214 ) (936 0 214 ) (936 0 384 ) 
4 5 66 (936 0 1102 ) (929 0 1102 ) (929 0 384 ) (936 0 384 ) 
4 5 12 (929 0 187 ) (929 0 1102 ) (929 73 1102 ) (929 73 187 ) 
4 5 6 (929 73 1102 ) (929 80 1102 ) (929 80 24 ) (929 73 24 ) 
4 6 14 (902 73 187 ) (902 73 384 ) (732 73 384 ) (732 73 187 ) 
4 6 13 (902 73 384 ) (902 73 1102 ) (732 73 1102 ) (732 73 384 ) 
4 6 12 (929 73 187 ) (929 73 1102 ) (902 73 1102 ) (902 73 187 ) 
4 6 10 (732 80 24 ) (732 1024 24 ) (929 1024 24 ) (929 80 24 ) 
4 6 8 (732 73 384 ) (732 73 1102 ) (732 166 1102 ) (732 166 384 ) 
4 6 9 (732 166 24 ) (732 73 24 ) (732 73 360 ) (732 166 360 ) 
4 6 7 (732 1024 24 ) (732 166 24 ) (732 166 1102 ) (732 1024 1102 ) 
4 7 22 (725 257 24 ) (725 166 24 ) (725 166 384 ) (725 257 384 ) 
4 7 18 (725 1024 384 ) (725 1024 24 ) (725 257 24 ) (725 257 384 ) 
4 7 17 (725 166 1102 ) (725 1024 1102 ) (725 1024 384 ) (725 166 384 ) 
4 7 11 (725 166 24 ) (725 1024 24 ) (732 1024 24 ) (732 166 24 ) 
4 7 8 (732 166 384 ) (732 166 1102 ) (725 166 1102 ) (725 166 384 ) 
4 7 9 (725 166 24 ) (732 166 24 ) (732 166 360 ) (725 166 360 ) 
4 8 17 (725 73 384 ) (725 73 1102 ) (725 166 1102 ) (725 166 384 ) 
4 8 13 (725 73 1102 ) (725 73 384 ) (732 73 384 ) (732 73 1102 ) 
4 9 31 (725 73 24 ) (725 73 360 ) (725 159 360 ) (725 159 24 ) 
4 9 23 (725 159 360 ) (725 166 360 ) (725 166 24 ) (725 159 24 ) 
4 9 15 (725 73 360 ) (725 73 187 ) (732 73 187 ) (732 73 360 ) 
4 10 38 (732 1024 0 ) (929 1024 0 ) (929 80 0 ) (732 80 0 ) 
4 10 11 (732 1024 0 ) (732 166 0 ) (732 166 24 ) (732 1024 24 ) 
4 11 38 (725 166 0 ) (725 1024 0 ) (732 1024 0 ) (732 166 0 ) 
4 11 22 (725 257 0 ) (725 166 0 ) (725 166 24 ) (725 257 24 ) 
4 11 18 (725 1024 0 ) (725 257 0 ) (725 257 24 ) (725 1024 24 ) 
4 12 117 (902 0 214 ) (902 0 187 ) (929 0 187 ) (929 0 214 ) 
4 12 67 (902 0 384 ) (902 0 214 ) (929 0 214 ) (929 0 384 ) 
4 12 66 (902 0 1102 ) (902 0 384 ) (929 0 384 ) (929 0 1102 ) 
4 12 14 (902 73 384 ) (902 73 187 ) (902 0 187 ) (902 0 384 ) 
4 12 13 (902 73 1102 ) (902 73 384 ) (902 0 384 ) (902 0 1102 ) 
4 13 66 (725 0 1102 ) (725 0 384 ) (902 0 384 ) (902 0 1102 ) 
4 13 17 (725 0 384 ) (725 0 1102 ) (725 73 1102 ) (725 73 384 ) 
4 13 14 (732 73 384 ) (902 73 384 ) (902 0 384 ) (732 0 384 ) 
4 14 117 (732 0 187 ) (902 0 187 ) (902 0 214 ) (732 0 214 ) 
4 14 67 (902 0 214 ) (902 0 384 ) (732 0 384 ) (732 0 214 ) 
4 14 16 (902 46 187 ) (902 0 187 ) (732 0 187 ) (732 46 187 ) 
4 14 15 (732 73 187 ) (732 0 187 ) (732 0 360 ) (732 73 360 ) 
4 15 117 (725 0 214 ) (725 0 187 ) (732 0 187 ) (732 0 214 ) 
4 15 68 (725 0 360 ) (725 0 214 ) (732 0 214 ) (732 0 360 ) 
4 15 31 (725 46 360 ) (725 73 360 ) (725 73 187 ) (725 46 187 ) 
4 15 16 (725 0 187 ) (725 46 187 ) (732 46 187 ) (732 0 187 ) 
4 16 144 (725 0 128 ) (725 0 0 ) (902 0 0 ) (902 0 128 ) 
4 16 120 (725 0 187 ) (725 0 128 ) (902 0 128 ) (902 0 187 ) 
4 16 32 (725 46 0 ) (725 0 0 ) (725 0 187 ) (725 46 187 ) 
4 17 91 (47 0 384 ) (55 0 384 ) (55 0 489 ) (47 0 489 ) 
4 17 90 (55 0 384 ) (123 0 384 ) (123 0 489 ) (55 0 489 ) 
4 17 93 (0 0 489 ) (0 0 384 ) (47 0 384 ) (47 0 489 ) 
4 17 89 (0 0 494 ) (0 0 489 ) (55 0 489 ) (55 0 494 ) 
4 17 88 (55 0 489 ) (123 0 489 ) (123 0 494 ) (55 0 494 ) 
4 17 87 (0 0 1102 ) (0 0 494 ) (123 0 494 ) (123 0 1102 ) 
4 17 80 (123 0 384 ) (150 0 384 ) (150 0 750 ) (123 0 750 ) 
4 17 79 (150 0 750 ) (150 0 1102 ) (123 0 1102 ) (123 0 750 ) 
4 17 66 (150 0 384 ) (725 0 384 ) (725 0 1102 ) (150 0 1102 ) 
4 17 44 (0 0 384 ) (0 0 1102 ) (0 1024 1102 ) (0 1024 384 ) 
4 17 33 (277 159 384 ) (698 159 384 ) (698 132 384 ) (277 132 384 ) 
4 17 35 (0 132 384 ) (0 159 384 ) (85 159 384 ) (85 132 384 ) 
4 17 31 (698 159 384 ) (725 159 384 ) (725 46 384 ) (698 46 384 ) 
4 17 29 (0 166 384 ) (0 257 384 ) (51 257 384 ) (51 166 384 ) 
4 17 26 (85 257 384 ) (277 257 384 ) (277 230 384 ) (85 230 384 ) 
4 17 25 (277 257 384 ) (304 257 384 ) (304 159 384 ) (277 159 384 ) 
4 17 22 (311 257 384 ) (725 257 384 ) (725 166 384 ) (311 166 384 ) 
4 17 19 (51 1024 384 ) (311 1024 384 ) (311 264 384 ) (51 264 384 ) 
4 17 18 (311 1024 384 ) (725 1024 384 ) (725 257 384 ) (311 257 384 ) 
4 17 21 (0 257 384 ) (0 1024 384 ) (51 1024 384 ) (51 257 384 ) 
4 18 39 (311 1024 0 ) (725 1024 0 ) (725 257 0 ) (311 257 0 ) 
4 18 22 (311 257 0 ) (725 257 0 ) (725 257 384 ) (311 257 384 ) 
4 18 20 (311 257 24 ) (311 257 360 ) (311 264 360 ) (311 264 24 ) 
4 18 19 (311 1024 0 ) (311 264 0 ) (311 264 384 ) (311 1024 384 ) 
4 19 40 (58 1024 0 ) (304 1024 0 ) (304 264 0 ) (58 264 0 ) 
4 19 39 (304 1024 0 ) (311 1024 0 ) (311 264 0 ) (304 264 0 ) 
4 19 41 (51 1024 0 ) (58 1024 0 ) (58 264 0 ) (51 264 0 ) 
4 19 20 (51 264 360 ) (51 264 24 ) (311 264 24 ) (311 264 360 ) 
4 19 21 (51 1024 0 ) (51 264 0 ) (51 264 384 ) (51 1024 384 ) 
4 20 28 (58 257 360 ) (51 257 360 ) (51 257 24 ) (58 257 24 ) 
4 20 26 (277 257 360 ) (85 257 360 ) (85 257 24 ) (277 257 24 ) 
4 20 25 (304 257 360 ) (277 257 360 ) (277 257 24 ) (304 257 24 ) 
4 20 24 (311 257 24 ) (311 257 360 ) (304 257 360 ) (304 257 24 ) 
4 20 21 (51 257 24 ) (51 257 360 ) (51 264 360 ) (51 264 24 ) 
4 21 55 (0 1024 24 ) (0 1024 0 ) (0 257 0 ) (0 257 24 ) 
4 21 45 (0 257 384 ) (0 1024 384 ) (0 1024 24 ) (0 257 24 ) 
4 21 41 (0 257 0 ) (0 1024 0 ) (51 1024 0 ) (51 257 0 ) 
4 21 29 (0 257 0 ) (51 257 0 ) (51 257 384 ) (0 257 384 ) 
4 22 39 (311 257 0 ) (725 257 0 ) (725 166 0 ) (311 166 0 ) 
4 22 24 (311 257 360 ) (311 257 24 ) (311 166 24 ) (311 166 360 ) 
4 22 23 (311 166 360 ) (311 166 24 ) (725 166 24 ) (725 166 360 ) 
4 23 33 (698 159 360 ) (311 159 360 ) (311 159 24 ) (698 159 24 ) 
4 23 31 (725 159 24 ) (725 159 360 ) (698 159 360 ) (698 159 24 ) 
4 23 24 (311 159 24 ) (311 159 360 ) (311 166 360 ) (311 166 24 ) 
4 24 33 (311 159 24 ) (311 159 360 ) (304 159 360 ) (304 159 24 ) 
4 24 25 (304 257 360 ) (304 257 24 ) (304 159 24 ) (304 159 360 ) 
4 25 33 (277 159 0 ) (304 159 0 ) (304 159 384 ) (277 159 384 ) 
4 25 27 (277 230 0 ) (277 159 0 ) (277 159 341 ) (277 230 341 ) 
4 25 26 (277 257 384 ) (277 257 0 ) (277 230 0 ) (277 230 384 ) 
4 26 27 (85 230 341 ) (85 230 0 ) (277 230 0 ) (277 230 341 ) 
4 27 34 (85 159 0 ) (277 159 0 ) (277 159 341 ) (85 159 341 ) 
4 28 30 (58 166 24 ) (58 166 360 ) (51 166 360 ) (51 166 24 ) 
4 28 29 (51 257 360 ) (51 257 24 ) (51 166 24 ) (51 166 360 ) 
4 29 55 (0 257 24 ) (0 257 0 ) (0 166 0 ) (0 166 24 ) 
4 29 45 (0 166 384 ) (0 257 384 ) (0 257 24 ) (0 166 24 ) 
4 29 41 (0 166 0 ) (0 257 0 ) (51 257 0 ) (51 166 0 ) 
4 29 30 (51 166 24 ) (51 166 360 ) (0 166 360 ) (0 166 24 ) 
4 30 46 (0 166 360 ) (0 166 24 ) (0 159 24 ) (0 159 360 ) 
4 30 35 (58 159 24 ) (58 159 360 ) (0 159 360 ) (0 159 24 ) 
4 31 36 (698 132 0 ) (698 46 0 ) (698 46 341 ) (698 132 341 ) 
4 31 33 (698 159 384 ) (698 159 0 ) (698 132 0 ) (698 132 384 ) 
4 31 32 (698 46 187 ) (698 46 0 ) (725 46 0 ) (725 46 187 ) 
4 32 150 (698 0 0 ) (725 0 0 ) (725 0 128 ) (698 0 128 ) 
4 32 120 (725 0 128 ) (725 0 187 ) (698 0 187 ) (698 0 128 ) 
4 32 36 (698 46 0 ) (698 0 0 ) (698 0 187 ) (698 46 187 ) 
4 33 36 (277 132 0 ) (698 132 0 ) (698 132 341 ) (277 132 341 ) 
4 33 34 (277 159 341 ) (277 159 0 ) (277 132 0 ) (277 132 341 ) 
4 34 36 (85 132 0 ) (277 132 0 ) (277 132 341 ) (85 132 341 ) 
4 34 35 (85 159 341 ) (85 159 0 ) (85 132 0 ) (85 132 341 ) 
4 35 57 (0 159 24 ) (0 159 0 ) (0 132 0 ) (0 132 24 ) 
4 35 47 (0 132 384 ) (0 159 384 ) (0 159 24 ) (0 132 24 ) 
4 35 36 (0 132 0 ) (85 132 0 ) (85 132 341 ) (0 132 341 ) 
4 36 152 (0 0 128 ) (0 0 0 ) (47 0 0 ) (47 0 128 ) 
4 36 151 (47 0 0 ) (698 0 0 ) (698 0 128 ) (47 0 128 ) 
4 36 120 (0 0 187 ) (0 0 128 ) (698 0 128 ) (698 0 187 ) 
4 36 118 (0 0 214 ) (0 0 187 ) (698 0 187 ) (698 0 214 ) 
4 36 94 (0 0 341 ) (0 0 214 ) (123 0 214 ) (123 0 341 ) 
4 36 82 (123 0 214 ) (150 0 214 ) (150 0 341 ) (123 0 341 ) 
4 36 76 (150 0 214 ) (341 0 214 ) (341 0 341 ) (150 0 341 ) 
4 36 69 (341 0 214 ) (698 0 214 ) (698 0 341 ) (341 0 341 ) 
4 36 58 (0 0 0 ) (0 0 24 ) (0 132 24 ) (0 132 0 ) 
4 36 48 (0 0 24 ) (0 0 341 ) (0 132 341 ) (0 132 24 ) 
4 37 168 (1024 0 -52 ) (1024 0 0 ) (929 0 0 ) (929 0 -52 ) 
4 37 42 (1024 1024 -52 ) (1024 0 -52 ) (929 0 -52 ) (929 1024 -52 ) 
4 37 38 (929 1024 -52 ) (929 73 -52 ) (929 73 0 ) (929 1024 0 ) 
4 38 42 (725 73 -52 ) (725 1024 -52 ) (929 1024 -52 ) (929 73 -52 ) 
4 38 39 (725 1024 -52 ) (725 159 -52 ) (725 159 0 ) (725 1024 0 ) 
4 39 42 (304 1024 -52 ) (725 1024 -52 ) (725 159 -52 ) (304 159 -52 ) 
4 39 40 (304 1024 -52 ) (304 257 -52 ) (304 257 0 ) (304 1024 0 ) 
4 40 42 (58 1024 -52 ) (304 1024 -52 ) (304 257 -52 ) (58 257 -52 ) 
4 40 41 (58 1024 -52 ) (58 257 -52 ) (58 257 0 ) (58 1024 0 ) 
4 41 60 (0 159 0 ) (0 1024 0 ) (0 1024 -52 ) (0 159 -52 ) 
4 41 42 (0 159 -52 ) (0 1024 -52 ) (58 1024 -52 ) (58 159 -52 ) 
4 42 174 (1024 0 -190 ) (1024 0 -52 ) (0 0 -52 ) (0 0 -190 ) 
4 42 62 (0 0 -190 ) (0 0 -52 ) (0 159 -52 ) (0 159 -190 ) 
4 42 60 (0 159 -52 ) (0 1024 -52 ) (0 1024 -190 ) (0 159 -190 ) 
4 43 60 (0 1024 -190 ) (0 1024 0 ) (-261 1024 0 ) (-261 1024 -190 ) 
4 43 63 (-261 1024 0 ) (-586 1024 0 ) (-586 1024 -190 ) (-261 1024 -190 ) 
4 43 59 (-268 1024 24 ) (-586 1024 24 ) (-586 1024 0 ) (-268 1024 0 ) 
4 43 55 (0 1024 0 ) (0 1024 24 ) (-268 1024 24 ) (-268 1024 0 ) 
4 43 49 (-234 1024 384 ) (-586 1024 384 ) (-586 1024 360 ) (-234 1024 360 ) 
4 43 51 (-586 1024 360 ) (-586 1024 24 ) (-234 1024 24 ) (-234 1024 360 ) 
4 43 45 (0 1024 24 ) (0 1024 384 ) (-234 1024 384 ) (-234 1024 24 ) 
4 43 44 (0 1024 384 ) (0 1024 1102 ) (-586 1024 1102 ) (-586 1024 384 ) 
4 44 180 (-18 0 1102 ) (-586 0 1102 ) (-586 0 384 ) (-18 0 384 ) 
4 44 178 (-10 0 489 ) (-18 0 489 ) (-18 0 384 ) (-10 0 384 ) 
4 44 177 (0 0 384 ) (0 0 489 ) (-10 0 489 ) (-10 0 384 ) 
4 44 175 (0 0 489 ) (0 0 1102 ) (-18 0 1102 ) (-18 0 489 ) 
4 44 54 (-268 0 384 ) (-586 0 384 ) (-586 132 384 ) (-268 132 384 ) 
4 44 52 (-234 0 384 ) (-261 0 384 ) (-261 132 384 ) (-234 132 384 ) 
3 44 50 (-234 159.159988 384 ) (-234 132 384 ) (-260.689972 132 384 ) 
5 44 49 (-586 132 384 ) (-586 1024 384 ) (-234 1024 384 ) (-234 166 384 ) (-268 132 384 ) 
4 44 47 (-234 132 384 ) (-234 159 384 ) (0 159 384 ) (0 132 384 ) 
4 44 45 (-234 166 384 ) (-234 1024 384 ) (0 1024 384 ) (0 166 384 ) 
4 45 55 (-234 1024 24 ) (0 1024 24 ) (0 166 24 ) (-234 166 24 ) 
4 45 49 (-234 166 360 ) (-234 166 384 ) (-234 1024 384 ) (-234 1024 360 ) 
4 45 51 (-234 1024 24 ) (-234 166 24 ) (-234 166 360 ) (-234 1024 360 ) 
4 45 46 (-234 166 360 ) (-234 166 24 ) (0 166 24 ) (0 166 360 ) 
4 46 51 (-234 166 24 ) (-234 159 24 ) (-234 159 360 ) (-234 166 360 ) 
4 46 47 (-234 159 360 ) (-234 159 24 ) (0 159 24 ) (0 159 360 ) 
4 47 57 (0 159 24 ) (0 132 24 ) (-234 132 24 ) (-234 159 24 ) 
4 47 50 (-234 132 360 ) (-234 132 384 ) (-234 159 384 ) (-234 159 360 ) 
4 47 51 (-234 159 24 ) (-234 132 24 ) (-234 132 360 ) (-234 159 360 ) 
4 47 48 (-234 132 341 ) (-234 132 24 ) (0 132 24 ) (0 132 341 ) 
4 48 181 (0 0 24 ) (0 0 341 ) (-234 0 341 ) (-234 0 24 ) 
4 48 58 (0 132 24 ) (0 0 24 ) (-234 0 24 ) (-234 132 24 ) 
4 48 52 (-234 132 24 ) (-234 0 24 ) (-234 0 341 ) (-234 132 341 ) 
4 49 54 (-268 132 384 ) (-586 132 384 ) (-586 132 360 ) (-268.006989 132 360 ) 
5 49 51 (-268.006989 132 360 ) (-586 132 360 ) (-586 1024 360 ) (-234 1024 360 ) (-234 166.007019 360 ) 
4 50 52 (-234 132 360 ) (-234 132 384 ) (-260.689972 132 384 ) (-260.691010 132 360 ) 
3 50 51 (-234 132 360 ) (-260.691010 132 360 ) (-234 159.161011 360 ) 
4 51 59 (-586 1024 24 ) (-268 1024 24 ) (-268 132 24 ) (-586 132 24 ) 
3 51 57 (-234 159.153915 24 ) (-234 132 24 ) (-260.684021 132 24 ) 
5 51 56 (-234 166 24 ) (-234 165.994003 24 ) (-267.994019 132 24 ) (-268 132 24 ) (-268 166 24 ) 
4 51 55 (-268 1024 24 ) (-234 1024 24 ) (-234 166 24 ) (-268 166 24 ) 
4 51 54 (-586 132 24 ) (-268 132 24 ) (-268 132 360 ) (-586 132 360 ) 
4 51 53 (-268 132 24 ) (-261 132 24 ) (-261 132 360 ) (-268 132 360 ) 
4 51 52 (-261 132 24 ) (-234 132 24 ) (-234 132 360 ) (-261 132 360 ) 
4 52 182 (-234 0 384 ) (-261 0 384 ) (-261 0 360 ) (-234 0 360 ) 
4 52 186 (-261 0 360 ) (-261 0 24 ) (-234 0 24 ) (-234 0 360 ) 
4 52 58 (-234 132 24 ) (-234 0 24 ) (-261 0 24 ) (-261 132 24 ) 
4 52 53 (-261 132 360 ) (-261 132 24 ) (-261 0 24 ) (-261 0 360 ) 
4 53 186 (-268 0 360 ) (-268 0 24 ) (-261 0 24 ) (-261 0 360 ) 
4 53 54 (-268 132 360 ) (-268 132 24 ) (-268 0 24 ) (-268 0 360 ) 
4 54 185 (-268 0 384 ) (-385.827606 0 384 ) (-385.833374 0 360 ) (-268 0 360 ) 
4 54 184 (-385.827606 0 384 ) (-586 0 384 ) (-586 0 360 ) (-385.833374 0 360 ) 
4 54 186 (-586 0 360 ) (-586 0 24 ) (-268 0 24 ) (-268 0 360 ) 
4 54 59 (-268 0 24 ) (-586 0 24 ) (-586 132 24 ) (-268 132 24 ) 
4 55 60 (-261 1024 0 ) (0 1024 0 ) (0 166 0 ) (-261 166 0 ) 
4 55 63 (-268 166 0 ) (-268 1024 0 ) (-261 1024 0 ) (-261 166 0 ) 
4 55 59 (-268 1024 0 ) (-268 166 0 ) (-268 166 24 ) (-268 1024 24 ) 
4 55 56 (-268 166 24 ) (-268 166 0 ) (-234.001007 166 0 ) (-233.994003 166 24 ) 
3 56 61 (-241 159 0 ) (-261 139 0 ) (-261 159 0 ) 
4 56 60 (-261 166 0 ) (-234.001007 166 0 ) (-241 159 0 ) (-261 159 0 ) 
4 56 63 (-268 132 0 ) (-268 166 0 ) (-261 166 0 ) (-261 139 0 ) 
4 56 59 (-268 166 0 ) (-268 132 0 ) (-268 132 24 ) (-268 166 24 ) 
4 57 58 (-260.685028 132 0 ) (0 132 0 ) (0 132 24 ) (-260.684021 132 24 ) 
4 58 187 (0 0 0 ) (0 0 24 ) (-261 0 24 ) (-261 0 0 ) 
4 59 190 (-268 0 24 ) (-586 0 24 ) (-586 0 0 ) (-268 0 0 ) 
4 59 63 (-268 0 0 ) (-586 0 0 ) (-586 1024 0 ) (-268 1024 0 ) 
4 60 61 (-261 159 0 ) (-261 159 -52 ) (-234 159 -52 ) (-234 159 0 ) 
4 60 62 (-261 159 -52 ) (-261 159 -190 ) (0 159 -190 ) (0 159 -52 ) 
4 60 63 (-261 1024 -190 ) (-261 159 -190 ) (-261 159 0 ) (-261 1024 0 ) 
3 61 62 (-261 132 -52 ) (-261 159 -52 ) (-234 159 -52 ) 
4 61 63 (-261 132 0 ) (-261 159 0 ) (-261 159 -52 ) (-261 132 -52 ) 
4 62 242 (0 0 -190 ) (0 0 -52 ) (-261 0 -52 ) (-261 0 -190 ) 
4 62 63 (-261 159 -190 ) (-261 0 -190 ) (-261 0 -52 ) (-261 159 -52 ) 
4 63 242 (-586 0 -52 ) (-586 0 -190 ) (-261 0 -190 ) (-261 0 -52 ) 
4 63 238 (-261 0 0 ) (-586 0 0 ) (-586 0 -52 ) (-261 0 -52 ) 
4 64 174 (1024 0 -52 ) (1024 0 -190 ) (1024 -1024 -190 ) (1024 -1024 -52 ) 
4 64 172 (1024 -418 -52 ) (1024 -1024 -52 ) (1024 -1024 0 ) (1024 -418 0 ) 
4 64 171 (1024 -378 -52 ) (1024 -418 -52 ) (1024 -418 0 ) (1024 -378 0 ) 
4 64 170 (1024 -252 -52 ) (1024 -378 -52 ) (1024 -378 0 ) (1024 -252 0 ) 
4 64 168 (1024 0 0 ) (1024 0 -52 ) (1024 -252 -52 ) (1024 -252 0 ) 
4 64 159 (1024 -425 0 ) (1024 -1024 0 ) (1024 -1024 214 ) (1024 -425 214 ) 
4 64 157 (1024 -418 0 ) (1024 -425 0 ) (1024 -425 214 ) (1024 -418 214 ) 
4 64 147 (1024 -201 0 ) (1024 -418 0 ) (1024 -418 128 ) (1024 -201 128 ) 
4 64 145 (1024 -194 0 ) (1024 -201 0 ) (1024 -201 128 ) (1024 -194 128 ) 
4 64 142 (1024 0 128 ) (1024 0 0 ) (1024 -194 0 ) (1024 -194 128 ) 
4 64 129 (1024 -252 128 ) (1024 -418 128 ) (1024 -418 214 ) (1024 -252 214 ) 
4 64 121 (1024 -167 128 ) (1024 -252 128 ) (1024 -252 214 ) (1024 -167 214 ) 
4 64 119 (1024 0 187 ) (1024 0 128 ) (1024 -167 128 ) (1024 -167 187 ) 
4 64 117 (1024 0 214 ) (1024 0 187 ) (1024 -167 187 ) (1024 -167 214 ) 
4 64 83 (1024 -418 214 ) (1024 -1024 214 ) (1024 -1024 1102 ) (1024 -418 1102 ) 
4 64 74 (1024 -259 214 ) (1024 -418 214 ) (1024 -418 384 ) (1024 -259 384 ) 
4 64 72 (1024 -252 214 ) (1024 -259 214 ) (1024 -259 384 ) (1024 -252 384 ) 
4 64 67 (1024 0 384 ) (1024 0 214 ) (1024 -252 214 ) (1024 -252 384 ) 
4 64 66 (1024 0 1102 ) (1024 0 384 ) (1024 -418 384 ) (1024 -418 1102 ) 
4 64 65 (1215 -1024 1102 ) (1024 -1024 1102 ) (1024 -1024 -190 ) (1215 -1024 -190 ) 
4 65 243 (1024 -1226 1102 ) (1024 -1024 1102 ) (1024 -1024 -190 ) (1024 -1226 -190 ) 
4 66 84 (375 -418 1102 ) (150 -418 1102 ) (150 -418 384 ) (375 -418 384 ) 
4 66 83 (1024 -418 384 ) (1024 -418 1102 ) (375 -418 1102 ) (375 -418 384 ) 
4 66 81 (150 -378 384 ) (150 -418 384 ) (150 -418 750 ) (150 -378 750 ) 
4 66 80 (150 0 750 ) (150 0 384 ) (150 -225 384 ) (150 -225 750 ) 
4 66 79 (150 0 1102 ) (150 0 750 ) (150 -418 750 ) (150 -418 1102 ) 
4 66 74 (1024 -418 384 ) (375 -418 384 ) (375 -259 384 ) (1024 -259 384 ) 
4 66 72 (732 -252 384 ) (1024 -252 384 ) (1024 -259 384 ) (732 -259 384 ) 
4 66 70 (341 -252 384 ) (341 -225 384 ) (698 -225 384 ) (698 -252 384 ) 
4 66 67 (732 0 384 ) (1024 0 384 ) (1024 -252 384 ) (732 -252 384 ) 
4 67 122 (732 -194 214 ) (732 -167 214 ) (929 -167 214 ) (929 -194 214 ) 
4 67 123 (929 -252 214 ) (732 -252 214 ) (732 -194 214 ) (929 -194 214 ) 
4 67 121 (1024 -167 214 ) (1024 -252 214 ) (929 -252 214 ) (929 -167 214 ) 
4 67 117 (732 0 214 ) (1024 0 214 ) (1024 -167 214 ) (732 -167 214 ) 
4 67 72 (732 -252 214 ) (1024 -252 214 ) (1024 -252 384 ) (732 -252 384 ) 
4 67 68 (732 0 214 ) (732 -252 214 ) (732 -252 360 ) (732 0 360 ) 
4 68 122 (732 -167 214 ) (732 -194 214 ) (725 -194 214 ) (725 -167 214 ) 
4 68 123 (732 -194 214 ) (732 -252 214 ) (725 -252 214 ) (725 -194 214 ) 
4 68 117 (725 0 214 ) (732 0 214 ) (732 -167 214 ) (725 -167 214 ) 
4 68 73 (725 -252 214 ) (732 -252 214 ) (732 -252 360 ) (725 -252 360 ) 
4 69 124 (698 -167 214 ) (698 -225 214 ) (341 -225 214 ) (341 -167 214 ) 
4 69 118 (341 0 214 ) (698 0 214 ) (698 -167 214 ) (341 -167 214 ) 
4 69 76 (341 0 214 ) (341 -225 214 ) (341 -225 341 ) (341 0 341 ) 
4 69 71 (341 -225 341 ) (341 -225 214 ) (659.678284 -225 214 ) (416.251495 -225 341 ) 
4 69 70 (659.678284 -225 214 ) (698 -225 214 ) (698 -225 341 ) (416.251495 -225 341 ) 
4 70 125 (698 -225 214 ) (698 -252 214 ) (659.678284 -252 214 ) (659.678284 -225 214 ) 
4 70 73 (379.833313 -252 360 ) (659.678284 -252 214 ) (698 -252 214 ) (698 -252 360 ) 
4 70 71 (351.636353 -225 374.712524 ) (659.680176 -225 214 ) (659.680054 -252 214 ) (351.624298 -252 374.717987 ) 
4 71 125 (659.678284 -252 214 ) (355 -252 214 ) (355 -225 214 ) (659.678284 -225 214 ) 
4 71 77 (341 -225 214 ) (341 -252 214 ) (341 -252 341 ) (341 -225 341 ) 
4 71 73 (368 -252 214 ) (659.678284 -252 214 ) (379.833313 -252 360 ) (368 -252 360 ) 
4 72 129 (1024 -252 214 ) (1024 -259 214 ) (732 -259 214 ) (732 -252 214 ) 
4 72 74 (732 -259 214 ) (1024 -259 214 ) (1024 -259 384 ) (732 -259 384 ) 
4 72 73 (732 -252 360 ) (732 -252 214 ) (732 -259 214 ) (732 -259 360 ) 
4 73 129 (732 -259 214 ) (368 -259 214 ) (368 -252 214 ) (732 -252 214 ) 
4 73 75 (368 -259 360 ) (368 -259 214 ) (375 -259 214 ) (375 -259 360 ) 
4 73 74 (375 -259 214 ) (732 -259 214 ) (732 -259 360 ) (375 -259 360 ) 
4 74 129 (1024 -259 214 ) (1024 -418 214 ) (375 -418 214 ) (375 -259 214 ) 
4 74 83 (375 -418 214 ) (1024 -418 214 ) (1024 -418 384 ) (375 -418 384 ) 
4 74 75 (375 -259 360 ) (375 -259 214 ) (375 -418 214 ) (375 -418 360 ) 
4 75 129 (375 -418 214 ) (368 -418 214 ) (368 -259 214 ) (375 -259 214 ) 
4 75 85 (368 -418 214 ) (375 -418 214 ) (375 -418 360 ) (368 -418 360 ) 
4 76 127 (341 -167 214 ) (341 -225 214 ) (150 -225 214 ) (150 -167 214 ) 
4 76 118 (150 0 214 ) (341 0 214 ) (341 -167 214 ) (150 -167 214 ) 
4 76 82 (150 0 341 ) (150 0 214 ) (150 -225 214 ) (150 -225 341 ) 
4 76 77 (341 -225 214 ) (341 -225 341 ) (150 -225 341 ) (150 -225 214 ) 
4 77 137 (213 -391 214 ) (150 -391 214 ) (150 -351 214 ) (213 -351 214 ) 
4 77 133 (150 -351 214 ) (150 -252 214 ) (213 -252 214 ) (213 -351 214 ) 
4 77 130 (341 -252 214 ) (341 -391 214 ) (297 -391 214 ) (297 -252 214 ) 
4 77 131 (297 -391 214 ) (213 -391 214 ) (213 -252 214 ) (297 -252 214 ) 
4 77 127 (341 -225 214 ) (341 -252 214 ) (150 -252 214 ) (150 -225 214 ) 
4 77 82 (150 -225 214 ) (150 -391 214 ) (150 -391 341 ) (150 -225 341 ) 
4 77 78 (297 -391 282 ) (213 -391 282 ) (213 -391 214 ) (297 -391 214 ) 
4 78 131 (297 -418 214 ) (213 -418 214 ) (213 -391 214 ) (297 -391 214 ) 
4 78 85 (213 -418 214 ) (297 -418 214 ) (297 -418 282 ) (213 -418 282 ) 
4 79 112 (123 -378 750 ) (123 -418 750 ) (123 -418 1102 ) (123 -378 1102 ) 
4 79 109 (123 -351 750 ) (123 -378 750 ) (123 -378 1102 ) (123 -351 1102 ) 
4 79 99 (123 -252 750 ) (123 -351 750 ) (123 -351 1102 ) (123 -252 1102 ) 
4 79 95 (123 -225 750 ) (123 -252 750 ) (123 -252 1102 ) (123 -225 1102 ) 
4 79 87 (123 0 1102 ) (123 0 750 ) (123 -225 750 ) (123 -225 1102 ) 
4 79 84 (123 -418 1102 ) (123 -418 750 ) (150 -418 750 ) (150 -418 1102 ) 
4 79 81 (150 -378 750 ) (150 -418 750 ) (123 -418 750 ) (123 -378 750 ) 
4 79 80 (150 0 750 ) (150 -225 750 ) (123 -225 750 ) (123 0 750 ) 
4 80 90 (123 0 489 ) (123 0 384 ) (123 -225 384 ) (123 -225 489 ) 
4 80 88 (123 0 494 ) (123 0 489 ) (123 -225 489 ) (123 -225 494 ) 
4 80 87 (123 0 750 ) (123 0 494 ) (123 -225 494 ) (123 -225 750 ) 
4 81 113 (123 -378 341 ) (123 -418 341 ) (123 -418 360 ) (123 -378 360 ) 
4 81 112 (123 -418 384 ) (123 -418 750 ) (123 -378 750 ) (123 -378 384 ) 
4 81 84 (123 -418 750 ) (123 -418 384 ) (150 -418 384 ) (150 -418 750 ) 
4 81 85 (123 -418 360 ) (123 -418 341 ) (150 -418 341 ) (150 -418 360 ) 
4 81 82 (150 -378 341 ) (150 -418 341 ) (123 -418 341 ) (123 -378 341 ) 
4 82 138 (123 -418 214 ) (123 -351 214 ) (150 -351 214 ) (150 -418 214 ) 
4 82 133 (123 -351 214 ) (123 -252 214 ) (150 -252 214 ) (150 -351 214 ) 
4 82 127 (123 -252 214 ) (123 -167 214 ) (150 -167 214 ) (150 -252 214 ) 
4 82 118 (123 -167 214 ) (123 0 214 ) (150 0 214 ) (150 -167 214 ) 
4 82 113 (123 -378 214 ) (123 -418 214 ) (123 -418 341 ) (123 -378 341 ) 
4 82 111 (123 -351 214 ) (123 -378 214 ) (123 -378 341 ) (123 -351 341 ) 
4 82 106 (123 -252 214 ) (123 -351 214 ) (123 -351 341 ) (123 -252 341 ) 
4 82 96 (123 -225 214 ) (123 -252 214 ) (123 -252 341 ) (123 -225 341 ) 
4 82 94 (123 0 341 ) (123 0 214 ) (123 -225 214 ) (123 -225 341 ) 
4 82 85 (123 -418 341 ) (123 -418 214 ) (150 -418 214 ) (150 -418 341 ) 
4 83 243 (1024 -1024 214 ) (1024 -1024 1102 ) (375 -1024 1102 ) (375 -1024 214 ) 
4 83 159 (1024 -1024 214 ) (375 -1024 214 ) (375 -425 214 ) (1024 -425 214 ) 
4 83 157 (375 -425 214 ) (375 -418 214 ) (1024 -418 214 ) (1024 -425 214 ) 
4 83 84 (375 -425 1102 ) (375 -418 1102 ) (375 -418 384 ) (375 -425 384 ) 
4 83 85 (375 -418 360 ) (375 -418 214 ) (375 -425 214 ) (375 -425 360 ) 
4 83 86 (375 -1024 1102 ) (375 -425 1102 ) (375 -425 214 ) (375 -1024 214 ) 
4 84 112 (123 -425 384 ) (123 -425 1102 ) (123 -418 1102 ) (123 -418 384 ) 
4 84 86 (375 -425 384 ) (375 -425 1102 ) (123 -425 1102 ) (123 -425 384 ) 
4 85 162 (123 -425 214 ) (123 -418 214 ) (161 -418 214 ) (161 -425 214 ) 
4 85 158 (161 -418 214 ) (375 -418 214 ) (375 -425 214 ) (161 -425 214 ) 
4 85 113 (123 -418 214 ) (123 -425 214 ) (123 -425 360 ) (123 -418 360 ) 
4 85 86 (375 -425 214 ) (375 -425 360 ) (123 -425 360 ) (123 -425 214 ) 
4 86 243 (375 -1024 1102 ) (123 -1024 1102 ) (123 -1024 214 ) (375 -1024 214 ) 
4 86 165 (123 -550 214 ) (123 -543 214 ) (161 -543 214 ) (161 -550 214 ) 
4 86 164 (123 -543 214 ) (123 -516 214 ) (161 -516 214 ) (161 -543 214 ) 
4 86 167 (161 -1024 214 ) (123 -1024 214 ) (123 -550 214 ) (161 -550 214 ) 
4 86 162 (123 -516 214 ) (123 -425 214 ) (161 -425 214 ) (161 -516 214 ) 
4 86 160 (161 -550 214 ) (161 -425 214 ) (168 -425 214 ) (168 -550 214 ) 
4 86 161 (168 -1024 214 ) (161 -1024 214 ) (161 -550 214 ) (168 -550 214 ) 
4 86 159 (375 -1024 214 ) (168 -1024 214 ) (168 -425 214 ) (375 -425 214 ) 
4 86 114 (123 -425 214 ) (123 -1024 214 ) (123 -1024 384 ) (123 -425 384 ) 
4 86 112 (123 -1024 384 ) (123 -1024 1102 ) (123 -425 1102 ) (123 -425 384 ) 
4 87 176 (0 -159 494 ) (0 -225 494 ) (0 -225 1102 ) (0 -159 1102 ) 
4 87 175 (0 0 1102 ) (0 0 494 ) (0 -159 494 ) (0 -159 1102 ) 
4 87 97 (47 -225 1102 ) (0 -225 1102 ) (0 -225 750 ) (47 -225 750 ) 
4 87 95 (123 -225 750 ) (123 -225 1102 ) (47 -225 1102 ) (47 -225 750 ) 
4 87 89 (0 -159 494 ) (0 0 494 ) (55 0 494 ) (55 -159 494 ) 
4 87 88 (123 -225 494 ) (55 -225 494 ) (55 0 494 ) (123 0 494 ) 
4 88 90 (123 -225 489 ) (55 -225 489 ) (55 0 489 ) (123 0 489 ) 
4 88 89 (55 0 489 ) (55 -159 489 ) (55 -159 494 ) (55 0 494 ) 
4 89 175 (0 0 494 ) (0 0 489 ) (0 -159 489 ) (0 -159 494 ) 
4 89 91 (47 0 489 ) (55 0 489 ) (55 -159 489 ) (47 -159 489 ) 
4 89 93 (0 -159 489 ) (0 0 489 ) (47 0 489 ) (47 -159 489 ) 
4 90 92 (55 -164 384 ) (55 -225 384 ) (55 -225 417 ) (55 -164 488.381989 ) 
4 90 91 (55 0 384 ) (55 -164 384 ) (55 -164 489 ) (55 0 489 ) 
4 91 92 (47 -164 488.381989 ) (47 -164 384 ) (55 -164 384 ) (55 -164 488.381989 ) 
4 91 93 (47 0 384 ) (47 -164 384 ) (47 -164 489 ) (47 0 489 ) 
4 92 93 (47 -164 384 ) (47 -225 384 ) (47 -225 417 ) (47 -164 488.381989 ) 
4 93 177 (0 0 489 ) (0 0 384 ) (0 -225 384 ) (0 -225 489 ) 
4 93 98 (47 -225 489 ) (0 -225 489 ) (0 -225 396 ) (47 -225 396 ) 
4 94 181 (0 0 341 ) (0 0 214 ) (0 -225 214 ) (0 -225 341 ) 
4 94 128 (0 -225 214 ) (0 -167 214 ) (47 -167 214 ) (47 -225 214 ) 
4 94 127 (47 -167 214 ) (123 -167 214 ) (123 -225 214 ) (47 -225 214 ) 
4 94 118 (0 -167 214 ) (0 0 214 ) (123 0 214 ) (123 -167 214 ) 
4 94 96 (47 -225 214 ) (123 -225 214 ) (123 -225 341 ) (47 -225 341 ) 
4 95 99 (123 -252 750 ) (123 -252 1102 ) (47 -252 1102 ) (47 -252 750 ) 
4 95 97 (47 -225 1102 ) (47 -225 750 ) (47 -252 750 ) (47 -252 1102 ) 
4 96 127 (47 -225 214 ) (123 -225 214 ) (123 -252 214 ) (47 -252 214 ) 
4 96 106 (47 -252 214 ) (123 -252 214 ) (123 -252 341 ) (47 -252 341 ) 
4 97 191 (0 -252 750 ) (0 -252 1102 ) (0 -225 1102 ) (0 -225 750 ) 
4 97 99 (0 -252 1102 ) (0 -252 750 ) (47 -252 750 ) (47 -252 1102 ) 
4 98 192 (0 -252 396 ) (0 -252 489 ) (0 -225 489 ) (0 -225 396 ) 
4 98 105 (0 -252 489 ) (0 -252 396 ) (47 -252 396 ) (47 -252 489 ) 
4 99 210 (0 -351 749 ) (0 -351 1102 ) (0 -330 1102 ) (0 -330 749 ) 
4 99 203 (0 -330 1102 ) (0 -278 1102 ) (0 -278 749 ) (0 -330 749 ) 
4 99 200 (0 -278 1102 ) (0 -252 1102 ) (0 -252 749 ) (0 -278 749 ) 
4 99 109 (123 -351 750 ) (123 -351 1102 ) (0 -351 1102 ) (0 -351 750 ) 
4 99 103 (123 -351 749 ) (48.619701 -351 749 ) (48.619701 -332.950989 749 ) (123 -332.950989 749 ) 
4 99 104 (39 -351 749 ) (0 -351 749 ) (0 -332.950989 749 ) (39 -332.950989 749 ) 
4 99 101 (48.802502 -277.033020 749 ) (48.802502 -332.950989 749 ) (38.802502 -332.950989 749 ) (38.802502 -277.033020 749 ) 
4 99 100 (48.802502 -252 749 ) (123 -252 749 ) (123 -332.950989 749 ) (48.802502 -332.950989 749 ) 
4 99 102 (0 -332.950989 749 ) (0 -252 749 ) (38.802502 -252 749 ) (38.802502 -332.950989 749 ) 
4 100 103 (48.802502 -332.950989 741.960083 ) (123 -332.950989 741.960083 ) (123 -332.950989 749 ) (48.802502 -332.950989 749 ) 
4 100 101 (48.802502 -277.033020 741.960083 ) (48.802502 -332.950989 741.960083 ) (48.802502 -332.950989 749 ) (48.802502 -277.033020 749 ) 
4 100 105 (48.802502 -252 741.960083 ) (123 -252 741.960083 ) (123 -332.950989 741.960083 ) (48.802502 -332.950989 741.960083 ) 
4 101 105 (48.802502 -277.033020 741.960083 ) (48.802502 -332.950989 741.960083 ) (38.802502 -332.950989 741.960083 ) (38.802502 -277.033020 741.960083 ) 
4 101 102 (38.802502 -277.033020 741.960083 ) (38.802502 -332.950989 741.960083 ) (38.802502 -332.950989 749 ) (38.802502 -277.033020 749 ) 
4 102 210 (0 -332.950989 749 ) (0 -330 749 ) (0 -330 741.960083 ) (0 -332.950989 741.960083 ) 
4 102 203 (0 -330 749 ) (0 -278 749 ) (0 -278 741.960083 ) (0 -330 741.960083 ) 
4 102 200 (0 -278 749 ) (0 -252 749 ) (0 -252 741.960083 ) (0 -278 741.960083 ) 
4 102 104 (0 -332.950989 741.960083 ) (38.802502 -332.950989 741.960083 ) (38.802502 -332.950989 749 ) (0 -332.950989 749 ) 
4 102 105 (0 -332.950989 741.960083 ) (0 -252 741.960083 ) (38.802502 -252 741.960083 ) (38.802502 -332.950989 741.960083 ) 
4 103 105 (123 -351 741.960083 ) (48.619701 -351 741.960083 ) (48.619701 -332.950989 741.960083 ) (123 -332.950989 741.960083 ) 
4 104 210 (0 -351 741.960083 ) (0 -351 749 ) (0 -332.950989 749 ) (0 -332.950989 741.960083 ) 
4 104 105 (39 -351 741.960083 ) (0 -351 741.960083 ) (0 -332.950989 741.960083 ) (39 -332.950989 741.960083 ) 
4 105 210 (0 -351 396 ) (0 -351 741.960083 ) (0 -330 741.960083 ) (0 -330 396 ) 
4 105 203 (0 -330 741.960083 ) (0 -278 741.960083 ) (0 -278 396 ) (0 -330 396 ) 
4 105 200 (0 -278 741.960083 ) (0 -252 741.960083 ) (0 -252 396 ) (0 -278 396 ) 
4 105 111 (123 -351 396 ) (123 -351 432 ) (0 -351 432 ) (0 -351 396 ) 
4 105 110 (75 -351 695 ) (0 -351 695 ) (0 -351 583 ) (75 -351 583 ) 
4 105 107 (0 -330 396 ) (0 -278 396 ) (6 -278 396 ) (6 -330 396 ) 
4 106 111 (6 -351 214 ) (123 -351 214 ) (123 -351 382 ) (6 -351 382 ) 
4 106 108 (6 -351 214 ) (6 -351 382 ) (6 -252 382 ) (6 -252 214 ) 
4 107 203 (0 -330 396 ) (0 -278 396 ) (0 -278 382 ) (0 -330 382 ) 
4 107 108 (6 -278 382 ) (6 -330 382 ) (0 -330 382 ) (0 -278 382 ) 
4 108 211 (0 -330 214 ) (0 -351 214 ) (0 -351 382 ) (0 -330 382 ) 
4 108 203 (0 -278 214 ) (0 -330 214 ) (0 -330 382 ) (0 -278 382 ) 
4 108 201 (0 -252 214 ) (0 -278 214 ) (0 -278 382 ) (0 -252 382 ) 
4 108 135 (0 -330 214 ) (0 -278 214 ) (6 -278 214 ) (6 -330 214 ) 
4 108 111 (0 -351 214 ) (6 -351 214 ) (6 -351 382 ) (0 -351 382 ) 
4 109 213 (0 -378 750 ) (0 -378 1102 ) (0 -351 1102 ) (0 -351 750 ) 
4 109 112 (0 -378 1102 ) (0 -378 750 ) (123 -378 750 ) (123 -378 1102 ) 
4 110 214 (0 -378 583 ) (0 -378 695 ) (0 -351 695 ) (0 -351 583 ) 
4 110 112 (0 -378 695 ) (0 -378 583 ) (75 -378 583 ) (75 -378 695 ) 
4 111 215 (0 -351 214 ) (0 -378 214 ) (0 -378 432 ) (0 -351 432 ) 
4 111 139 (0 -378 214 ) (0 -351 214 ) (123 -351 214 ) (123 -378 214 ) 
4 111 115 (0 -378 360 ) (0 -378 214 ) (116 -378 214 ) (116 -378 360 ) 
4 111 113 (116 -378 214 ) (123 -378 214 ) (123 -378 360 ) (116 -378 360 ) 
4 111 112 (0 -378 432 ) (0 -378 384 ) (123 -378 384 ) (123 -378 432 ) 
4 112 243 (0 -1024 1102 ) (0 -1024 384 ) (123 -1024 384 ) (123 -1024 1102 ) 
4 112 225 (0 -385 1102 ) (0 -378 1102 ) (0 -378 384 ) (0 -385 384 ) 
4 112 226 (0 -1024 384 ) (0 -1024 1102 ) (0 -385 1102 ) (0 -385 384 ) 
4 112 116 (116 -385 384 ) (116 -1024 384 ) (0 -1024 384 ) (0 -385 384 ) 
4 112 114 (123 -425 384 ) (123 -1024 384 ) (116 -1024 384 ) (116 -425 384 ) 
4 113 162 (116 -425 214 ) (116 -418 214 ) (123 -418 214 ) (123 -425 214 ) 
4 113 140 (116 -418 214 ) (116 -378 214 ) (123 -378 214 ) (123 -418 214 ) 
4 113 115 (116 -378 360 ) (116 -378 214 ) (116 -385 214 ) (116 -385 360 ) 
4 113 116 (116 -385 214 ) (116 -425 214 ) (116 -425 360 ) (116 -385 360 ) 
4 113 114 (116 -425 360 ) (116 -425 214 ) (123 -425 214 ) (123 -425 360 ) 
4 114 243 (116 -1024 214 ) (123 -1024 214 ) (123 -1024 384 ) (116 -1024 384 ) 
4 114 165 (116 -550 214 ) (116 -543 214 ) (123 -543 214 ) (123 -550 214 ) 
4 114 164 (116 -543 214 ) (116 -516 214 ) (123 -516 214 ) (123 -543 214 ) 
4 114 167 (123 -1024 214 ) (116 -1024 214 ) (116 -550 214 ) (123 -550 214 ) 
4 114 162 (116 -516 214 ) (116 -425 214 ) (123 -425 214 ) (123 -516 214 ) 
4 114 116 (116 -1024 384 ) (116 -425 384 ) (116 -425 214 ) (116 -1024 214 ) 
4 115 228 (0 -378 214 ) (0 -385 214 ) (0 -385 360 ) (0 -378 360 ) 
4 115 140 (0 -385 214 ) (0 -378 214 ) (116 -378 214 ) (116 -385 214 ) 
4 115 116 (0 -385 214 ) (116 -385 214 ) (116 -385 360 ) (0 -385 360 ) 
4 116 243 (0 -1024 384 ) (0 -1024 214 ) (116 -1024 214 ) (116 -1024 384 ) 
4 116 228 (0 -385 214 ) (0 -1024 214 ) (0 -1024 360 ) (0 -385 360 ) 
4 116 226 (0 -1024 360 ) (0 -1024 384 ) (0 -385 384 ) (0 -385 360 ) 
4 116 165 (0 -550 214 ) (0 -543 214 ) (116 -543 214 ) (116 -550 214 ) 
4 116 164 (0 -543 214 ) (0 -516 214 ) (116 -516 214 ) (116 -543 214 ) 
4 116 167 (116 -1024 214 ) (0 -1024 214 ) (0 -550 214 ) (116 -550 214 ) 
4 116 162 (0 -516 214 ) (0 -418 214 ) (116 -418 214 ) (116 -516 214 ) 
4 116 140 (0 -418 214 ) (0 -385 214 ) (116 -385 214 ) (116 -418 214 ) 
4 117 122 (929 -167 214 ) (725 -167 214 ) (725 -167 187 ) (929 -167 187 ) 
4 117 121 (1024 -167 187 ) (1024 -167 214 ) (929 -167 214 ) (929 -167 187 ) 
4 117 119 (1024 -167 187 ) (929 -167 187 ) (929 0 187 ) (1024 0 187 ) 
4 117 120 (902 -167 187 ) (725 -167 187 ) (725 0 187 ) (902 0 187 ) 
4 118 181 (0 0 214 ) (0 0 187 ) (0 -167 187 ) (0 -167 214 ) 
4 118 128 (47 -167 214 ) (0 -167 214 ) (0 -167 187 ) (47 -167 187 ) 
4 118 127 (341 -167 214 ) (47 -167 214 ) (47 -167 187 ) (341 -167 187 ) 
4 118 124 (698 -167 214 ) (341 -167 214 ) (341 -167 187 ) (698 -167 187 ) 
4 118 120 (698 -167 187 ) (0 -167 187 ) (0 0 187 ) (698 0 187 ) 
4 119 143 (929 0 128 ) (936 0 128 ) (936 -167 128 ) (929 -167 128 ) 
4 119 142 (936 0 128 ) (1024 0 128 ) (1024 -167 128 ) (936 -167 128 ) 
4 119 121 (929 -167 128 ) (1024 -167 128 ) (1024 -167 187 ) (929 -167 187 ) 
4 120 181 (0 0 187 ) (0 0 128 ) (0 -167 128 ) (0 -167 187 ) 
4 120 152 (0 -167 128 ) (0 0 128 ) (47 0 128 ) (47 -167 128 ) 
4 120 150 (698 0 128 ) (725 0 128 ) (725 -167 128 ) (698 -167 128 ) 
4 120 151 (47 0 128 ) (698 0 128 ) (698 -167 128 ) (47 -167 128 ) 
4 120 144 (725 0 128 ) (902 0 128 ) (902 -167 128 ) (725 -167 128 ) 
4 120 128 (0 -167 128 ) (47 -167 128 ) (47 -167 187 ) (0 -167 187 ) 
4 120 127 (47 -167 128 ) (341 -167 128 ) (341 -167 187 ) (47 -167 187 ) 
4 120 124 (341 -167 128 ) (698 -167 128 ) (698 -167 187 ) (341 -167 187 ) 
4 121 147 (1024 -201 128 ) (1024 -252 128 ) (929 -252 128 ) (929 -201 128 ) 
4 121 146 (936 -201 128 ) (929 -201 128 ) (929 -194 128 ) (936 -194 128 ) 
4 121 145 (1024 -194 128 ) (1024 -201 128 ) (936 -201 128 ) (936 -194 128 ) 
4 121 143 (929 -167 128 ) (936 -167 128 ) (936 -194 128 ) (929 -194 128 ) 
4 121 142 (936 -167 128 ) (1024 -167 128 ) (1024 -194 128 ) (936 -194 128 ) 
4 121 129 (929 -252 128 ) (1024 -252 128 ) (1024 -252 214 ) (929 -252 214 ) 
4 121 122 (929 -167 214 ) (929 -167 187 ) (929 -194 187 ) (929 -194 214 ) 
4 121 123 (929 -194 128 ) (929 -252 128 ) (929 -252 214 ) (929 -194 214 ) 
4 122 123 (725 -194 214 ) (725 -194 187 ) (929 -194 187 ) (929 -194 214 ) 
4 123 148 (732 -252 128 ) (725 -252 128 ) (725 -201 128 ) (732 -201 128 ) 
4 123 147 (929 -201 128 ) (929 -252 128 ) (732 -252 128 ) (732 -201 128 ) 
4 123 146 (929 -194 128 ) (929 -201 128 ) (725 -201 128 ) (725 -194 128 ) 
4 123 129 (725 -252 128 ) (929 -252 128 ) (929 -252 214 ) (725 -252 214 ) 
4 124 151 (341 -167 128 ) (698 -167 128 ) (698 -225 128 ) (341 -225 128 ) 
4 124 127 (341 -167 214 ) (341 -167 128 ) (341 -225 128 ) (341 -225 214 ) 
5 124 126 (341 -225 172.332993 ) (341 -225 128 ) (698 -225 128 ) (698 -225 175 ) (346.222992 -225 175 ) 
5 124 125 (341 -225 209.692993 ) (341 -225 175 ) (698 -225 175 ) (698 -225 214 ) (355 -225 214 ) 
4 125 129 (698 -252 175 ) (698 -252 214 ) (368 -252 214 ) (368 -252 175 ) 
4 125 127 (341 -252 175 ) (341 -252 209.692993 ) (341 -225 209.692993 ) (341 -225 175 ) 
4 125 126 (346.222992 -225 175 ) (698 -225 175 ) (698 -252 175 ) (346.222992 -252 175 ) 
4 126 151 (698 -225 128 ) (698 -252 128 ) (341 -252 128 ) (341 -225 128 ) 
4 126 129 (368 -252 128 ) (698 -252 128 ) (698 -252 175 ) (368 -252 175 ) 
4 126 127 (341 -225 128 ) (341 -252 128 ) (341 -252 172.332993 ) (341 -225 172.332993 ) 
4 127 151 (47 -167 128 ) (341 -167 128 ) (341 -252 128 ) (47 -252 128 ) 
4 127 134 (47 -252 128 ) (123 -252 128 ) (123 -252 200 ) (47 -252 200 ) 
4 127 133 (123 -252 128 ) (213 -252 128 ) (213 -252 214 ) (123 -252 214 ) 
4 127 132 (213 -252 128 ) (341 -252 128 ) (341 -252 170 ) (213 -252 170 ) 
4 127 130 (341 -252 170 ) (341 -252 214 ) (297 -252 214 ) (297 -252 170 ) 
4 127 131 (297 -252 214 ) (213 -252 214 ) (213 -252 170 ) (297 -252 170 ) 
4 127 128 (47 -167 214 ) (47 -167 128 ) (47 -225 128 ) (47 -225 214 ) 
4 128 181 (0 -167 128 ) (0 -225 128 ) (0 -225 214 ) (0 -167 214 ) 
4 128 152 (0 -225 128 ) (0 -167 128 ) (47 -167 128 ) (47 -225 128 ) 
4 129 158 (375 -418 214 ) (368 -418 214 ) (368 -418 128 ) (375 -418 128 ) 
4 129 157 (1024 -418 128 ) (1024 -418 214 ) (375 -418 214 ) (375 -418 128 ) 
4 129 155 (375 -418 128 ) (368 -418 128 ) (368 -259 128 ) (375 -259 128 ) 
4 129 154 (725 -418 128 ) (375 -418 128 ) (375 -259 128 ) (725 -259 128 ) 
4 129 153 (368 -259 128 ) (368 -252 128 ) (725 -252 128 ) (725 -259 128 ) 
4 129 148 (725 -259 128 ) (725 -252 128 ) (732 -252 128 ) (732 -259 128 ) 
4 129 149 (732 -418 128 ) (725 -418 128 ) (725 -259 128 ) (732 -259 128 ) 
4 129 147 (1024 -418 128 ) (732 -418 128 ) (732 -252 128 ) (1024 -252 128 ) 
4 130 132 (297 -252 170 ) (341 -252 170 ) (341 -391 170 ) (297 -391 170 ) 
4 130 131 (297 -252 214 ) (297 -252 170 ) (297 -391 170 ) (297 -391 214 ) 
4 131 158 (297 -418 214 ) (213 -418 214 ) (213 -418 170 ) (297 -418 170 ) 
4 131 137 (213 -351 170 ) (213 -391 170 ) (213 -391 214 ) (213 -351 214 ) 
4 131 133 (213 -252 214 ) (213 -252 170 ) (213 -351 170 ) (213 -351 214 ) 
4 131 132 (213 -391 170 ) (213 -252 170 ) (297 -252 170 ) (297 -391 170 ) 
4 132 156 (213 -391 128 ) (213 -252 128 ) (341 -252 128 ) (341 -391 128 ) 
4 132 137 (213 -351 128 ) (213 -391 128 ) (213 -391 170 ) (213 -351 170 ) 
4 132 133 (213 -252 170 ) (213 -252 128 ) (213 -351 128 ) (213 -351 170 ) 
4 133 156 (123 -252 128 ) (213 -252 128 ) (213 -351 128 ) (123 -351 128 ) 
4 133 138 (123 -351 128 ) (150 -351 128 ) (150 -351 214 ) (123 -351 214 ) 
4 133 137 (150 -351 128 ) (213 -351 128 ) (213 -351 214 ) (150 -351 214 ) 
4 133 134 (123 -252 200 ) (123 -252 128 ) (123 -351 128 ) (123 -351 200 ) 
4 134 156 (6 -252 128 ) (123 -252 128 ) (123 -351 128 ) (6 -351 128 ) 
4 134 139 (6 -351 128 ) (123 -351 128 ) (123 -351 200 ) (6 -351 200 ) 
4 134 136 (6 -252 200 ) (6 -252 128 ) (6 -351 128 ) (6 -351 200 ) 
4 135 203 (0 -330 214 ) (0 -278 214 ) (0 -278 200 ) (0 -330 200 ) 
4 135 136 (6 -278 200 ) (6 -330 200 ) (0 -330 200 ) (0 -278 200 ) 
4 136 212 (0 -330 128 ) (0 -351 128 ) (0 -351 200 ) (0 -330 200 ) 
4 136 203 (0 -278 128 ) (0 -330 128 ) (0 -330 200 ) (0 -278 200 ) 
4 136 202 (0 -252 128 ) (0 -278 128 ) (0 -278 200 ) (0 -252 200 ) 
4 136 156 (0 -351 128 ) (0 -252 128 ) (6 -252 128 ) (6 -351 128 ) 
4 136 139 (0 -351 128 ) (6 -351 128 ) (6 -351 200 ) (0 -351 200 ) 
4 137 156 (150 -391 128 ) (150 -351 128 ) (213 -351 128 ) (213 -391 128 ) 
4 137 138 (150 -351 214 ) (150 -351 128 ) (150 -391 128 ) (150 -391 214 ) 
4 138 163 (123 -418 189 ) (123 -418 128 ) (134 -418 128 ) (134 -418 189 ) 
4 138 162 (150 -418 214 ) (123 -418 214 ) (123 -418 203 ) (150 -418 203 ) 
4 138 156 (150 -418 128 ) (123 -418 128 ) (123 -351 128 ) (150 -351 128 ) 
4 138 140 (123 -418 203 ) (123 -418 214 ) (123 -378 214 ) (123 -378 203 ) 
4 138 141 (123 -378 128 ) (123 -418 128 ) (123 -418 189 ) (123 -378 189 ) 
4 138 139 (123 -351 214 ) (123 -351 128 ) (123 -378 128 ) (123 -378 214 ) 
4 139 215 (0 -351 128 ) (0 -378 128 ) (0 -378 214 ) (0 -351 214 ) 
4 139 156 (0 -378 128 ) (0 -351 128 ) (123 -351 128 ) (123 -378 128 ) 
4 139 140 (123 -378 203 ) (123 -378 214 ) (0 -378 214 ) (0 -378 203 ) 
4 139 141 (0 -378 128 ) (123 -378 128 ) (123 -378 189 ) (0 -378 189 ) 
4 140 228 (0 -418 203 ) (0 -418 214 ) (0 -378 214 ) (0 -378 203 ) 
4 140 162 (123 -418 214 ) (0 -418 214 ) (0 -418 203 ) (123 -418 203 ) 
4 141 230 (0 -378 128 ) (0 -418 128 ) (0 -418 189 ) (0 -378 189 ) 
4 141 163 (0 -418 189 ) (0 -418 128 ) (123 -418 128 ) (123 -418 189 ) 
4 141 156 (123 -418 128 ) (0 -418 128 ) (0 -378 128 ) (123 -378 128 ) 
4 142 168 (936 0 0 ) (1024 0 0 ) (1024 -194 0 ) (936 -194 0 ) 
4 142 145 (936 -194 0 ) (1024 -194 0 ) (1024 -194 128 ) (936 -194 128 ) 
4 142 143 (936 -194 24 ) (936 -194 128 ) (936 0 128 ) (936 0 24 ) 
4 143 146 (936 -194 24 ) (936 -194 128 ) (929 -194 128 ) (929 -194 24 ) 
4 144 150 (725 0 0 ) (725 -167 0 ) (725 -167 128 ) (725 0 128 ) 
4 145 168 (1024 -194 0 ) (1024 -201 0 ) (936 -201 0 ) (936 -194 0 ) 
4 145 147 (936 -201 0 ) (1024 -201 0 ) (1024 -201 128 ) (936 -201 128 ) 
4 145 146 (936 -194 128 ) (936 -194 24 ) (936 -201 24 ) (936 -201 128 ) 
4 146 148 (725 -201 128 ) (725 -201 24 ) (732 -201 24 ) (732 -201 128 ) 
4 146 147 (732 -201 24 ) (936 -201 24 ) (936 -201 128 ) (732 -201 128 ) 
4 147 171 (1024 -378 0 ) (1024 -418 0 ) (732 -418 0 ) (732 -378 0 ) 
4 147 170 (1024 -252 0 ) (1024 -378 0 ) (732 -378 0 ) (732 -252 0 ) 
4 147 169 (929 -252 0 ) (732 -252 0 ) (732 -201 0 ) (929 -201 0 ) 
4 147 168 (1024 -201 0 ) (1024 -252 0 ) (929 -252 0 ) (929 -201 0 ) 
4 147 157 (732 -418 0 ) (1024 -418 0 ) (1024 -418 128 ) (732 -418 128 ) 
4 147 148 (732 -201 128 ) (732 -201 24 ) (732 -259 24 ) (732 -259 128 ) 
4 147 149 (732 -259 0 ) (732 -418 0 ) (732 -418 128 ) (732 -259 128 ) 
4 148 153 (725 -259 24 ) (725 -259 128 ) (725 -252 128 ) (725 -252 24 ) 
4 148 149 (725 -259 128 ) (725 -259 24 ) (732 -259 24 ) (732 -259 128 ) 
4 149 171 (732 -418 0 ) (725 -418 0 ) (725 -378 0 ) (732 -378 0 ) 
4 149 170 (725 -378 0 ) (725 -259 0 ) (732 -259 0 ) (732 -378 0 ) 
4 149 157 (725 -418 0 ) (732 -418 0 ) (732 -418 128 ) (725 -418 128 ) 
4 149 154 (725 -259 0 ) (725 -418 0 ) (725 -418 128 ) (725 -259 128 ) 
4 150 151 (698 0 0 ) (698 -167 0 ) (698 -167 128 ) (698 0 128 ) 
4 151 156 (47 -252 0 ) (341 -252 0 ) (341 -252 128 ) (47 -252 128 ) 
4 151 153 (698 -252 24 ) (698 -252 128 ) (368 -252 128 ) (368 -252 24 ) 
4 151 152 (47 0 0 ) (47 -225 0 ) (47 -225 128 ) (47 0 128 ) 
4 152 187 (0 0 24 ) (0 0 0 ) (0 -225 0 ) (0 -225 24 ) 
4 152 181 (0 0 128 ) (0 0 24 ) (0 -225 24 ) (0 -225 128 ) 
4 153 155 (368 -259 128 ) (368 -259 24 ) (375 -259 24 ) (375 -259 128 ) 
4 153 154 (375 -259 24 ) (725 -259 24 ) (725 -259 128 ) (375 -259 128 ) 
4 154 171 (725 -378 0 ) (725 -418 0 ) (375 -418 0 ) (375 -378 0 ) 
4 154 170 (725 -259 0 ) (725 -378 0 ) (375 -378 0 ) (375 -259 0 ) 
4 154 157 (375 -418 0 ) (725 -418 0 ) (725 -418 128 ) (375 -418 128 ) 
4 154 155 (375 -259 128 ) (375 -259 24 ) (375 -418 24 ) (375 -418 128 ) 
4 155 158 (375 -418 24 ) (375 -418 128 ) (368 -418 128 ) (368 -418 24 ) 
4 156 234 (0 -385 0 ) (0 -418 0 ) (0 -418 24 ) (0 -385 24 ) 
4 156 232 (0 -378 0 ) (0 -385 0 ) (0 -385 24 ) (0 -378 24 ) 
4 156 230 (0 -418 24 ) (0 -418 128 ) (0 -378 128 ) (0 -378 24 ) 
4 156 215 (0 -351 0 ) (0 -378 0 ) (0 -378 128 ) (0 -351 128 ) 
4 156 212 (0 -330 0 ) (0 -351 0 ) (0 -351 128 ) (0 -330 128 ) 
4 156 203 (0 -278 0 ) (0 -330 0 ) (0 -330 128 ) (0 -278 128 ) 
4 156 202 (0 -252 0 ) (0 -278 0 ) (0 -278 128 ) (0 -252 128 ) 
4 156 163 (0 -418 0 ) (134 -418 0 ) (134 -418 128 ) (0 -418 128 ) 
4 156 158 (341 -418 24 ) (341 -418 128 ) (161 -418 128 ) (161 -418 24 ) 
4 157 172 (375 -418 0 ) (1024 -418 0 ) (1024 -425 0 ) (375 -425 0 ) 
4 157 159 (375 -425 0 ) (1024 -425 0 ) (1024 -425 214 ) (375 -425 214 ) 
4 157 158 (375 -418 214 ) (375 -418 24 ) (375 -425 24 ) (375 -425 214 ) 
4 158 162 (161 -418 214 ) (161 -418 203 ) (161 -425 203 ) (161 -425 214 ) 
4 158 160 (161 -425 214 ) (161 -425 24 ) (168 -425 24 ) (168 -425 214 ) 
4 158 159 (168 -425 24 ) (375 -425 24 ) (375 -425 214 ) (168 -425 214 ) 
4 159 243 (1024 -1024 0 ) (1024 -1024 214 ) (168 -1024 214 ) (168 -1024 0 ) 
4 159 172 (1024 -425 0 ) (1024 -1024 0 ) (168 -1024 0 ) (168 -425 0 ) 
4 159 160 (168 -425 214 ) (168 -425 24 ) (168 -550 24 ) (168 -550 214 ) 
4 159 161 (168 -550 0 ) (168 -1024 0 ) (168 -1024 214 ) (168 -550 214 ) 
4 160 165 (161 -550 24 ) (161 -550 214 ) (161 -543 214 ) (161 -543 24 ) 
4 160 164 (161 -543 214 ) (161 -516 214 ) (161 -516 24 ) (161 -543 24 ) 
4 160 162 (161 -516 214 ) (161 -425 214 ) (161 -425 203 ) (161 -516 203 ) 
4 160 161 (161 -550 214 ) (161 -550 24 ) (168 -550 24 ) (168 -550 214 ) 
4 161 243 (168 -1024 214 ) (161 -1024 214 ) (161 -1024 0 ) (168 -1024 0 ) 
4 161 172 (168 -1024 0 ) (161 -1024 0 ) (161 -550 0 ) (168 -550 0 ) 
4 161 167 (161 -550 0 ) (161 -1024 0 ) (161 -1024 214 ) (161 -550 214 ) 
4 162 228 (0 -516 203 ) (0 -516 214 ) (0 -418 214 ) (0 -418 203 ) 
4 162 164 (161 -516 203 ) (161 -516 214 ) (0 -516 214 ) (0 -516 203 ) 
4 163 234 (0 -418 0 ) (0 -516 0 ) (0 -516 24 ) (0 -418 24 ) 
4 163 230 (0 -516 24 ) (0 -516 189 ) (0 -418 189 ) (0 -418 24 ) 
4 163 164 (0 -516 0 ) (134 -516 0 ) (134 -516 189 ) (0 -516 189 ) 
4 164 234 (0 -516 0 ) (0 -543 0 ) (0 -543 24 ) (0 -516 24 ) 
4 164 229 (0 -543 189 ) (0 -543 203 ) (0 -516 203 ) (0 -516 189 ) 
4 164 228 (0 -543 203 ) (0 -543 214 ) (0 -516 214 ) (0 -516 203 ) 
4 164 230 (0 -543 24 ) (0 -543 189 ) (0 -516 189 ) (0 -516 24 ) 
4 164 166 (31 -543 0 ) (91 -543 0 ) (91 -543 24 ) (31 -543 24 ) 
4 164 165 (161 -543 24 ) (161 -543 214 ) (0 -543 214 ) (0 -543 24 ) 
4 165 229 (0 -550 189 ) (0 -550 203 ) (0 -543 203 ) (0 -543 189 ) 
4 165 228 (0 -550 203 ) (0 -550 214 ) (0 -543 214 ) (0 -543 203 ) 
4 165 230 (0 -550 24 ) (0 -550 189 ) (0 -543 189 ) (0 -543 24 ) 
4 165 166 (91 -550 24 ) (31 -550 24 ) (31 -543 24 ) (91 -543 24 ) 
4 165 167 (161 -550 24 ) (161 -550 214 ) (0 -550 214 ) (0 -550 24 ) 
4 166 173 (31 -543 0 ) (91 -543 0 ) (91 -550 0 ) (31 -550 0 ) 
4 166 167 (31 -550 0 ) (91 -550 0 ) (91 -550 24 ) (31 -550 24 ) 
4 167 243 (161 -1024 214 ) (0 -1024 214 ) (0 -1024 0 ) (161 -1024 0 ) 
4 167 235 (0 -550 0 ) (0 -1024 0 ) (0 -1024 24 ) (0 -550 24 ) 
4 167 229 (0 -1024 189 ) (0 -1024 203 ) (0 -550 203 ) (0 -550 189 ) 
4 167 228 (0 -1024 203 ) (0 -1024 214 ) (0 -550 214 ) (0 -550 203 ) 
4 167 230 (0 -1024 24 ) (0 -1024 189 ) (0 -550 189 ) (0 -550 24 ) 
4 167 173 (0 -1024 0 ) (0 -550 0 ) (161 -550 0 ) (161 -1024 0 ) 
4 168 174 (929 0 -52 ) (1024 0 -52 ) (1024 -252 -52 ) (929 -252 -52 ) 
4 168 170 (929 -252 -52 ) (1024 -252 -52 ) (1024 -252 0 ) (929 -252 0 ) 
4 168 169 (929 -194 -52 ) (929 -252 -52 ) (929 -252 0 ) (929 -194 0 ) 
4 169 174 (929 -194 -52 ) (929 -252 -52 ) (725 -252 -52 ) (725 -194 -52 ) 
4 169 170 (725 -252 -52 ) (929 -252 -52 ) (929 -252 0 ) (725 -252 0 ) 
4 170 174 (369 -252 -52 ) (1024 -252 -52 ) (1024 -378 -52 ) (369 -378 -52 ) 
4 170 171 (369 -378 -52 ) (1024 -378 -52 ) (1024 -378 0 ) (369 -378 0 ) 
4 171 174 (369 -378 -52 ) (1024 -378 -52 ) (1024 -418 -52 ) (369 -418 -52 ) 
4 171 172 (369 -418 -52 ) (1024 -418 -52 ) (1024 -418 0 ) (369 -418 0 ) 
4 172 243 (1024 -1024 -52 ) (1024 -1024 0 ) (161 -1024 0 ) (161 -1024 -52 ) 
4 172 174 (1024 -1024 -52 ) (161 -1024 -52 ) (161 -418 -52 ) (1024 -418 -52 ) 
4 172 173 (161 -543 -52 ) (161 -1024 -52 ) (161 -1024 0 ) (161 -543 0 ) 
4 173 243 (161 -1024 0 ) (0 -1024 0 ) (0 -1024 -52 ) (161 -1024 -52 ) 
4 173 240 (0 -543 -52 ) (0 -1024 -52 ) (0 -1024 0 ) (0 -543 0 ) 
4 173 174 (161 -1024 -52 ) (0 -1024 -52 ) (0 -543 -52 ) (161 -543 -52 ) 
4 174 243 (1024 -1024 -190 ) (1024 -1024 -52 ) (0 -1024 -52 ) (0 -1024 -190 ) 
4 174 242 (0 0 -52 ) (0 0 -190 ) (0 -1024 -190 ) (0 -1024 -52 ) 
4 175 180 (-18 -159 1102 ) (-18 0 1102 ) (-18 0 489 ) (-18 -159 489 ) 
4 175 178 (-18 -159 489 ) (-18 0 489 ) (-10 0 489 ) (-10 -159 489 ) 
4 175 177 (-10 0 489 ) (0 0 489 ) (0 -159 489 ) (-10 -159 489 ) 
4 175 176 (-18 -159 1102 ) (-18 -159 494 ) (0 -159 494 ) (0 -159 1102 ) 
4 176 193 (-10 -225 1102 ) (-18 -225 1102 ) (-18 -225 750 ) (-10 -225 750 ) 
4 176 191 (0 -225 750 ) (0 -225 1102 ) (-10 -225 1102 ) (-10 -225 750 ) 
4 176 180 (-18 -225 494 ) (-18 -225 1102 ) (-18 -159 1102 ) (-18 -159 494 ) 
4 177 192 (0 -225 396 ) (0 -225 489 ) (-10 -225 489 ) (-10 -225 396 ) 
4 177 179 (-10 -165 384 ) (-10 -225 384 ) (-10 -225 417 ) (-10 -165 488.381989 ) 
4 177 178 (-10 0 384 ) (-10 -165 384 ) (-10 -165 489 ) (-10 0 489 ) 
4 178 180 (-18 0 384 ) (-18 -165 384 ) (-18 -165 489 ) (-18 0 489 ) 
4 178 179 (-10 -165 384 ) (-10 -165 488.381989 ) (-18 -165 488.381989 ) (-18 -165 384 ) 
4 179 180 (-18 -165 384 ) (-18 -225 384 ) (-18 -225 417 ) (-18 -165 488.381989 ) 
4 180 194 (-69 -225 1102 ) (-586 -225 1102 ) (-586 -225 384 ) (-69 -225 384 ) 
4 180 193 (-18 -225 1102 ) (-69 -225 1102 ) (-69 -225 750 ) (-18 -225 750 ) 
3 180 185 (-385.827606 0 384 ) (-268 0 384 ) (-268 -201 384 ) 
5 180 184 (-261 -225 384 ) (-586 -225 384 ) (-586 0 384 ) (-385.827606 0 384 ) (-261 -212.941162 384 ) 
3 180 183 (-253.931030 -225 384 ) (-261 -225 384 ) (-261 -212.941162 384 ) 
5 180 182 (-234 -225 384 ) (-248.282822 -225 384 ) (-261 -201.082672 384 ) (-261 0 384 ) (-234 0 384 ) 
4 181 197 (-69 -225 341 ) (-234 -225 341 ) (-234 -225 24 ) (-69 -225 24 ) 
4 181 187 (0 -225 24 ) (-234 -225 24 ) (-234 0 24 ) (0 0 24 ) 
4 181 186 (-234 0 24 ) (-234 -225 24 ) (-234 -225 341 ) (-234 0 341 ) 
4 182 195 (-234 -225 384 ) (-248.282822 -225 384 ) (-248.285355 -225 360 ) (-234 -225 360 ) 
5 182 186 (-261 0 360 ) (-234 0 360 ) (-234 -225 360 ) (-248.285355 -225 360 ) (-261 -201.087418 360 ) 
4 183 196 (-253.931030 -225 384 ) (-261 -225 384 ) (-261 -225 360 ) (-253.936783 -225 360 ) 
4 183 184 (-261 -212.950958 360 ) (-261 -225 360 ) (-261 -225 384 ) (-261 -212.941162 384 ) 
3 183 186 (-253.936783 -225 360 ) (-261 -225 360 ) (-261 -212.950958 360 ) 
4 184 196 (-261 -225 384 ) (-586 -225 384 ) (-586 -225 360 ) (-261 -225 360 ) 
4 184 185 (-268 -201.009354 360 ) (-385.833069 0 360 ) (-385.827332 0 384 ) (-268 -201 384 ) 
5 184 186 (-586 -225 360 ) (-586 0 360 ) (-385.833374 0 360 ) (-261 -212.950943 360 ) (-261 -225 360 ) 
3 185 186 (-385.833374 0 360 ) (-268 0 360 ) (-268 -201.009766 360 ) 
4 186 197 (-586 -225 360 ) (-586 -225 24 ) (-234 -225 24 ) (-234 -225 360 ) 
4 186 189 (-261 -225 24 ) (-268 -225 24 ) (-268 -200.989792 24 ) (-261 -212.930954 24 ) 
3 186 188 (-253.925049 -225 24 ) (-261 -225 24 ) (-261 -212.930954 24 ) 
5 186 187 (-234 -225 24 ) (-248.276321 -225 24 ) (-261 -201.069550 24 ) (-261 0 24 ) (-234 0 24 ) 
4 186 190 (-268 -225 24 ) (-586 -225 24 ) (-586 0 24 ) (-268 0 24 ) 
4 187 237 (-248.236359 -225 0 ) (-248.278885 -225 0 ) (-261 -201.074371 0 ) (-261 -200.793015 0 ) 
4 187 198 (-248.278885 -225 0 ) (-69 -225 0 ) (-69 -225 24 ) (-248.276337 -225 24 ) 
3 188 237 (-253.930817 -225 0 ) (-261 -225 0 ) (-261 -212.940781 0 ) 
4 188 199 (-261 -225 0 ) (-253.930817 -225 0 ) (-253.925049 -225 24 ) (-261 -225 24 ) 
4 188 189 (-261 -212.940781 0 ) (-261 -225 0 ) (-261 -225 24 ) (-261 -212.930954 24 ) 
4 189 238 (-261 -212.940781 0 ) (-261 -225 0 ) (-268 -225 0 ) (-268 -201 0 ) 
4 189 199 (-268 -225 0 ) (-261 -225 0 ) (-261 -225 24 ) (-268 -225 24 ) 
4 189 190 (-268 -201 0 ) (-268 -225 0 ) (-268 -225 24 ) (-268 -200.989792 24 ) 
4 190 238 (-586 0 0 ) (-268 0 0 ) (-268 -225 0 ) (-586 -225 0 ) 
4 190 199 (-586 -225 0 ) (-268 -225 0 ) (-268 -225 24 ) (-586 -225 24 ) 
4 191 200 (0 -252 750 ) (0 -252 1102 ) (-10 -252 1102 ) (-10 -252 750 ) 
4 191 193 (-10 -225 1102 ) (-10 -225 750 ) (-10 -252 750 ) (-10 -252 1102 ) 
4 192 200 (0 -252 396 ) (0 -252 489 ) (-10 -252 489 ) (-10 -252 396 ) 
4 193 216 (-42 -252 1102 ) (-69 -252 1102 ) (-69 -252 750 ) (-42 -252 750 ) 
4 193 200 (-10 -252 750 ) (-10 -252 1102 ) (-42 -252 1102 ) (-42 -252 750 ) 
4 193 194 (-69 -225 1102 ) (-69 -225 750 ) (-69 -252 750 ) (-69 -252 1102 ) 
4 194 219 (-76 -252 1102 ) (-586 -252 1102 ) (-586 -252 384 ) (-76 -252 384 ) 
4 194 217 (-69 -252 384 ) (-69 -252 1102 ) (-76 -252 1102 ) (-76 -252 384 ) 
4 194 196 (-586 -252 384 ) (-586 -225 384 ) (-253.931061 -225 384 ) (-238.103470 -252 384 ) 
4 194 195 (-248.282867 -225 384 ) (-69 -225 384 ) (-69 -252 384 ) (-233.926575 -252 384 ) 
4 195 197 (-248.285339 -225 360 ) (-69 -225 360 ) (-69 -252 360 ) (-233.929077 -252 360 ) 
4 196 220 (-238.103470 -252 384 ) (-586 -252 384 ) (-586 -252 360 ) (-238.109192 -252 360 ) 
4 196 197 (-586 -252 360 ) (-586 -225 360 ) (-253.936768 -225 360 ) (-238.109192 -252 360 ) 
4 197 222 (-76 -252 360 ) (-586 -252 360 ) (-586 -252 24 ) (-76 -252 24 ) 
4 197 218 (-69 -252 24 ) (-69 -252 360 ) (-76 -252 360 ) (-76 -252 24 ) 
4 197 199 (-586 -252 24 ) (-586 -225 24 ) (-253.925049 -225 24 ) (-238.097488 -252 24 ) 
4 197 198 (-248.276367 -225 24 ) (-69 -225 24 ) (-69 -252 24 ) (-233.920593 -252 24 ) 
4 199 238 (-586 -225 0 ) (-261 -225 0 ) (-261 -252 0 ) (-586 -252 0 ) 
4 199 237 (-261 -225 0 ) (-253.930817 -225 0 ) (-238.103226 -252 0 ) (-261 -252 0 ) 
4 199 223 (-586 -252 0 ) (-238.103210 -252 0 ) (-238.097488 -252 24 ) (-586 -252 24 ) 
4 200 216 (-42 -252 1102 ) (-42 -252 750 ) (-42 -278 750 ) (-42 -278 1102 ) 
4 200 204 (-39 -278 396 ) (-32 -278 396 ) (-32 -278 1102 ) (-39 -278 1102 ) 
4 200 203 (-32 -278 396 ) (0 -278 396 ) (0 -278 1102 ) (-32 -278 1102 ) 
4 200 209 (-42 -278 1102 ) (-42 -278 396 ) (-39 -278 396 ) (-39 -278 1102 ) 
4 201 204 (-39 -278 214 ) (-32 -278 214 ) (-32 -278 382 ) (-39 -278 382 ) 
4 201 203 (-32 -278 214 ) (0 -278 214 ) (0 -278 382 ) (-32 -278 382 ) 
4 201 209 (-42 -278 382 ) (-42 -278 214 ) (-39 -278 214 ) (-39 -278 382 ) 
4 202 204 (-39 -278 0 ) (-32 -278 0 ) (-32 -278 200 ) (-39 -278 200 ) 
4 202 203 (-32 -278 0 ) (0 -278 0 ) (0 -278 200 ) (-32 -278 200 ) 
4 202 209 (-42 -278 200 ) (-42 -278 0 ) (-39 -278 0 ) (-39 -278 200 ) 
4 203 212 (-32 -330 0 ) (0 -330 0 ) (0 -330 200 ) (-32 -330 200 ) 
4 203 210 (0 -330 396 ) (0 -330 1102 ) (-32 -330 1102 ) (-32 -330 396 ) 
4 203 211 (0 -330 214 ) (0 -330 382 ) (-32 -330 382 ) (-32 -330 214 ) 
4 203 206 (-32 -287 437 ) (-32 -287 1 ) (-32 -321 1 ) (-32 -321 437 ) 
4 203 205 (-32 -321 1102 ) (-32 -287 1102 ) (-32 -287 437 ) (-32 -321 437 ) 
4 203 207 (-32 -287 1 ) (-32 -287 0 ) (-32 -321 0 ) (-32 -321 1 ) 
4 203 204 (-32 -287 1102 ) (-32 -278 1102 ) (-32 -278 0 ) (-32 -287 0 ) 
4 203 208 (-32 -330 0 ) (-32 -330 1102 ) (-32 -321 1102 ) (-32 -321 0 ) 
4 204 206 (-39 -287 437 ) (-39 -287 1 ) (-32 -287 1 ) (-32 -287 437 ) 
4 204 205 (-39 -287 1102 ) (-39 -287 437 ) (-32 -287 437 ) (-32 -287 1102 ) 
4 204 207 (-39 -287 1 ) (-39 -287 0 ) (-32 -287 0 ) (-32 -287 1 ) 
4 204 209 (-39 -287 1102 ) (-39 -278 1102 ) (-39 -278 0 ) (-39 -287 0 ) 
4 205 208 (-39 -321 1102 ) (-39 -321 437 ) (-32 -321 437 ) (-32 -321 1102 ) 
4 205 209 (-39 -321 1102 ) (-39 -287 1102 ) (-39 -287 437 ) (-39 -321 437 ) 
4 205 206 (-32 -321 437 ) (-39 -321 437 ) (-39 -287 437 ) (-32 -287 437 ) 
4 206 207 (-32 -321 1 ) (-39 -321 1 ) (-39 -287 1 ) (-32 -287 1 ) 
4 206 208 (-39 -321 437 ) (-39 -321 1 ) (-32 -321 1 ) (-32 -321 437 ) 
4 206 209 (-39 -287 437 ) (-39 -287 1 ) (-39 -321 1 ) (-39 -321 437 ) 
4 207 209 (-39 -287 1 ) (-39 -287 0 ) (-39 -321 0 ) (-39 -321 1 ) 
4 207 208 (-39 -321 1 ) (-39 -321 0 ) (-32 -321 0 ) (-32 -321 1 ) 
4 208 212 (-39 -330 0 ) (-32 -330 0 ) (-32 -330 200 ) (-39 -330 200 ) 
4 208 210 (-32 -330 396 ) (-32 -330 1102 ) (-39 -330 1102 ) (-39 -330 396 ) 
4 208 211 (-32 -330 214 ) (-32 -330 382 ) (-39 -330 382 ) (-39 -330 214 ) 
4 208 209 (-39 -330 0 ) (-39 -330 1102 ) (-39 -321 1102 ) (-39 -321 0 ) 
4 209 216 (-42 -330 750 ) (-42 -330 1102 ) (-42 -278 1102 ) (-42 -278 750 ) 
4 209 212 (-42 -330 200 ) (-42 -330 0 ) (-39 -330 0 ) (-39 -330 200 ) 
4 209 210 (-42 -330 1102 ) (-42 -330 396 ) (-39 -330 396 ) (-39 -330 1102 ) 
4 209 211 (-42 -330 382 ) (-42 -330 214 ) (-39 -330 214 ) (-39 -330 382 ) 
4 210 216 (-42 -351 750 ) (-42 -351 1102 ) (-42 -330 1102 ) (-42 -330 750 ) 
4 210 215 (-42 -351 432 ) (-42 -351 396 ) (0 -351 396 ) (0 -351 432 ) 
4 210 214 (-9 -351 583 ) (0 -351 583 ) (0 -351 695 ) (-9 -351 695 ) 
4 210 213 (-42 -351 1102 ) (-42 -351 750 ) (0 -351 750 ) (0 -351 1102 ) 
4 211 215 (-42 -351 382 ) (-42 -351 214 ) (0 -351 214 ) (0 -351 382 ) 
4 212 215 (-42 -351 200 ) (-42 -351 0 ) (0 -351 0 ) (0 -351 200 ) 
4 213 225 (0 -378 750 ) (0 -378 1102 ) (-42 -378 1102 ) (-42 -378 750 ) 
4 213 216 (-42 -378 750 ) (-42 -378 1102 ) (-42 -351 1102 ) (-42 -351 750 ) 
4 214 225 (0 -378 583 ) (0 -378 695 ) (-9 -378 695 ) (-9 -378 583 ) 
4 215 232 (-31 -378 0 ) (0 -378 0 ) (0 -378 24 ) (-31 -378 24 ) 
4 215 231 (-4 -378 360 ) (-42 -378 360 ) (-42 -378 24 ) (-4 -378 24 ) 
4 215 228 (0 -378 203 ) (0 -378 360 ) (-4 -378 360 ) (-4 -378 203 ) 
4 215 230 (0 -378 24 ) (0 -378 189 ) (-4 -378 189 ) (-4 -378 24 ) 
4 215 225 (0 -378 384 ) (0 -378 432 ) (-42 -378 432 ) (-42 -378 384 ) 
4 216 225 (-42 -378 750 ) (-42 -378 1102 ) (-69 -378 1102 ) (-69 -378 750 ) 
4 216 217 (-69 -252 1102 ) (-69 -252 750 ) (-69 -378 750 ) (-69 -378 1102 ) 
4 217 225 (-69 -378 384 ) (-69 -378 1102 ) (-76 -378 1102 ) (-76 -378 384 ) 
4 217 219 (-76 -252 1102 ) (-76 -252 384 ) (-76 -378 384 ) (-76 -378 1102 ) 
4 218 231 (-69 -378 24 ) (-69 -378 360 ) (-76 -378 360 ) (-76 -378 24 ) 
4 218 222 (-76 -252 360 ) (-76 -252 24 ) (-76 -378 24 ) (-76 -378 360 ) 
4 219 227 (-76 -378 384 ) (-76 -378 1102 ) (-586 -378 1102 ) (-586 -378 384 ) 
4 219 221 (-76 -259 384 ) (-76 -378 384 ) (-164.241364 -378 384 ) (-234 -259 384 ) 
4 219 220 (-586 -378 384 ) (-586 -252 384 ) (-238.103455 -252 384 ) (-164.241364 -378 384 ) 
4 220 227 (-164.241364 -378 384 ) (-586 -378 384 ) (-586 -378 360 ) (-164.247101 -378 360 ) 
4 220 222 (-586 -252 360 ) (-238.109253 -252 360 ) (-164.247101 -378 360 ) (-586 -378 360 ) 
4 220 221 (-164.244568 -378 360 ) (-234.003036 -259 360 ) (-233.996521 -259 384 ) (-164.237915 -378 384 ) 
4 221 227 (-76 -378 360 ) (-76 -378 384 ) (-164.241364 -378 384 ) (-164.247101 -378 360 ) 
4 221 222 (-76 -259 360 ) (-76 -378 360 ) (-164.247101 -378 360 ) (-234.005798 -259 360 ) 
4 222 231 (-76 -378 24 ) (-76 -378 360 ) (-586 -378 360 ) (-586 -378 24 ) 
4 222 223 (-586 -259 24 ) (-586 -252 24 ) (-238.097473 -252 24 ) (-233.994049 -259 24 ) 
4 222 224 (-586 -378 24 ) (-586 -259 24 ) (-76 -259 24 ) (-76 -378 24 ) 
4 223 239 (-586 -252 0 ) (-238.103210 -252 0 ) (-234 -259 0 ) (-586 -259 0 ) 
4 223 224 (-233.994049 -259 24 ) (-586 -259 24 ) (-586 -259 0 ) (-234 -259 0 ) 
4 224 239 (-76 -259 0 ) (-76 -378 0 ) (-586 -378 0 ) (-586 -259 0 ) 
4 224 233 (-586 -378 0 ) (-76 -378 0 ) (-76 -378 24 ) (-586 -378 24 ) 
4 225 227 (-76 -385 384 ) (-76 -385 1102 ) (-76 -378 1102 ) (-76 -378 384 ) 
4 225 226 (-76 -385 1102 ) (-76 -385 384 ) (0 -385 384 ) (0 -385 1102 ) 
4 226 244 (0 -1024 360 ) (0 -1024 1102 ) (-76 -1024 1102 ) (-76 -1024 360 ) 
4 226 231 (-4 -1024 360 ) (-76 -1024 360 ) (-76 -385 360 ) (-4 -385 360 ) 
4 226 228 (0 -385 360 ) (0 -1024 360 ) (-4 -1024 360 ) (-4 -385 360 ) 
4 226 227 (-76 -385 360 ) (-76 -1024 360 ) (-76 -1024 1102 ) (-76 -385 1102 ) 
4 227 244 (-76 -1024 1102 ) (-586 -1024 1102 ) (-586 -1024 360 ) (-76 -1024 360 ) 
4 227 231 (-586 -378 360 ) (-76 -378 360 ) (-76 -1024 360 ) (-586 -1024 360 ) 
4 228 244 (0 -1024 203 ) (0 -1024 360 ) (-4 -1024 360 ) (-4 -1024 203 ) 
4 228 231 (-4 -1024 203 ) (-4 -1024 360 ) (-4 -378 360 ) (-4 -378 203 ) 
4 228 229 (0 -1024 203 ) (-4 -1024 203 ) (-4 -516 203 ) (0 -516 203 ) 
4 229 244 (0 -1024 189 ) (0 -1024 203 ) (-4 -1024 203 ) (-4 -1024 189 ) 
4 229 231 (-4 -1024 189 ) (-4 -1024 203 ) (-4 -516 203 ) (-4 -516 189 ) 
4 229 230 (-4 -1024 189 ) (-4 -516 189 ) (0 -516 189 ) (0 -1024 189 ) 
4 230 244 (0 -1024 24 ) (0 -1024 189 ) (-4 -1024 189 ) (-4 -1024 24 ) 
4 230 235 (0 -550 24 ) (0 -1024 24 ) (-4 -1024 24 ) (-4 -550 24 ) 
4 230 234 (0 -385 24 ) (0 -543 24 ) (-4 -543 24 ) (-4 -385 24 ) 
4 230 232 (-4 -378 24 ) (0 -378 24 ) (0 -385 24 ) (-4 -385 24 ) 
4 230 231 (-4 -378 24 ) (-4 -1024 24 ) (-4 -1024 189 ) (-4 -378 189 ) 
4 231 244 (-4 -1024 360 ) (-586 -1024 360 ) (-586 -1024 24 ) (-4 -1024 24 ) 
4 231 236 (-38 -1024 24 ) (-586 -1024 24 ) (-586 -385 24 ) (-38 -385 24 ) 
4 231 235 (-4 -550 24 ) (-4 -1024 24 ) (-38 -1024 24 ) (-38 -550 24 ) 
4 231 234 (-4 -385 24 ) (-4 -543 24 ) (-31 -543 24 ) (-31 -385 24 ) 
4 231 232 (-31 -378 24 ) (-4 -378 24 ) (-4 -385 24 ) (-31 -385 24 ) 
4 231 233 (-586 -378 24 ) (-76 -378 24 ) (-76 -385 24 ) (-586 -385 24 ) 
4 232 234 (-31 -385 0 ) (0 -385 0 ) (0 -385 24 ) (-31 -385 24 ) 
4 233 241 (-586 -378 0 ) (-76 -378 0 ) (-76 -385 0 ) (-586 -385 0 ) 
4 233 236 (-586 -385 0 ) (-76 -385 0 ) (-76 -385 24 ) (-586 -385 24 ) 
4 235 244 (0 -1024 0 ) (0 -1024 24 ) (-38 -1024 24 ) (-38 -1024 0 ) 
4 235 241 (-31 -1024 0 ) (-38 -1024 0 ) (-38 -550 0 ) (-31 -550 0 ) 
4 235 240 (0 -1024 0 ) (-31 -1024 0 ) (-31 -550 0 ) (0 -550 0 ) 
4 235 236 (-38 -550 0 ) (-38 -1024 0 ) (-38 -1024 24 ) (-38 -550 24 ) 
4 236 244 (-38 -1024 24 ) (-586 -1024 24 ) (-586 -1024 0 ) (-38 -1024 0 ) 
4 236 241 (-38 -1024 0 ) (-586 -1024 0 ) (-586 -385 0 ) (-38 -385 0 ) 
3 237 242 (-234 -252 -52 ) (-261 -252 -52 ) (-261 -200.792969 -52 ) 
4 237 239 (-261 -252 -52 ) (-234 -252 -52 ) (-234 -252 0 ) (-261 -252 0 ) 
4 237 238 (-261 -200.792969 -52 ) (-261 -252 -52 ) (-261 -252 0 ) (-261 -200.792969 0 ) 
4 238 242 (-586 0 -52 ) (-261 0 -52 ) (-261 -252 -52 ) (-586 -252 -52 ) 
4 238 239 (-586 -252 -52 ) (-261 -252 -52 ) (-261 -252 0 ) (-586 -252 0 ) 
4 239 242 (-586 -252 -52 ) (-69 -252 -52 ) (-69 -378 -52 ) (-586 -378 -52 ) 
4 239 241 (-586 -378 -52 ) (-69 -378 -52 ) (-69 -378 0 ) (-586 -378 0 ) 
4 240 244 (0 -1024 -52 ) (0 -1024 0 ) (-31 -1024 0 ) (-31 -1024 -52 ) 
4 240 242 (0 -543 -52 ) (0 -1024 -52 ) (-31 -1024 -52 ) (-31 -543 -52 ) 
4 240 241 (-31 -543 -52 ) (-31 -1024 -52 ) (-31 -1024 0 ) (-31 -543 0 ) 
4 241 244 (-31 -1024 0 ) (-586 -1024 0 ) (-586 -1024 -52 ) (-31 -1024 -52 ) 
4 241 242 (-586 -378 -52 ) (-31 -378 -52 ) (-31 -1024 -52 ) (-586 -1024 -52 ) 
4 242 244 (0 -1024 -190 ) (0 -1024 -52 ) (-586 -1024 -52 ) (-586 -1024 -190 ) 
4 243 244 (0 -1024 1102 ) (0 -1024 -190 ) (0 -1226 -190 ) (0 -1226 1102 ) 
