PRT1
442
1073
4 1 5 (4274 90 209 ) (4415 90 209 ) (4415 90 337 ) (4274 90 337 ) 
4 1 2 (4274 247 209 ) (4274 90 209 ) (4274 90 337 ) (4274 247 337 ) 
4 2 7 (4227 247 209 ) (4262 247 209 ) (4262 90 209 ) (4227 90 209 ) 
4 2 5 (4230 90 209 ) (4274 90 209 ) (4274 90 337 ) (4230 90 337 ) 
4 2 3 (4227 90 209 ) (4227 90 337 ) (4227 224 337 ) (4227 224 209 ) 
4 3 8 (4227 224 209 ) (4227 90 209 ) (4163 90 209 ) (4163 224 209 ) 
4 3 6 (4163 90 209 ) (4166 90 209 ) (4166 90 337 ) (4163 90 337 ) 
4 3 4 (4163 90 209 ) (4163 90 337 ) (4163 224 337 ) (4163 224 209 ) 
4 4 20 (4096 224 209 ) (4096 90 209 ) (4096 90 337 ) (4096 224 337 ) 
4 4 9 (4096 90 209 ) (4096 247 209 ) (4163 247 209 ) (4163 90 209 ) 
4 4 6 (4099 90 209 ) (4163 90 209 ) (4163 90 337 ) (4099 90 337 ) 
4 5 10 (4230 90 209 ) (4262 90 209 ) (4262 67 209 ) (4230 67 209 ) 
4 6 11 (4099 90 209 ) (4166 90 209 ) (4166 67 209 ) (4099 67 209 ) 
4 7 10 (4230 90 32 ) (4262 90 32 ) (4262 90 209 ) (4230 90 209 ) 
4 7 8 (4227 224 32 ) (4227 90 32 ) (4227 90 209 ) (4227 224 209 ) 
4 8 11 (4163 90 32 ) (4166 90 32 ) (4166 90 209 ) (4163 90 209 ) 
4 8 9 (4163 224 32 ) (4163 90 32 ) (4163 90 209 ) (4163 224 209 ) 
4 9 30 (4096 224 32 ) (4096 90 32 ) (4096 90 209 ) (4096 224 209 ) 
4 9 11 (4099 90 32 ) (4163 90 32 ) (4163 90 209 ) (4099 90 209 ) 
4 12 16 (3637 217 552 ) (3637 100 552 ) (3565 100 552 ) (3565 217 552 ) 
4 12 15 (3565 220 552 ) (3637 220 552 ) (3637 217 552 ) (3565 217 552 ) 
4 13 14 (3755 220 467 ) (3827 220 467 ) (3827 220 552 ) (3755 220 552 ) 
4 14 35 (3760 209.967010 467 ) (3824 209.967010 467 ) (3824 105.900009 467 ) (3760 105.900009 467 ) 
4 15 16 (3565 217 467 ) (3637 217 467 ) (3637 217 552 ) (3565 217 552 ) 
4 16 39 (3568 209.967010 467 ) (3632 209.967010 467 ) (3632 105.900009 467 ) (3568 105.900009 467 ) 
4 17 49 (3440 187.667023 467 ) (3440 105.900009 467 ) (3382.399902 105.900009 467 ) (3382.399902 187.667023 467 ) 
4 17 46 (3382.399902 209.967010 467 ) (3416 209.967010 467 ) (3416 187.667023 467 ) (3382.399902 187.667023 467 ) 
4 17 41 (3416 209.967010 467 ) (3440 209.967010 467 ) (3440 187.667023 467 ) (3416 187.667023 467 ) 
4 17 18 (3377 100 467 ) (3449 100 467 ) (3449 100 552 ) (3377 100 552 ) 
4 19 29 (3968 224 209 ) (3968 247 209 ) (4032 247 209 ) (4032 224 209 ) 
4 19 21 (4032 224 337 ) (3968 224 337 ) (3968 224 209 ) (4032 224 209 ) 
4 20 30 (4035 224 209 ) (4096 224 209 ) (4096 90 209 ) (4035 90 209 ) 
4 20 21 (4035 224 337 ) (4035 224 209 ) (4035 90 209 ) (4035 90 337 ) 
4 21 31 (3968 67 209 ) (3968 224 209 ) (4035 224 209 ) (4035 67 209 ) 
4 21 27 (3968 111 209 ) (3968 107 209 ) (3968 107 321 ) (3968 111 321 ) 
4 21 24 (3968 207 209 ) (3968 111 209 ) (3968 111 321 ) (3968 207 321 ) 
4 21 22 (3968 211 209 ) (3968 207 209 ) (3968 207 321 ) (3968 211 321 ) 
4 22 24 (3961 207 209 ) (3968 207 209 ) (3968 207 321 ) (3961 207 321 ) 
4 23 34 (3952 207 321 ) (3952 209.967010 321 ) (3952 209.967010 209 ) (3952 207 209 ) 
4 23 33 (3952 209.967010 321 ) (3952 211 321 ) (3952 211 209 ) (3952 209.967010 209 ) 
4 23 26 (3952 207 209 ) (3953.030029 207 209 ) (3953.030029 207 321 ) (3952 207 321 ) 
4 24 27 (3961 111 209 ) (3968 111 209 ) (3968 111 321 ) (3961 111 321 ) 
4 24 25 (3961 207 317 ) (3961 207 209 ) (3961 111 209 ) (3961 111 317 ) 
4 25 26 (3953.030029 207 317 ) (3953.030029 207 209 ) (3953.030029 111 209 ) (3953.030029 111 317 ) 
4 26 34 (3952 111 321 ) (3952 207 321 ) (3952 207 209 ) (3952 111 209 ) 
4 26 28 (3952 111 209 ) (3953.030029 111 209 ) (3953.030029 111 321 ) (3952 111 321 ) 
4 28 34 (3952 107 321 ) (3952 111 321 ) (3952 111 209 ) (3952 107 209 ) 
4 29 32 (3968 247 32 ) (3968 224 32 ) (3968 224 182 ) (3968 247 182 ) 
4 29 31 (3968 224 209 ) (3968 224 32 ) (4032 224 32 ) (4032 224 209 ) 
4 30 31 (4035 224 209 ) (4035 224 32 ) (4035 90 32 ) (4035 90 209 ) 
4 31 32 (3968 224 32 ) (3968 67 32 ) (3968 67 182 ) (3968 224 182 ) 
4 32 54 (3952 247 182 ) (3952 247 32 ) (3952 67 32 ) (3952 67 182 ) 
4 33 56 (3240 213 209 ) (3240 209.967010 209 ) (3240 209.967010 317 ) (3240 213 317 ) 
4 33 54 (3744 247 209 ) (3952 247 209 ) (3952 209.967010 209 ) (3744 209.967010 209 ) 
4 33 52 (3240 209.967010 415.057892 ) (3240 209.967010 209 ) (3382.399902 209.967010 209 ) (3382.399902 209.967010 415.057709 ) 
4 33 48 (3382.399902 209.967010 209 ) (3416 209.967010 209 ) (3416 209.967010 415.057648 ) (3382.399902 209.967010 415.057709 ) 
4 33 45 (3416 209.967010 209 ) (3440 209.967010 209 ) (3440 209.967010 415.057617 ) (3416 209.967010 415.057648 ) 
4 33 40 (3440 209.967010 209 ) (3568 209.967010 209 ) (3568 209.967010 415.057465 ) (3440 209.967010 415.057617 ) 
4 33 39 (3568 209.967010 209 ) (3632 209.967010 209 ) (3632 209.967010 415.057373 ) (3568 209.967010 415.057465 ) 
4 33 38 (3632 209.967010 209 ) (3760 209.967010 209 ) (3760 209.967010 415.057190 ) (3632 209.967010 415.057373 ) 
4 33 37 (3760 209.967010 209 ) (3824 209.967010 209 ) (3824 209.967010 415.057098 ) (3760 209.967010 415.057190 ) 
4 33 34 (3824 209.967010 209 ) (3952 209.967010 209 ) (3952 209.967010 415.056915 ) (3824 209.967010 415.057098 ) 
4 34 54 (3824 209.967010 209 ) (3952 209.967010 209 ) (3952 105.900009 209 ) (3824 105.900009 209 ) 
4 34 53 (3824 105.900009 209 ) (3952 105.900009 209 ) (3952 105.900009 415.055542 ) (3824 105.900009 415.055542 ) 
7 34 37 (3824 209.967010 415.059723 ) (3824 209.967010 209 ) (3824 105.900009 209 ) (3824 105.900009 415.055542 ) (3824 128.199844 428 ) (3824 157.932953 435 ) (3824 187.665024 428.001190 ) 
4 35 36 (3760 105.900009 453 ) (3760 209.967010 453 ) (3824 209.967010 453 ) (3824 105.900009 453 ) 
4 36 37 (3760 105.900009 451 ) (3760 209.967010 451 ) (3824 209.967010 451 ) (3824 105.900009 451 ) 
4 37 54 (3760 209.967010 209 ) (3824 209.967010 209 ) (3824 105.900009 209 ) (3760 105.900009 209 ) 
4 37 53 (3760 105.900009 209 ) (3824 105.900009 209 ) (3824 105.900009 415.065186 ) (3760 105.900009 415.065186 ) 
7 37 38 (3760 209.967010 415.059723 ) (3760 209.967010 209 ) (3760 105.900009 209 ) (3760 105.900009 415.059204 ) (3760 128.199982 428 ) (3760 157.932983 435 ) (3760 187.665039 428.001160 ) 
4 38 54 (3744 209.967010 209 ) (3760 209.967010 209 ) (3760 105.900009 209 ) (3744 105.900009 209 ) 
4 38 53 (3632 105.900009 209 ) (3760 105.900009 209 ) (3760 105.900009 415.059204 ) (3632 105.900009 415.059204 ) 
7 38 39 (3632 209.967010 415.059723 ) (3632 209.967010 209 ) (3632 105.900009 209 ) (3632 105.900009 415.059204 ) (3632 128.199982 428 ) (3632 157.932983 435 ) (3632 187.665039 428.001160 ) 
4 39 53 (3568 105.900009 209 ) (3632 105.900009 209 ) (3632 105.900009 415.065155 ) (3568 105.900009 415.065155 ) 
7 39 40 (3568 209.967010 415.059692 ) (3568 209.967010 209 ) (3568 105.900009 209 ) (3568 105.900009 415.055542 ) (3568 128.198456 428 ) (3568 157.933044 435 ) (3568 187.666962 428 ) 
4 40 53 (3440 105.900009 209 ) (3568 105.900009 209 ) (3568 105.900009 415.055542 ) (3440 105.900009 415.055542 ) 
6 40 51 (3440 187.667023 209 ) (3440 105.900009 209 ) (3440 105.900009 415.055542 ) (3440 128.198456 428 ) (3440 157.933044 435 ) (3440 187.666962 428 ) 
4 40 45 (3440 209.967010 415.059692 ) (3440 209.967010 209 ) (3440 187.667023 209 ) (3440 187.666962 428 ) 
4 41 49 (3440 187.667023 453 ) (3440 187.667023 467 ) (3416 187.667023 467 ) (3416 187.667023 453 ) 
4 41 46 (3416 209.967010 467 ) (3416 209.967010 453 ) (3416 187.667023 453 ) (3416 187.667023 467 ) 
4 41 44 (3428 187.667023 453 ) (3416 187.667023 453 ) (3416 202.534058 453 ) (3436 191.383118 453 ) 
5 41 43 (3416 202.534058 453 ) (3416 209.967010 453 ) (3440 209.967010 453 ) (3440 193.241043 453 ) (3436 191.383118 453 ) 
3 41 42 (3440 187.667023 453 ) (3428 187.667023 453 ) (3440 193.241043 453 ) 
4 42 50 (3440 187.667023 451 ) (3440 187.667023 453 ) (3428 187.667023 453 ) (3428 187.667023 451 ) 
4 42 44 (3436 191.383484 451 ) (3428 187.667023 451 ) (3427.994385 187.667023 453 ) (3435.997559 191.384476 453 ) 
4 42 43 (3440 193.242188 451 ) (3436 191.383484 451 ) (3435.997559 191.384476 453 ) (3440 193.243607 453 ) 
3 42 45 (3440 187.667023 451 ) (3428 187.667023 451 ) (3440 193.241043 451 ) 
4 43 47 (3416 209.967010 453 ) (3416 209.967010 451 ) (3416 202.534058 451 ) (3416 202.534058 453 ) 
5 43 45 (3416 202.534058 451 ) (3416 209.967010 451 ) (3440 209.967010 451 ) (3440 193.241043 451 ) (3436 191.383118 451 ) 
4 43 44 (3416 202.539063 451 ) (3436 191.385742 451 ) (3436 191.385742 453 ) (3416 202.536743 453 ) 
4 44 50 (3428 187.667023 453 ) (3416 187.667023 453 ) (3416 187.667023 451 ) (3428 187.667023 451 ) 
4 44 47 (3416 202.534058 451 ) (3416 187.667023 451 ) (3416 187.667023 453 ) (3416 202.534058 453 ) 
4 44 45 (3428 187.667023 451 ) (3416 187.667023 451 ) (3416 202.534058 451 ) (3436 191.383118 451 ) 
4 45 51 (3416 187.667023 209 ) (3440 187.667023 209 ) (3440 187.667023 451 ) (3416 187.667023 451 ) 
4 45 48 (3416 209.967010 451 ) (3416 209.967010 209 ) (3416 187.667023 209 ) (3416 187.667023 451 ) 
4 46 49 (3382.399902 187.667023 467 ) (3382.399902 187.667023 453 ) (3416 187.667023 453 ) (3416 187.667023 467 ) 
4 46 47 (3416 209.967010 453 ) (3416 187.667023 453 ) (3382.399902 187.667023 453 ) (3382.399902 209.967010 453 ) 
4 47 50 (3382.399902 187.667023 453 ) (3382.399902 187.667023 451 ) (3416 187.667023 451 ) (3416 187.667023 453 ) 
4 47 48 (3416 209.967010 451 ) (3416 187.667023 451 ) (3382.399902 187.667023 451 ) (3382.399902 209.967010 451 ) 
4 48 52 (3382.399902 209.967010 415.059692 ) (3382.399902 209.967010 209 ) (3382.399902 187.667023 209 ) (3382.399902 187.667023 428 ) 
4 48 51 (3382.399902 187.667023 451 ) (3382.399902 187.667023 209 ) (3416 187.667023 209 ) (3416 187.667023 451 ) 
4 49 50 (3382.399902 105.900009 453 ) (3382.399902 187.667023 453 ) (3440 187.667023 453 ) (3440 105.900009 453 ) 
4 50 51 (3382.399902 105.900009 451 ) (3382.399902 187.667023 451 ) (3440 187.667023 451 ) (3440 105.900009 451 ) 
4 51 53 (3382.399902 105.900009 209 ) (3440 105.900009 209 ) (3440 105.900009 415.065186 ) (3382.399902 105.900009 415.065186 ) 
6 51 52 (3382.399902 187.667023 209 ) (3382.399902 105.900009 209 ) (3382.399902 105.900009 415.056152 ) (3382.399902 128.198441 428 ) (3382.399902 157.931961 435 ) (3382.399902 187.667023 428 ) 
4 52 56 (3240 209.967010 317 ) (3240 209.967010 209 ) (3240 117 209 ) (3240 117 317 ) 
4 52 53 (3240 105.900009 415.055573 ) (3240 105.900009 209 ) (3382.399902 105.900009 209 ) (3382.399902 105.900009 415.056122 ) 
4 53 54 (3744 105.900009 209 ) (3952 105.900009 209 ) (3952 68.732941 209 ) (3744 68.732941 209 ) 
4 54 55 (3744 247 182 ) (3744 247 32 ) (3744 67 32 ) (3744 67 182 ) 
4 56 58 (3232 213 317 ) (3232 213 209 ) (3232 117 209 ) (3232 117 317 ) 
4 57 67 (3072 303 323.937988 ) (3072 303 209 ) (3072 237 209 ) (3072 237 323.937988 ) 
5 57 65 (3072 237 400 ) (3072 263.010010 400 ) (3072 303 347.134827 ) (3072 303 323.937988 ) (3072 237 323.937988 ) 
4 57 58 (3232 237 209 ) (3232 237 400 ) (3072 237 400 ) (3072 237 209 ) 
5 58 89 (3072 31 209 ) (3072 31 347.117065 ) (3072 71 400 ) (3072 90 400 ) (3072 90 209 ) 
4 58 88 (3072 90 400 ) (3072 97 400 ) (3072 97 209 ) (3072 90 209 ) 
4 58 80 (3072 97 400 ) (3072 237 400 ) (3072 237 209 ) (3072 97 209 ) 
4 59 60 (2973 107 408 ) (2909 107 408 ) (2909 219 408 ) (2973 219 408 ) 
4 60 80 (2909 107 400 ) (2909 219 400 ) (2973 219 400 ) (2973 107 400 ) 
4 61 63 (2788 103 408 ) (2724 103 408 ) (2724 107 408 ) (2788 107 408 ) 
4 61 62 (2724 107 408 ) (2724 219 408 ) (2788 219 408 ) (2788 107 408 ) 
4 62 80 (2724 107 400 ) (2724 219 400 ) (2788 219 400 ) (2788 107 400 ) 
4 62 63 (2788 107 400 ) (2788 107 408 ) (2724 107 408 ) (2724 107 400 ) 
4 63 80 (2724 103 400 ) (2724 107 400 ) (2788 107 400 ) (2788 103 400 ) 
4 64 111 (2598 741.187561 281 ) (2598 741.187561 139 ) (2598 525 139 ) (2598 525 281 ) 
4 65 80 (3072 237 323.937988 ) (3072 237 400 ) (2881 237 400 ) (2881 237 323.937988 ) 
5 65 68 (2881 303 323.937988 ) (2881 237 323.937988 ) (2881 237 400 ) (2881 263.010010 400 ) (2881 303 347.134827 ) 
4 65 67 (3072 237 323.937988 ) (2881 237 323.937988 ) (2881 303 323.937988 ) (3072 303 323.937988 ) 
4 66 72 (2881 348 221 ) (2881 348 219 ) (2881 314.144989 219 ) (2881 314.144989 221 ) 
4 66 69 (2881 348 323.937988 ) (2881 348 317 ) (2881 314.144989 317 ) (2881 314.144989 323.937988 ) 
4 66 71 (2881 348 317 ) (2881 348 221 ) (2881 314.144989 221 ) (2881 314.144989 317 ) 
4 67 80 (3072 237 209 ) (3072 237 323.937988 ) (2881 237 323.937988 ) (2881 237 209 ) 
4 67 73 (2881 237 209 ) (2881 237 221 ) (2881 303 221 ) (2881 303 209 ) 
4 67 70 (2881 237 317 ) (2881 237 323.937988 ) (2881 303 323.937988 ) (2881 303 317 ) 
4 67 71 (2881 237 221 ) (2881 237 317 ) (2881 303 317 ) (2881 303 221 ) 
4 68 80 (2881 237 400 ) (2833 237 400 ) (2833 237 323.937988 ) (2881 237 323.937988 ) 
5 68 77 (2833 303 323.937988 ) (2833 237 323.937988 ) (2833 237 400 ) (2833 263.010010 400 ) (2833 303 347.134827 ) 
4 68 70 (2833 237 323.937988 ) (2833 303 323.937988 ) (2881 303 323.937988 ) (2881 237 323.937988 ) 
4 69 71 (2833 314.144989 317 ) (2833 348 317 ) (2881 348 317 ) (2881 314.144989 317 ) 
4 70 80 (2833 237 323.937988 ) (2833 237 317 ) (2881 237 317 ) (2881 237 323.937988 ) 
4 70 77 (2833 303 317 ) (2833 237 317 ) (2833 237 323.937988 ) (2833 303 323.937988 ) 
4 70 71 (2833 237 317 ) (2833 303 317 ) (2881 303 317 ) (2881 237 317 ) 
4 71 80 (2833 237 317 ) (2833 237 221 ) (2881 237 221 ) (2881 237 317 ) 
4 71 77 (2833 303 221 ) (2833 237 221 ) (2833 237 317 ) (2833 303 317 ) 
4 71 73 (2833 237 221 ) (2833 303 221 ) (2881 303 221 ) (2881 237 221 ) 
4 71 72 (2833 314 221 ) (2833 348 221 ) (2881 348 221 ) (2881 314 221 ) 
4 73 80 (2833 237 221 ) (2833 237 209 ) (2881 237 209 ) (2881 237 221 ) 
4 73 77 (2833 237 209 ) (2833 237 221 ) (2833 303 221 ) (2833 303 209 ) 
4 74 86 (2957 237 83 ) (3072 237 83 ) (3072 237 201 ) (2957 237 201 ) 
4 74 75 (2957 288 83 ) (2957 237 83 ) (2957 237 201 ) (2957 288 201 ) 
4 75 86 (2880 237 83 ) (2957 237 83 ) (2957 237 201 ) (2880 237 201 ) 
4 75 76 (2880 288 83 ) (2880 237 83 ) (2880 237 201 ) (2880 288 201 ) 
4 76 86 (2833 237 83 ) (2880 237 83 ) (2880 237 201 ) (2833 237 201 ) 
4 76 78 (2833 303 83 ) (2833 237 83 ) (2833 237 201 ) (2833 303 201 ) 
4 77 80 (2833 237 209 ) (2833 237 400 ) (2656 237 400 ) (2656 237 209 ) 
4 77 79 (2656 237 209 ) (2656 237 400 ) (2656 244 400 ) (2656 244 209 ) 
4 78 86 (2675 237 83 ) (2833 237 83 ) (2833 237 201 ) (2675 237 201 ) 
4 79 81 (2599 237 400 ) (2598 237 400 ) (2598 237 209 ) (2599 237 209 ) 
4 79 80 (2656 237 209 ) (2656 237 400 ) (2599 237 400 ) (2599 237 209 ) 
4 80 88 (3072 97 209 ) (3072 97 400 ) (2599 97 400 ) (2599 97 209 ) 
4 80 86 (3072 97 209 ) (2675 97 209 ) (2675 237 209 ) (3072 237 209 ) 
4 80 83 (2599 136 241 ) (2599 136 369 ) (2599 200 369 ) (2599 200 241 ) 
4 80 82 (2599 136 369 ) (2599 136 400 ) (2599 200 400 ) (2599 200 369 ) 
4 80 84 (2599 200 209 ) (2599 136 209 ) (2599 136 241 ) (2599 200 241 ) 
4 80 81 (2599 237 400 ) (2599 237 209 ) (2599 200 209 ) (2599 200 400 ) 
4 80 85 (2599 136 209 ) (2599 97 209 ) (2599 97 400 ) (2599 136 400 ) 
4 81 83 (2599 200 241 ) (2599 200 369 ) (2598 200 369 ) (2598 200 241 ) 
4 81 82 (2599 200 369 ) (2599 200 400 ) (2598 200 400 ) (2598 200 369 ) 
4 81 84 (2598 200 209 ) (2599 200 209 ) (2599 200 241 ) (2598 200 241 ) 
4 82 85 (2599 136 369 ) (2599 136 400 ) (2598 136 400 ) (2598 136 369 ) 
4 82 83 (2599 136 369 ) (2598 136 369 ) (2598 200 369 ) (2599 200 369 ) 
4 83 112 (2598 200 369 ) (2598 200 241 ) (2598 136 241 ) (2598 136 369 ) 
4 83 84 (2599 136 241 ) (2598 136 241 ) (2598 200 241 ) (2599 200 241 ) 
4 83 85 (2599 136 241 ) (2599 136 369 ) (2598 136 369 ) (2598 136 241 ) 
4 84 85 (2598 136 209 ) (2599 136 209 ) (2599 136 241 ) (2598 136 241 ) 
4 85 88 (2599 97 400 ) (2598 97 400 ) (2598 97 209 ) (2599 97 209 ) 
4 86 92 (2916 226 83 ) (2916 114 83 ) (2788 114 83 ) (2788 226 83 ) 
4 86 90 (2675 97 83 ) (3072 97 83 ) (3072 97 201 ) (2675 97 201 ) 
4 86 87 (2675 97 83 ) (2675 97 201 ) (2675 237 201 ) (2675 237 83 ) 
4 87 114 (2598 237 201 ) (2598 237 83 ) (2598 97 83 ) (2598 97 201 ) 
4 88 89 (3072 90 209 ) (3072 90 400 ) (2656 90 400 ) (2656 90 209 ) 
4 89 98 (2843 31 209 ) (2891 31 209 ) (2891 31 317 ) (2843 31 317 ) 
4 90 103 (2770 31 83 ) (2818 31 83 ) (2818 31 183 ) (2770 31 183 ) 
4 90 99 (2895 31 187 ) (2895 31 201 ) (2880 31 201 ) (2880 31 187 ) 
4 90 91 (2675 31 201 ) (2675 34 201 ) (2675 34 83 ) (2675 31 83 ) 
4 92 94 (2788 114 75 ) (2788 226 75 ) (2904 226 75 ) (2904 114 75 ) 
4 93 95 (2788 226 19 ) (2788 226 -70 ) (2904 226 -70 ) (2904 226 19 ) 
4 94 95 (2788 114 67 ) (2788 226 67 ) (2904 226 67 ) (2904 114 67 ) 
4 96 106 (2895 20 348.423462 ) (2895 20 347 ) (2897 20 347 ) (2897 20 348.423431 ) 
3 96 97 (2895 22.039722 347 ) (2895 20 347 ) (2895 20 348.423431 ) 
4 97 106 (2822 20 348.423462 ) (2822 20 347 ) (2895 20 347 ) (2895 20 348.423431 ) 
3 97 100 (2822 22.039722 347 ) (2822 20 347 ) (2822 20 348.423431 ) 
4 98 108 (2843 20 209 ) (2891 20 209 ) (2891 20 317 ) (2843 20 317 ) 
4 99 110 (2880 20 189 ) (2880 20 187 ) (2895 20 187 ) (2895 20 189 ) 
4 99 108 (2880 20 201 ) (2880 20 199 ) (2895 20 199 ) (2895 20 201 ) 
4 100 106 (2770 20 347 ) (2822 20 347 ) (2822 20 348.423431 ) (2770 20 348.423431 ) 
4 101 110 (2822 20 83 ) (2822 20 187 ) (2818 20 187 ) (2818 20 83 ) 
4 101 103 (2818 20 83 ) (2818 20 183 ) (2818 20.855301 183 ) (2818 20.855301 83 ) 
4 101 102 (2818 20 183 ) (2818 20 187 ) (2818 20.855301 187 ) (2818 20.855301 183 ) 
4 102 110 (2818 20 183 ) (2818 20 187 ) (2770 20 187 ) (2770 20 183 ) 
4 102 104 (2770 20 183 ) (2770 20 187 ) (2770 20.855301 187 ) (2770 20.855301 183 ) 
4 102 103 (2770 20 183 ) (2770 20.855301 183 ) (2818 20.855301 183 ) (2818 20 183 ) 
4 103 110 (2818 20 83 ) (2818 20 183 ) (2770 20 183 ) (2770 20 83 ) 
4 103 104 (2770 20 83 ) (2770 20 183 ) (2770 20.855301 183 ) (2770 20.855301 83 ) 
4 104 110 (2770 20 83 ) (2770 20 187 ) (2769 20 187 ) (2769 20 83 ) 
4 105 276 (2770 0 388 ) (2770 0 376.971008 ) (2897 0 376.971008 ) (2897 0 388 ) 
4 106 275 (2770 0 362.380524 ) (2770 0 332 ) (2897 0 332 ) (2897 0 362.380524 ) 
4 106 107 (2770 20 332 ) (2897 20 332 ) (2897 0 332 ) (2770 0 332 ) 
4 107 286 (2897 0 324 ) (2897 0 332 ) (2770 0 332 ) (2770 0 324 ) 
4 107 108 (2835 20 324 ) (2897 20 324 ) (2897 0 324 ) (2835 0 324 ) 
4 107 109 (2770 20 324 ) (2835 20 324 ) (2835 0 324 ) (2770 0 324 ) 
4 108 291 (2897 0 199 ) (2897 0 208 ) (2835 0 208 ) (2835 0 199 ) 
4 108 286 (2897 0 208 ) (2897 0 324 ) (2835 0 324 ) (2835 0 208 ) 
4 108 109 (2835 0 199 ) (2835 0 324 ) (2835 20 324 ) (2835 20 199 ) 
4 109 294 (2769 0 208 ) (2769 0 189 ) (2835 0 189 ) (2835 0 208 ) 
4 109 287 (2770 0 324 ) (2769 0 324 ) (2769 0 208 ) (2770 0 208 ) 
4 109 286 (2835 0 324 ) (2770 0 324 ) (2770 0 208 ) (2835 0 208 ) 
4 109 110 (2769 0 189 ) (2769 20 189 ) (2835 20 189 ) (2835 0 189 ) 
4 110 302 (2897 0 83 ) (2897 0 128 ) (2769 0 128 ) (2769 0 83 ) 
4 110 292 (2897 0 128 ) (2897 0 189 ) (2835 0 189 ) (2835 0 128 ) 
4 110 294 (2835 0 189 ) (2769 0 189 ) (2769 0 128 ) (2835 0 128 ) 
4 111 136 (2593 525 139 ) (2593 525 241 ) (2593 746.226685 241 ) (2593 746.226685 139 ) 
4 111 128 (2593 525 241 ) (2593 525 281 ) (2593 746.226685 281 ) (2593 746.226685 241 ) 
4 112 113 (2594 200 369 ) (2594 200 241 ) (2594 136 241 ) (2594 136 369 ) 
4 113 132 (2593 136 369 ) (2593 200 369 ) (2593 200 241 ) (2593 136 241 ) 
4 114 123 (2597 151.688019 207.031006 ) (2597 151.688019 191.281006 ) (2597 99.187500 191.281006 ) (2597 99.187500 207.031006 ) 
4 114 122 (2597 99.187500 209 ) (2597 151.688019 209 ) (2597 151.688019 207.031006 ) (2597 99.187500 207.031006 ) 
4 114 124 (2597 151.688019 191.281006 ) (2597 151.688019 83 ) (2597 99.187500 83 ) (2597 99.187500 191.281006 ) 
4 114 121 (2597 151.688019 209 ) (2597 156.063019 209 ) (2597 156.063019 83 ) (2597 151.688019 83 ) 
4 114 125 (2597 97 83 ) (2597 97 209 ) (2597 99.187500 209 ) (2597 99.187500 83 ) 
4 114 120 (2597 234.813019 130.250000 ) (2597 234.813019 83 ) (2597 156.063019 83 ) (2597 156.063019 130.250000 ) 
4 114 119 (2597 234.813019 189.313019 ) (2597 234.813019 130.250000 ) (2597 156.063019 130.250000 ) (2597 156.063019 189.313019 ) 
4 114 117 (2597 234.813019 207.031006 ) (2597 234.813019 191.281006 ) (2597 156.063019 191.281006 ) (2597 156.063019 207.031006 ) 
4 114 116 (2597 156.063019 209 ) (2597 234.813019 209 ) (2597 234.813019 207.031006 ) (2597 156.063019 207.031006 ) 
4 114 118 (2597 234.813019 191.281006 ) (2597 234.813019 189.313019 ) (2597 156.063019 189.313019 ) (2597 156.063019 191.281006 ) 
4 114 115 (2597 234.813019 209 ) (2597 237 209 ) (2597 237 83 ) (2597 234.813019 83 ) 
4 115 126 (2596 234.813019 209 ) (2596 237 209 ) (2596 237 83 ) (2596 234.813019 83 ) 
4 115 120 (2596 234.813019 130.250000 ) (2596 234.813019 83 ) (2597 234.813019 83 ) (2597 234.813019 130.250000 ) 
4 115 119 (2596 234.813019 189.313019 ) (2596 234.813019 130.250000 ) (2597 234.813019 130.250000 ) (2597 234.813019 189.313019 ) 
4 115 117 (2596 234.813019 207.031006 ) (2596 234.813019 191.281006 ) (2597 234.813019 191.281006 ) (2597 234.813019 207.031006 ) 
4 115 116 (2596 234.813019 209 ) (2596 234.813019 207.031006 ) (2597 234.813019 207.031006 ) (2597 234.813019 209 ) 
4 115 118 (2596 234.813019 191.281006 ) (2596 234.813019 189.313019 ) (2597 234.813019 189.313019 ) (2597 234.813019 191.281006 ) 
4 116 126 (2596 156.063019 209 ) (2596 234.813019 209 ) (2596 234.813019 207.031006 ) (2596 156.063019 207.031006 ) 
4 116 121 (2596 156.063019 209 ) (2596 156.063019 207.031006 ) (2597 156.063019 207.031006 ) (2597 156.063019 209 ) 
4 116 117 (2597 156.063019 207.031006 ) (2596 156.063019 207.031006 ) (2596 234.813019 207.031006 ) (2597 234.813019 207.031006 ) 
4 117 126 (2596 234.813019 207.031006 ) (2596 234.813019 191.281006 ) (2596 156.063019 191.281006 ) (2596 156.063019 207.031006 ) 
4 117 121 (2596 156.063019 207.031006 ) (2596 156.063019 191.281006 ) (2597 156.063019 191.281006 ) (2597 156.063019 207.031006 ) 
4 117 118 (2597 156.063019 191.281006 ) (2596 156.063019 191.281006 ) (2596 234.813019 191.281006 ) (2597 234.813019 191.281006 ) 
4 118 126 (2596 234.813019 191.281006 ) (2596 234.813019 189.313019 ) (2596 156.063019 189.313019 ) (2596 156.063019 191.281006 ) 
4 118 121 (2596 156.063019 191.281006 ) (2596 156.063019 189.313019 ) (2597 156.063019 189.313019 ) (2597 156.063019 191.281006 ) 
4 118 119 (2597 156.063019 189.313019 ) (2596 156.063019 189.313019 ) (2596 234.813019 189.313019 ) (2597 234.813019 189.313019 ) 
4 119 126 (2596 234.813019 189.313019 ) (2596 234.813019 130.250000 ) (2596 156.063019 130.250000 ) (2596 156.063019 189.313019 ) 
4 119 121 (2596 156.063019 189.313019 ) (2596 156.063019 130.250000 ) (2597 156.063019 130.250000 ) (2597 156.063019 189.313019 ) 
4 119 120 (2597 156.063019 130.250000 ) (2596 156.063019 130.250000 ) (2596 234.813019 130.250000 ) (2597 234.813019 130.250000 ) 
4 120 126 (2596 234.813019 130.250000 ) (2596 234.813019 83 ) (2596 156.063019 83 ) (2596 156.063019 130.250000 ) 
4 120 121 (2596 156.063019 130.250000 ) (2596 156.063019 83 ) (2597 156.063019 83 ) (2597 156.063019 130.250000 ) 
4 121 126 (2596 151.688019 209 ) (2596 156.063019 209 ) (2596 156.063019 83 ) (2596 151.688019 83 ) 
4 121 123 (2596 151.688019 207.031006 ) (2596 151.688019 191.281006 ) (2597 151.688019 191.281006 ) (2597 151.688019 207.031006 ) 
4 121 122 (2596 151.688019 209 ) (2596 151.688019 207.031006 ) (2597 151.688019 207.031006 ) (2597 151.688019 209 ) 
4 121 124 (2596 151.688019 191.281006 ) (2596 151.688019 83 ) (2597 151.688019 83 ) (2597 151.688019 191.281006 ) 
4 122 126 (2596 99.187500 209 ) (2596 151.688019 209 ) (2596 151.688019 207.031006 ) (2596 99.187500 207.031006 ) 
4 122 125 (2596 99.187500 209 ) (2596 99.187500 207.031006 ) (2597 99.187500 207.031006 ) (2597 99.187500 209 ) 
4 122 123 (2597 99.187500 207.031006 ) (2596 99.187500 207.031006 ) (2596 151.688019 207.031006 ) (2597 151.688019 207.031006 ) 
4 123 126 (2596 151.688019 207.031006 ) (2596 151.688019 191.281006 ) (2596 99.187500 191.281006 ) (2596 99.187500 207.031006 ) 
4 123 124 (2597 99.187500 191.281006 ) (2596 99.187500 191.281006 ) (2596 151.688019 191.281006 ) (2597 151.688019 191.281006 ) 
4 123 125 (2596 99.187500 207.031006 ) (2596 99.187500 191.281006 ) (2597 99.187500 191.281006 ) (2597 99.187500 207.031006 ) 
4 124 126 (2596 151.688019 191.281006 ) (2596 151.688019 83 ) (2596 99.187500 83 ) (2596 99.187500 191.281006 ) 
4 124 125 (2596 99.187500 191.281006 ) (2596 99.187500 83 ) (2597 99.187500 83 ) (2597 99.187500 191.281006 ) 
4 125 126 (2596 97 83 ) (2596 97 209 ) (2596 99.187500 209 ) (2596 99.187500 83 ) 
4 126 127 (2594 97 83 ) (2594 97 209 ) (2594 237 209 ) (2594 237 83 ) 
4 127 137 (2593 97 209 ) (2593 237 209 ) (2593 237 83 ) (2593 97 83 ) 
5 128 136 (2593 746.226868 241 ) (2593 525 241 ) (2462 525 241 ) (2462 846 241 ) (2494 846 241 ) 
4 128 135 (2462 846 241 ) (2462 525 241 ) (2462 525 281 ) (2462 846 281 ) 
4 129 130 (2592 336 241 ) (2593 336 241 ) (2593 336 365 ) (2592 336 365 ) 
4 129 134 (2462 336 365 ) (2462 336 241 ) (2592 336 241 ) (2592 336 365 ) 
4 130 132 (2592 200 369 ) (2592 200 241 ) (2593 200 241 ) (2593 200 369 ) 
4 130 131 (2592 200 372 ) (2592 200 369 ) (2593 200 369 ) (2593 200 372 ) 
4 130 134 (2592 200 372 ) (2592 336 372 ) (2592 336 241 ) (2592 200 241 ) 
4 131 134 (2592 136 372 ) (2592 200 372 ) (2592 200 369 ) (2592 136 369 ) 
4 131 133 (2592 136 372 ) (2592 136 369 ) (2593 136 369 ) (2593 136 372 ) 
4 131 132 (2593 136 369 ) (2592 136 369 ) (2592 200 369 ) (2593 200 369 ) 
4 132 134 (2592 200 369 ) (2592 200 241 ) (2592 136 241 ) (2592 136 369 ) 
4 132 133 (2592 136 369 ) (2592 136 241 ) (2593 136 241 ) (2593 136 369 ) 
4 133 289 (2593 0 241 ) (2593 0 332 ) (2592 0 332 ) (2592 0 241 ) 
4 133 285 (2593 0 332 ) (2593 0 365 ) (2592 0 365 ) (2592 0 332 ) 
4 133 284 (2593 0 365 ) (2593 0 366.829041 ) (2592 0 366.829041 ) (2592 0 365 ) 
4 133 277 (2593 0 366.829041 ) (2593 0 372 ) (2592 0 372 ) (2592 0 366.829041 ) 
4 133 134 (2592 0 372 ) (2592 136 372 ) (2592 136 241 ) (2592 0 241 ) 
4 134 289 (2462 0 332 ) (2462 0 241 ) (2592 0 241 ) (2592 0 332 ) 
4 134 285 (2462 0 365 ) (2462 0 332 ) (2592 0 332 ) (2592 0 365 ) 
4 134 284 (2462 0 366.829041 ) (2462 0 365 ) (2592 0 365 ) (2592 0 366.829041 ) 
4 134 277 (2592 0 372 ) (2462 0 372 ) (2462 0 366.829041 ) (2592 0 366.829041 ) 
4 135 138 (2442 846 241 ) (2442 525 241 ) (2442 525 281 ) (2442 846 281 ) 
4 135 136 (2442 525 241 ) (2442 846 241 ) (2462 846 241 ) (2462 525 241 ) 
4 136 139 (2442 525 139 ) (2442 525 209 ) (2442 846 209 ) (2442 846 139 ) 
4 136 138 (2442 525 209 ) (2442 525 241 ) (2442 846 241 ) (2442 846 209 ) 
4 137 142 (2442 237 83 ) (2442 97 83 ) (2442 97 131 ) (2442 237 131 ) 
4 137 140 (2442 97 131 ) (2442 97 139 ) (2442 237 139 ) (2442 237 131 ) 
4 137 139 (2442 97 139 ) (2442 97 209 ) (2442 237 209 ) (2442 237 139 ) 
4 138 143 (2302 846 281 ) (2302 846 209 ) (2302 525 209 ) (2302 525 281 ) 
4 138 139 (2302 237 209 ) (2302 846 209 ) (2442 846 209 ) (2442 237 209 ) 
4 139 167 (2302 97 139 ) (2302 97 209 ) (2302 237 209 ) (2302 237 139 ) 
4 139 143 (2302 525 209 ) (2302 846 209 ) (2302 846 139 ) (2302 525 139 ) 
4 139 140 (2442 97 139 ) (2302 97 139 ) (2302 321 139 ) (2442 321 139 ) 
4 140 167 (2302 237 131 ) (2302 97 131 ) (2302 97 139 ) (2302 237 139 ) 
4 140 142 (2302 97 131 ) (2302 249 131 ) (2442 249 131 ) (2442 97 131 ) 
4 140 141 (2302 249 131 ) (2302 321 131 ) (2442 321 131 ) (2442 249 131 ) 
4 141 142 (2442 249 83 ) (2442 249 131 ) (2302 249 131 ) (2302 249 83 ) 
4 142 167 (2302 97 131 ) (2302 237 131 ) (2302 237 83 ) (2302 97 83 ) 
4 143 145 (2173 754 250 ) (2173 754 186 ) (2173 626 186 ) (2173 626 250 ) 
4 144 165 (2173 349 845.750000 ) (2173 349 366.829041 ) (2285.270020 349 366.829041 ) (2285.270020 349 845.750000 ) 
4 144 151 (2173 349 853.750000 ) (2173 349 845.750000 ) (2285.270020 349 845.750000 ) (2285.270020 349 853.750000 ) 
4 144 150 (2285.270020 349 1092.189941 ) (2173 349 1092.189941 ) (2173 349 853.750000 ) (2285.270020 349 853.750000 ) 
4 144 146 (2173 349 366.829041 ) (2173 349 1092.189941 ) (2173 394.597015 1092.189941 ) (2173 394.597015 366.829041 ) 
4 145 148 (2168 626 186 ) (2168 626 250 ) (2168 754 250 ) (2168 754 186 ) 
4 146 165 (2173 349 366.829041 ) (2173 349 845.750000 ) (2168 349 845.750000 ) (2168 349 366.829041 ) 
4 146 151 (2173 349 845.750000 ) (2173 349 853.750000 ) (2168 349 853.750000 ) (2168 349 845.750000 ) 
4 146 150 (2173 349 853.750000 ) (2173 349 1092.189941 ) (2168 349 1092.189941 ) (2168 349 853.750000 ) 
4 146 147 (2168 349 366.829041 ) (2168 349 1092.189941 ) (2168 394.597015 1092.189941 ) (2168 394.597015 366.829041 ) 
4 147 179 (2048 349 366.829041 ) (2048 349 1092.189941 ) (2048 394.597015 1092.189941 ) (2048 394.597015 366.829041 ) 
4 147 166 (2048 349 845.750000 ) (2048 349 366.829041 ) (2068 349 366.829041 ) (2068 349 845.750000 ) 
4 147 165 (2068 349 366.829041 ) (2168 349 366.829041 ) (2168 349 845.750000 ) (2068 349 845.750000 ) 
4 147 151 (2048 349 853.750000 ) (2048 349 845.750000 ) (2168 349 845.750000 ) (2168 349 853.750000 ) 
4 147 150 (2048 349 1092.189941 ) (2048 349 853.750000 ) (2168 349 853.750000 ) (2168 349 1092.189941 ) 
4 148 186 (2048 349 27 ) (2048 349 254 ) (2048 445 254 ) (2048 445 27 ) 
4 148 181 (2048 445 254 ) (2048 837 254 ) (2048 837 27 ) (2048 445 27 ) 
4 148 180 (2048 349 254 ) (2048 349 270 ) (2048 837 270 ) (2048 837 254 ) 
4 148 170 (2048 349 171 ) (2048 349 27 ) (2068 349 27 ) (2068 349 171 ) 
4 148 149 (2048 837 27 ) (2068 837 27 ) (2068 445 27 ) (2048 445 27 ) 
4 149 181 (2048 445 27 ) (2048 837 27 ) (2048 837 0 ) (2048 445 0 ) 
4 150 278 (2285.270020 0 1092.189941 ) (2048 0 1092.189941 ) (2048 0 853.750000 ) (2285.270020 0 853.750000 ) 
4 150 187 (2048 0 853.750000 ) (2048 0 1092.189941 ) (2048 349 1092.189941 ) (2048 349 853.750000 ) 
3 150 164 (2054.578857 0 853.750000 ) (2048 0 853.750000 ) (2048 14.705849 853.750000 ) 
5 150 163 (2082 0 853.750000 ) (2054.578857 0 853.750000 ) (2048 14.705849 853.750000 ) (2048 60 853.750000 ) (2082 94 853.750000 ) 
5 150 162 (2048 192 853.750000 ) (2048 237.294128 853.750000 ) (2068 282 853.750000 ) (2082 268 853.750000 ) (2082 158 853.750000 ) 
3 150 161 (2048 237.294128 853.750000 ) (2048 282 853.750000 ) (2068 282 853.750000 ) 
3 150 160 (2068 282 853.750000 ) (2082 282 853.750000 ) (2082 268 853.750000 ) 
4 150 159 (2048 60 853.750000 ) (2048 192 853.750000 ) (2082 158 853.750000 ) (2082 94 853.750000 ) 
5 150 158 (2082 158 853.750000 ) (2082 268 853.750000 ) (2158 192 853.750000 ) (2158 191.992203 853.750000 ) (2082.005371 157.994583 853.750000 ) 
3 150 157 (2158 191.992203 853.750000 ) (2158 82 853.750000 ) (2082.005371 157.994583 853.750000 ) 
4 150 156 (2158 60 853.750000 ) (2082 94 853.750000 ) (2082 158 853.750000 ) (2158 82 853.750000 ) 
4 150 155 (2158 60 853.750000 ) (2098 0 853.750000 ) (2082 0 853.750000 ) (2082 94 853.750000 ) 
3 150 154 (2224 126 853.750000 ) (2158 60 853.750000 ) (2158 192 853.750000 ) 
5 150 153 (2285.270020 282 853.750000 ) (2285.270020 187.270111 853.750000 ) (2224 126 853.750000 ) (2082 268 853.750000 ) (2082 282 853.750000 ) 
3 150 152 (2285.270020 187.270111 853.750000 ) (2285.270020 0 853.750000 ) (2098 0 853.750000 ) 
4 150 151 (2048 349 853.750000 ) (2285.270020 349 853.750000 ) (2285.270020 282 853.750000 ) (2048 282 853.750000 ) 
4 151 188 (2048 282 853.750000 ) (2048 349 853.750000 ) (2048 349 845.750000 ) (2048 282 845.750000 ) 
4 151 166 (2048 282 845.750000 ) (2048 349 845.750000 ) (2068 349 845.750000 ) (2068 282 845.750000 ) 
4 151 165 (2068 349 845.750000 ) (2285.270020 349 845.750000 ) (2285.270020 282 845.750000 ) (2068 282 845.750000 ) 
4 151 161 (2048 282 845.750000 ) (2068 282 845.750000 ) (2068 282 853.750000 ) (2048 282 853.750000 ) 
4 151 160 (2068 282 845.750000 ) (2082 282 845.750000 ) (2082 282 853.750000 ) (2068 282 853.750000 ) 
4 151 153 (2082 282 845.750000 ) (2285.270020 282 845.750000 ) (2285.270020 282 853.750000 ) (2082 282 853.750000 ) 
4 152 279 (2285.270020 0 853.750000 ) (2098 0 853.750000 ) (2098 0 845.750000 ) (2285.270020 0 845.750000 ) 
3 152 165 (2285.270020 187.270111 845.750000 ) (2285.270020 0 845.750000 ) (2098 0 845.750000 ) 
4 152 155 (2158 60 845.750000 ) (2098 0 845.750000 ) (2098 0 853.750000 ) (2158 60 853.750000 ) 
4 152 154 (2224 126 845.750000 ) (2158 60 845.750000 ) (2158 60 853.750000 ) (2224 126 853.750000 ) 
4 152 153 (2285.270020 187.270020 853.750000 ) (2285.270020 187.270020 845.750000 ) (2224 126 845.750000 ) (2224 126 853.750000 ) 
5 153 165 (2082 282 845.750000 ) (2285.270020 282 845.750000 ) (2285.270020 187.270111 845.750000 ) (2224 126 845.750000 ) (2082 268 845.750000 ) 
4 153 160 (2082 282 853.750000 ) (2082 282 845.750000 ) (2082 268 845.750000 ) (2082 268 853.750000 ) 
4 153 158 (2082 268 853.750000 ) (2082 268 845.750000 ) (2158 192 845.750000 ) (2158 192 853.750000 ) 
4 153 154 (2158 192 845.750000 ) (2224 126 845.750000 ) (2224 126 853.750000 ) (2158 192 853.750000 ) 
3 154 165 (2224 126 845.750000 ) (2158 60 845.750000 ) (2158 192 845.750000 ) 
4 154 157 (2158 191.994110 853.750000 ) (2158 191.994110 845.750000 ) (2158 82 845.750000 ) (2158 82 853.750000 ) 
4 154 156 (2158 82 845.750000 ) (2158 60 845.750000 ) (2158 60 853.750000 ) (2158 82 853.750000 ) 
4 155 280 (2098 0 853.750000 ) (2082 0 853.750000 ) (2082 0 845.750000 ) (2098 0 845.750000 ) 
4 155 165 (2158 60 845.750000 ) (2098 0 845.750000 ) (2082 0 845.750000 ) (2082 94 845.750000 ) 
4 155 163 (2082 94 845.750000 ) (2082 0 845.750000 ) (2082 0 853.750000 ) (2082 94 853.750000 ) 
4 155 156 (2158 60.001141 853.750000 ) (2158 60.001141 845.750000 ) (2082 94.001137 845.750000 ) (2082 94.001137 853.750000 ) 
4 156 165 (2158 60 845.750000 ) (2082 94 845.750000 ) (2082 158 845.750000 ) (2158 82 845.750000 ) 
4 156 159 (2082 158 845.750000 ) (2082 94 845.750000 ) (2082 94 853.750000 ) (2082 158 853.750000 ) 
4 156 157 (2158 82 853.750000 ) (2158 82 845.750000 ) (2082 158 845.750000 ) (2082 158 853.750000 ) 
3 157 165 (2158 191.992203 845.750000 ) (2158 82 845.750000 ) (2082.005371 157.994583 845.750000 ) 
4 157 158 (2158 191.993179 853.750000 ) (2158 191.993179 845.750000 ) (2082.003906 157.995102 845.750000 ) (2082.003906 157.995102 853.750000 ) 
5 158 165 (2082 158 845.750000 ) (2082 268 845.750000 ) (2158 192 845.750000 ) (2158 191.992203 845.750000 ) (2082.005371 157.994583 845.750000 ) 
4 158 162 (2082 268 845.750000 ) (2082 158 845.750000 ) (2082 158 853.750000 ) (2082 268 853.750000 ) 
4 159 194 (2048 60 853.750000 ) (2048 192 853.750000 ) (2048 192 845.750000 ) (2048 60 845.750000 ) 
4 159 166 (2048 60 845.750000 ) (2048 192 845.750000 ) (2068 172 845.750000 ) (2068 80 845.750000 ) 
4 159 165 (2068 172 845.750000 ) (2082 158 845.750000 ) (2082 94 845.750000 ) (2068 80 845.750000 ) 
4 159 163 (2048 60 845.750000 ) (2082 94 845.750000 ) (2082 94 853.750000 ) (2048 60 853.750000 ) 
4 159 162 (2082 158 853.750000 ) (2082 158 845.750000 ) (2048 192 845.750000 ) (2048 192 853.750000 ) 
3 160 165 (2068 282 845.750000 ) (2082 282 845.750000 ) (2082 268 845.750000 ) 
4 160 162 (2068 282 853.750000 ) (2068 282 845.750000 ) (2082 268 845.750000 ) (2082 268 853.750000 ) 
4 161 189 (2048 237.294128 853.750000 ) (2048 282 853.750000 ) (2048 282 845.750000 ) (2048 237.294128 845.750000 ) 
3 161 166 (2048 237.294128 845.750000 ) (2048 282 845.750000 ) (2068 282 845.750000 ) 
4 161 162 (2048 237.294403 845.750000 ) (2068 281.998016 845.750000 ) (2068 281.998016 853.750000 ) (2048 237.294403 853.750000 ) 
4 162 195 (2048 192 853.750000 ) (2048 206 853.750000 ) (2048 206 845.750000 ) (2048 192 845.750000 ) 
4 162 190 (2048 206 853.750000 ) (2048 237.294128 853.750000 ) (2048 237.294128 845.750000 ) (2048 206 845.750000 ) 
4 162 166 (2048 192 845.750000 ) (2048 237.294128 845.750000 ) (2068 282 845.750000 ) (2068 172 845.750000 ) 
4 162 165 (2068 282 845.750000 ) (2082 268 845.750000 ) (2082 158 845.750000 ) (2068 172 845.750000 ) 
4 163 280 (2082 0 853.750000 ) (2054.578857 0 853.750000 ) (2054.578857 0 845.750000 ) (2082 0 845.750000 ) 
4 163 200 (2048 14.705849 853.750000 ) (2048 60 853.750000 ) (2048 60 845.750000 ) (2048 14.705849 845.750000 ) 
5 163 166 (2048 14.705849 845.750000 ) (2048 60 845.750000 ) (2068 80 845.750000 ) (2068 0 845.750000 ) (2054.578857 0 845.750000 ) 
4 163 165 (2068 80 845.750000 ) (2082 94 845.750000 ) (2082 0 845.750000 ) (2068 0 845.750000 ) 
4 163 164 (2048 14.701899 845.750000 ) (2054.577148 0 845.750000 ) (2054.577148 0 853.750000 ) (2048 14.701900 853.750000 ) 
4 164 281 (2054.578857 0 853.750000 ) (2048 0 853.750000 ) (2048 0 845.750000 ) (2054.578857 0 845.750000 ) 
4 164 201 (2048 0 845.750000 ) (2048 0 853.750000 ) (2048 14.705849 853.750000 ) (2048 14.705849 845.750000 ) 
3 164 166 (2048 0 845.750000 ) (2048 14.705849 845.750000 ) (2054.578857 0 845.750000 ) 
4 165 283 (2285.270020 0 845.750000 ) (2068 0 845.750000 ) (2068 0 366.829041 ) (2285.270020 0 366.829041 ) 
4 165 166 (2068 0 366.829041 ) (2068 0 845.750000 ) (2068 349 845.750000 ) (2068 349 366.829041 ) 
4 166 283 (2068 0 845.750000 ) (2048 0 845.750000 ) (2048 0 366.829041 ) (2068 0 366.829041 ) 
4 166 206 (2048 0 366.829041 ) (2048 0 845.750000 ) (2048 349 845.750000 ) (2048 349 366.829041 ) 
4 167 172 (2152 97 209 ) (2152 237 209 ) (2152 237 176 ) (2152 97 176 ) 
4 167 174 (2152 237 176 ) (2152 237 83 ) (2152 97 83 ) (2152 97 176 ) 
4 168 174 (2152 97 27 ) (2152 97 75 ) (2152 237 75 ) (2152 237 27 ) 
4 169 207 (2048 237 209 ) (2048 345 209 ) (2048 345 171 ) (2048 237 171 ) 
4 169 173 (2068 237 176 ) (2068 237 209 ) (2048 237 209 ) (2048 237 176 ) 
4 169 174 (2068 237 171 ) (2068 237 176 ) (2048 237 176 ) (2048 237 171 ) 
4 169 171 (2068 345 171 ) (2068 237 171 ) (2048 237 171 ) (2048 345 171 ) 
4 170 208 (2048 349 171 ) (2048 349 27 ) (2048 345 27 ) (2048 345 171 ) 
4 170 171 (2048 345 27 ) (2068 345 27 ) (2068 345 171 ) (2048 345 171 ) 
4 171 209 (2048 345 27 ) (2048 237 27 ) (2048 237 171 ) (2048 345 171 ) 
4 171 174 (2048 237 27 ) (2068 237 27 ) (2068 237 171 ) (2048 237 171 ) 
4 172 174 (2152 97 176 ) (2080 97 176 ) (2080 237 176 ) (2152 237 176 ) 
4 173 207 (2048 97 209 ) (2048 237 209 ) (2048 237 176 ) (2048 97 176 ) 
4 173 175 (2068 97 209 ) (2048 97 209 ) (2048 97 176 ) (2068 97 176 ) 
4 173 174 (2068 97 176 ) (2048 97 176 ) (2048 237 176 ) (2068 237 176 ) 
4 174 209 (2048 237 171 ) (2048 237 27 ) (2048 97 27 ) (2048 97 171 ) 
4 174 207 (2048 237 176 ) (2048 237 171 ) (2048 97 171 ) (2048 97 176 ) 
4 174 175 (2048 97 27 ) (2068 97 27 ) (2068 97 176 ) (2048 97 176 ) 
4 175 310 (2048 0 128 ) (2048 0 27 ) (2068 0 27 ) (2068 0 128 ) 
4 175 297 (2048 0 208 ) (2048 0 128 ) (2068 0 128 ) (2068 0 208 ) 
4 175 290 (2068 0 209 ) (2048 0 209 ) (2048 0 208 ) (2068 0 208 ) 
4 175 209 (2048 0 27 ) (2048 0 171 ) (2048 97 171 ) (2048 97 27 ) 
4 175 207 (2048 0 171 ) (2048 0 209 ) (2048 97 209 ) (2048 97 171 ) 
4 176 177 (1955 843 126 ) (1955 843 248 ) (1891 843 248 ) (1891 843 126 ) 
4 177 178 (1955 841 126 ) (1955 841 248 ) (1891 841 248 ) (1891 841 126 ) 
4 178 182 (1891 837 126 ) (1955 837 126 ) (1955 837 248 ) (1891 837 248 ) 
4 179 231 (1871 349 366.829041 ) (1871 349 845.750000 ) (1871 394.597015 845.750000 ) (1871 394.597015 366.829041 ) 
4 179 227 (1871 349 845.750000 ) (1871 349 853.750000 ) (1871 394.597015 853.750000 ) (1871 394.597015 845.750000 ) 
4 179 226 (1871 349 853.750000 ) (1871 349 1092.189941 ) (1871 394.597015 1092.189941 ) (1871 394.597015 853.750000 ) 
4 179 206 (1871 349 845.750000 ) (1871 349 366.829041 ) (2048 349 366.829041 ) (2048 349 845.750000 ) 
4 179 188 (1871 349 853.750000 ) (1871 349 845.750000 ) (2048 349 845.750000 ) (2048 349 853.750000 ) 
4 179 187 (1871 349 1092.189941 ) (1871 349 853.750000 ) (2048 349 853.750000 ) (2048 349 1092.189941 ) 
4 180 232 (1871 349 254 ) (1871 349 270 ) (1871 837 270 ) (1871 837 254 ) 
4 180 186 (2048 349 254 ) (1871 349 254 ) (1871 445 254 ) (2048 445 254 ) 
4 180 182 (1891 837 254 ) (1955 837 254 ) (1955 836 254 ) (1891 836 254 ) 
4 180 184 (1955 836 254 ) (1955 445 254 ) (1891 445 254 ) (1891 836 254 ) 
4 180 181 (1955 837 254 ) (2048 837 254 ) (2048 445 254 ) (1955 445 254 ) 
4 180 185 (1871 445 254 ) (1871 837 254 ) (1891 837 254 ) (1891 445 254 ) 
4 181 186 (2048 445 27 ) (2048 445 254 ) (1955 445 254 ) (1955 445 27 ) 
4 181 183 (1955 837 0 ) (1955 836 0 ) (1955 836 126 ) (1955 837 126 ) 
4 181 182 (1955 836 126 ) (1955 836 254 ) (1955 837 254 ) (1955 837 126 ) 
4 181 184 (1955 836 0 ) (1955 445 0 ) (1955 445 254 ) (1955 836 254 ) 
4 182 184 (1891 836 254 ) (1891 836 126 ) (1955 836 126 ) (1955 836 254 ) 
4 182 185 (1891 836 126 ) (1891 836 254 ) (1891 837 254 ) (1891 837 126 ) 
4 182 183 (1955 836 126 ) (1891 836 126 ) (1891 837 126 ) (1955 837 126 ) 
4 183 184 (1891 836 126 ) (1891 836 0 ) (1955 836 0 ) (1955 836 126 ) 
4 183 185 (1891 837 0 ) (1891 836 0 ) (1891 836 126 ) (1891 837 126 ) 
4 184 186 (1955 445 27 ) (1955 445 254 ) (1891 445 254 ) (1891 445 27 ) 
4 184 185 (1891 836 0 ) (1891 445 0 ) (1891 445 254 ) (1891 836 254 ) 
4 185 243 (1871 837 126 ) (1871 837 27 ) (1871 445 27 ) (1871 445 126 ) 
4 185 233 (1871 445 254 ) (1871 837 254 ) (1871 837 126 ) (1871 445 126 ) 
4 185 186 (1891 445 27 ) (1891 445 254 ) (1871 445 254 ) (1871 445 27 ) 
4 186 243 (1871 349 27 ) (1871 349 126 ) (1871 445 126 ) (1871 445 27 ) 
4 186 233 (1871 349 126 ) (1871 349 254 ) (1871 445 254 ) (1871 445 126 ) 
4 186 208 (1876 349 27 ) (2048 349 27 ) (2048 349 171 ) (1876 349 171 ) 
4 187 324 (2048 0 853.750000 ) (2048 0 1092.189941 ) (1871 0 1092.189941 ) (1871 0 853.750000 ) 
4 187 246 (1871 0 853.750000 ) (1871 0 1092.189941 ) (1871 52 1092.189941 ) (1871 52 853.750000 ) 
4 187 226 (1871 52 1092.189941 ) (1871 349 1092.189941 ) (1871 349 853.750000 ) (1871 52 853.750000 ) 
4 187 205 (1871 180.815750 853.750000 ) (1871 206 853.750000 ) (1922 206 853.750000 ) (1922 158 853.750000 ) 
4 187 204 (1871 71.184235 853.750000 ) (1871 180.815750 853.750000 ) (1922 158 853.750000 ) (1922 94 853.750000 ) 
5 187 203 (1922 0 853.750000 ) (1906 0 853.750000 ) (1871 35 853.750000 ) (1871 71.184235 853.750000 ) (1922 94 853.750000 ) 
3 187 202 (1906 0 853.750000 ) (1871 0 853.750000 ) (1871 35 853.750000 ) 
4 187 201 (2048 0 853.750000 ) (1988 0 853.750000 ) (2034 46 853.750000 ) (2048 14.705856 853.750000 ) 
3 187 200 (2034 46 853.750000 ) (2048 60 853.750000 ) (2048 14.705856 853.750000 ) 
4 187 199 (1949.421143 0 853.750000 ) (1922 0 853.750000 ) (1922 94 853.750000 ) (1970 46 853.750000 ) 
4 187 198 (1988 0 853.750000 ) (1949.421143 0 853.750000 ) (1970 46 853.750000 ) (2002 14 853.750000 ) 
3 187 195 (2034 206 853.750000 ) (2048 206 853.750000 ) (2048 192 853.750000 ) 
8 187 194 (1922 94 853.750000 ) (1922 158 853.750000 ) (1970 206 853.750000 ) (2034 206 853.750000 ) (2048 192 853.750000 ) (2048 60 853.750000 ) (2034 46 853.750000 ) (1970 46 853.750000 ) 
3 187 196 (1922 158 853.750000 ) (1922 206 853.750000 ) (1970 206 853.750000 ) 
3 187 197 (2034 46 853.750000 ) (2002 14 853.750000 ) (1970 46 853.750000 ) 
3 187 193 (1936 282 853.750000 ) (2046 282 853.750000 ) (1970 206 853.750000 ) 
4 187 192 (1871 206 853.750000 ) (1871 217 853.750000 ) (1936 282 853.750000 ) (1970 206 853.750000 ) 
3 187 191 (1871 217 853.750000 ) (1871 282 853.750000 ) (1936 282 853.750000 ) 
3 187 190 (2048 237.294083 853.750000 ) (2048 206 853.750000 ) (2034 206 853.750000 ) 
5 187 189 (2046 282 853.750000 ) (2048 282 853.750000 ) (2048 237.294083 853.750000 ) (2034 206 853.750000 ) (1970 206 853.750000 ) 
4 187 188 (1871 282 853.750000 ) (1871 349 853.750000 ) (2048 349 853.750000 ) (2048 282 853.750000 ) 
4 188 227 (1871 282 853.750000 ) (1871 349 853.750000 ) (1871 349 845.750000 ) (1871 282 845.750000 ) 
4 188 206 (1871 282 845.750000 ) (1871 349 845.750000 ) (2048 349 845.750000 ) (2048 282 845.750000 ) 
4 188 193 (1936 282 845.750000 ) (2046 282 845.750000 ) (2046 282 853.750000 ) (1936 282 853.750000 ) 
4 188 191 (1871 282 845.750000 ) (1936 282 845.750000 ) (1936 282 853.750000 ) (1871 282 853.750000 ) 
4 188 189 (2046 282 845.750000 ) (2048 282 845.750000 ) (2048 282 853.750000 ) (2046 282 853.750000 ) 
5 189 206 (2046 282 845.750000 ) (2048 282 845.750000 ) (2048 237.294083 845.750000 ) (2034 206 845.750000 ) (1970 206 845.750000 ) 
4 189 194 (1970 206 845.750000 ) (2034 206 845.750000 ) (2034 206 853.750000 ) (1970 206 853.750000 ) 
4 189 193 (2046.001953 282 853.750000 ) (2046.001953 282 845.750000 ) (1970.001953 206 845.750000 ) (1970.001953 206 853.750000 ) 
4 189 190 (2033.998901 206 853.750000 ) (2033.998901 206 845.750000 ) (2048 237.296463 845.750000 ) (2048 237.296463 853.750000 ) 
3 190 206 (2048 237.294083 845.750000 ) (2048 206 845.750000 ) (2034 206 845.750000 ) 
4 190 195 (2034 206 845.750000 ) (2048 206 845.750000 ) (2048 206 853.750000 ) (2034 206 853.750000 ) 
4 191 227 (1871 217 853.750000 ) (1871 282 853.750000 ) (1871 282 845.750000 ) (1871 217 845.750000 ) 
3 191 206 (1871 217 845.750000 ) (1871 282 845.750000 ) (1936 282 845.750000 ) 
4 191 192 (1871 217.001953 845.750000 ) (1935.998047 282 845.750000 ) (1935.998047 282 853.750000 ) (1871 217.001953 853.750000 ) 
4 192 230 (1871 206 853.750000 ) (1871 217 853.750000 ) (1871 217 845.750000 ) (1871 206 845.750000 ) 
4 192 206 (1871 206 845.750000 ) (1871 217 845.750000 ) (1936 282 845.750000 ) (1970 206 845.750000 ) 
4 192 205 (1871 206 845.750000 ) (1922 206 845.750000 ) (1922 206 853.750000 ) (1871 206 853.750000 ) 
4 192 196 (1922 206 845.750000 ) (1970 206 845.750000 ) (1970 206 853.750000 ) (1922 206 853.750000 ) 
4 192 193 (1970.001587 206 853.750000 ) (1970.001587 206 845.750000 ) (1936.001831 282 845.750000 ) (1936.001831 282 853.750000 ) 
3 193 206 (1936 282 845.750000 ) (2046 282 845.750000 ) (1970 206 845.750000 ) 
8 194 206 (1970 206 845.750000 ) (2034 206 845.750000 ) (2048 192 845.750000 ) (2048 60 845.750000 ) (2034 46 845.750000 ) (1970 46 845.750000 ) (1922 94 845.750000 ) (1922 158 845.750000 ) 
4 194 204 (1922 158 845.750000 ) (1922 94 845.750000 ) (1922 94 853.750000 ) (1922 158 853.750000 ) 
4 194 200 (2034 46 845.750000 ) (2048 60 845.750000 ) (2048 60 853.750000 ) (2034 46 853.750000 ) 
4 194 199 (1922 94 853.750000 ) (1922 94 845.750000 ) (1970 46 845.750000 ) (1970 46 853.750000 ) 
4 194 196 (1970 206 853.750000 ) (1970 206 845.750000 ) (1922 158 845.750000 ) (1922 158 853.750000 ) 
4 194 197 (1970 46 853.750000 ) (1970 46 845.750000 ) (2033.997925 46 845.750000 ) (2033.997925 46 853.750000 ) 
4 194 195 (2048 192 845.750000 ) (2034 206 845.750000 ) (2034 206 853.750000 ) (2048 192 853.750000 ) 
3 195 206 (2034 206 845.750000 ) (2048 206 845.750000 ) (2048 192 845.750000 ) 
3 196 206 (1922 206 845.750000 ) (1970 206 845.750000 ) (1922 158 845.750000 ) 
4 196 205 (1922 206 853.750000 ) (1922 206 845.750000 ) (1922 158 845.750000 ) (1922 158 853.750000 ) 
3 197 206 (2034 46 845.750000 ) (2002 14 845.750000 ) (1970 46 845.750000 ) 
4 197 201 (2002 14 845.750000 ) (2034 46 845.750000 ) (2034 46 853.750000 ) (2002 14 853.750000 ) 
4 197 198 (1970 46 845.750000 ) (2002 14 845.750000 ) (2002 14 853.750000 ) (1970 46 853.750000 ) 
4 198 326 (1988 0 853.750000 ) (1949.421143 0 853.750000 ) (1949.421143 0 845.750000 ) (1988 0 845.750000 ) 
4 198 206 (2002 14 845.750000 ) (1988 0 845.750000 ) (1949.421143 0 845.750000 ) (1970 46 845.750000 ) 
4 198 201 (1988 0 845.750000 ) (2002 14 845.750000 ) (2002 14 853.750000 ) (1988 0 853.750000 ) 
4 198 199 (1970 46 853.750000 ) (1970 46 845.750000 ) (1949.422241 0 845.750000 ) (1949.422241 0 853.750000 ) 
4 199 327 (1949.421143 0 853.750000 ) (1922 0 853.750000 ) (1922 0 845.750000 ) (1949.421143 0 845.750000 ) 
4 199 206 (1949.421143 0 845.750000 ) (1922 0 845.750000 ) (1922 94 845.750000 ) (1970 46 845.750000 ) 
4 199 203 (1922 94 845.750000 ) (1922 0 845.750000 ) (1922 0 853.750000 ) (1922 94 853.750000 ) 
3 200 206 (2048 60 845.750000 ) (2048 14.705856 845.750000 ) (2034 46 845.750000 ) 
4 200 201 (2034 45.998020 853.750000 ) (2034 45.998020 845.750000 ) (2048 14.701817 845.750000 ) (2048 14.703301 853.750000 ) 
4 201 326 (2048 0 845.750000 ) (2048 0 853.750000 ) (1988 0 853.750000 ) (1988 0 845.750000 ) 
4 201 206 (2048 14.705856 845.750000 ) (2048 0 845.750000 ) (1988 0 845.750000 ) (2034 46 845.750000 ) 
4 202 325 (1906 0 853.750000 ) (1871 0 853.750000 ) (1871 0 845.750000 ) (1906 0 845.750000 ) 
4 202 247 (1871 0 845.750000 ) (1871 0 853.750000 ) (1871 35 853.750000 ) (1871 35 845.750000 ) 
3 202 206 (1871 0 845.750000 ) (1871 35 845.750000 ) (1906 0 845.750000 ) 
4 202 203 (1906 0 845.750000 ) (1871 35 845.750000 ) (1871 35 853.750000 ) (1906 0 853.750000 ) 
4 203 327 (1922 0 853.750000 ) (1906 0 853.750000 ) (1906 0 845.750000 ) (1922 0 845.750000 ) 
4 203 248 (1871 35 853.750000 ) (1871 52 853.750000 ) (1871 52 845.750000 ) (1871 35 845.750000 ) 
4 203 228 (1871 52 853.750000 ) (1871 71.184235 853.750000 ) (1871 71.184250 845.750000 ) (1871 52 845.750000 ) 
5 203 206 (1871 35 845.750000 ) (1871 71.184235 845.750000 ) (1922 94 845.750000 ) (1922 0 845.750000 ) (1906 0 845.750000 ) 
4 203 204 (1922 94 853.750000 ) (1922 94 845.750000 ) (1871 71.184326 845.750000 ) (1871 71.184326 853.750000 ) 
4 204 229 (1871 71.184235 853.750000 ) (1871 180.815750 853.750000 ) (1871 180.815750 845.750000 ) (1871 71.184250 845.750000 ) 
4 204 206 (1871 71.184235 845.750000 ) (1871 180.815750 845.750000 ) (1922 158 845.750000 ) (1922 94 845.750000 ) 
4 204 205 (1922 158 853.750000 ) (1922 158 845.750000 ) (1871 180.816254 845.750000 ) (1871 180.816254 853.750000 ) 
4 205 230 (1871 180.815750 853.750000 ) (1871 206 853.750000 ) (1871 206 845.750000 ) (1871 180.815750 845.750000 ) 
4 205 206 (1871 180.815750 845.750000 ) (1871 206 845.750000 ) (1922 206 845.750000 ) (1922 158 845.750000 ) 
4 206 329 (2048 0 366.829041 ) (2048 0 845.750000 ) (1871 0 845.750000 ) (1871 0 366.829041 ) 
4 206 249 (1871 0 366.829041 ) (1871 0 845.750000 ) (1871 52 845.750000 ) (1871 52 366.829041 ) 
4 206 231 (1871 52 845.750000 ) (1871 349 845.750000 ) (1871 349 366.829041 ) (1871 52 366.829041 ) 
4 207 339 (2048 0 171 ) (2048 0 208 ) (1876 0 208 ) (1876 0 171 ) 
4 207 338 (1916 0 209 ) (1876 0 209 ) (1876 0 208 ) (1916 0 208 ) 
4 207 331 (2036 0 209 ) (1916 0 209 ) (1916 0 208 ) (2036 0 208 ) 
4 207 330 (2048 0 208 ) (2048 0 209 ) (2036 0 209 ) (2036 0 208 ) 
4 207 209 (2048 0 171 ) (1876 0 171 ) (1876 345 171 ) (2048 345 171 ) 
4 208 209 (1876 345 27 ) (2048 345 27 ) (2048 345 171 ) (1876 345 171 ) 
4 209 386 (1903 0 128 ) (1876 0 128 ) (1876 0 27 ) (1903 0 27 ) 
4 209 381 (2042 0 128 ) (1903 0 128 ) (1903 0 27 ) (2042 0 27 ) 
4 209 376 (2042 0 32 ) (2042 0 27 ) (2043 0 27 ) (2043 0 32 ) 
4 209 371 (2042 0 50 ) (2042 0 32 ) (2043 0 32 ) (2043 0 50 ) 
4 209 365 (2043 0 128 ) (2042 0 128 ) (2042 0 50 ) (2043 0 50 ) 
4 209 359 (2046 0 91 ) (2043 0 91 ) (2043 0 27 ) (2046 0 27 ) 
4 209 353 (2048 0 27 ) (2048 0 91 ) (2046 0 91 ) (2046 0 27 ) 
4 209 348 (2048 0 91 ) (2048 0 128 ) (2043 0 128 ) (2043 0 91 ) 
4 209 339 (2048 0 128 ) (2048 0 171 ) (1876 0 171 ) (1876 0 128 ) 
4 209 210 (1876 66 155 ) (1876 194 155 ) (1876 194 27 ) (1876 66 27 ) 
4 210 219 (1875 68 137 ) (1875 68 153 ) (1875 116 153 ) (1875 116 137 ) 
4 210 218 (1875 68 153 ) (1875 68 155 ) (1875 116 155 ) (1875 116 153 ) 
4 210 220 (1875 116 27 ) (1875 68 27 ) (1875 68 137 ) (1875 116 137 ) 
4 210 217 (1875 120 27 ) (1875 116 27 ) (1875 116 155 ) (1875 120 155 ) 
4 210 221 (1875 68 27 ) (1875 66 27 ) (1875 66 155 ) (1875 68 155 ) 
4 210 216 (1875 192 27 ) (1875 120 27 ) (1875 120 75 ) (1875 192 75 ) 
4 210 215 (1875 120 75 ) (1875 120 135 ) (1875 192 135 ) (1875 192 75 ) 
4 210 213 (1875 120 137 ) (1875 120 153 ) (1875 192 153 ) (1875 192 137 ) 
4 210 212 (1875 120 153 ) (1875 120 155 ) (1875 192 155 ) (1875 192 153 ) 
4 210 214 (1875 120 135 ) (1875 120 137 ) (1875 192 137 ) (1875 192 135 ) 
4 210 211 (1875 194 155 ) (1875 194 27 ) (1875 192 27 ) (1875 192 155 ) 
4 211 216 (1874 192 75 ) (1874 192 27 ) (1875 192 27 ) (1875 192 75 ) 
4 211 215 (1874 192 135 ) (1874 192 75 ) (1875 192 75 ) (1875 192 135 ) 
4 211 213 (1874 192 153 ) (1874 192 137 ) (1875 192 137 ) (1875 192 153 ) 
4 211 212 (1874 192 155 ) (1874 192 153 ) (1875 192 153 ) (1875 192 155 ) 
4 211 214 (1874 192 137 ) (1874 192 135 ) (1875 192 135 ) (1875 192 137 ) 
4 211 222 (1874 194 155 ) (1874 194 27 ) (1874 192 27 ) (1874 192 155 ) 
4 212 217 (1874 120 155 ) (1874 120 153 ) (1875 120 153 ) (1875 120 155 ) 
4 212 222 (1874 120 153 ) (1874 120 155 ) (1874 192 155 ) (1874 192 153 ) 
4 212 213 (1875 120 153 ) (1874 120 153 ) (1874 192 153 ) (1875 192 153 ) 
4 213 217 (1874 120 153 ) (1874 120 137 ) (1875 120 137 ) (1875 120 153 ) 
4 213 214 (1875 120 137 ) (1874 120 137 ) (1874 192 137 ) (1875 192 137 ) 
4 213 222 (1874 120 137 ) (1874 120 153 ) (1874 192 153 ) (1874 192 137 ) 
4 214 217 (1874 120 137 ) (1874 120 135 ) (1875 120 135 ) (1875 120 137 ) 
4 214 215 (1875 120 135 ) (1874 120 135 ) (1874 192 135 ) (1875 192 135 ) 
4 214 222 (1874 120 135 ) (1874 120 137 ) (1874 192 137 ) (1874 192 135 ) 
4 215 217 (1874 120 135 ) (1874 120 75 ) (1875 120 75 ) (1875 120 135 ) 
4 215 222 (1874 120 75 ) (1874 120 135 ) (1874 192 135 ) (1874 192 75 ) 
4 215 216 (1875 120 75 ) (1874 120 75 ) (1874 192 75 ) (1875 192 75 ) 
4 216 217 (1874 120 75 ) (1874 120 27 ) (1875 120 27 ) (1875 120 75 ) 
4 216 222 (1874 192 27 ) (1874 120 27 ) (1874 120 75 ) (1874 192 75 ) 
4 217 219 (1874 116 153 ) (1874 116 137 ) (1875 116 137 ) (1875 116 153 ) 
4 217 218 (1874 116 155 ) (1874 116 153 ) (1875 116 153 ) (1875 116 155 ) 
4 217 220 (1874 116 137 ) (1874 116 27 ) (1875 116 27 ) (1875 116 137 ) 
4 217 222 (1874 120 27 ) (1874 116 27 ) (1874 116 155 ) (1874 120 155 ) 
4 218 221 (1874 68 155 ) (1874 68 153 ) (1875 68 153 ) (1875 68 155 ) 
4 218 222 (1874 68 153 ) (1874 68 155 ) (1874 116 155 ) (1874 116 153 ) 
4 218 219 (1875 68 153 ) (1874 68 153 ) (1874 116 153 ) (1875 116 153 ) 
4 219 220 (1875 68 137 ) (1874 68 137 ) (1874 116 137 ) (1875 116 137 ) 
4 219 221 (1874 68 153 ) (1874 68 137 ) (1875 68 137 ) (1875 68 153 ) 
4 219 222 (1874 68 137 ) (1874 68 153 ) (1874 116 153 ) (1874 116 137 ) 
4 220 222 (1874 116 27 ) (1874 68 27 ) (1874 68 137 ) (1874 116 137 ) 
4 220 221 (1874 68 137 ) (1874 68 27 ) (1875 68 27 ) (1875 68 137 ) 
4 221 222 (1874 68 27 ) (1874 66 27 ) (1874 66 155 ) (1874 68 155 ) 
4 222 244 (1871 194 126 ) (1871 194 27 ) (1871 66 27 ) (1871 66 126 ) 
4 222 242 (1871 66 155 ) (1871 194 155 ) (1871 194 126 ) (1871 66 126 ) 
4 223 224 (1658 843 254 ) (1658 843 126 ) (1722 843 126 ) (1722 843 254 ) 
4 224 225 (1658 841 254 ) (1658 841 126 ) (1722 841 126 ) (1722 841 254 ) 
4 225 234 (1658 837 126 ) (1722 837 126 ) (1722 837 254 ) (1658 837 254 ) 
4 226 246 (1871 52 853.750000 ) (1871 52 1092.189941 ) (1855.729980 52 1092.189941 ) (1855.729980 52 853.750000 ) 
4 226 229 (1855.729980 64.352890 853.750000 ) (1855.729980 187.647156 853.750000 ) (1871 180.815750 853.750000 ) (1871 71.184235 853.750000 ) 
4 226 228 (1871 52 853.750000 ) (1855.729980 52 853.750000 ) (1855.729980 64.352890 853.750000 ) (1871 71.184235 853.750000 ) 
4 226 230 (1855.729980 187.647156 853.750000 ) (1855.729980 201.730026 853.750000 ) (1871 217 853.750000 ) (1871 180.815750 853.750000 ) 
4 226 227 (1855.729980 201.730026 853.750000 ) (1855.729980 394.597015 853.750000 ) (1871 394.597015 853.750000 ) (1871 217 853.750000 ) 
4 227 231 (1855.729980 201.730026 845.750000 ) (1855.729980 394.597015 845.750000 ) (1871 394.597015 845.750000 ) (1871 217 845.750000 ) 
4 227 230 (1855.729980 201.730469 845.750000 ) (1871 217 845.750000 ) (1871 217 853.750000 ) (1855.729980 201.729340 853.750000 ) 
4 228 248 (1871 52 845.750000 ) (1871 52 853.750000 ) (1855.729980 52 853.750000 ) (1855.729980 52 845.750000 ) 
4 228 231 (1871 52 845.750000 ) (1855.729980 52 845.750000 ) (1855.729980 64.352890 845.750000 ) (1871 71.184235 845.750000 ) 
4 228 229 (1871 71.184189 845.750000 ) (1855.729980 64.352875 845.750000 ) (1855.729980 64.352875 853.750000 ) (1871 71.184196 853.750000 ) 
4 229 231 (1855.729980 64.352890 845.750000 ) (1855.729980 187.647156 845.750000 ) (1871 180.815750 845.750000 ) (1871 71.184235 845.750000 ) 
4 229 230 (1871 180.817139 845.750000 ) (1855.729980 187.648438 845.750000 ) (1855.729980 187.647110 853.750000 ) (1871 180.815781 853.750000 ) 
4 230 231 (1855.729980 187.647156 845.750000 ) (1855.729980 201.730026 845.750000 ) (1871 217 845.750000 ) (1871 180.815750 845.750000 ) 
4 231 249 (1855.729980 52 366.829041 ) (1871 52 366.829041 ) (1871 52 845.750000 ) (1855.729980 52 845.750000 ) 
4 232 240 (1481 446 254 ) (1481 510 254 ) (1482 510 254 ) (1482 446 254 ) 
4 232 239 (1481 510 254 ) (1481 663 254 ) (1482 663 254 ) (1482 510 254 ) 
4 232 241 (1482 349 254 ) (1481 349 254 ) (1481 446 254 ) (1482 446 254 ) 
4 232 238 (1481 663 254 ) (1481 727 254 ) (1482 727 254 ) (1482 663 254 ) 
4 232 237 (1481 727 254 ) (1481 837 254 ) (1482 837 254 ) (1482 727 254 ) 
4 232 235 (1722 349 254 ) (1658 349 254 ) (1658 836 254 ) (1722 836 254 ) 
4 232 234 (1658 836 254 ) (1658 837 254 ) (1722 837 254 ) (1722 836 254 ) 
4 232 233 (1871 349 254 ) (1722 349 254 ) (1722 837 254 ) (1871 837 254 ) 
4 232 236 (1658 349 254 ) (1482 349 254 ) (1482 837 254 ) (1658 837 254 ) 
4 233 243 (1722 837 126 ) (1871 837 126 ) (1871 349 126 ) (1722 349 126 ) 
4 233 235 (1722 836 126 ) (1722 349 126 ) (1722 349 254 ) (1722 836 254 ) 
4 233 234 (1722 837 126 ) (1722 836 126 ) (1722 836 254 ) (1722 837 254 ) 
4 234 243 (1658 837 126 ) (1722 837 126 ) (1722 836 126 ) (1658 836 126 ) 
4 234 236 (1658 837 126 ) (1658 836 126 ) (1658 836 254 ) (1658 837 254 ) 
4 234 235 (1658 836 254 ) (1658 836 126 ) (1722 836 126 ) (1722 836 254 ) 
4 235 243 (1722 836 126 ) (1722 349 126 ) (1658 349 126 ) (1658 836 126 ) 
4 235 236 (1658 836 126 ) (1658 349 126 ) (1658 349 254 ) (1658 836 254 ) 
4 236 243 (1482 837 126 ) (1658 837 126 ) (1658 349 126 ) (1482 349 126 ) 
4 236 240 (1482 510 126 ) (1482 446 126 ) (1482 446 254 ) (1482 510 254 ) 
4 236 239 (1482 663 126 ) (1482 510 126 ) (1482 510 254 ) (1482 663 254 ) 
4 236 241 (1482 446 126 ) (1482 349 126 ) (1482 349 254 ) (1482 446 254 ) 
4 236 238 (1482 727 126 ) (1482 663 126 ) (1482 663 254 ) (1482 727 254 ) 
4 236 237 (1482 837 126 ) (1482 727 126 ) (1482 727 254 ) (1482 837 254 ) 
4 237 243 (1481 727 126 ) (1481 837 126 ) (1482 837 126 ) (1482 727 126 ) 
4 237 238 (1481 727 126 ) (1482 727 126 ) (1482 727 254 ) (1481 727 254 ) 
4 238 255 (1481 727 126 ) (1481 663 126 ) (1481 663 254 ) (1481 727 254 ) 
4 238 243 (1481 663 126 ) (1481 727 126 ) (1482 727 126 ) (1482 663 126 ) 
4 238 239 (1481 663 126 ) (1482 663 126 ) (1482 663 254 ) (1481 663 254 ) 
4 239 243 (1481 510 126 ) (1481 663 126 ) (1482 663 126 ) (1482 510 126 ) 
4 239 240 (1481 510 126 ) (1482 510 126 ) (1482 510 254 ) (1481 510 254 ) 
4 240 258 (1481 510 126 ) (1481 446 126 ) (1481 446 254 ) (1481 510 254 ) 
4 240 243 (1481 446 126 ) (1481 510 126 ) (1482 510 126 ) (1482 446 126 ) 
4 240 241 (1481 446 126 ) (1482 446 126 ) (1482 446 254 ) (1481 446 254 ) 
4 241 243 (1481 349 126 ) (1481 446 126 ) (1482 446 126 ) (1482 349 126 ) 
4 242 261 (1481 230 126 ) (1481 52 126 ) (1481 52 217 ) (1481 230 217 ) 
4 242 254 (1481 52 128 ) (1481 52 126 ) (1530 52 126 ) (1530 52 128 ) 
4 242 252 (1643 52 126 ) (1692 52 126 ) (1692 52 128 ) (1643 52 128 ) 
4 242 250 (1805 52 126 ) (1854 52 126 ) (1854 52 128 ) (1805 52 128 ) 
4 242 244 (1871 52 126 ) (1481 52 126 ) (1481 230 126 ) (1871 230 126 ) 
4 243 245 (1481 685 27 ) (1481 837 27 ) (1598 837 27 ) (1598 685 27 ) 
4 244 263 (1481 230 27 ) (1481 52 27 ) (1481 52 126 ) (1481 230 126 ) 
4 244 254 (1481 52 126 ) (1481 52 27 ) (1530 52 27 ) (1530 52 126 ) 
4 244 252 (1643 52 27 ) (1692 52 27 ) (1692 52 126 ) (1643 52 126 ) 
4 244 250 (1805 52 27 ) (1854 52 27 ) (1854 52 126 ) (1805 52 126 ) 
4 246 324 (1871 0 853.750000 ) (1871 0 1092.189941 ) (1855.729980 0 1092.189941 ) (1855.729980 0 853.750000 ) 
4 246 248 (1855.729980 50.270039 853.750000 ) (1855.729980 52 853.750000 ) (1871 52 853.750000 ) (1871 35 853.750000 ) 
4 246 247 (1855.729980 0 853.750000 ) (1855.729980 50.270039 853.750000 ) (1871 35 853.750000 ) (1871 0 853.750000 ) 
4 247 325 (1871 0 845.750000 ) (1871 0 853.750000 ) (1855.729980 0 853.750000 ) (1855.729980 0 845.750000 ) 
4 247 249 (1855.729980 0 845.750000 ) (1855.729980 50.270039 845.750000 ) (1871 35 845.750000 ) (1871 0 845.750000 ) 
4 247 248 (1871 35 845.750000 ) (1855.729980 50.269531 845.750000 ) (1855.729980 50.269531 853.750000 ) (1871 35 853.750000 ) 
4 248 249 (1855.729980 50.270039 845.750000 ) (1855.729980 52 845.750000 ) (1871 52 845.750000 ) (1871 35 845.750000 ) 
4 249 329 (1871 0 366.829041 ) (1871 0 845.750000 ) (1855.729980 0 845.750000 ) (1855.729980 0 366.829041 ) 
4 250 251 (1854 39 27 ) (1854 39 128 ) (1805 39 128 ) (1805 39 27 ) 
4 251 395 (1822 0 128 ) (1726 0 128 ) (1726 0 27 ) (1822 0 27 ) 
4 251 393 (1854 0 128 ) (1822 0 128 ) (1822 0 27 ) (1854 0 27 ) 
4 252 402 (1692 0 128 ) (1643 0 128 ) (1643 0 27 ) (1692 0 27 ) 
4 252 253 (1643 39 27 ) (1643 0 27 ) (1643 0 128 ) (1643 39 128 ) 
4 253 402 (1643 0 128 ) (1564 0 128 ) (1564 0 27 ) (1643 0 27 ) 
4 254 403 (1530 0 128 ) (1481 0 128 ) (1481 0 27 ) (1530 0 27 ) 
4 254 264 (1481 0 27 ) (1481 0 126 ) (1481 39 126 ) (1481 39 27 ) 
4 254 262 (1481 0 126 ) (1481 0 128 ) (1481 39 128 ) (1481 39 126 ) 
4 255 256 (1477 727 254 ) (1477 727 126 ) (1477 663 126 ) (1477 663 254 ) 
4 256 257 (1475 727 254 ) (1475 727 126 ) (1475 663 126 ) (1475 663 254 ) 
4 258 259 (1477 510 254 ) (1477 510 126 ) (1477 446 126 ) (1477 446 254 ) 
4 259 260 (1475 510 254 ) (1475 510 126 ) (1475 446 126 ) (1475 446 254 ) 
4 261 266 (1470 230 155 ) (1470 230 126 ) (1470 52 126 ) (1470 52 155 ) 
4 261 265 (1470 230 217 ) (1470 230 155 ) (1470 52 155 ) (1470 52 217 ) 
4 261 263 (1470 52 126 ) (1470 230 126 ) (1481 230 126 ) (1481 52 126 ) 
4 262 403 (1481 0 126 ) (1481 0 128 ) (1470 0 128 ) (1470 0 126 ) 
4 262 273 (1470 0 126 ) (1470 0 128 ) (1470 39 128 ) (1470 39 126 ) 
4 262 264 (1470 0 126 ) (1470 39 126 ) (1481 39 126 ) (1481 0 126 ) 
4 263 266 (1470 230 27 ) (1470 52 27 ) (1470 52 126 ) (1470 230 126 ) 
4 264 403 (1481 0 27 ) (1481 0 126 ) (1470 0 126 ) (1470 0 27 ) 
4 264 273 (1470 39 27 ) (1470 0 27 ) (1470 0 126 ) (1470 39 126 ) 
4 265 266 (1377 230 155 ) (1470 230 155 ) (1470 52 155 ) (1377 52 155 ) 
4 266 267 (1377 212 27 ) (1377 84 27 ) (1377 84 155 ) (1377 212 155 ) 
4 267 270 (1373 137 75 ) (1373 137 135 ) (1373 209 135 ) (1373 209 75 ) 
4 267 269 (1373 137 135 ) (1373 137 155 ) (1373 209 155 ) (1373 209 135 ) 
4 267 271 (1373 209 27 ) (1373 137 27 ) (1373 137 75 ) (1373 209 75 ) 
4 267 268 (1373 212 155 ) (1373 212 27 ) (1373 209 27 ) (1373 209 155 ) 
4 267 272 (1373 137 27 ) (1373 84 27 ) (1373 84 155 ) (1373 137 155 ) 
4 268 274 (1372 212 27 ) (1372 209 27 ) (1372 209 155 ) (1372 212 155 ) 
4 268 270 (1373 209 75 ) (1373 209 135 ) (1372 209 135 ) (1372 209 75 ) 
4 268 269 (1373 209 135 ) (1373 209 155 ) (1372 209 155 ) (1372 209 135 ) 
4 268 271 (1373 209 27 ) (1373 209 75 ) (1372 209 75 ) (1372 209 27 ) 
4 269 274 (1372 137 135 ) (1372 137 155 ) (1372 209 155 ) (1372 209 135 ) 
4 269 272 (1373 137 135 ) (1373 137 155 ) (1372 137 155 ) (1372 137 135 ) 
4 269 270 (1373 137 135 ) (1372 137 135 ) (1372 209 135 ) (1373 209 135 ) 
4 270 274 (1372 137 75 ) (1372 137 135 ) (1372 209 135 ) (1372 209 75 ) 
4 270 271 (1373 137 75 ) (1372 137 75 ) (1372 209 75 ) (1373 209 75 ) 
4 270 272 (1373 137 75 ) (1373 137 135 ) (1372 137 135 ) (1372 137 75 ) 
4 271 274 (1372 209 27 ) (1372 137 27 ) (1372 137 75 ) (1372 209 75 ) 
4 271 272 (1373 137 27 ) (1373 137 75 ) (1372 137 75 ) (1372 137 27 ) 
4 272 274 (1372 137 27 ) (1372 84 27 ) (1372 84 155 ) (1372 137 155 ) 
4 273 403 (1402 0 27 ) (1470 0 27 ) (1470 0 128 ) (1402 0 128 ) 
4 275 286 (2770 -229 332 ) (2770 0 332 ) (2897 0 332 ) (2897 -229 332 ) 
4 275 276 (2770 -7.221662 367.420837 ) (2770 -36.710938 388 ) (2897 -36.710938 388 ) (2897 -7.221701 367.420776 ) 
4 277 284 (2593 0 366.829041 ) (2593 -3 366.829041 ) (2462 -3 366.829041 ) (2462 0 366.829041 ) 
4 278 324 (2048 0 1092.189941 ) (2048 0 853.750000 ) (2048 -163.964020 853.750000 ) (2048 -163.964020 1092.189941 ) 
4 278 281 (2048 -30 853.750000 ) (2048 0 853.750000 ) (2054.578857 0 853.750000 ) (2068 -30 853.750000 ) 
3 278 280 (2054.578857 0 853.750000 ) (2098 0 853.750000 ) (2068 -30 853.750000 ) 
3 278 282 (2048 -50 853.750000 ) (2048 -30 853.750000 ) (2068 -30 853.750000 ) 
5 278 279 (2285.270020 -163.964020 853.750000 ) (2048 -163.964020 853.750000 ) (2048 -50 853.750000 ) (2098 0 853.750000 ) (2285.270020 0 853.750000 ) 
4 279 328 (2048 -50 845.750000 ) (2048 -142 845.750000 ) (2048 -142 853.750000 ) (2048 -50 853.750000 ) 
4 279 325 (2048 -142 845.750000 ) (2048 -163.964020 845.750000 ) (2048 -163.964020 853.750000 ) (2048 -142 853.750000 ) 
4 279 280 (2098 0 845.750000 ) (2068 -30 845.750000 ) (2067.995361 -30 853.750000 ) (2097.995361 0 853.750000 ) 
4 279 282 (2068 -30 845.750000 ) (2048 -50 845.750000 ) (2048 -49.995338 853.750000 ) (2067.995361 -30 853.750000 ) 
5 279 283 (2285.270020 -163.964020 845.750000 ) (2048 -163.964020 845.750000 ) (2048 -50 845.750000 ) (2098 0 845.750000 ) (2285.270020 0 845.750000 ) 
3 280 283 (2054.578857 0 845.750000 ) (2098 0 845.750000 ) (2068 -30 845.750000 ) 
4 280 281 (2054.576172 0 845.750000 ) (2067.998047 -30 845.750000 ) (2067.998047 -30 853.750000 ) (2054.576904 0 853.750000 ) 
4 281 326 (2048 0 853.750000 ) (2048 0 845.750000 ) (2048 -30 845.750000 ) (2048 -30 853.750000 ) 
4 281 282 (2048 -30 845.750000 ) (2068 -30 845.750000 ) (2068 -30 853.750000 ) (2048 -30 853.750000 ) 
4 281 283 (2048 -30 845.750000 ) (2048 0 845.750000 ) (2054.578857 0 845.750000 ) (2068 -30 845.750000 ) 
4 282 328 (2048 -30 845.750000 ) (2048 -50 845.750000 ) (2048 -50 853.750000 ) (2048 -30 853.750000 ) 
3 282 283 (2048 -50 845.750000 ) (2048 -30 845.750000 ) (2068 -30 845.750000 ) 
4 283 329 (2048 0 845.750000 ) (2048 0 366.829041 ) (2048 -163.964020 366.829041 ) (2048 -163.964020 845.750000 ) 
4 284 285 (2462 0 365 ) (2593 0 365 ) (2593 -3 365 ) (2462 -3 365 ) 
4 285 289 (2462 0 332 ) (2593 0 332 ) (2593 -7 332 ) (2462 -7 332 ) 
4 286 295 (2897 -114 208 ) (2897 -230 208 ) (2770 -230 208 ) (2770 -114 208 ) 
4 286 291 (2835 0 208 ) (2897 0 208 ) (2897 -30 208 ) (2835 -30 208 ) 
4 286 293 (2897 -30 208 ) (2897 -114 208 ) (2835 -114 208 ) (2835 -30 208 ) 
4 286 294 (2770 0 208 ) (2835 0 208 ) (2835 -114 208 ) (2770 -114 208 ) 
4 286 287 (2770 0 208 ) (2770 -34 208 ) (2770 -34 324 ) (2770 0 324 ) 
4 286 288 (2770 -34 208 ) (2770 -230 208 ) (2770 -230 332 ) (2770 -34 332 ) 
4 287 294 (2769 0 208 ) (2770 0 208 ) (2770 -34 208 ) (2769 -34 208 ) 
4 287 288 (2769 -34 324 ) (2769 -34 208 ) (2770 -34 208 ) (2770 -34 324 ) 
4 288 295 (2770 -114 208 ) (2770 -230 208 ) (2769 -230 208 ) (2769 -114 208 ) 
4 288 294 (2770 -34 208 ) (2770 -114 208 ) (2769 -114 208 ) (2769 -34 208 ) 
4 290 330 (2048 0 209 ) (2048 0 208 ) (2048 -114.660995 208 ) (2048 -113 209 ) 
4 290 297 (2048 -114.661011 208 ) (2048 0 208 ) (2068 0 208 ) (2068 -114.660995 208 ) 
4 291 294 (2835 -30 199 ) (2835 -30 208 ) (2835 0 208 ) (2835 0 199 ) 
4 291 293 (2835 -30 208 ) (2835 -30 199 ) (2897 -30 199 ) (2897 -30 208 ) 
4 292 302 (2835 0 128 ) (2897 0 128 ) (2897 -30 128 ) (2835 -30 128 ) 
4 292 293 (2835 -30 189 ) (2835 -30 128 ) (2897 -30 128 ) (2897 -30 189 ) 
4 292 294 (2835 0 128 ) (2835 -30 128 ) (2835 -30 189 ) (2835 0 189 ) 
4 293 302 (2897 -30 128 ) (2897 -114 128 ) (2835 -114 128 ) (2835 -30 128 ) 
4 293 295 (2897 -114 134.723999 ) (2897 -114 208 ) (2835 -114 208 ) (2835 -114 134.723999 ) 
4 293 294 (2835 -30 128 ) (2835 -114 128 ) (2835 -114 208 ) (2835 -30 208 ) 
4 294 302 (2769 0 128 ) (2835 0 128 ) (2835 -114 128 ) (2769 -114 128 ) 
4 294 295 (2769 -114 208 ) (2769 -114 134.723999 ) (2835 -114 134.723999 ) (2835 -114 208 ) 
4 296 309 (2068 -680 128 ) (2068 -228 128 ) (2125 -228 128 ) (2125 -680 128 ) 
4 296 300 (2068 -228 128 ) (2068 -680 128 ) (2068 -680 208 ) (2068 -228 208 ) 
5 297 339 (2048 0 208 ) (2048 0 128 ) (2048 -211 128 ) (2048 -211 150 ) (2048 -114.661003 208 ) 
4 297 310 (2048 -211 128 ) (2048 0 128 ) (2068 0 128 ) (2068 -211 128 ) 
4 297 298 (2048 -211 128 ) (2068 -211 128 ) (2068 -211 150 ) (2048 -211 150 ) 
4 298 340 (2048 -211 128 ) (2048 -228 128 ) (2048 -228 139.765320 ) (2048 -211 150 ) 
4 298 311 (2048 -228 128 ) (2048 -211 128 ) (2068 -211 128 ) (2068 -228 128 ) 
4 298 299 (2048 -228 139.765625 ) (2068 -228 139.765625 ) (2068 -211 150 ) (2048 -211 150 ) 
4 298 300 (2048 -228 128 ) (2068 -228 128 ) (2068 -228 139.765320 ) (2048 -228 139.765320 ) 
3 299 341 (2048 -228 139.765320 ) (2048 -228 150 ) (2048 -211 150 ) 
4 299 300 (2068 -228 139.765320 ) (2068 -228 150 ) (2048 -228 150 ) (2048 -228 139.765320 ) 
4 300 342 (2048 -228 128 ) (2048 -680 128 ) (2048 -680 208 ) (2048 -228 208 ) 
4 300 312 (2048 -680 128 ) (2048 -228 128 ) (2068 -228 128 ) (2068 -680 128 ) 
4 300 301 (2048 -680 128 ) (2068 -680 128 ) (2068 -680 150 ) (2048 -680 150 ) 
4 301 343 (2048 -680 128 ) (2048 -697 128 ) (2048 -697 150 ) (2048 -680 150 ) 
4 301 319 (2048 -697 150 ) (2048 -697 128 ) (2068 -697 128 ) (2068 -697 150 ) 
4 301 313 (2068 -697 128 ) (2048 -697 128 ) (2048 -680 128 ) (2068 -680 128 ) 
4 303 304 (2138 -228 128 ) (2138 -228 27 ) (2138 -277 27 ) (2138 -277 128 ) 
4 304 309 (2125 -228 27 ) (2125 -277 27 ) (2125 -277 128 ) (2125 -228 128 ) 
4 305 306 (2138 -390 128 ) (2138 -390 27 ) (2138 -439 27 ) (2138 -439 128 ) 
4 306 309 (2125 -390 27 ) (2125 -439 27 ) (2125 -439 128 ) (2125 -390 128 ) 
4 307 309 (2125 -552 27 ) (2125 -601 27 ) (2125 -601 128 ) (2125 -552 128 ) 
4 307 308 (2138 -601 27 ) (2253 -601 27 ) (2253 -601 128 ) (2138 -601 128 ) 
4 309 312 (2068 -228 27 ) (2068 -680 27 ) (2068 -680 128 ) (2068 -228 128 ) 
4 310 353 (2048 0 91 ) (2048 0 27 ) (2048 -211 27 ) (2048 -211 91 ) 
4 310 348 (2048 0 128 ) (2048 0 91 ) (2048 -211 91 ) (2048 -211 128 ) 
4 310 311 (2048 -211 27 ) (2068 -211 27 ) (2068 -211 128 ) (2048 -211 128 ) 
4 311 354 (2048 -211 27 ) (2048 -228 27 ) (2048 -228 91 ) (2048 -211 91 ) 
4 311 349 (2048 -228 91 ) (2048 -228 128 ) (2048 -211 128 ) (2048 -211 91 ) 
4 311 312 (2048 -228 27 ) (2068 -228 27 ) (2068 -228 128 ) (2048 -228 128 ) 
4 312 355 (2048 -228 27 ) (2048 -680 27 ) (2048 -680 91 ) (2048 -228 91 ) 
4 312 350 (2048 -680 91 ) (2048 -680 128 ) (2048 -228 128 ) (2048 -228 91 ) 
4 312 313 (2048 -680 27 ) (2068 -680 27 ) (2068 -680 128 ) (2048 -680 128 ) 
4 313 356 (2048 -680 27 ) (2048 -697 27 ) (2048 -697 91 ) (2048 -680 91 ) 
4 313 351 (2048 -697 91 ) (2048 -697 128 ) (2048 -680 128 ) (2048 -680 91 ) 
4 313 319 (2048 -697 128 ) (2048 -697 27 ) (2068 -697 27 ) (2068 -697 128 ) 
4 314 317 (2076 -801 27 ) (2076 -804 27 ) (2076 -804 147 ) (2076 -801 147 ) 
4 314 316 (2076 -804 27 ) (2076 -857 27 ) (2076 -857 147 ) (2076 -804 147 ) 
4 314 315 (2076 -857 155 ) (2076 -793 155 ) (2076 -793 147 ) (2076 -857 147 ) 
3 315 318 (2068 -796 147 ) (2068 -793 147 ) (2069 -797 147 ) 
3 315 317 (2076 -801 147 ) (2076 -804 147 ) (2072 -800 147 ) 
4 315 316 (2076 -857 147 ) (2068 -857 147 ) (2068 -796 147 ) (2076 -804 147 ) 
4 315 319 (2068 -857 155 ) (2068 -793 155 ) (2068 -793 147 ) (2068 -857 147 ) 
4 316 318 (2068 -796 27 ) (2068 -796 147 ) (2069 -797 147 ) (2069 -797 27 ) 
4 316 317 (2072 -800 147 ) (2076 -804 147 ) (2076 -804 27 ) (2072 -800 27 ) 
4 316 319 (2068 -796 27 ) (2068 -857 27 ) (2068 -857 147 ) (2068 -796 147 ) 
4 318 319 (2068 -793 147 ) (2068 -793 27 ) (2068 -796 27 ) (2068 -796 147 ) 
4 319 357 (2048 -697 27 ) (2048 -927 27 ) (2048 -927 91 ) (2048 -697 91 ) 
4 319 352 (2048 -927 91 ) (2048 -927 128 ) (2048 -697 128 ) (2048 -697 91 ) 
4 319 346 (2048 -927 128 ) (2048 -927 155 ) (2048 -697 155 ) (2048 -697 128 ) 
4 320 418 (2056 -1024 155 ) (2056 -1024 27 ) (2341 -1024 27 ) (2341 -1024 155 ) 
4 320 411 (2341 -1024 27 ) (2387 -1024 27 ) (2387 -1024 155 ) (2341 -1024 155 ) 
4 320 322 (2387 -1024 27 ) (2056 -1024 27 ) (2056 -1011 27 ) (2387 -1011 27 ) 
4 321 419 (2048 -1024 91 ) (2048 -1024 27 ) (2050 -1024 27 ) (2050 -1024 91 ) 
4 321 358 (2048 -1021 27 ) (2048 -1024 27 ) (2048 -1024 91 ) (2048 -1021 91 ) 
4 321 323 (2050 -1024 27 ) (2048 -1024 27 ) (2048 -1021 27 ) (2050 -1021 27 ) 
4 322 418 (2341 -1024 27 ) (2056 -1024 27 ) (2056 -1024 -21 ) (2341 -1024 -21 ) 
4 322 411 (2387 -1024 -21 ) (2387 -1024 27 ) (2341 -1024 27 ) (2341 -1024 -21 ) 
4 323 419 (2050 -1024 27 ) (2048 -1024 27 ) (2048 -1024 26 ) (2050 -1024 26 ) 
4 323 408 (2048 -1024 26 ) (2048 -1024 27 ) (2048 -1021 27 ) (2048 -1021 26 ) 
3 324 327 (1906 0 853.750000 ) (1949.421143 0 853.750000 ) (1936 -30 853.750000 ) 
4 324 326 (1949.421143 0 853.750000 ) (2048 0 853.750000 ) (2048 -30 853.750000 ) (1936 -30 853.750000 ) 
3 324 328 (2048 -30 853.750000 ) (2048 -142 853.750000 ) (1936 -30 853.750000 ) 
5 324 325 (2048 -163.964020 853.750000 ) (1855.729980 -163.964020 853.750000 ) (1855.729980 0 853.750000 ) (1906 0 853.750000 ) (2048 -142 853.750000 ) 
4 325 327 (1936 -30 845.750000 ) (1906 0 845.750000 ) (1906 0 853.750000 ) (1936 -30 853.750000 ) 
4 325 328 (2048 -142 845.750000 ) (1936 -30 845.750000 ) (1936 -30 853.750000 ) (2048 -142 853.750000 ) 
5 325 329 (2048 -163.964020 845.750000 ) (1855.729980 -163.964020 845.750000 ) (1855.729980 0 845.750000 ) (1906 0 845.750000 ) (2048 -142 845.750000 ) 
4 326 328 (1936.001953 -30 853.750000 ) (1936.001953 -30 845.750000 ) (2048 -30 845.750000 ) (2048 -30 853.750000 ) 
4 326 329 (1949.421143 0 845.750000 ) (2048 0 845.750000 ) (2048 -30 845.750000 ) (1936 -30 845.750000 ) 
4 326 327 (1949.421753 0 845.750000 ) (1936 -30 845.750000 ) (1936 -30 853.750000 ) (1949.421997 0 853.750000 ) 
3 327 329 (1906 0 845.750000 ) (1949.421143 0 845.750000 ) (1936 -30 845.750000 ) 
3 328 329 (2048 -30 845.750000 ) (2048 -142 845.750000 ) (1936 -30 845.750000 ) 
4 330 339 (2036 -114.661011 208 ) (2036 0 208 ) (2048 0 208 ) (2048 -114.660995 208 ) 
4 330 331 (2036 0 208 ) (2036 -114.660995 208 ) (2036 -113 209 ) (2036 0 209 ) 
4 331 339 (1916 -114.661011 208 ) (1916 0 208 ) (2036 0 208 ) (2036 -114.660995 208 ) 
4 331 338 (1916 0 208 ) (1916 -114.660995 208 ) (1916 -113 209 ) (1916 0 209 ) 
4 332 335 (1920 -438 216 ) (1920 -374 216 ) (2032 -374 216 ) (2032 -438 216 ) 
4 332 334 (1920 -374 216 ) (1920 -370 216 ) (2032 -370 216 ) (2032 -374 216 ) 
4 332 336 (2032 -442 216 ) (1920 -442 216 ) (1920 -438 216 ) (2032 -438 216 ) 
4 332 333 (2036 -442 216 ) (2032 -442 216 ) (2032 -370 216 ) (2036 -370 216 ) 
4 332 337 (1920 -442 216 ) (1916 -442 216 ) (1916 -370 216 ) (1920 -370 216 ) 
4 333 342 (2032 -370 208 ) (2036 -370 208 ) (2036 -442 208 ) (2032 -442 208 ) 
4 333 335 (2032 -438 216 ) (2032 -374 216 ) (2032 -374 208 ) (2032 -438 208 ) 
4 333 334 (2032 -374 216 ) (2032 -370 216 ) (2032 -370 208 ) (2032 -374 208 ) 
4 333 336 (2032 -442 208 ) (2032 -442 216 ) (2032 -438 216 ) (2032 -438 208 ) 
4 334 342 (1920 -370 208 ) (2032 -370 208 ) (2032 -374 208 ) (1920 -374 208 ) 
4 334 337 (1920 -374 216 ) (1920 -370 216 ) (1920 -370 208 ) (1920 -374 208 ) 
4 334 335 (1920 -374 216 ) (1920 -374 208 ) (2032 -374 208 ) (2032 -374 216 ) 
4 335 342 (2032 -374 208 ) (2032 -438 208 ) (1920 -438 208 ) (1920 -374 208 ) 
4 335 336 (1920 -438 216 ) (1920 -438 208 ) (2032 -438 208 ) (2032 -438 216 ) 
4 335 337 (1920 -438 216 ) (1920 -374 216 ) (1920 -374 208 ) (1920 -438 208 ) 
4 336 342 (2032 -438 208 ) (2032 -442 208 ) (1920 -442 208 ) (1920 -438 208 ) 
4 336 337 (1920 -442 208 ) (1920 -442 216 ) (1920 -438 216 ) (1920 -438 208 ) 
4 337 342 (1916 -442 208 ) (1916 -370 208 ) (1920 -370 208 ) (1920 -442 208 ) 
4 338 339 (1876 -114.661011 208 ) (1876 0 208 ) (1916 0 208 ) (1916 -114.660995 208 ) 
4 339 386 (1876 0 128 ) (1903 0 128 ) (1903 -211 128 ) (1876 -211 128 ) 
4 339 381 (1903 0 128 ) (2042 0 128 ) (2042 -211 128 ) (1903 -211 128 ) 
4 339 365 (2042 0 128 ) (2043 0 128 ) (2043 -211 128 ) (2042 -211 128 ) 
4 339 348 (2043 0 128 ) (2048 0 128 ) (2048 -211 128 ) (2043 -211 128 ) 
4 339 340 (2048 -211 150 ) (1876 -211 150 ) (1876 -211 128 ) (2048 -211 128 ) 
4 340 387 (1903 -228 128 ) (1876 -228 128 ) (1876 -211 128 ) (1903 -211 128 ) 
4 340 382 (2042 -228 128 ) (1903 -228 128 ) (1903 -211 128 ) (2042 -211 128 ) 
4 340 366 (2043 -228 128 ) (2042 -228 128 ) (2042 -211 128 ) (2043 -211 128 ) 
4 340 349 (2048 -211 128 ) (2048 -228 128 ) (2043 -228 128 ) (2043 -211 128 ) 
4 340 341 (1876 -211 150 ) (1876 -228 139.765625 ) (2048 -228 139.765625 ) (2048 -211 150 ) 
4 340 342 (1876 -228 139.765320 ) (1876 -228 128 ) (2048 -228 128 ) (2048 -228 139.765320 ) 
4 341 342 (1876 -228 150 ) (1876 -228 139.765320 ) (2048 -228 139.765320 ) (2048 -228 150 ) 
4 342 388 (1903 -680 128 ) (1876 -680 128 ) (1876 -228 128 ) (1903 -228 128 ) 
4 342 383 (2042 -680 128 ) (1903 -680 128 ) (1903 -228 128 ) (2042 -228 128 ) 
4 342 367 (2043 -680 128 ) (2042 -680 128 ) (2042 -228 128 ) (2043 -228 128 ) 
4 342 350 (2048 -228 128 ) (2048 -680 128 ) (2043 -680 128 ) (2043 -228 128 ) 
4 342 344 (1876 -228 128 ) (1876 -680 128 ) (1876 -680 208 ) (1876 -228 208 ) 
4 342 343 (1876 -680 150 ) (1876 -680 128 ) (2048 -680 128 ) (2048 -680 150 ) 
4 343 389 (1903 -697 128 ) (1876 -697 128 ) (1876 -680 128 ) (1903 -680 128 ) 
4 343 384 (2042 -697 128 ) (1903 -697 128 ) (1903 -680 128 ) (2042 -680 128 ) 
4 343 368 (2043 -697 128 ) (2042 -697 128 ) (2042 -680 128 ) (2043 -680 128 ) 
4 343 351 (2048 -680 128 ) (2048 -697 128 ) (2043 -697 128 ) (2043 -680 128 ) 
4 343 346 (1876 -697 128 ) (2048 -697 128 ) (2048 -697 150 ) (1876 -697 150 ) 
4 344 391 (1876 -228 128 ) (1876 -680 128 ) (1871 -680 128 ) (1871 -228 128 ) 
4 344 345 (1871 -228 128 ) (1871 -680 128 ) (1871 -680 208 ) (1871 -228 208 ) 
4 345 394 (1854 -680 128 ) (1822 -680 128 ) (1822 -228 128 ) (1854 -228 128 ) 
4 345 392 (1871 -228 128 ) (1871 -680 128 ) (1854 -680 128 ) (1854 -228 128 ) 
4 346 390 (1876 -697 128 ) (1903 -697 128 ) (1903 -927 128 ) (1876 -927 128 ) 
4 346 385 (1903 -697 128 ) (2042 -697 128 ) (2042 -927 128 ) (1903 -927 128 ) 
4 346 369 (2042 -697 128 ) (2043 -697 128 ) (2043 -927 128 ) (2042 -927 128 ) 
4 346 352 (2043 -697 128 ) (2048 -697 128 ) (2048 -927 128 ) (2043 -927 128 ) 
4 346 347 (1903 -927 128 ) (2043 -927 128 ) (2043 -927 155 ) (1903 -927 155 ) 
4 347 435 (2040 -1024 128 ) (2042 -1024 128 ) (2042 -1024 155 ) (2040 -1024 155 ) 
4 347 438 (1903 -1024 155 ) (1903 -1024 128 ) (2040 -1024 128 ) (2040 -1024 155 ) 
4 347 426 (2042 -1024 128 ) (2043 -1024 128 ) (2043 -1024 155 ) (2042 -1024 155 ) 
4 347 385 (1903 -927 128 ) (2042 -927 128 ) (2042 -1024 128 ) (1903 -1024 128 ) 
4 347 370 (2043 -1019 128 ) (2043 -1024 128 ) (2042 -1024 128 ) (2042 -1019 128 ) 
4 347 369 (2042 -927 128 ) (2043 -927 128 ) (2043 -1019 128 ) (2042 -1019 128 ) 
4 348 365 (2043 -211 128 ) (2043 0 128 ) (2043 0 91 ) (2043 -211 91 ) 
4 348 359 (2043 -211 91 ) (2043 0 91 ) (2046 0 91 ) (2046 -211 91 ) 
4 348 353 (2046 0 91 ) (2048 0 91 ) (2048 -211 91 ) (2046 -211 91 ) 
4 348 349 (2043 -211 128 ) (2043 -211 91 ) (2048 -211 91 ) (2048 -211 128 ) 
4 349 366 (2043 -228 128 ) (2043 -211 128 ) (2043 -211 91 ) (2043 -228 91 ) 
4 349 360 (2043 -228 91 ) (2043 -211 91 ) (2046 -211 91 ) (2046 -228 91 ) 
4 349 354 (2046 -211 91 ) (2048 -211 91 ) (2048 -228 91 ) (2046 -228 91 ) 
4 349 350 (2043 -228 128 ) (2043 -228 91 ) (2048 -228 91 ) (2048 -228 128 ) 
4 350 367 (2043 -680 128 ) (2043 -228 128 ) (2043 -228 91 ) (2043 -680 91 ) 
4 350 361 (2043 -680 91 ) (2043 -228 91 ) (2046 -228 91 ) (2046 -680 91 ) 
4 350 355 (2046 -228 91 ) (2048 -228 91 ) (2048 -680 91 ) (2046 -680 91 ) 
4 350 351 (2043 -680 128 ) (2043 -680 91 ) (2048 -680 91 ) (2048 -680 128 ) 
4 351 368 (2043 -697 128 ) (2043 -680 128 ) (2043 -680 91 ) (2043 -697 91 ) 
4 351 362 (2043 -697 91 ) (2043 -680 91 ) (2046 -680 91 ) (2046 -697 91 ) 
4 351 356 (2046 -680 91 ) (2048 -680 91 ) (2048 -697 91 ) (2046 -697 91 ) 
4 351 352 (2043 -697 128 ) (2043 -697 91 ) (2048 -697 91 ) (2048 -697 128 ) 
4 352 369 (2043 -927 128 ) (2043 -697 128 ) (2043 -697 91 ) (2043 -927 91 ) 
4 352 363 (2043 -927 91 ) (2043 -697 91 ) (2046 -697 91 ) (2046 -927 91 ) 
4 352 357 (2046 -697 91 ) (2048 -697 91 ) (2048 -927 91 ) (2046 -927 91 ) 
4 353 359 (2046 0 27 ) (2046 -211 27 ) (2046 -211 91 ) (2046 0 91 ) 
4 353 354 (2046 -211 91 ) (2046 -211 27 ) (2048 -211 27 ) (2048 -211 91 ) 
4 354 360 (2046 -211 27 ) (2046 -228 27 ) (2046 -228 91 ) (2046 -211 91 ) 
4 354 355 (2046 -228 91 ) (2046 -228 27 ) (2048 -228 27 ) (2048 -228 91 ) 
4 355 361 (2046 -228 27 ) (2046 -680 27 ) (2046 -680 91 ) (2046 -228 91 ) 
4 355 356 (2046 -680 91 ) (2046 -680 27 ) (2048 -680 27 ) (2048 -680 91 ) 
4 356 362 (2046 -680 27 ) (2046 -697 27 ) (2046 -697 91 ) (2046 -680 91 ) 
4 356 357 (2046 -697 91 ) (2046 -697 27 ) (2048 -697 27 ) (2048 -697 91 ) 
4 357 363 (2046 -697 27 ) (2046 -927 27 ) (2046 -927 91 ) (2046 -697 91 ) 
4 358 422 (2048 -1024 27 ) (2048 -1024 91 ) (2046 -1024 91 ) (2046 -1024 27 ) 
4 358 408 (2048 -1024 27 ) (2046 -1024 27 ) (2046 -1021 27 ) (2048 -1021 27 ) 
4 358 364 (2046 -1024 32 ) (2046 -1024 50 ) (2046 -1021 50 ) (2046 -1021 32 ) 
4 359 376 (2043 0 27 ) (2043 -211 27 ) (2043 -211 32 ) (2043 0 32 ) 
4 359 371 (2043 -211 32 ) (2043 -211 50 ) (2043 0 50 ) (2043 0 32 ) 
4 359 365 (2043 -211 50 ) (2043 -211 91 ) (2043 0 91 ) (2043 0 50 ) 
4 359 360 (2046 -211 27 ) (2046 -211 91 ) (2043 -211 91 ) (2043 -211 27 ) 
4 360 377 (2043 -211 27 ) (2043 -228 27 ) (2043 -228 32 ) (2043 -211 32 ) 
4 360 372 (2043 -228 32 ) (2043 -228 50 ) (2043 -211 50 ) (2043 -211 32 ) 
4 360 366 (2043 -228 50 ) (2043 -228 91 ) (2043 -211 91 ) (2043 -211 50 ) 
4 360 361 (2046 -228 27 ) (2046 -228 91 ) (2043 -228 91 ) (2043 -228 27 ) 
4 361 378 (2043 -228 27 ) (2043 -680 27 ) (2043 -680 32 ) (2043 -228 32 ) 
4 361 373 (2043 -680 32 ) (2043 -680 50 ) (2043 -228 50 ) (2043 -228 32 ) 
4 361 367 (2043 -680 50 ) (2043 -680 91 ) (2043 -228 91 ) (2043 -228 50 ) 
4 361 362 (2046 -680 27 ) (2046 -680 91 ) (2043 -680 91 ) (2043 -680 27 ) 
4 362 379 (2043 -680 27 ) (2043 -697 27 ) (2043 -697 32 ) (2043 -680 32 ) 
4 362 374 (2043 -697 32 ) (2043 -697 50 ) (2043 -680 50 ) (2043 -680 32 ) 
4 362 368 (2043 -697 50 ) (2043 -697 91 ) (2043 -680 91 ) (2043 -680 50 ) 
4 362 363 (2046 -697 27 ) (2046 -697 91 ) (2043 -697 91 ) (2043 -697 27 ) 
4 363 380 (2043 -697 27 ) (2043 -927 27 ) (2043 -927 32 ) (2043 -697 32 ) 
4 363 375 (2043 -927 32 ) (2043 -927 50 ) (2043 -697 50 ) (2043 -697 32 ) 
4 363 369 (2043 -927 50 ) (2043 -927 91 ) (2043 -697 91 ) (2043 -697 50 ) 
4 364 423 (2043 -1024 50 ) (2043 -1024 32 ) (2046 -1024 32 ) (2046 -1024 50 ) 
4 365 381 (2042 -211 128 ) (2042 0 128 ) (2042 0 50 ) (2042 -211 50 ) 
4 365 371 (2042 -211 50 ) (2042 0 50 ) (2043 0 50 ) (2043 -211 50 ) 
4 365 366 (2042 -211 128 ) (2042 -211 50 ) (2043 -211 50 ) (2043 -211 128 ) 
4 366 382 (2042 -228 128 ) (2042 -211 128 ) (2042 -211 50 ) (2042 -228 50 ) 
4 366 372 (2042 -228 50 ) (2042 -211 50 ) (2043 -211 50 ) (2043 -228 50 ) 
4 366 367 (2042 -228 128 ) (2042 -228 50 ) (2043 -228 50 ) (2043 -228 128 ) 
4 367 383 (2042 -680 128 ) (2042 -228 128 ) (2042 -228 50 ) (2042 -680 50 ) 
4 367 373 (2042 -680 50 ) (2042 -228 50 ) (2043 -228 50 ) (2043 -680 50 ) 
4 367 368 (2042 -680 128 ) (2042 -680 50 ) (2043 -680 50 ) (2043 -680 128 ) 
4 368 384 (2042 -697 128 ) (2042 -680 128 ) (2042 -680 50 ) (2042 -697 50 ) 
4 368 374 (2042 -697 50 ) (2042 -680 50 ) (2043 -680 50 ) (2043 -697 50 ) 
4 368 369 (2042 -697 128 ) (2042 -697 50 ) (2043 -697 50 ) (2043 -697 128 ) 
4 369 385 (2042 -1019 128 ) (2042 -697 128 ) (2042 -697 50 ) (2042 -1019 50 ) 
4 369 375 (2042 -1019 50 ) (2042 -697 50 ) (2043 -697 50 ) (2043 -1019 50 ) 
4 369 370 (2042 -1019 128 ) (2042 -1019 52 ) (2043 -1019 52 ) (2043 -1019 128 ) 
4 370 426 (2043 -1024 128 ) (2042 -1024 128 ) (2042 -1024 52 ) (2043 -1024 52 ) 
4 370 385 (2042 -1024 52 ) (2042 -1024 128 ) (2042 -1019 128 ) (2042 -1019 52 ) 
4 371 381 (2042 -211 50 ) (2042 0 50 ) (2042 0 32 ) (2042 -211 32 ) 
4 371 376 (2042 -211 32 ) (2042 0 32 ) (2043 0 32 ) (2043 -211 32 ) 
4 371 372 (2042 -211 32 ) (2043 -211 32 ) (2043 -211 50 ) (2042 -211 50 ) 
4 372 382 (2042 -228 50 ) (2042 -211 50 ) (2042 -211 32 ) (2042 -228 32 ) 
4 372 377 (2042 -228 32 ) (2042 -211 32 ) (2043 -211 32 ) (2043 -228 32 ) 
4 372 373 (2042 -228 32 ) (2043 -228 32 ) (2043 -228 50 ) (2042 -228 50 ) 
4 373 383 (2042 -680 50 ) (2042 -228 50 ) (2042 -228 32 ) (2042 -680 32 ) 
4 373 378 (2042 -680 32 ) (2042 -228 32 ) (2043 -228 32 ) (2043 -680 32 ) 
4 373 374 (2042 -680 32 ) (2043 -680 32 ) (2043 -680 50 ) (2042 -680 50 ) 
4 374 384 (2042 -697 50 ) (2042 -680 50 ) (2042 -680 32 ) (2042 -697 32 ) 
4 374 379 (2042 -697 32 ) (2042 -680 32 ) (2043 -680 32 ) (2043 -697 32 ) 
4 374 375 (2042 -697 32 ) (2043 -697 32 ) (2043 -697 50 ) (2042 -697 50 ) 
4 375 385 (2042 -1019 50 ) (2042 -697 50 ) (2042 -697 32 ) (2042 -1019 32 ) 
4 375 380 (2042 -1019 32 ) (2042 -697 32 ) (2043 -697 32 ) (2043 -1019 32 ) 
4 376 381 (2042 0 27 ) (2042 -211 27 ) (2042 -211 32 ) (2042 0 32 ) 
4 376 377 (2043 -211 27 ) (2043 -211 32 ) (2042 -211 32 ) (2042 -211 27 ) 
4 377 382 (2042 -211 27 ) (2042 -228 27 ) (2042 -228 32 ) (2042 -211 32 ) 
4 377 378 (2043 -228 27 ) (2043 -228 32 ) (2042 -228 32 ) (2042 -228 27 ) 
4 378 383 (2042 -228 27 ) (2042 -680 27 ) (2042 -680 32 ) (2042 -228 32 ) 
4 378 379 (2043 -680 27 ) (2043 -680 32 ) (2042 -680 32 ) (2042 -680 27 ) 
4 379 384 (2042 -680 27 ) (2042 -697 27 ) (2042 -697 32 ) (2042 -680 32 ) 
4 379 380 (2043 -697 27 ) (2043 -697 32 ) (2042 -697 32 ) (2042 -697 27 ) 
4 380 406 (2042 -1019 27 ) (2042 -1011 27 ) (2043 -1011 27 ) (2043 -1019 27 ) 
4 380 405 (2042 -1011 27 ) (2042 -939 27 ) (2043 -939 27 ) (2043 -1011 27 ) 
4 380 404 (2042 -939 27 ) (2042 -927 27 ) (2043 -927 27 ) (2043 -939 27 ) 
4 380 385 (2042 -697 27 ) (2042 -1019 27 ) (2042 -1019 32 ) (2042 -697 32 ) 
4 381 386 (1903 0 27 ) (1903 -211 27 ) (1903 -211 128 ) (1903 0 128 ) 
4 381 382 (1903 -211 128 ) (1903 -211 27 ) (2042 -211 27 ) (2042 -211 128 ) 
4 382 387 (1903 -211 27 ) (1903 -228 27 ) (1903 -228 128 ) (1903 -211 128 ) 
4 382 383 (1903 -228 128 ) (1903 -228 27 ) (2042 -228 27 ) (2042 -228 128 ) 
4 383 388 (1903 -228 27 ) (1903 -680 27 ) (1903 -680 128 ) (1903 -228 128 ) 
4 383 384 (1903 -680 128 ) (1903 -680 27 ) (2042 -680 27 ) (2042 -680 128 ) 
4 384 389 (1903 -680 27 ) (1903 -697 27 ) (1903 -697 128 ) (1903 -680 128 ) 
4 384 385 (1903 -697 128 ) (1903 -697 27 ) (2042 -697 27 ) (2042 -697 128 ) 
4 385 435 (2042 -1024 128 ) (2040 -1024 128 ) (2040 -1024 27 ) (2042 -1024 27 ) 
4 385 438 (2040 -1024 128 ) (1903 -1024 128 ) (1903 -1024 27 ) (2040 -1024 27 ) 
4 385 410 (2042 -1024 27 ) (1903 -1024 27 ) (1903 -1011 27 ) (2042 -1011 27 ) 
4 385 405 (1903 -1011 27 ) (1903 -939 27 ) (2042 -939 27 ) (2042 -1011 27 ) 
4 385 404 (1903 -939 27 ) (1903 -927 27 ) (2042 -927 27 ) (2042 -939 27 ) 
4 385 390 (1903 -697 27 ) (1903 -927 27 ) (1903 -927 128 ) (1903 -697 128 ) 
4 386 387 (1876 -211 128 ) (1876 -211 27 ) (1903 -211 27 ) (1903 -211 128 ) 
4 387 388 (1876 -228 128 ) (1876 -228 27 ) (1903 -228 27 ) (1903 -228 128 ) 
4 388 391 (1876 -228 27 ) (1876 -680 27 ) (1876 -680 128 ) (1876 -228 128 ) 
4 388 389 (1876 -680 128 ) (1876 -680 27 ) (1903 -680 27 ) (1903 -680 128 ) 
4 389 390 (1876 -697 128 ) (1876 -697 27 ) (1903 -697 27 ) (1903 -697 128 ) 
4 391 392 (1871 -228 27 ) (1871 -680 27 ) (1871 -680 128 ) (1871 -228 128 ) 
4 392 394 (1854 -228 27 ) (1854 -680 27 ) (1854 -680 128 ) (1854 -228 128 ) 
4 393 395 (1822 0 27 ) (1822 -76 27 ) (1822 -76 128 ) (1822 0 128 ) 
4 394 401 (1822 -631 27 ) (1822 -680 27 ) (1822 -680 128 ) (1822 -631 128 ) 
4 394 398 (1822 -469 27 ) (1822 -518 27 ) (1822 -518 128 ) (1822 -469 128 ) 
4 394 396 (1822 -307 27 ) (1822 -356 27 ) (1822 -356 128 ) (1822 -307 128 ) 
4 396 397 (1809 -307 27 ) (1809 -356 27 ) (1809 -356 128 ) (1809 -307 128 ) 
4 398 399 (1809 -469 27 ) (1809 -518 27 ) (1809 -518 128 ) (1809 -469 128 ) 
4 400 401 (1694 -631 128 ) (1694 -631 27 ) (1809 -631 27 ) (1809 -631 128 ) 
4 404 405 (2043 -939 27 ) (1903 -939 27 ) (1903 -939 19 ) (2043 -939 19 ) 
4 405 410 (2042 -1011 27 ) (1903 -1011 27 ) (1903 -1011 -21 ) (2042 -1011 -21 ) 
4 405 406 (2043 -1011 -21 ) (2043 -1011 27 ) (2042 -1011 27 ) (2042 -1011 -21 ) 
4 406 410 (2042 -1011 27 ) (2042 -1011 -21 ) (2042 -1019 -21 ) (2042 -1019 27 ) 
4 406 407 (2042 -1019 17 ) (2042 -1019 -21 ) (2043 -1019 -21 ) (2043 -1019 17 ) 
4 407 410 (2042 -1019 -21 ) (2042 -1021 -21 ) (2042 -1021 17 ) (2042 -1019 17 ) 
4 407 409 (2042 -1021 17 ) (2042 -1021 -21 ) (2043 -1021 -21 ) (2043 -1021 17 ) 
4 408 422 (2048 -1024 26 ) (2048 -1024 27 ) (2046 -1024 27 ) (2046 -1024 26 ) 
4 409 427 (2042 -1024 17 ) (2042 -1024 -21 ) (2043 -1024 -21 ) (2043 -1024 17 ) 
4 409 410 (2042 -1021 -21 ) (2042 -1024 -21 ) (2042 -1024 17 ) (2042 -1021 17 ) 
4 410 435 (2042 -1024 -21 ) (2042 -1024 27 ) (2040 -1024 27 ) (2040 -1024 -21 ) 
4 410 438 (2040 -1024 27 ) (1903 -1024 27 ) (1903 -1024 -21 ) (2040 -1024 -21 ) 
4 411 418 (2341 -1024 155 ) (2341 -1024 -21 ) (2341 -1129 -21 ) (2341 -1129 155 ) 
4 411 412 (2387 -1129 128 ) (2387 -1129 155 ) (2341 -1129 155 ) (2341 -1129 81 ) 
4 412 418 (2341 -1137 81 ) (2341 -1137 155 ) (2341 -1129 155 ) (2341 -1129 81 ) 
4 412 413 (2341 -1137 155 ) (2341 -1137 81 ) (2387 -1137 128 ) (2387 -1137 155 ) 
4 413 418 (2341 -1137 155 ) (2341 -1137 81 ) (2341 -1180 81 ) (2341 -1180 155 ) 
4 413 416 (2341 -1180 155 ) (2341 -1180 81 ) (2387 -1180 128 ) (2387 -1180 155 ) 
4 414 415 (2350 -1138 -16 ) (2350 -1179 -16 ) (2350 -1179 76 ) (2350 -1138 76 ) 
4 415 418 (2341 -1138 -16 ) (2341 -1179 -16 ) (2341 -1179 76 ) (2341 -1138 76 ) 
4 416 418 (2341 -1180 155 ) (2341 -1180 81 ) (2341 -1188 81 ) (2341 -1188 155 ) 
4 416 417 (2341 -1188 155 ) (2341 -1188 81 ) (2387 -1188 128 ) (2387 -1188 155 ) 
4 417 418 (2341 -1299 -21 ) (2341 -1299 155 ) (2341 -1188 155 ) (2341 -1188 -21 ) 
4 418 421 (2056 -1054 -21 ) (2056 -1134 -21 ) (2056 -1134 80 ) (2056 -1054 80 ) 
4 419 422 (2048 -1024 91 ) (2048 -1024 26 ) (2048 -1032 26 ) (2048 -1032 91 ) 
4 419 420 (2050 -1032 26 ) (2050 -1032 91 ) (2048 -1032 91 ) (2048 -1032 26 ) 
4 420 424 (2048 -1037 25 ) (2048 -1037 26 ) (2048 -1032 26 ) (2048 -1032 25 ) 
4 420 422 (2048 -1037 26 ) (2048 -1037 91 ) (2048 -1032 91 ) (2048 -1032 26 ) 
4 421 425 (2048 -1054 -21 ) (2048 -1134 -21 ) (2048 -1134 80 ) (2048 -1054 80 ) 
4 422 424 (2048 -1037 26 ) (2046 -1037 26 ) (2046 -1032 26 ) (2048 -1032 26 ) 
4 422 423 (2046 -1037 32 ) (2046 -1037 50 ) (2046 -1024 50 ) (2046 -1024 32 ) 
4 424 428 (2043 -1037 25 ) (2043 -1037 26 ) (2043 -1032 26 ) (2043 -1032 25 ) 
4 425 434 (2043 -1054 80 ) (2043 -1054 -21 ) (2043 -1134 -21 ) (2043 -1134 80 ) 
4 426 435 (2042 -1037 52 ) (2042 -1037 155 ) (2042 -1024 155 ) (2042 -1024 52 ) 
4 426 430 (2042 -1037 155 ) (2042 -1037 52 ) (2043 -1037 52 ) (2043 -1037 155 ) 
4 427 435 (2042 -1024 17 ) (2042 -1024 -21 ) (2042 -1032 -21 ) (2042 -1032 17 ) 
4 427 429 (2042 -1032 -21 ) (2043 -1032 -21 ) (2043 -1032 17 ) (2042 -1032 17 ) 
4 428 435 (2042 -1037 25 ) (2042 -1037 26 ) (2042 -1032 26 ) (2042 -1032 25 ) 
4 429 435 (2042 -1037 -21 ) (2042 -1037 17 ) (2042 -1032 17 ) (2042 -1032 -21 ) 
4 429 431 (2042 -1037 17 ) (2042 -1037 -21 ) (2043 -1037 -21 ) (2043 -1037 17 ) 
4 430 435 (2042 -1037 155 ) (2042 -1037 52 ) (2042 -1039 52 ) (2042 -1039 155 ) 
4 430 432 (2042 -1039 155 ) (2042 -1039 52 ) (2043 -1039 52 ) (2043 -1039 155 ) 
4 431 435 (2042 -1037 17 ) (2042 -1037 -21 ) (2042 -1039 -21 ) (2042 -1039 17 ) 
4 431 432 (2042 -1039 17 ) (2042 -1039 -21 ) (2043 -1039 -21 ) (2043 -1039 17 ) 
4 432 436 (2042 -1046 155 ) (2042 -1042 155 ) (2042 -1042 18.942402 ) (2042 -1046 18.942402 ) 
4 432 437 (2042 -1042 16.942402 ) (2042 -1042 -21 ) (2042 -1046 -21 ) (2042 -1046 16.942402 ) 
4 432 435 (2042 -1042 155 ) (2042 -1039 155 ) (2042 -1039 -21 ) (2042 -1042 -21 ) 
4 432 433 (2043 -1046 91 ) (2043 -1046 155 ) (2042 -1046 155 ) (2042 -1046 91 ) 
4 433 439 (2042 -1054 155 ) (2042 -1046 155 ) (2042 -1046 91 ) (2042 -1054 91 ) 
4 433 434 (2043 -1054 91 ) (2043 -1054 155 ) (2042 -1054 155 ) (2042 -1054 91 ) 
4 434 440 (2042 -1151 -21 ) (2042 -1151 155 ) (2042 -1054 155 ) (2042 -1054 -21 ) 
4 435 436 (2040 -1042 155 ) (2040 -1042 18.942402 ) (2042 -1042 18.942402 ) (2042 -1042 155 ) 
4 435 437 (2040 -1042 16.942402 ) (2040 -1042 -21 ) (2042 -1042 -21 ) (2042 -1042 16.942402 ) 
4 435 438 (2040 -1024 -21 ) (2040 -1042 -21 ) (2040 -1042 155 ) (2040 -1024 155 ) 
4 436 439 (2042 -1046 91 ) (2042 -1046 155 ) (2040 -1046 155 ) (2040 -1046 91 ) 
4 436 438 (2040 -1046 18.942402 ) (2040 -1046 155 ) (2040 -1042 155 ) (2040 -1042 18.942402 ) 
4 437 438 (2040 -1042 -21 ) (2040 -1046 -21 ) (2040 -1046 16.942402 ) (2040 -1042 16.942402 ) 
4 438 439 (2040 -1046 91 ) (2040 -1046 155 ) (2038 -1046 155 ) (2038 -1046 91 ) 
4 438 441 (1903 -1046 155 ) (1903 -1046 -21 ) (2038 -1046 -21 ) (2038 -1046 155 ) 
4 439 440 (2038 -1054 155 ) (2038 -1054 91 ) (2042 -1054 91 ) (2042 -1054 155 ) 
4 439 441 (2038 -1054 155 ) (2038 -1046 155 ) (2038 -1046 91 ) (2038 -1054 91 ) 
4 440 441 (2038 -1151 155 ) (2038 -1054 155 ) (2038 -1054 -21 ) (2038 -1151 -21 ) 
