PRT1
287
887
4 1 35 (0 1024 -266 ) (0 1024 266 ) (0 1028.640015 266 ) (0 1028.640015 -266 ) 
4 1 20 (0 1024 135 ) (0 1024 -266 ) (118 1024 -266 ) (118 1024 135 ) 
4 1 19 (0 1024 142 ) (0 1024 135 ) (118 1024 135 ) (118 1024 142 ) 
4 1 13 (118 1024 -266 ) (258 1024 -266 ) (258 1024 142 ) (118 1024 142 ) 
4 1 4 (258 1024 -266 ) (438 1024 -266 ) (438 1024 142 ) (258 1024 142 ) 
4 1 3 (438 1024 -266 ) (946 1024 -266 ) (946 1024 142 ) (438 1024 142 ) 
4 1 2 (946 1024 266 ) (0 1024 266 ) (0 1024 142 ) (946 1024 142 ) 
4 2 185 (86 0 266 ) (0 0 266 ) (0 0 142 ) (86 0 142 ) 
4 2 175 (159 0 266 ) (86 0 266 ) (86 0 142 ) (159 0 142 ) 
4 2 174 (946 0 266 ) (159 0 266 ) (159 0 142 ) (946 0 142 ) 
4 2 89 (0 0 142 ) (0 0 266 ) (0 288 266 ) (0 288 142 ) 
4 2 82 (0 288 266 ) (0 295 266 ) (0 295 142 ) (0 288 142 ) 
4 2 79 (0 295 266 ) (0 400 266 ) (0 400 142 ) (0 295 142 ) 
4 2 36 (0 400 266 ) (0 1024 266 ) (0 1024 142 ) (0 400 142 ) 
4 2 32 (0 141 142 ) (0 148 142 ) (414 148 142 ) (414 141 142 ) 
4 2 34 (414 0 142 ) (0 0 142 ) (0 141 142 ) (414 141 142 ) 
4 2 31 (946 0 142 ) (414 0 142 ) (414 148 142 ) (946 148 142 ) 
4 2 28 (0 148 142 ) (0 288 142 ) (414 288 142 ) (414 148 142 ) 
4 2 27 (414 288 142 ) (946 288 142 ) (946 148 142 ) (414 148 142 ) 
4 2 25 (0 288 142 ) (0 295 142 ) (118 295 142 ) (118 288 142 ) 
4 2 24 (0 295 142 ) (0 407 142 ) (113 407 142 ) (113 295 142 ) 
4 2 21 (0 407 142 ) (0 571 142 ) (113 571 142 ) (113 407 142 ) 
4 2 19 (0 897 142 ) (0 1024 142 ) (118 1024 142 ) (118 897 142 ) 
4 2 15 (258 350.195007 142 ) (258 348 142 ) (118 348 142 ) (118 350.195007 142 ) 
4 2 13 (118 1024 142 ) (258 1024 142 ) (258 897 142 ) (118 897 142 ) 
4 2 11 (414 288 142 ) (258 288 142 ) (258 295 142 ) (414 295 142 ) 
4 2 10 (946 295 142 ) (946 288 142 ) (414 288 142 ) (414 295 142 ) 
4 2 8 (946 407 142 ) (946 295 142 ) (263 295 142 ) (263 407 142 ) 
4 2 6 (946 576 142 ) (946 407 142 ) (263 407 142 ) (263 576 142 ) 
4 2 4 (258 1024 142 ) (438 1024 142 ) (438 897 142 ) (258 897 142 ) 
4 2 3 (438 1024 142 ) (946 1024 142 ) (946 576 142 ) (438 576 142 ) 
4 3 6 (438 576 -266 ) (946 576 -266 ) (946 576 142 ) (438 576 142 ) 
4 3 5 (438 897 -266 ) (438 576 -266 ) (438 576 135 ) (438 897 135 ) 
4 3 4 (438 1024 -266 ) (438 897 -266 ) (438 897 142 ) (438 1024 142 ) 
4 4 13 (258 897 142 ) (258 1024 142 ) (258 1024 -266 ) (258 897 -266 ) 
4 4 5 (258 897 135 ) (258 897 -266 ) (438 897 -266 ) (438 897 135 ) 
4 5 14 (258 897 135 ) (258 897 -266 ) (258 576 -266 ) (258 576 135 ) 
4 5 7 (258 576 -15 ) (258 576 -266 ) (263 576 -266 ) (263 576 -15 ) 
4 5 6 (263 576 -266 ) (438 576 -266 ) (438 576 135 ) (263 576 135 ) 
4 6 8 (263 407 -266 ) (946 407 -266 ) (946 407 142 ) (263 407 142 ) 
4 6 7 (263 576 -15 ) (263 576 -266 ) (263 407 -266 ) (263 407 -15 ) 
4 7 18 (258 576 -15 ) (258 576 -266 ) (258 407 -266 ) (258 407 -15 ) 
4 7 9 (258 407 -63 ) (258 407 -266 ) (263 407 -266 ) (263 407 -63 ) 
4 8 11 (414 295 83 ) (414 295 142 ) (263 295 142 ) (263 295 83 ) 
4 8 12 (263 295 -266 ) (414 295 -266 ) (414 295 -63 ) (263 295 -63 ) 
4 8 10 (414 295 -266 ) (946 295 -266 ) (946 295 142 ) (414 295 142 ) 
4 8 9 (263 407 -63 ) (263 407 -266 ) (263 295 -266 ) (263 295 -63 ) 
4 9 18 (258 295 -266 ) (258 295 -63 ) (258 407 -63 ) (258 407 -266 ) 
4 9 12 (258 295 -63 ) (258 295 -266 ) (263 295 -266 ) (263 295 -63 ) 
4 10 27 (946 288 142 ) (414 288 142 ) (414 288 -266 ) (946 288 -266 ) 
4 10 11 (414 295 142 ) (414 295 83 ) (414 288 83 ) (414 288 142 ) 
4 10 12 (414 295 -63 ) (414 295 -266 ) (414 288 -266 ) (414 288 -63 ) 
4 11 28 (414 288 142 ) (258 288 142 ) (258 288 83 ) (414 288 83 ) 
4 12 30 (258 288 -71 ) (258 288 -266 ) (414 288 -266 ) (414 288 -71 ) 
4 12 18 (258 288 -266 ) (258 288 -63 ) (258 295 -63 ) (258 295 -266 ) 
4 13 20 (118 1024 135 ) (118 1024 -266 ) (118 897 -266 ) (118 897 135 ) 
4 13 19 (118 897 142 ) (118 1024 142 ) (118 1024 135 ) (118 897 135 ) 
4 13 14 (118 897 135 ) (118 897 -266 ) (258 897 -266 ) (258 897 135 ) 
4 14 20 (118 897 135 ) (118 897 -266 ) (118 576 -266 ) (118 576 135 ) 
4 14 18 (118 576 -15 ) (118 576 -266 ) (258 576 -266 ) (258 576 -15 ) 
4 14 16 (118 576 135 ) (118 576 -7 ) (258 576 -7 ) (258 576 135 ) 
4 16 29 (258 288 -7 ) (258 288 63 ) (118 288 63 ) (118 288 -7 ) 
4 16 17 (118 288 -7 ) (118 372 -7 ) (258 372 -7 ) (258 288 -7 ) 
4 17 29 (258 288 -15 ) (258 288 -7 ) (118 288 -7 ) (118 288 -15 ) 
4 17 18 (118 288 -15 ) (118 372 -15 ) (258 372 -15 ) (258 288 -15 ) 
4 18 30 (258 288 -266 ) (258 288 -71 ) (118 288 -71 ) (118 288 -266 ) 
4 18 29 (258 288 -63 ) (258 288 -15 ) (118 288 -15 ) (118 288 -63 ) 
4 18 26 (118 288 -266 ) (118 288 -63 ) (118 295 -63 ) (118 295 -266 ) 
4 18 23 (118 407 -63 ) (118 407 -266 ) (118 295 -266 ) (118 295 -63 ) 
4 18 22 (118 407 -15 ) (118 576 -15 ) (118 576 -266 ) (118 407 -266 ) 
4 19 37 (0 897 142 ) (0 1024 142 ) (0 1024 135 ) (0 897 135 ) 
4 19 20 (0 897 135 ) (0 1024 135 ) (118 1024 135 ) (118 897 135 ) 
4 20 173 (0 576 -266 ) (0 576 -173 ) (0 1024 -173 ) (0 1024 -266 ) 
4 20 146 (0 576 -173 ) (0 576 -146 ) (0 888 -146 ) (0 888 -173 ) 
4 20 124 (0 576 -146 ) (0 576 -119 ) (0 888 -119 ) (0 888 -146 ) 
4 20 122 (0 576 -119 ) (0 576 -20 ) (0 888 -20 ) (0 888 -119 ) 
4 20 121 (0 888 -20 ) (0 902 -20 ) (0 902 -173 ) (0 888 -173 ) 
4 20 120 (0 902 -20 ) (0 1024 -20 ) (0 1024 -173 ) (0 902 -173 ) 
4 20 40 (0 576 -20 ) (0 576 -15 ) (0 1024 -15 ) (0 1024 -20 ) 
4 20 38 (0 576 -15 ) (0 576 135 ) (0 897 135 ) (0 897 -15 ) 
4 20 37 (0 897 135 ) (0 1024 135 ) (0 1024 -15 ) (0 897 -15 ) 
4 20 22 (118 576 -266 ) (118 576 -15 ) (0 576 -15 ) (0 576 -266 ) 
4 21 42 (0 407 -15 ) (0 407 142 ) (0 571 142 ) (0 571 -15 ) 
4 21 24 (113 407 142 ) (0 407 142 ) (0 407 -15 ) (113 407 -15 ) 
4 21 22 (113 407 -15 ) (0 407 -15 ) (0 571 -15 ) (113 571 -15 ) 
4 22 173 (0 407 -266 ) (0 407 -173 ) (0 576 -173 ) (0 576 -266 ) 
4 22 146 (0 496 -146 ) (0 576 -146 ) (0 576 -173 ) (0 496 -173 ) 
4 22 147 (0 407 -173 ) (0 407 -146 ) (0 496 -146 ) (0 496 -173 ) 
4 22 124 (0 407 -146 ) (0 407 -119 ) (0 576 -119 ) (0 576 -146 ) 
4 22 122 (0 407 -119 ) (0 407 -20 ) (0 576 -20 ) (0 576 -119 ) 
4 22 42 (0 407 -20 ) (0 407 -15 ) (0 571 -15 ) (0 571 -20 ) 
4 22 40 (0 571 -15 ) (0 576 -15 ) (0 576 -20 ) (0 571 -20 ) 
4 22 24 (113 407 -15 ) (0 407 -15 ) (0 407 -266 ) (113 407 -266 ) 
4 22 23 (118 407 -266 ) (118 407 -63 ) (113 407 -63 ) (113 407 -266 ) 
4 23 26 (118 295 -266 ) (118 295 -63 ) (113 295 -63 ) (113 295 -266 ) 
4 23 24 (113 407 -63 ) (113 407 -266 ) (113 295 -266 ) (113 295 -63 ) 
4 24 173 (0 295 -266 ) (0 295 -173 ) (0 407 -173 ) (0 407 -266 ) 
4 24 147 (0 295 -173 ) (0 295 -146 ) (0 407 -146 ) (0 407 -173 ) 
4 24 126 (0 295 -146 ) (0 295 -20 ) (0 400 -20 ) (0 400 -146 ) 
4 24 124 (0 407 -119 ) (0 407 -146 ) (0 400 -146 ) (0 400 -119 ) 
4 24 122 (0 400 -20 ) (0 407 -20 ) (0 407 -119 ) (0 400 -119 ) 
4 24 80 (0 295 -20 ) (0 295 142 ) (0 400 142 ) (0 400 -20 ) 
4 24 42 (0 400 142 ) (0 407 142 ) (0 407 -20 ) (0 400 -20 ) 
4 24 26 (113 295 -266 ) (113 295 -63 ) (0 295 -63 ) (0 295 -266 ) 
4 24 25 (113 295 83 ) (113 295 142 ) (0 295 142 ) (0 295 83 ) 
4 25 82 (0 288 83 ) (0 288 142 ) (0 295 142 ) (0 295 83 ) 
4 25 28 (118 288 83 ) (118 288 142 ) (0 288 142 ) (0 288 83 ) 
4 26 173 (0 288 -266 ) (0 288 -173 ) (0 295 -173 ) (0 295 -266 ) 
4 26 147 (0 288 -173 ) (0 288 -146 ) (0 295 -146 ) (0 295 -173 ) 
4 26 129 (0 288 -146 ) (0 288 -63 ) (0 295 -63 ) (0 295 -146 ) 
4 26 30 (118 288 -266 ) (118 288 -71 ) (0 288 -71 ) (0 288 -266 ) 
4 27 31 (946 148 142 ) (414 148 142 ) (414 148 -266 ) (946 148 -266 ) 
4 27 30 (414 288 -71 ) (414 288 -266 ) (414 148 -266 ) (414 148 -71 ) 
4 27 28 (414 288 142 ) (414 288 71 ) (414 148 71 ) (414 148 142 ) 
4 27 29 (414 288 63 ) (414 288 -63 ) (414 148 -63 ) (414 148 63 ) 
4 28 89 (0 148 71 ) (0 148 142 ) (0 288 142 ) (0 288 71 ) 
4 28 32 (414 148 142 ) (0 148 142 ) (0 148 71 ) (414 148 71 ) 
4 29 131 (0 148 -63 ) (0 148 -20 ) (0 288 -20 ) (0 288 -63 ) 
4 29 91 (0 148 30 ) (0 148 63 ) (0 288 63 ) (0 288 30 ) 
4 29 93 (0 148 -20 ) (0 148 30 ) (0 288 30 ) (0 288 -20 ) 
4 30 173 (0 148 -266 ) (0 148 -173 ) (0 288 -173 ) (0 288 -266 ) 
4 30 147 (0 148 -173 ) (0 148 -146 ) (0 288 -146 ) (0 288 -173 ) 
4 30 132 (0 148 -146 ) (0 148 -71 ) (0 288 -71 ) (0 288 -146 ) 
4 30 33 (0 148 -71 ) (0 148 -266 ) (414 148 -266 ) (414 148 -71 ) 
4 31 184 (414 0 -146 ) (414 0 -266 ) (946 0 -266 ) (946 0 -146 ) 
4 31 178 (414 0 9 ) (414 0 -146 ) (946 0 -146 ) (946 0 9 ) 
4 31 174 (946 0 142 ) (414 0 142 ) (414 0 9 ) (946 0 9 ) 
4 31 32 (414 148 142 ) (414 148 63 ) (414 141 63 ) (414 141 142 ) 
4 31 33 (414 148 -63 ) (414 148 -266 ) (414 141 -266 ) (414 141 -63 ) 
4 31 34 (414 141 -266 ) (414 0 -266 ) (414 0 142 ) (414 141 142 ) 
4 32 90 (0 148 71 ) (0 148 63 ) (0 141 63 ) (0 141 71 ) 
4 32 89 (0 141 142 ) (0 148 142 ) (0 148 71 ) (0 141 71 ) 
4 32 34 (414 141 63 ) (414 141 142 ) (0 141 142 ) (0 141 63 ) 
4 33 173 (0 148 -173 ) (0 148 -266 ) (0 141 -266 ) (0 141 -173 ) 
4 33 147 (0 148 -146 ) (0 148 -173 ) (0 141 -173 ) (0 141 -146 ) 
4 33 133 (0 148 -63 ) (0 148 -146 ) (0 141 -146 ) (0 141 -63 ) 
4 33 34 (0 141 -266 ) (414 141 -266 ) (414 141 -63 ) (0 141 -63 ) 
4 34 200 (0 0 -146 ) (0 0 -266 ) (86 0 -266 ) (86 0 -146 ) 
4 34 198 (0 0 -119 ) (0 0 -146 ) (86 0 -146 ) (86 0 -119 ) 
4 34 192 (0 0 -18 ) (0 0 -119 ) (69 0 -119 ) (69 0 -18 ) 
4 34 191 (69 0 -119 ) (86 0 -119 ) (86 0 -18 ) (69 0 -18 ) 
4 34 188 (0 0 9 ) (0 0 -18 ) (86 0 -18 ) (86 0 9 ) 
4 34 186 (0 0 25 ) (0 0 9 ) (86 0 9 ) (86 0 25 ) 
4 34 185 (86 0 142 ) (0 0 142 ) (0 0 25 ) (86 0 25 ) 
4 34 184 (86 0 -146 ) (86 0 -266 ) (414 0 -266 ) (414 0 -146 ) 
4 34 181 (86 0 9 ) (86 0 -146 ) (146 0 -146 ) (146 0 9 ) 
4 34 179 (146 0 -146 ) (159 0 -146 ) (159 0 9 ) (146 0 9 ) 
4 34 178 (159 0 -146 ) (414 0 -146 ) (414 0 9 ) (159 0 9 ) 
4 34 175 (159 0 142 ) (86 0 142 ) (86 0 9 ) (159 0 9 ) 
4 34 174 (414 0 142 ) (159 0 142 ) (159 0 9 ) (414 0 9 ) 
4 34 173 (0 0 -266 ) (0 0 -173 ) (0 141 -173 ) (0 141 -266 ) 
4 34 147 (0 0 -173 ) (0 0 -146 ) (0 141 -146 ) (0 141 -173 ) 
4 34 134 (0 0 -146 ) (0 0 -20 ) (0 141 -20 ) (0 141 -146 ) 
4 34 94 (0 0 -20 ) (0 0 63 ) (0 141 63 ) (0 141 -20 ) 
4 34 90 (0 0 63 ) (0 0 71 ) (0 141 71 ) (0 141 63 ) 
4 34 89 (0 0 71 ) (0 0 142 ) (0 141 142 ) (0 141 71 ) 
4 35 173 (0 1024 -266 ) (0 1024 -173 ) (-891 1024 -173 ) (-891 1024 -266 ) 
4 35 156 (-714 1024 -20 ) (-891 1024 -20 ) (-891 1024 -173 ) (-714 1024 -173 ) 
4 35 155 (-703 1024 -20 ) (-714 1024 -20 ) (-714 1024 -173 ) (-703 1024 -173 ) 
4 35 154 (-703 1024 -146 ) (-703 1024 -173 ) (-586 1024 -173 ) (-586 1024 -146 ) 
4 35 152 (-586 1024 -20 ) (-703 1024 -20 ) (-703 1024 -146 ) (-586 1024 -146 ) 
4 35 148 (-313 1024 -20 ) (-586 1024 -20 ) (-586 1024 -173 ) (-313 1024 -173 ) 
4 35 120 (0 1024 -173 ) (0 1024 -20 ) (-313 1024 -20 ) (-313 1024 -173 ) 
4 35 53 (-891 1024 124 ) (-891 1024 -20 ) (-526 1024 -20 ) (-526 1024 124 ) 
4 35 49 (-526 1024 -20 ) (-16 1024 -20 ) (-16 1024 124 ) (-526 1024 124 ) 
4 35 46 (-16 1024 266 ) (-714 1024 266 ) (-714 1024 124 ) (-16 1024 124 ) 
4 35 48 (-714 1024 266 ) (-891 1024 266 ) (-891 1024 124 ) (-714 1024 124 ) 
4 35 43 (-11 1024 142 ) (-16 1024 142 ) (-16 1024 -20 ) (-11 1024 -20 ) 
4 35 41 (-5 1024 -15 ) (-11 1024 -15 ) (-11 1024 -20 ) (-5 1024 -20 ) 
4 35 40 (0 1024 -20 ) (0 1024 -15 ) (-5 1024 -15 ) (-5 1024 -20 ) 
4 35 37 (0 1024 -15 ) (0 1024 142 ) (-11 1024 142 ) (-11 1024 -15 ) 
4 35 36 (0 1024 142 ) (0 1024 266 ) (-16 1024 266 ) (-16 1024 142 ) 
4 36 79 (0 400 142 ) (0 400 266 ) (-16 400 266 ) (-16 400 142 ) 
4 36 47 (-16 400 142 ) (-16 400 266 ) (-16 902 266 ) (-16 902 142 ) 
4 36 46 (-16 902 266 ) (-16 1024 266 ) (-16 1024 142 ) (-16 902 142 ) 
4 36 43 (-16 897 142 ) (-16 1024 142 ) (-11 1024 142 ) (-11 897 142 ) 
4 36 42 (0 400 142 ) (-5 400 142 ) (-5 571 142 ) (0 571 142 ) 
4 36 39 (-11 571 142 ) (-11 576 142 ) (-10 576 142 ) (-10 571 142 ) 
4 36 37 (-11 897 142 ) (-11 1024 142 ) (0 1024 142 ) (0 897 142 ) 
4 37 43 (-11 897 142 ) (-11 1024 142 ) (-11 1024 -15 ) (-11 897 -15 ) 
4 37 41 (-11 897 -15 ) (-11 1024 -15 ) (-5 1024 -15 ) (-5 897 -15 ) 
4 37 40 (-5 1024 -15 ) (0 1024 -15 ) (0 897 -15 ) (-5 897 -15 ) 
4 37 38 (-11 897 135 ) (-11 897 -15 ) (0 897 -15 ) (0 897 135 ) 
4 38 45 (-11 677 40 ) (-11 677 104 ) (-11 805 104 ) (-11 805 40 ) 
4 38 41 (-11 888 -15 ) (-11 897 -15 ) (-5 897 -15 ) (-5 888 -15 ) 
4 38 40 (-5 897 -15 ) (0 897 -15 ) (0 576 -15 ) (-5 576 -15 ) 
4 38 39 (-11 576 135 ) (-11 576 -15 ) (-10 576 -15 ) (-10 576 135 ) 
4 40 122 (0 888 -20 ) (0 571 -20 ) (-5 571 -20 ) (-5 888 -20 ) 
4 40 121 (0 902 -20 ) (0 888 -20 ) (-5 888 -20 ) (-5 902 -20 ) 
4 40 120 (-5 1024 -20 ) (0 1024 -20 ) (0 902 -20 ) (-5 902 -20 ) 
4 40 42 (-5 571 -20 ) (0 571 -20 ) (0 571 -15 ) (-5 571 -15 ) 
4 40 41 (-5 1024 -20 ) (-5 888 -20 ) (-5 888 -15 ) (-5 1024 -15 ) 
4 41 121 (-5 902 -20 ) (-5 888 -20 ) (-11 888 -20 ) (-11 902 -20 ) 
4 41 120 (-11 1024 -20 ) (-5 1024 -20 ) (-5 902 -20 ) (-11 902 -20 ) 
4 41 44 (-11 897 -20 ) (-11 888 -20 ) (-11 888 -15 ) (-11 897 -15 ) 
4 41 43 (-11 1024 -20 ) (-11 897 -20 ) (-11 897 -15 ) (-11 1024 -15 ) 
4 42 122 (0 571 -20 ) (0 400 -20 ) (-5 400 -20 ) (-5 571 -20 ) 
4 42 80 (-5 400 -20 ) (0 400 -20 ) (0 400 142 ) (-5 400 142 ) 
4 43 121 (-11 902 -20 ) (-11 897 -20 ) (-16 897 -20 ) (-16 902 -20 ) 
4 43 120 (-16 1024 -20 ) (-11 1024 -20 ) (-11 902 -20 ) (-16 902 -20 ) 
4 43 51 (-16 917 -20 ) (-16 902 -20 ) (-16 902 108 ) (-16 917 108 ) 
4 43 50 (-16 902 108 ) (-16 902 124 ) (-16 917 124 ) (-16 917 108 ) 
4 43 49 (-16 1024 -20 ) (-16 917 -20 ) (-16 917 124 ) (-16 1024 124 ) 
4 43 46 (-16 902 142 ) (-16 1024 142 ) (-16 1024 124 ) (-16 902 124 ) 
4 43 44 (-11 897 -20 ) (-11 897 -15 ) (-16 897 -15 ) (-16 897 -20 ) 
4 44 121 (-11 897 -20 ) (-11 888 -20 ) (-16 888 -20 ) (-16 897 -20 ) 
4 45 68 (-16 677 40 ) (-16 677 104 ) (-16 805 104 ) (-16 805 40 ) 
4 46 53 (-526 902 124 ) (-714 902 124 ) (-714 1024 124 ) (-526 1024 124 ) 
4 46 50 (-16 917 124 ) (-16 902 124 ) (-526 902 124 ) (-526 917 124 ) 
4 46 49 (-16 1024 124 ) (-16 917 124 ) (-526 917 124 ) (-526 1024 124 ) 
4 46 47 (-714 902 266 ) (-714 902 142 ) (-16 902 142 ) (-16 902 266 ) 
4 46 48 (-714 1024 124 ) (-714 902 124 ) (-714 902 266 ) (-714 1024 266 ) 
4 47 117 (-501 400 266 ) (-714 400 266 ) (-714 400 142 ) (-501 400 142 ) 
4 47 111 (-313 400 266 ) (-501 400 266 ) (-501 400 142 ) (-313 400 142 ) 
4 47 97 (-308 400 266 ) (-313 400 266 ) (-313 400 142 ) (-308 400 142 ) 
4 47 85 (-116 400 266 ) (-308 400 266 ) (-308 400 142 ) (-116 400 142 ) 
4 47 84 (-111 400 266 ) (-116 400 266 ) (-116 400 142 ) (-111 400 142 ) 
4 47 79 (-16 400 142 ) (-16 400 266 ) (-111 400 266 ) (-111 400 142 ) 
4 47 48 (-714 400 142 ) (-714 400 266 ) (-714 902 266 ) (-714 902 142 ) 
4 48 119 (-891 400 124 ) (-714 400 124 ) (-714 400 266 ) (-891 400 266 ) 
4 48 62 (-714 400 124 ) (-891 400 124 ) (-891 888 124 ) (-714 888 124 ) 
4 48 60 (-891 888 124 ) (-891 902 124 ) (-714 902 124 ) (-714 888 124 ) 
4 48 53 (-891 902 124 ) (-891 1024 124 ) (-714 1024 124 ) (-714 902 124 ) 
4 49 148 (-526 1024 -20 ) (-313 1024 -20 ) (-313 917 -20 ) (-526 917 -20 ) 
4 49 120 (-313 1024 -20 ) (-16 1024 -20 ) (-16 917 -20 ) (-313 917 -20 ) 
4 49 53 (-526 1024 -20 ) (-526 917 -20 ) (-526 917 124 ) (-526 1024 124 ) 
4 49 52 (-462 917 -20 ) (-293 917 -20 ) (-293 917 108 ) (-462 917 108 ) 
4 49 51 (-229 917 -20 ) (-16 917 -20 ) (-16 917 108 ) (-229 917 108 ) 
4 49 50 (-526 917 124 ) (-526 917 108 ) (-16 917 108 ) (-16 917 124 ) 
4 50 53 (-526 902 108 ) (-526 902 124 ) (-526 917 124 ) (-526 917 108 ) 
4 50 52 (-293 902 108 ) (-462 902 108 ) (-462 917 108 ) (-293 917 108 ) 
4 50 51 (-16 902 108 ) (-229 902 108 ) (-229 917 108 ) (-16 917 108 ) 
4 51 120 (-16 917 -20 ) (-16 902 -20 ) (-229 902 -20 ) (-229 917 -20 ) 
4 52 148 (-313 902 -20 ) (-462 902 -20 ) (-462 917 -20 ) (-313 917 -20 ) 
4 52 120 (-293 902 -20 ) (-313 902 -20 ) (-313 917 -20 ) (-293 917 -20 ) 
4 53 156 (-891 1024 -20 ) (-714 1024 -20 ) (-714 902 -20 ) (-891 902 -20 ) 
4 53 155 (-714 1024 -20 ) (-703 1024 -20 ) (-703 902 -20 ) (-714 902 -20 ) 
4 53 152 (-703 1024 -20 ) (-586 1024 -20 ) (-586 902 -20 ) (-703 902 -20 ) 
4 53 148 (-586 1024 -20 ) (-526 1024 -20 ) (-526 902 -20 ) (-586 902 -20 ) 
4 53 60 (-891 902 -20 ) (-714 902 -20 ) (-714 902 124 ) (-891 902 124 ) 
4 54 55 (-229 894 -20 ) (-229 894 102 ) (-293 894 102 ) (-293 894 -20 ) 
4 55 56 (-229 892 -20 ) (-229 892 102 ) (-293 892 102 ) (-293 892 -20 ) 
4 56 64 (-293 888 -20 ) (-229 888 -20 ) (-229 888 102 ) (-293 888 102 ) 
4 57 58 (-462 894 -20 ) (-462 894 108 ) (-526 894 108 ) (-526 894 -20 ) 
4 58 59 (-462 892 -20 ) (-462 892 108 ) (-526 892 108 ) (-526 892 -20 ) 
4 59 66 (-526 888 -20 ) (-462 888 -20 ) (-462 888 108 ) (-526 888 108 ) 
4 60 156 (-714 888 -20 ) (-891 888 -20 ) (-891 902 -20 ) (-714 902 -20 ) 
4 60 78 (-891 888 -20 ) (-729 888 -20 ) (-729 888 108 ) (-891 888 108 ) 
4 60 75 (-729 888 -20 ) (-714 888 -20 ) (-714 888 108 ) (-729 888 108 ) 
4 60 62 (-714 888 108 ) (-714 888 124 ) (-891 888 124 ) (-891 888 108 ) 
4 61 67 (-703 888 108 ) (-526 888 108 ) (-526 887 108 ) (-703 887 108 ) 
4 61 66 (-526 888 108 ) (-462 888 108 ) (-462 887 108 ) (-526 887 108 ) 
4 61 64 (-293 888 108 ) (-229 888 108 ) (-229 887 108 ) (-293 887 108 ) 
4 61 63 (-229 888 108 ) (-16 888 108 ) (-16 887 108 ) (-229 887 108 ) 
4 61 65 (-462 888 108 ) (-293 888 108 ) (-293 887 108 ) (-462 887 108 ) 
4 61 68 (-16 887 108 ) (-16 400 108 ) (-703 400 108 ) (-703 887 108 ) 
4 62 119 (-891 400 108 ) (-714 400 108 ) (-714 400 124 ) (-891 400 124 ) 
4 62 78 (-891 888 108 ) (-729 888 108 ) (-729 400 108 ) (-891 400 108 ) 
4 62 77 (-714 497 108 ) (-714 400 108 ) (-729 400 108 ) (-729 497 108 ) 
4 62 75 (-729 888 108 ) (-714 888 108 ) (-714 778 108 ) (-729 778 108 ) 
4 62 76 (-714 714 108 ) (-714 561 108 ) (-729 561 108 ) (-729 714 108 ) 
4 63 123 (-16 888 -20 ) (-16 887 -20 ) (-229 887 -20 ) (-229 888 -20 ) 
4 63 68 (-229 887 -20 ) (-16 887 -20 ) (-16 887 108 ) (-229 887 108 ) 
4 63 64 (-229 887 -20 ) (-229 887 108 ) (-229 888 108 ) (-229 888 -20 ) 
4 64 123 (-229 887 -20 ) (-293 887 -20 ) (-293 888 -20 ) (-229 888 -20 ) 
4 64 65 (-293 887 -20 ) (-293 887 108 ) (-293 888 108 ) (-293 888 -20 ) 
4 64 68 (-293 887 -20 ) (-229 887 -20 ) (-229 887 108 ) (-293 887 108 ) 
4 65 150 (-313 887 -20 ) (-462 887 -20 ) (-462 888 -20 ) (-313 888 -20 ) 
4 65 123 (-293 887 -20 ) (-313 887 -20 ) (-313 888 -20 ) (-293 888 -20 ) 
4 65 66 (-462 887 -20 ) (-462 887 108 ) (-462 888 108 ) (-462 888 -20 ) 
4 65 68 (-462 887 -20 ) (-293 887 -20 ) (-293 887 108 ) (-462 887 108 ) 
4 66 150 (-462 887 -20 ) (-526 887 -20 ) (-526 888 -20 ) (-462 888 -20 ) 
4 66 68 (-526 887 -20 ) (-462 887 -20 ) (-462 887 108 ) (-526 887 108 ) 
4 66 67 (-526 887 -20 ) (-526 887 108 ) (-526 888 108 ) (-526 888 -20 ) 
4 67 153 (-586 887 -20 ) (-703 887 -20 ) (-703 888 -20 ) (-586 888 -20 ) 
4 67 150 (-526 887 -20 ) (-586 887 -20 ) (-586 888 -20 ) (-526 888 -20 ) 
4 67 68 (-703 887 108 ) (-703 887 -20 ) (-526 887 -20 ) (-526 887 108 ) 
4 68 157 (-313 400 -20 ) (-703 400 -20 ) (-703 736 -20 ) (-313 736 -20 ) 
4 68 153 (-703 736 -20 ) (-703 887 -20 ) (-586 887 -20 ) (-586 736 -20 ) 
4 68 150 (-586 887 -20 ) (-313 887 -20 ) (-313 736 -20 ) (-586 736 -20 ) 
4 68 123 (-16 887 -20 ) (-16 400 -20 ) (-313 400 -20 ) (-313 887 -20 ) 
4 68 86 (-308 400 -20 ) (-116 400 -20 ) (-116 400 25 ) (-308 400 25 ) 
4 68 72 (-703 497 108 ) (-703 561 108 ) (-703 561 -20 ) (-703 497 -20 ) 
4 68 69 (-703 714 108 ) (-703 778 108 ) (-703 778 -20 ) (-703 714 -20 ) 
4 69 70 (-707 778 108 ) (-707 778 -20 ) (-707 714 -20 ) (-707 714 108 ) 
4 70 71 (-709 778 108 ) (-709 778 -20 ) (-709 714 -20 ) (-709 714 108 ) 
4 72 73 (-707 561 108 ) (-707 561 -20 ) (-707 497 -20 ) (-707 497 108 ) 
4 73 74 (-709 561 108 ) (-709 561 -20 ) (-709 497 -20 ) (-709 497 108 ) 
4 75 156 (-729 778 -20 ) (-729 888 -20 ) (-714 888 -20 ) (-714 778 -20 ) 
4 75 78 (-729 778 108 ) (-729 888 108 ) (-729 888 -20 ) (-729 778 -20 ) 
4 76 172 (-729 561 -20 ) (-729 714 -20 ) (-714 714 -20 ) (-714 561 -20 ) 
4 76 78 (-729 561 108 ) (-729 714 108 ) (-729 714 -20 ) (-729 561 -20 ) 
4 77 172 (-714 400 -20 ) (-729 400 -20 ) (-729 497 -20 ) (-714 497 -20 ) 
4 77 119 (-729 400 -20 ) (-714 400 -20 ) (-714 400 108 ) (-729 400 108 ) 
4 77 78 (-729 400 -20 ) (-729 400 108 ) (-729 497 108 ) (-729 497 -20 ) 
4 78 172 (-729 400 -20 ) (-891 400 -20 ) (-891 736 -20 ) (-729 736 -20 ) 
4 78 156 (-891 736 -20 ) (-891 888 -20 ) (-729 888 -20 ) (-729 736 -20 ) 
4 78 119 (-891 400 -20 ) (-729 400 -20 ) (-729 400 108 ) (-891 400 108 ) 
4 79 84 (-111 400 266 ) (-111 400 142 ) (-111 295 142 ) (-111 295 266 ) 
4 79 83 (-111 295 266 ) (-111 295 142 ) (-32 295 142 ) (-32 295 266 ) 
4 79 82 (-32 295 142 ) (0 295 142 ) (0 295 266 ) (-32 295 266 ) 
4 79 81 (-5 295 142 ) (-111 295 142 ) (-111 389 142 ) (-5 389 142 ) 
4 79 80 (0 295 142 ) (-5 295 142 ) (-5 400 142 ) (0 400 142 ) 
4 80 126 (0 400 -20 ) (0 295 -20 ) (-5 295 -20 ) (-5 400 -20 ) 
4 80 82 (0 295 83 ) (0 295 142 ) (-5 295 142 ) (-5 295 83 ) 
4 80 81 (-5 295 -20 ) (-5 295 142 ) (-5 389 142 ) (-5 389 -20 ) 
4 81 128 (-5 295 -20 ) (-111 295 -20 ) (-111 389 -20 ) (-5 389 -20 ) 
4 81 83 (-111 295 142 ) (-111 295 63 ) (-32 295 63 ) (-32 295 142 ) 
4 81 82 (-5 295 83 ) (-5 295 142 ) (-32 295 142 ) (-32 295 83 ) 
4 82 89 (0 288 83 ) (0 288 266 ) (-32 288 266 ) (-32 288 83 ) 
4 82 83 (-32 295 266 ) (-32 295 83 ) (-32 288 83 ) (-32 288 266 ) 
4 83 89 (-32 288 71 ) (-32 288 266 ) (-111 288 266 ) (-111 288 71 ) 
4 83 84 (-111 288 142 ) (-111 288 266 ) (-111 295 266 ) (-111 295 142 ) 
4 84 89 (-111 288 142 ) (-111 288 266 ) (-116 288 266 ) (-116 288 142 ) 
4 84 87 (-116 396 142 ) (-116 288 142 ) (-116 288 266 ) (-116 396 266 ) 
4 84 85 (-116 400 266 ) (-116 400 142 ) (-116 396 142 ) (-116 396 266 ) 
4 85 97 (-308 400 266 ) (-308 400 142 ) (-308 396 142 ) (-308 396 266 ) 
4 85 87 (-308 396 266 ) (-308 396 142 ) (-116 396 142 ) (-116 396 266 ) 
4 86 139 (-308 396 -20 ) (-308 400 -20 ) (-116 400 -20 ) (-116 396 -20 ) 
4 86 88 (-308 396 25 ) (-308 396 -20 ) (-116 396 -20 ) (-116 396 25 ) 
4 87 97 (-308 288 142 ) (-308 288 266 ) (-308 396 266 ) (-308 396 142 ) 
4 87 89 (-308 288 266 ) (-308 288 71 ) (-116 288 71 ) (-116 288 266 ) 
4 88 139 (-116 288 -20 ) (-308 288 -20 ) (-308 396 -20 ) (-116 396 -20 ) 
4 88 92 (-308 288 63 ) (-308 288 30 ) (-116 288 30 ) (-116 288 63 ) 
4 88 93 (-308 288 30 ) (-308 288 -20 ) (-116 288 -20 ) (-116 288 30 ) 
4 89 201 (0 0 71 ) (0 0 266 ) (-308 0 266 ) (-308 0 71 ) 
4 89 98 (-308 0 71 ) (-308 0 142 ) (-308 245 142 ) (-308 245 71 ) 
4 89 97 (-308 0 142 ) (-308 0 266 ) (-308 288 266 ) (-308 288 142 ) 
4 89 90 (0 0 71 ) (-116 0 71 ) (-116 148 71 ) (0 148 71 ) 
4 90 202 (0 0 63 ) (0 0 71 ) (-116 0 71 ) (-116 0 63 ) 
4 90 95 (-32 0 63 ) (-111 0 63 ) (-111 141 63 ) (-32 141 63 ) 
4 90 94 (0 141 63 ) (0 0 63 ) (-32 0 63 ) (-32 141 63 ) 
4 91 93 (0 148 30 ) (-104 148 30 ) (-104 288 30 ) (0 288 30 ) 
4 92 96 (-116 148 63 ) (-308 148 63 ) (-308 148 30 ) (-116 148 30 ) 
4 92 93 (-116 148 30 ) (-308 148 30 ) (-308 288 30 ) (-116 288 30 ) 
4 93 139 (-116 148 -20 ) (-308 148 -20 ) (-308 288 -20 ) (-116 288 -20 ) 
4 93 138 (-111 148 -20 ) (-116 148 -20 ) (-116 288 -20 ) (-111 288 -20 ) 
4 93 135 (-32 148 -20 ) (-111 148 -20 ) (-111 288 -20 ) (-32 288 -20 ) 
4 93 131 (0 288 -20 ) (0 148 -20 ) (-32 148 -20 ) (-32 288 -20 ) 
4 93 99 (-308 245 -20 ) (-308 148 -20 ) (-308 148 9 ) (-308 245 9 ) 
4 93 96 (-308 148 30 ) (-308 148 -20 ) (-116 148 -20 ) (-116 148 30 ) 
4 94 204 (0 0 -20 ) (0 0 63 ) (-32 0 63 ) (-32 0 -20 ) 
4 94 134 (0 141 -20 ) (0 0 -20 ) (-32 0 -20 ) (-32 141 -20 ) 
4 94 95 (-32 141 -20 ) (-32 0 -20 ) (-32 0 63 ) (-32 141 63 ) 
4 95 204 (-32 0 63 ) (-111 0 63 ) (-111 0 -20 ) (-32 0 -20 ) 
4 95 137 (-32 0 -20 ) (-111 0 -20 ) (-111 141 -20 ) (-32 141 -20 ) 
4 96 205 (-116 0 63 ) (-308 0 63 ) (-308 0 -20 ) (-116 0 -20 ) 
4 96 139 (-116 0 -20 ) (-308 0 -20 ) (-308 148 -20 ) (-116 148 -20 ) 
4 96 99 (-308 148 -20 ) (-308 117 -20 ) (-308 117 9 ) (-308 148 9 ) 
4 97 201 (-313 0 266 ) (-313 0 142 ) (-308 0 142 ) (-308 0 266 ) 
4 97 113 (-313 274 142 ) (-313 90 142 ) (-313 90 266 ) (-313 274 266 ) 
4 97 111 (-313 400 266 ) (-313 400 142 ) (-313 389 142 ) (-313 389 266 ) 
4 97 112 (-313 389 142 ) (-313 274 142 ) (-313 274 266 ) (-313 389 266 ) 
4 97 116 (-313 90 142 ) (-313 0 142 ) (-313 0 266 ) (-313 90 266 ) 
4 97 98 (-313 0 142 ) (-313 245 142 ) (-308 245 142 ) (-308 0 142 ) 
4 98 201 (-313 0 142 ) (-313 0 71 ) (-308 0 71 ) (-308 0 142 ) 
4 98 113 (-313 245 71 ) (-313 90 71 ) (-313 90 142 ) (-313 245 142 ) 
4 98 116 (-313 90 71 ) (-313 0 71 ) (-313 0 142 ) (-313 90 142 ) 
4 99 140 (-309 245 -20 ) (-308 245 -20 ) (-308 117 -20 ) (-309 117 -20 ) 
4 99 107 (-309 119 -9 ) (-309 119 7 ) (-309 167 7 ) (-309 167 -9 ) 
4 99 106 (-309 119 7 ) (-309 119 9 ) (-309 167 9 ) (-309 167 7 ) 
4 99 108 (-309 167 -20 ) (-309 119 -20 ) (-309 119 -9 ) (-309 167 -9 ) 
4 99 105 (-309 171 -20 ) (-309 167 -20 ) (-309 167 9 ) (-309 171 9 ) 
4 99 109 (-309 119 -20 ) (-309 117 -20 ) (-309 117 9 ) (-309 119 9 ) 
4 99 102 (-309 171 -9 ) (-309 171 7 ) (-309 243 7 ) (-309 243 -9 ) 
4 99 101 (-309 171 7 ) (-309 171 9 ) (-309 243 9 ) (-309 243 7 ) 
4 99 103 (-309 171 -11 ) (-309 171 -9 ) (-309 243 -9 ) (-309 243 -11 ) 
4 99 104 (-309 243 -20 ) (-309 171 -20 ) (-309 171 -11 ) (-309 243 -11 ) 
4 99 100 (-309 245 9 ) (-309 245 -20 ) (-309 243 -20 ) (-309 243 9 ) 
4 100 141 (-310 245 -20 ) (-309 245 -20 ) (-309 243 -20 ) (-310 243 -20 ) 
4 100 102 (-310 243 7 ) (-310 243 -9 ) (-309 243 -9 ) (-309 243 7 ) 
4 100 101 (-310 243 9 ) (-310 243 7 ) (-309 243 7 ) (-309 243 9 ) 
4 100 103 (-310 243 -9 ) (-310 243 -11 ) (-309 243 -11 ) (-309 243 -9 ) 
4 100 104 (-310 243 -11 ) (-310 243 -20 ) (-309 243 -20 ) (-309 243 -11 ) 
4 100 110 (-310 245 9 ) (-310 245 -20 ) (-310 243 -20 ) (-310 243 9 ) 
4 101 105 (-310 171 9 ) (-310 171 7 ) (-309 171 7 ) (-309 171 9 ) 
4 101 110 (-310 171 7 ) (-310 171 9 ) (-310 243 9 ) (-310 243 7 ) 
4 101 102 (-309 171 7 ) (-310 171 7 ) (-310 243 7 ) (-309 243 7 ) 
4 102 105 (-310 171 7 ) (-310 171 -9 ) (-309 171 -9 ) (-309 171 7 ) 
4 102 103 (-309 171 -9 ) (-310 171 -9 ) (-310 243 -9 ) (-309 243 -9 ) 
4 102 110 (-310 171 -9 ) (-310 171 7 ) (-310 243 7 ) (-310 243 -9 ) 
4 103 105 (-310 171 -9 ) (-310 171 -11 ) (-309 171 -11 ) (-309 171 -9 ) 
4 103 104 (-309 171 -11 ) (-310 171 -11 ) (-310 243 -11 ) (-309 243 -11 ) 
4 103 110 (-310 171 -11 ) (-310 171 -9 ) (-310 243 -9 ) (-310 243 -11 ) 
4 104 142 (-309 243 -20 ) (-309 171 -20 ) (-310 171 -20 ) (-310 243 -20 ) 
4 104 105 (-310 171 -11 ) (-310 171 -20 ) (-309 171 -20 ) (-309 171 -11 ) 
4 104 110 (-310 243 -20 ) (-310 171 -20 ) (-310 171 -11 ) (-310 243 -11 ) 
4 105 144 (-309 171 -20 ) (-309 167 -20 ) (-310 167 -20 ) (-310 171 -20 ) 
4 105 107 (-310 167 7 ) (-310 167 -9 ) (-309 167 -9 ) (-309 167 7 ) 
4 105 106 (-310 167 9 ) (-310 167 7 ) (-309 167 7 ) (-309 167 9 ) 
4 105 108 (-310 167 -9 ) (-310 167 -20 ) (-309 167 -20 ) (-309 167 -9 ) 
4 105 110 (-310 171 -20 ) (-310 167 -20 ) (-310 167 9 ) (-310 171 9 ) 
4 106 109 (-310 119 9 ) (-310 119 7 ) (-309 119 7 ) (-309 119 9 ) 
4 106 110 (-310 119 7 ) (-310 119 9 ) (-310 167 9 ) (-310 167 7 ) 
4 106 107 (-309 119 7 ) (-310 119 7 ) (-310 167 7 ) (-309 167 7 ) 
4 107 108 (-309 119 -9 ) (-310 119 -9 ) (-310 167 -9 ) (-309 167 -9 ) 
4 107 109 (-310 119 7 ) (-310 119 -9 ) (-309 119 -9 ) (-309 119 7 ) 
4 107 110 (-310 119 -9 ) (-310 119 7 ) (-310 167 7 ) (-310 167 -9 ) 
4 108 144 (-309 167 -20 ) (-309 119 -20 ) (-310 119 -20 ) (-310 167 -20 ) 
4 108 110 (-310 167 -20 ) (-310 119 -20 ) (-310 119 -9 ) (-310 167 -9 ) 
4 108 109 (-310 119 -9 ) (-310 119 -20 ) (-309 119 -20 ) (-309 119 -9 ) 
4 109 144 (-309 119 -20 ) (-309 117 -20 ) (-310 117 -20 ) (-310 119 -20 ) 
4 109 110 (-310 119 -20 ) (-310 117 -20 ) (-310 117 9 ) (-310 119 9 ) 
4 110 145 (-313 117 -20 ) (-313 245 -20 ) (-310 245 -20 ) (-310 117 -20 ) 
4 110 115 (-313 245 -20 ) (-313 117 -20 ) (-313 117 9 ) (-313 245 9 ) 
4 111 117 (-501 389 266 ) (-501 400 266 ) (-501 400 142 ) (-501 389 142 ) 
4 111 112 (-501 389 266 ) (-501 389 142 ) (-313 389 142 ) (-313 389 266 ) 
4 112 161 (-501 274 -20 ) (-501 389 -20 ) (-313 389 -20 ) (-313 274 -20 ) 
4 112 118 (-501 274 266 ) (-501 389 266 ) (-501 389 -20 ) (-501 274 -20 ) 
4 112 114 (-501 274 11.961700 ) (-501 274 -20 ) (-313 274 -20 ) (-313 274 11.961700 ) 
4 112 113 (-501 274 266 ) (-501 274 20.961700 ) (-313 274 20.961700 ) (-313 274 266 ) 
4 113 118 (-501 90 266 ) (-501 274 266 ) (-501 274 20.961700 ) (-501 90 20.961700 ) 
4 113 116 (-501 90 266 ) (-501 90 20.961700 ) (-313 90 20.961700 ) (-313 90 266 ) 
4 114 164 (-501 273 -20 ) (-501 274 -20 ) (-317 274 -20 ) (-317 273 -20 ) 
4 114 162 (-317 274 -20 ) (-313 274 -20 ) (-313 273 -20 ) (-317 273 -20 ) 
4 114 118 (-501 274 11.961700 ) (-501 274 -20 ) (-501 273 -20 ) (-501 273 11.961700 ) 
4 115 166 (-501 117 -20 ) (-501 246 -20 ) (-317 246 -20 ) (-317 117 -20 ) 
4 115 165 (-317 246 -20 ) (-313 246 -20 ) (-313 117 -20 ) (-317 117 -20 ) 
4 115 118 (-501 246 -20 ) (-501 117 -20 ) (-501 117 11.961700 ) (-501 246 11.961700 ) 
4 116 206 (-501 0 -20 ) (-313 0 -20 ) (-313 0 63 ) (-501 0 63 ) 
4 116 203 (-313 0 63 ) (-313 0 71 ) (-501 0 71 ) (-501 0 63 ) 
4 116 201 (-313 0 71 ) (-313 0 266 ) (-501 0 266 ) (-501 0 71 ) 
4 116 171 (-313 0 -20 ) (-501 0 -20 ) (-501 90 -20 ) (-313 90 -20 ) 
4 116 118 (-501 0 266 ) (-501 90 266 ) (-501 90 -20 ) (-501 0 -20 ) 
4 117 119 (-714 389 266 ) (-714 400 266 ) (-714 400 142 ) (-714 389 142 ) 
4 117 118 (-714 389 266 ) (-714 389 142 ) (-501 389 142 ) (-501 389 266 ) 
4 118 275 (-714 0 -20 ) (-507 0 -20 ) (-507 0 266 ) (-714 0 266 ) 
4 118 206 (-507 0 -20 ) (-501 0 -20 ) (-501 0 63 ) (-507 0 63 ) 
4 118 203 (-501 0 63 ) (-501 0 71 ) (-507 0 71 ) (-507 0 63 ) 
4 118 201 (-501 0 71 ) (-501 0 266 ) (-507 0 266 ) (-507 0 71 ) 
4 118 168 (-507 274 -20 ) (-501 274 -20 ) (-501 90 -20 ) (-507 90 -20 ) 
4 118 170 (-714 90 -20 ) (-714 274 -20 ) (-507 274 -20 ) (-507 90 -20 ) 
4 118 161 (-714 274 -20 ) (-714 389 -20 ) (-501 389 -20 ) (-501 274 -20 ) 
4 118 171 (-501 0 -20 ) (-714 0 -20 ) (-714 90 -20 ) (-501 90 -20 ) 
4 118 119 (-714 0 266 ) (-714 389 266 ) (-714 389 -20 ) (-714 0 -20 ) 
4 119 275 (-891 0 -20 ) (-714 0 -20 ) (-714 0 266 ) (-891 0 266 ) 
4 119 172 (-714 0 -20 ) (-891 0 -20 ) (-891 400 -20 ) (-714 400 -20 ) 
4 120 173 (-313 902 -173 ) (-313 1024 -173 ) (0 1024 -173 ) (0 902 -173 ) 
4 120 148 (-313 1024 -173 ) (-313 902 -173 ) (-313 902 -20 ) (-313 1024 -20 ) 
4 120 121 (-16 902 -173 ) (0 902 -173 ) (0 902 -20 ) (-16 902 -20 ) 
4 121 173 (-16 902 -173 ) (0 902 -173 ) (0 888 -173 ) (-16 888 -173 ) 
4 121 146 (-16 888 -173 ) (0 888 -173 ) (0 888 -146 ) (-16 888 -146 ) 
4 121 124 (0 888 -146 ) (0 888 -119 ) (-16 888 -119 ) (-16 888 -146 ) 
4 121 122 (0 888 -119 ) (0 888 -20 ) (-5 888 -20 ) (-5 888 -119 ) 
4 122 126 (-5 400 -119 ) (0 400 -119 ) (0 400 -20 ) (-5 400 -20 ) 
4 122 124 (0 400 -119 ) (-5 400 -119 ) (-5 888 -119 ) (0 888 -119 ) 
4 123 157 (-313 400 -20 ) (-313 736 -20 ) (-313 736 -119 ) (-313 400 -119 ) 
4 123 150 (-313 736 -20 ) (-313 888 -20 ) (-313 888 -119 ) (-313 736 -119 ) 
4 123 139 (-308 400 -119 ) (-116 400 -119 ) (-116 400 -20 ) (-308 400 -20 ) 
4 123 125 (-313 496 -119 ) (-313 888 -119 ) (-116 888 -119 ) (-116 496 -119 ) 
4 124 146 (-16 888 -146 ) (0 888 -146 ) (0 496 -146 ) (-16 496 -146 ) 
4 124 147 (0 496 -146 ) (0 400 -146 ) (-16 400 -146 ) (-16 496 -146 ) 
4 124 127 (-16 400 -146 ) (-5 400 -146 ) (-5 400 -119 ) (-16 400 -119 ) 
4 124 126 (-5 400 -146 ) (0 400 -146 ) (0 400 -119 ) (-5 400 -119 ) 
4 126 147 (-5 400 -146 ) (0 400 -146 ) (0 295 -146 ) (-5 295 -146 ) 
4 126 129 (-5 295 -146 ) (0 295 -146 ) (0 295 -63 ) (-5 295 -63 ) 
4 126 127 (-5 400 -119 ) (-5 400 -146 ) (-5 389 -146 ) (-5 389 -119 ) 
4 126 128 (-5 389 -146 ) (-5 295 -146 ) (-5 295 -20 ) (-5 389 -20 ) 
4 127 147 (-111 400 -146 ) (-5 400 -146 ) (-5 389 -146 ) (-111 389 -146 ) 
4 127 128 (-111 389 -119 ) (-111 389 -146 ) (-5 389 -146 ) (-5 389 -119 ) 
4 128 147 (-5 389 -146 ) (-5 295 -146 ) (-111 295 -146 ) (-111 389 -146 ) 
4 128 130 (-111 295 -119.102005 ) (-111 295 -146 ) (-32 295 -146 ) (-32 295 -119.102005 ) 
4 128 129 (-32 295 -146 ) (-5 295 -146 ) (-5 295 -63 ) (-32 295 -63 ) 
4 129 147 (0 295 -146 ) (0 288 -146 ) (-32 288 -146 ) (-32 295 -146 ) 
4 129 132 (-32 288 -146 ) (0 288 -146 ) (0 288 -71 ) (-32 288 -71 ) 
4 129 130 (-32 295 -119.102005 ) (-32 295 -146 ) (-32 288 -146 ) (-32 288 -119.102005 ) 
4 130 147 (-32 288 -146 ) (-111 288 -146 ) (-111 295 -146 ) (-32 295 -146 ) 
4 130 135 (-111 288 -119.102005 ) (-111 288 -146 ) (-32 288 -146 ) (-32 288 -119.102005 ) 
4 131 135 (-32 288 -20 ) (-32 288 -63 ) (-32 148 -63 ) (-32 148 -20 ) 
4 132 147 (0 288 -146 ) (0 148 -146 ) (-32 148 -146 ) (-32 288 -146 ) 
4 132 135 (-32 288 -71 ) (-32 288 -146 ) (-32 148 -146 ) (-32 148 -71 ) 
4 132 133 (-32 148 -71 ) (-32 148 -146 ) (0 148 -146 ) (0 148 -71 ) 
4 133 147 (0 148 -146 ) (0 141 -146 ) (-32 141 -146 ) (-32 148 -146 ) 
4 133 136 (-32 148 -146 ) (-32 141 -146 ) (-32 141 -119.102005 ) (-32 148 -119.102005 ) 
4 133 134 (-32 141 -63 ) (-32 141 -146 ) (0 141 -146 ) (0 141 -63 ) 
4 134 276 (0 0 -146 ) (0 0 -119 ) (-32 0 -119 ) (-32 0 -146 ) 
4 134 204 (0 0 -119 ) (0 0 -20 ) (-32 0 -20 ) (-32 0 -119 ) 
4 134 147 (0 141 -146 ) (0 0 -146 ) (-32 0 -146 ) (-32 141 -146 ) 
4 134 137 (-32 141 -146 ) (-32 0 -146 ) (-32 0 -20 ) (-32 141 -20 ) 
4 135 147 (-111 148 -146 ) (-111 288 -146 ) (-32 288 -146 ) (-32 148 -146 ) 
4 135 138 (-111 148 -119 ) (-111 148 -20 ) (-111 288 -20 ) (-111 288 -119 ) 
4 135 136 (-111 148 -119.102005 ) (-111 148 -146 ) (-32 148 -146 ) (-32 148 -119.102005 ) 
4 136 147 (-111 141 -146 ) (-111 148 -146 ) (-32 148 -146 ) (-32 141 -146 ) 
4 136 137 (-111 141 -119.102005 ) (-111 141 -146 ) (-32 141 -146 ) (-32 141 -119.102005 ) 
4 137 276 (-111 0 -119 ) (-111 0 -146 ) (-32 0 -146 ) (-32 0 -119 ) 
4 137 204 (-32 0 -20 ) (-111 0 -20 ) (-111 0 -119 ) (-32 0 -119 ) 
4 137 147 (-32 0 -146 ) (-111 0 -146 ) (-111 141 -146 ) (-32 141 -146 ) 
4 138 139 (-116 288 -119 ) (-116 148 -119 ) (-116 148 -20 ) (-116 288 -20 ) 
4 139 205 (-116 0 -20 ) (-308 0 -20 ) (-308 0 -119 ) (-116 0 -119 ) 
4 139 140 (-308 245 -119 ) (-308 117 -119 ) (-308 117 -20 ) (-308 245 -20 ) 
4 140 143 (-309 243 -119 ) (-309 171 -119 ) (-309 171 -71 ) (-309 243 -71 ) 
4 140 142 (-309 171 -71 ) (-309 171 -20 ) (-309 243 -20 ) (-309 243 -71 ) 
4 140 141 (-309 245 -20 ) (-309 245 -119 ) (-309 243 -119 ) (-309 243 -20 ) 
4 140 144 (-309 171 -119 ) (-309 117 -119 ) (-309 117 -20 ) (-309 171 -20 ) 
4 141 143 (-310 243 -71 ) (-310 243 -119 ) (-309 243 -119 ) (-309 243 -71 ) 
4 141 142 (-310 243 -20 ) (-310 243 -71 ) (-309 243 -71 ) (-309 243 -20 ) 
4 141 145 (-310 245 -20 ) (-310 245 -119 ) (-310 243 -119 ) (-310 243 -20 ) 
4 142 145 (-310 171 -71 ) (-310 171 -20 ) (-310 243 -20 ) (-310 243 -71 ) 
4 142 144 (-310 171 -20 ) (-310 171 -71 ) (-309 171 -71 ) (-309 171 -20 ) 
4 142 143 (-309 171 -71 ) (-310 171 -71 ) (-310 243 -71 ) (-309 243 -71 ) 
4 143 145 (-310 243 -119 ) (-310 171 -119 ) (-310 171 -71 ) (-310 243 -71 ) 
4 143 144 (-310 171 -71 ) (-310 171 -119 ) (-309 171 -119 ) (-309 171 -71 ) 
4 144 145 (-310 171 -119 ) (-310 117 -119 ) (-310 117 -20 ) (-310 171 -20 ) 
4 145 165 (-313 117 -20 ) (-313 245 -20 ) (-313 245 -119 ) (-313 117 -119 ) 
4 146 173 (-116 888 -173 ) (0 888 -173 ) (0 496 -173 ) (-116 496 -173 ) 
4 146 147 (0 496 -146 ) (-116 496 -146 ) (-116 496 -173 ) (0 496 -173 ) 
4 147 284 (0 0 -173 ) (0 0 -146 ) (-313 0 -146 ) (-313 0 -173 ) 
4 147 173 (0 0 -173 ) (-313 0 -173 ) (-313 496 -173 ) (0 496 -173 ) 
4 147 169 (-313 274 -173 ) (-313 90 -173 ) (-313 90 -146 ) (-313 274 -146 ) 
4 147 160 (-313 400 -173 ) (-313 389 -173 ) (-313 389 -146 ) (-313 400 -146 ) 
4 147 161 (-313 389 -173 ) (-313 274 -173 ) (-313 274 -146 ) (-313 389 -146 ) 
4 147 171 (-313 90 -173 ) (-313 0 -173 ) (-313 0 -146 ) (-313 90 -146 ) 
4 147 159 (-313 496 -173 ) (-313 400 -173 ) (-313 400 -146 ) (-313 496 -146 ) 
4 148 173 (-586 1024 -173 ) (-313 1024 -173 ) (-313 902 -173 ) (-586 902 -173 ) 
4 148 154 (-586 1024 -173 ) (-586 902 -173 ) (-586 902 -146 ) (-586 1024 -146 ) 
4 148 152 (-586 902 -146 ) (-586 902 -20 ) (-586 1024 -20 ) (-586 1024 -146 ) 
4 148 149 (-586 902 -119 ) (-586 902 -173 ) (-313 902 -173 ) (-313 902 -119 ) 
4 149 173 (-313 902 -173 ) (-313 888 -173 ) (-586 888 -173 ) (-586 902 -173 ) 
4 149 151 (-586 888 -146 ) (-586 888 -173 ) (-313 888 -173 ) (-313 888 -146 ) 
4 150 157 (-313 736 -119 ) (-313 736 -20 ) (-586 736 -20 ) (-586 736 -119 ) 
4 150 153 (-586 736 -119 ) (-586 736 -20 ) (-586 888 -20 ) (-586 888 -119 ) 
4 151 173 (-313 888 -173 ) (-313 736 -173 ) (-586 736 -173 ) (-586 888 -173 ) 
4 151 159 (-586 736 -173 ) (-313 736 -173 ) (-313 736 -146 ) (-586 736 -146 ) 
4 152 155 (-703 902 -20 ) (-703 1024 -20 ) (-703 1024 -146 ) (-703 902 -146 ) 
4 152 154 (-703 902 -146 ) (-703 1024 -146 ) (-586 1024 -146 ) (-586 902 -146 ) 
4 153 157 (-586 736 -119 ) (-586 736 -20 ) (-703 736 -20 ) (-703 736 -119 ) 
4 154 173 (-703 1024 -173 ) (-586 1024 -173 ) (-586 902 -173 ) (-703 902 -173 ) 
4 154 155 (-703 1024 -173 ) (-703 902 -173 ) (-703 902 -146 ) (-703 1024 -146 ) 
4 155 173 (-714 1024 -173 ) (-703 1024 -173 ) (-703 902 -173 ) (-714 902 -173 ) 
4 155 156 (-714 1024 -173 ) (-714 902 -173 ) (-714 902 -20 ) (-714 1024 -20 ) 
4 156 173 (-891 1024 -173 ) (-714 1024 -173 ) (-714 736 -173 ) (-891 736 -173 ) 
4 156 172 (-891 736 -173 ) (-714 736 -173 ) (-714 736 -20 ) (-891 736 -20 ) 
4 158 172 (-714 736 -119 ) (-714 736 -146 ) (-714 400 -146 ) (-714 400 -119 ) 
4 158 160 (-714 400 -119 ) (-714 400 -146 ) (-703 400 -146 ) (-703 400 -119 ) 
4 158 159 (-703 400 -146 ) (-714 400 -146 ) (-714 736 -146 ) (-703 736 -146 ) 
4 159 173 (-714 400 -173 ) (-714 736 -173 ) (-313 736 -173 ) (-313 400 -173 ) 
4 159 172 (-714 736 -146 ) (-714 736 -173 ) (-714 400 -173 ) (-714 400 -146 ) 
4 159 160 (-714 400 -146 ) (-714 400 -173 ) (-313 400 -173 ) (-313 400 -146 ) 
4 160 173 (-714 389 -173 ) (-714 400 -173 ) (-313 400 -173 ) (-313 389 -173 ) 
4 160 172 (-714 400 -173 ) (-714 389 -173 ) (-714 389 -119 ) (-714 400 -119 ) 
4 160 161 (-714 389 -119 ) (-714 389 -173 ) (-313 389 -173 ) (-313 389 -119 ) 
4 161 173 (-714 274 -173 ) (-714 389 -173 ) (-313 389 -173 ) (-313 274 -173 ) 
4 161 172 (-714 389 -173 ) (-714 274 -173 ) (-714 274 -20 ) (-714 389 -20 ) 
4 161 168 (-501 274 -20 ) (-507 274 -20 ) (-507 274 -119 ) (-501 274 -119 ) 
4 161 164 (-317 274 -20 ) (-501 274 -20 ) (-501 274 -119 ) (-317 274 -119 ) 
4 161 162 (-313 274 -128 ) (-313 274 -20 ) (-317 274 -20 ) (-317 274 -128 ) 
4 161 169 (-507 274 -173 ) (-313 274 -173 ) (-313 274 -128 ) (-507 274 -128 ) 
4 161 170 (-714 274 -20 ) (-714 274 -173 ) (-507 274 -173 ) (-507 274 -20 ) 
4 162 164 (-317 274 -20 ) (-317 274 -119 ) (-317 273 -119 ) (-317 273 -20 ) 
4 162 163 (-317 273 -119.077011 ) (-317 273 -128 ) (-313 273 -128 ) (-313 273 -119.077011 ) 
4 162 169 (-317 274 -128 ) (-313 274 -128 ) (-313 273 -128 ) (-317 273 -128 ) 
4 163 165 (-317 246 -128 ) (-313 246 -128 ) (-313 246 -119.077011 ) (-317 246 -119.077011 ) 
4 163 169 (-313 273 -128 ) (-313 246 -128 ) (-317 246 -128 ) (-317 273 -128 ) 
4 164 168 (-501 274 -20 ) (-501 274 -119 ) (-501 273 -119 ) (-501 273 -20 ) 
4 165 167 (-317 117 -128 ) (-313 117 -128 ) (-313 117 -119.077011 ) (-317 117 -119.077011 ) 
4 165 166 (-317 246 -20 ) (-317 246 -119 ) (-317 117 -119 ) (-317 117 -20 ) 
4 165 169 (-317 246 -128 ) (-313 246 -128 ) (-313 117 -128 ) (-317 117 -128 ) 
4 166 168 (-501 117 -119 ) (-501 117 -20 ) (-501 246 -20 ) (-501 246 -119 ) 
4 167 171 (-313 90 -128 ) (-313 90 -119.077011 ) (-317 90 -119.077011 ) (-317 90 -128 ) 
4 167 169 (-313 90 -128 ) (-317 90 -128 ) (-317 117 -128 ) (-313 117 -128 ) 
4 168 170 (-507 274 -20 ) (-507 274 -119 ) (-507 90 -119 ) (-507 90 -20 ) 
4 168 171 (-501 90 -20 ) (-507 90 -20 ) (-507 90 -119 ) (-501 90 -119 ) 
4 169 173 (-507 274 -173 ) (-313 274 -173 ) (-313 90 -173 ) (-507 90 -173 ) 
4 169 170 (-507 274 -128 ) (-507 274 -173 ) (-507 90 -173 ) (-507 90 -128 ) 
4 169 171 (-507 90 -173 ) (-313 90 -173 ) (-313 90 -128 ) (-507 90 -128 ) 
4 170 173 (-714 90 -173 ) (-714 274 -173 ) (-507 274 -173 ) (-507 90 -173 ) 
4 170 172 (-714 274 -173 ) (-714 90 -173 ) (-714 90 -20 ) (-714 274 -20 ) 
4 170 171 (-714 90 -20 ) (-714 90 -173 ) (-507 90 -173 ) (-507 90 -20 ) 
4 171 284 (-714 0 -146 ) (-714 0 -173 ) (-313 0 -173 ) (-313 0 -146 ) 
4 171 277 (-714 0 -119 ) (-714 0 -146 ) (-313 0 -146 ) (-313 0 -119 ) 
4 171 275 (-507 0 -20 ) (-714 0 -20 ) (-714 0 -119 ) (-507 0 -119 ) 
4 171 206 (-313 0 -20 ) (-507 0 -20 ) (-507 0 -119 ) (-313 0 -119 ) 
4 171 173 (-313 0 -173 ) (-714 0 -173 ) (-714 90 -173 ) (-313 90 -173 ) 
4 171 172 (-714 90 -173 ) (-714 0 -173 ) (-714 0 -20 ) (-714 90 -20 ) 
4 172 284 (-891 0 -146 ) (-891 0 -173 ) (-714 0 -173 ) (-714 0 -146 ) 
4 172 277 (-891 0 -119 ) (-891 0 -146 ) (-714 0 -146 ) (-714 0 -119 ) 
4 172 275 (-714 0 -20 ) (-891 0 -20 ) (-891 0 -119 ) (-714 0 -119 ) 
4 172 173 (-714 0 -173 ) (-891 0 -173 ) (-891 736 -173 ) (-714 736 -173 ) 
4 173 284 (0 0 -266 ) (0 0 -173 ) (-891 0 -173 ) (-891 0 -266 ) 
4 174 285 (946 -1024 266 ) (159 -1024 266 ) (159 -1024 9 ) (946 -1024 9 ) 
4 174 178 (946 -1024 9 ) (159 -1024 9 ) (159 0 9 ) (946 0 9 ) 
4 174 176 (159 -876 25 ) (159 -876 266 ) (159 -646 266 ) (159 -646 25 ) 
4 174 175 (159 0 9 ) (159 -646 9 ) (159 -646 266 ) (159 0 266 ) 
4 174 177 (159 -876 9 ) (159 -1024 9 ) (159 -1024 266 ) (159 -876 266 ) 
4 175 186 (86 0 25 ) (86 0 9 ) (86 -646 9 ) (86 -646 25 ) 
4 175 185 (86 -646 266 ) (86 0 266 ) (86 0 25 ) (86 -646 25 ) 
4 175 181 (86 -629 9 ) (86 0 9 ) (146 0 9 ) (146 -629 9 ) 
4 175 179 (146 0 9 ) (159 0 9 ) (159 -629 9 ) (146 -629 9 ) 
4 175 176 (159 -646 25 ) (159 -646 266 ) (86 -646 266 ) (86 -646 25 ) 
4 176 185 (86 -876 266 ) (86 -646 266 ) (86 -646 25 ) (86 -876 25 ) 
4 176 177 (159 -876 25 ) (159 -876 266 ) (86 -876 266 ) (86 -876 25 ) 
4 177 285 (159 -1024 266 ) (86 -1024 266 ) (86 -1024 9 ) (159 -1024 9 ) 
4 177 187 (86 -1024 9 ) (86 -1024 25 ) (86 -876 25 ) (86 -876 9 ) 
4 177 185 (86 -1024 25 ) (86 -1024 266 ) (86 -876 266 ) (86 -876 25 ) 
4 177 183 (146 -1024 9 ) (86 -1024 9 ) (86 -876 9 ) (146 -876 9 ) 
4 177 180 (159 -1024 9 ) (146 -1024 9 ) (146 -876 9 ) (159 -876 9 ) 
4 178 285 (946 -1024 9 ) (159 -1024 9 ) (159 -1024 -146 ) (946 -1024 -146 ) 
4 178 184 (159 0 -146 ) (946 0 -146 ) (946 -1024 -146 ) (159 -1024 -146 ) 
4 178 180 (159 -876 -146 ) (159 -1024 -146 ) (159 -1024 9 ) (159 -876 9 ) 
4 178 179 (159 0 -146 ) (159 -629 -146 ) (159 -629 9 ) (159 0 9 ) 
4 179 184 (146 0 -146 ) (159 0 -146 ) (159 -629 -146 ) (146 -629 -146 ) 
4 179 181 (146 0 -146 ) (146 -629 -146 ) (146 -629 9 ) (146 0 9 ) 
4 180 285 (159 -1024 9 ) (146 -1024 9 ) (146 -1024 -146 ) (159 -1024 -146 ) 
4 180 184 (159 -876 -146 ) (159 -1024 -146 ) (146 -1024 -146 ) (146 -876 -146 ) 
4 180 183 (146 -876 -146 ) (146 -1024 -146 ) (146 -1024 9 ) (146 -876 9 ) 
4 181 198 (86 0 -119 ) (86 0 -146 ) (86 -160 -146 ) (86 -160 -119 ) 
4 181 191 (86 0 -18 ) (86 0 -119 ) (86 -160 -119 ) (86 -160 -18 ) 
4 181 188 (86 -160 9 ) (86 0 9 ) (86 0 -18 ) (86 -160 -18 ) 
4 181 184 (86 -629 -146 ) (86 0 -146 ) (146 0 -146 ) (146 -629 -146 ) 
4 182 196 (86 -646 -18 ) (86 -646 -119 ) (86 -869 -119 ) (86 -869 -18 ) 
4 182 189 (86 -869 9 ) (86 -646 9 ) (86 -646 -18 ) (86 -869 -18 ) 
4 183 285 (146 -1024 9 ) (86 -1024 9 ) (86 -1024 -146 ) (146 -1024 -146 ) 
4 183 199 (86 -1024 -146 ) (86 -1024 -119 ) (86 -876 -119 ) (86 -876 -146 ) 
4 183 197 (86 -1024 -119 ) (86 -1024 -18 ) (86 -876 -18 ) (86 -876 -119 ) 
4 183 190 (86 -1024 -18 ) (86 -1024 9 ) (86 -876 9 ) (86 -876 -18 ) 
4 183 184 (86 -1024 -146 ) (86 -876 -146 ) (146 -876 -146 ) (146 -1024 -146 ) 
4 184 285 (946 -1024 -146 ) (86 -1024 -146 ) (86 -1024 -266 ) (946 -1024 -266 ) 
4 184 200 (86 -1024 -266 ) (86 -1024 -146 ) (86 0 -146 ) (86 0 -266 ) 
4 185 285 (86 -1024 25 ) (86 -1024 266 ) (0 -1024 266 ) (0 -1024 25 ) 
4 185 256 (0 -646 25 ) (0 -876 25 ) (0 -876 266 ) (0 -646 266 ) 
4 185 257 (0 -876 25 ) (0 -1024 25 ) (0 -1024 266 ) (0 -876 266 ) 
4 185 233 (0 -160 25 ) (0 -646 25 ) (0 -646 62 ) (0 -160 62 ) 
4 185 231 (0 -646 62 ) (0 -646 89 ) (0 -391 89 ) (0 -391 62 ) 
4 185 223 (0 -391 89 ) (0 -319 89 ) (0 -319 62 ) (0 -391 62 ) 
4 185 222 (0 -319 89 ) (0 -160 89 ) (0 -160 62 ) (0 -319 62 ) 
4 185 212 (0 -646 89 ) (0 -646 174 ) (0 -160 174 ) (0 -160 89 ) 
4 185 207 (0 -646 174 ) (0 -646 266 ) (0 -160 266 ) (0 -160 174 ) 
4 185 204 (0 0 63 ) (0 0 25 ) (0 -160 25 ) (0 -160 63 ) 
4 185 202 (0 0 71 ) (0 0 63 ) (0 -160 63 ) (0 -160 71 ) 
4 185 201 (0 0 266 ) (0 0 71 ) (0 -160 71 ) (0 -160 266 ) 
4 185 186 (0 0 25 ) (86 0 25 ) (86 -646 25 ) (0 -646 25 ) 
4 185 187 (86 -876 25 ) (86 -1024 25 ) (0 -1024 25 ) (0 -876 25 ) 
4 186 233 (0 -160 9 ) (0 -646 9 ) (0 -646 25 ) (0 -160 25 ) 
4 186 204 (0 0 25 ) (0 0 9 ) (0 -160 9 ) (0 -160 25 ) 
4 186 188 (0 -160 9 ) (0 0 9 ) (86 0 9 ) (86 -160 9 ) 
4 187 285 (86 -1024 9 ) (86 -1024 25 ) (0 -1024 25 ) (0 -1024 9 ) 
4 187 257 (0 -876 9 ) (0 -1024 9 ) (0 -1024 25 ) (0 -876 25 ) 
4 187 190 (0 -1024 9 ) (0 -876 9 ) (86 -876 9 ) (86 -1024 9 ) 
4 188 204 (0 0 9 ) (0 0 -18 ) (0 -160 -18 ) (0 -160 9 ) 
4 188 192 (0 0 -18 ) (69 0 -18 ) (69 -160 -18 ) (0 -160 -18 ) 
4 188 191 (69 0 -18 ) (86 0 -18 ) (86 -160 -18 ) (69 -160 -18 ) 
4 189 259 (0 -646 -18 ) (0 -869 -18 ) (0 -869 9 ) (0 -646 9 ) 
4 189 196 (86 -646 -18 ) (86 -869 -18 ) (0 -869 -18 ) (0 -646 -18 ) 
4 190 285 (86 -1024 -18 ) (86 -1024 9 ) (0 -1024 9 ) (0 -1024 -18 ) 
4 190 260 (0 -876 -18 ) (0 -1024 -18 ) (0 -1024 9 ) (0 -876 9 ) 
4 190 197 (86 -876 -18 ) (86 -1024 -18 ) (0 -1024 -18 ) (0 -876 -18 ) 
4 191 198 (69 0 -119 ) (86 0 -119 ) (86 -160 -119 ) (69 -160 -119 ) 
4 191 192 (69 0 -119 ) (69 -160 -119 ) (69 -160 -18 ) (69 0 -18 ) 
4 192 204 (0 0 -18 ) (0 0 -119 ) (0 -160 -119 ) (0 -160 -18 ) 
4 192 198 (0 -160 -119 ) (0 0 -119 ) (69 0 -119 ) (69 -160 -119 ) 
4 193 242 (0 -226 -119 ) (0 -305 -119 ) (0 -305 -18 ) (0 -226 -18 ) 
4 193 241 (0 -177 -119 ) (0 -226 -119 ) (0 -226 -18 ) (0 -177 -18 ) 
4 194 244 (0 -388 -119 ) (0 -467 -119 ) (0 -467 -18 ) (0 -388 -18 ) 
4 194 243 (0 -339 -119 ) (0 -388 -119 ) (0 -388 -18 ) (0 -339 -18 ) 
4 195 245 (0 -501 -119 ) (0 -629 -119 ) (0 -629 -18 ) (0 -501 -18 ) 
4 196 259 (0 -646 -119 ) (0 -869 -119 ) (0 -869 -18 ) (0 -646 -18 ) 
4 197 285 (86 -1024 -119 ) (86 -1024 -18 ) (0 -1024 -18 ) (0 -1024 -119 ) 
4 197 260 (0 -876 -119 ) (0 -1024 -119 ) (0 -1024 -18 ) (0 -876 -18 ) 
4 197 199 (0 -1024 -119 ) (0 -876 -119 ) (86 -876 -119 ) (86 -1024 -119 ) 
4 198 276 (0 0 -119 ) (0 0 -146 ) (0 -160 -146 ) (0 -160 -119 ) 
4 198 200 (0 0 -146 ) (86 0 -146 ) (86 -160 -146 ) (0 -160 -146 ) 
4 199 285 (86 -1024 -146 ) (86 -1024 -119 ) (0 -1024 -119 ) (0 -1024 -146 ) 
4 199 279 (0 -876 -146 ) (0 -1024 -146 ) (0 -1024 -119 ) (0 -876 -119 ) 
4 199 200 (86 -876 -146 ) (86 -1024 -146 ) (0 -1024 -146 ) (0 -876 -146 ) 
4 200 285 (86 -1024 -266 ) (86 -1024 -146 ) (0 -1024 -146 ) (0 -1024 -266 ) 
4 200 284 (0 0 -146 ) (0 0 -266 ) (0 -1024 -266 ) (0 -1024 -146 ) 
4 201 275 (-507 -160 71 ) (-507 -160 266 ) (-507 0 266 ) (-507 0 71 ) 
4 201 222 (-55 -160 71 ) (0 -160 71 ) (0 -160 89 ) (-73 -160 89 ) 
4 201 221 (-507 -160 89 ) (-507 -160 71 ) (-367 -160 71 ) (-349 -160 89 ) 
4 201 218 (-279 -160 89 ) (-268 -160 89 ) (-268 -160 174 ) (-279 -160 174 ) 
4 201 220 (-507 -160 174 ) (-507 -160 89 ) (-279 -160 89 ) (-279 -160 174 ) 
4 201 215 (-268 -160 89 ) (-148 -160 89 ) (-148 -160 174 ) (-268 -160 174 ) 
4 201 213 (-148 -160 89 ) (-137 -160 89 ) (-137 -160 174 ) (-148 -160 174 ) 
4 201 212 (-137 -160 89 ) (0 -160 89 ) (0 -160 174 ) (-137 -160 174 ) 
4 201 208 (-279 -160 174 ) (-137 -160 174 ) (-137 -160 266 ) (-279 -160 266 ) 
4 201 207 (-137 -160 174 ) (0 -160 174 ) (0 -160 266 ) (-137 -160 266 ) 
4 201 211 (-507 -160 266 ) (-507 -160 174 ) (-279 -160 174 ) (-279 -160 266 ) 
4 201 202 (0 -160 71 ) (-116 -160 71 ) (-116 0 71 ) (0 0 71 ) 
4 201 203 (-313 -160 71 ) (-507 -160 71 ) (-507 0 71 ) (-313 0 71 ) 
4 202 222 (-47 -160 63 ) (0 -160 63 ) (0 -160 71 ) (-55 -160 71 ) 
4 202 204 (0 -160 63 ) (-111 -160 63 ) (-111 0 63 ) (0 0 63 ) 
4 203 275 (-507 -160 63 ) (-507 -160 71 ) (-507 0 71 ) (-507 0 63 ) 
4 203 221 (-507 -160 71 ) (-507 -160 63 ) (-375 -160 63 ) (-367 -160 71 ) 
4 203 206 (-313 -160 63 ) (-507 -160 63 ) (-507 0 63 ) (-313 0 63 ) 
4 204 276 (-111 0 -119 ) (0 0 -119 ) (0 -160 -119 ) (-111 -160 -119 ) 
3 204 234 (-50.262196 -160 9 ) (-5.551975 -160 9 ) (-20.995844 -160 29.423306 ) 
4 204 233 (0 -160 9 ) (0 -160 62 ) (-45.629967 -160 62 ) (-5.551975 -160 9 ) 
4 204 222 (0 -160 62 ) (0 -160 63 ) (-47 -160 63 ) (-46 -160 62 ) 
4 205 248 (-308 -160 -119 ) (-116 -160 -119 ) (-116 -160 -18 ) (-308 -160 -18 ) 
4 205 237 (-116 -160 -18 ) (-116 -160 4 ) (-308 -160 4 ) (-308 -160 -18 ) 
4 206 277 (-507 -160 -119 ) (-507 0 -119 ) (-313 0 -119 ) (-313 -160 -119 ) 
4 206 275 (-507 0 -119 ) (-507 -160 -119 ) (-507 -160 63 ) (-507 0 63 ) 
3 206 240 (-415.655151 -160 9 ) (-370.958008 -160 9 ) (-400.214050 -160 29.416023 ) 
4 206 239 (-507 -160 62 ) (-507 -160 9 ) (-415.655151 -160 9 ) (-375.570007 -160 62 ) 
4 206 221 (-507 -160 63 ) (-507 -160 62 ) (-376 -160 62 ) (-375 -160 63 ) 
4 207 256 (-137 -646 174 ) (0 -646 174 ) (0 -646 266 ) (-137 -646 266 ) 
4 207 212 (0 -646 174 ) (-137 -646 174 ) (-137 -160 174 ) (0 -160 174 ) 
4 207 209 (-137 -402 188 ) (-137 -402 266 ) (-137 -308 266 ) (-137 -308 188 ) 
4 207 208 (-137 -160 174 ) (-137 -308 174 ) (-137 -308 266 ) (-137 -160 266 ) 
4 207 210 (-137 -402 174 ) (-137 -646 174 ) (-137 -646 266 ) (-137 -402 266 ) 
4 208 218 (-279 -308 174 ) (-279 -160 174 ) (-268 -160 174 ) (-268 -308 174 ) 
4 208 215 (-268 -160 174 ) (-148 -160 174 ) (-148 -308 174 ) (-268 -308 174 ) 
4 208 213 (-148 -160 174 ) (-137 -160 174 ) (-137 -308 174 ) (-148 -308 174 ) 
4 208 209 (-279 -308 266 ) (-279 -308 188 ) (-137 -308 188 ) (-137 -308 266 ) 
4 208 211 (-279 -160 174 ) (-279 -308 174 ) (-279 -308 266 ) (-279 -160 266 ) 
4 209 211 (-279 -402 188 ) (-279 -402 266 ) (-279 -308 266 ) (-279 -308 188 ) 
4 209 210 (-279 -402 266 ) (-279 -402 188 ) (-137 -402 188 ) (-137 -402 266 ) 
4 210 256 (-279 -646 174 ) (-137 -646 174 ) (-137 -646 266 ) (-279 -646 266 ) 
4 210 219 (-268 -646 174 ) (-279 -646 174 ) (-279 -402 174 ) (-268 -402 174 ) 
4 210 217 (-148 -646 174 ) (-268 -646 174 ) (-268 -402 174 ) (-148 -402 174 ) 
4 210 214 (-137 -646 174 ) (-148 -646 174 ) (-148 -402 174 ) (-137 -402 174 ) 
4 210 211 (-279 -402 174 ) (-279 -646 174 ) (-279 -646 266 ) (-279 -402 266 ) 
4 211 275 (-507 -646 174 ) (-507 -646 266 ) (-507 -160 266 ) (-507 -160 174 ) 
4 211 256 (-325 -646 174 ) (-279 -646 174 ) (-279 -646 266 ) (-325 -646 266 ) 
4 211 258 (-507 -646 266 ) (-507 -646 174 ) (-325 -646 174 ) (-325 -646 266 ) 
4 211 220 (-279 -646 174 ) (-507 -646 174 ) (-507 -160 174 ) (-279 -160 174 ) 
4 212 256 (-137 -646 89 ) (0 -646 89 ) (0 -646 174 ) (-137 -646 174 ) 
4 212 231 (0 -646 89 ) (-73 -646 89 ) (-73 -391 89 ) (0 -391 89 ) 
4 212 223 (-73 -319 89 ) (0 -319 89 ) (0 -391 89 ) (-73 -391 89 ) 
4 212 222 (-73 -160 89 ) (0 -160 89 ) (0 -319 89 ) (-73 -319 89 ) 
4 212 213 (-137 -160 89 ) (-137 -308 89 ) (-137 -308 174 ) (-137 -160 174 ) 
4 212 214 (-137 -402 89 ) (-137 -646 89 ) (-137 -646 174 ) (-137 -402 174 ) 
4 213 215 (-148 -160 89 ) (-148 -308 89 ) (-148 -308 174 ) (-148 -160 174 ) 
4 214 256 (-148 -646 89 ) (-137 -646 89 ) (-137 -646 174 ) (-148 -646 174 ) 
4 214 217 (-148 -402 89 ) (-148 -646 89 ) (-148 -646 174 ) (-148 -402 174 ) 
4 215 218 (-268 -160 89 ) (-268 -308 89 ) (-268 -308 174 ) (-268 -160 174 ) 
4 216 224 (-268 -391 89 ) (-268 -319 89 ) (-148 -319 89 ) (-148 -391 89 ) 
4 217 256 (-268 -646 89 ) (-148 -646 89 ) (-148 -646 174 ) (-268 -646 174 ) 
4 217 219 (-268 -402 89 ) (-268 -646 89 ) (-268 -646 174 ) (-268 -402 174 ) 
4 218 220 (-279 -160 89 ) (-279 -308 89 ) (-279 -308 174 ) (-279 -160 174 ) 
4 219 256 (-279 -646 89 ) (-268 -646 89 ) (-268 -646 174 ) (-279 -646 174 ) 
4 219 220 (-279 -402 89 ) (-279 -646 89 ) (-279 -646 174 ) (-279 -402 174 ) 
4 220 275 (-507 -646 89 ) (-507 -646 174 ) (-507 -160 174 ) (-507 -160 89 ) 
4 220 256 (-325 -646 89 ) (-279 -646 89 ) (-279 -646 174 ) (-325 -646 174 ) 
4 220 258 (-507 -646 174 ) (-507 -646 89 ) (-325 -646 89 ) (-325 -646 174 ) 
4 220 232 (-349 -646 89 ) (-507 -646 89 ) (-507 -391 89 ) (-349 -391 89 ) 
4 220 230 (-507 -391 89 ) (-507 -319 89 ) (-349 -319 89 ) (-349 -391 89 ) 
4 220 221 (-507 -319 89 ) (-507 -160 89 ) (-349 -160 89 ) (-349 -319 89 ) 
4 221 275 (-507 -319 89 ) (-507 -160 89 ) (-507 -160 62 ) (-507 -319 62 ) 
4 221 239 (-507 -319 62 ) (-507 -160 62 ) (-376 -160 62 ) (-376 -319 62 ) 
4 221 230 (-507 -319 62 ) (-376 -319 62 ) (-349 -319 89 ) (-507 -319 89 ) 
4 222 233 (-45.629967 -160 62 ) (0 -160 62 ) (0 -319 62 ) (-45.629971 -319 62 ) 
4 222 223 (-46 -319 62 ) (0 -319 62 ) (0 -319 89 ) (-73 -319 89 ) 
4 223 233 (-45.629971 -319 62 ) (0 -319 62 ) (0 -391 62 ) (-45.629967 -391 62 ) 
4 223 231 (-46 -391 62 ) (0 -391 62 ) (0 -391 89 ) (-73 -391 89 ) 
4 224 227 (-152 -323 70 ) (-152 -387 70 ) (-264 -387 70 ) (-264 -323 70 ) 
4 224 226 (-264 -319 70 ) (-152 -319 70 ) (-152 -323 70 ) (-264 -323 70 ) 
4 224 228 (-152 -387 70 ) (-152 -391 70 ) (-264 -391 70 ) (-264 -387 70 ) 
4 224 225 (-152 -319 70 ) (-148 -319 70 ) (-148 -391 70 ) (-152 -391 70 ) 
4 224 229 (-268 -391 70 ) (-268 -319 70 ) (-264 -319 70 ) (-264 -391 70 ) 
4 225 236 (-152 -319 62 ) (-148 -319 62 ) (-148 -391 62 ) (-152 -391 62 ) 
4 225 227 (-152 -387 70 ) (-152 -323 70 ) (-152 -323 62 ) (-152 -387 62 ) 
4 225 226 (-152 -323 70 ) (-152 -319 70 ) (-152 -319 62 ) (-152 -323 62 ) 
4 225 228 (-152 -391 62 ) (-152 -391 70 ) (-152 -387 70 ) (-152 -387 62 ) 
4 226 236 (-264 -319 62 ) (-152 -319 62 ) (-152 -323 62 ) (-264 -323 62 ) 
4 226 229 (-264 -323 70 ) (-264 -319 70 ) (-264 -319 62 ) (-264 -323 62 ) 
4 226 227 (-264 -323 70 ) (-264 -323 62 ) (-152 -323 62 ) (-152 -323 70 ) 
4 227 236 (-152 -323 62 ) (-152 -387 62 ) (-264 -387 62 ) (-264 -323 62 ) 
4 227 228 (-264 -387 70 ) (-264 -387 62 ) (-152 -387 62 ) (-152 -387 70 ) 
4 227 229 (-264 -387 70 ) (-264 -323 70 ) (-264 -323 62 ) (-264 -387 62 ) 
4 228 236 (-152 -387 62 ) (-152 -391 62 ) (-264 -391 62 ) (-264 -387 62 ) 
4 228 229 (-264 -391 62 ) (-264 -391 70 ) (-264 -387 70 ) (-264 -387 62 ) 
4 229 236 (-268 -319 62 ) (-264 -319 62 ) (-264 -391 62 ) (-268 -391 62 ) 
4 230 275 (-507 -391 89 ) (-507 -319 89 ) (-507 -319 62 ) (-507 -391 62 ) 
4 230 239 (-507 -391 62 ) (-507 -319 62 ) (-376 -319 62 ) (-376 -391 62 ) 
4 230 232 (-507 -391 62 ) (-376 -391 62 ) (-349 -391 89 ) (-507 -391 89 ) 
4 231 256 (-46 -646 62 ) (0 -646 62 ) (0 -646 89 ) (-73 -646 89 ) 
4 231 233 (0 -646 62 ) (-45.629971 -646 62 ) (-45.629967 -391 62 ) (0 -391 62 ) 
4 232 275 (-507 -646 62 ) (-507 -646 89 ) (-507 -391 89 ) (-507 -391 62 ) 
4 232 258 (-507 -646 89 ) (-507 -646 62 ) (-376 -646 62 ) (-349 -646 89 ) 
4 232 239 (-376 -646 62 ) (-507 -646 62 ) (-507 -391 62 ) (-376 -391 62 ) 
4 233 256 (0 -646 25 ) (0 -646 62 ) (-45.629967 -646 62 ) (-17.650991 -646 25 ) 
4 233 234 (-5.554688 -160 9 ) (-5.554688 -646 9 ) (-20.997444 -646 29.422184 ) (-20.997442 -160 29.422184 ) 
3 234 256 (-17.650991 -646 25 ) (-20.995844 -646 29.423306 ) (-27.334387 -646 25 ) 
4 235 247 (-116 -629 -18 ) (-116 -177 -18 ) (-59 -177 -18 ) (-59 -629 -18 ) 
4 235 237 (-116 -177 -18 ) (-116 -629 -18 ) (-116 -629 4 ) (-116 -177 4 ) 
4 235 236 (-116 -629 4 ) (-116 -629 62 ) (-116 -177 62 ) (-116 -177 4 ) 
4 236 238 (-362 -629 4 ) (-362 -177 4 ) (-308 -177 4 ) (-308 -629 4 ) 
4 236 237 (-308 -177 4 ) (-116 -177 4 ) (-116 -629 4 ) (-308 -629 4 ) 
4 237 272 (-308 -646 -18 ) (-116 -646 -18 ) (-116 -646 4 ) (-308 -646 4 ) 
4 237 248 (-116 -646 -18 ) (-308 -646 -18 ) (-308 -160 -18 ) (-116 -160 -18 ) 
4 237 238 (-308 -177 -18 ) (-308 -629 -18 ) (-308 -629 4 ) (-308 -177 4 ) 
4 238 249 (-362 -629 -18 ) (-362 -177 -18 ) (-308 -177 -18 ) (-308 -629 -18 ) 
4 239 275 (-507 -646 9 ) (-507 -646 62 ) (-507 -160 62 ) (-507 -160 9 ) 
4 239 258 (-507 -646 62 ) (-507 -646 9 ) (-415.655151 -646 9 ) (-375.570007 -646 62 ) 
4 239 240 (-415.656250 -646 9 ) (-415.656250 -160 9 ) (-400.214874 -160 29.416611 ) (-400.214874 -646 29.416611 ) 
3 240 258 (-415.655151 -646 9 ) (-370.958008 -646 9 ) (-400.214050 -646 29.416023 ) 
4 241 247 (-59 -226 -18 ) (-59 -177 -18 ) (-59 -177 -119 ) (-59 -226 -119 ) 
4 241 242 (-46 -226 -119 ) (0 -226 -119 ) (0 -226 -18 ) (-46 -226 -18 ) 
4 243 247 (-59 -388 -18 ) (-59 -339 -18 ) (-59 -339 -119 ) (-59 -388 -119 ) 
4 243 244 (-46 -388 -119 ) (0 -388 -119 ) (0 -388 -18 ) (-46 -388 -18 ) 
4 245 246 (-46 -501 -18 ) (-46 -501 -119 ) (-46 -550 -119 ) (-46 -550 -18 ) 
4 246 247 (-59 -550 -18 ) (-59 -501 -18 ) (-59 -501 -119 ) (-59 -550 -119 ) 
4 247 248 (-116 -629 -18 ) (-116 -177 -18 ) (-116 -177 -119 ) (-116 -629 -119 ) 
4 248 272 (-308 -646 -119 ) (-116 -646 -119 ) (-116 -646 -18 ) (-308 -646 -18 ) 
4 248 249 (-308 -629 -18 ) (-308 -177 -18 ) (-308 -177 -119 ) (-308 -629 -119 ) 
4 249 254 (-362 -629 -18 ) (-362 -580 -18 ) (-362 -580 -119 ) (-362 -629 -119 ) 
4 249 252 (-362 -467 -18 ) (-362 -418 -18 ) (-362 -418 -119 ) (-362 -467 -119 ) 
4 249 251 (-362 -305 -18 ) (-362 -256 -18 ) (-362 -256 -119 ) (-362 -305 -119 ) 
4 250 251 (-490 -256 -18 ) (-490 -256 -119 ) (-375 -256 -119 ) (-375 -256 -18 ) 
4 252 253 (-375 -418 -119 ) (-375 -467 -119 ) (-375 -467 -18 ) (-375 -418 -18 ) 
4 254 255 (-375 -580 -119 ) (-375 -629 -119 ) (-375 -629 -18 ) (-375 -580 -18 ) 
4 256 257 (-325 -876 266 ) (-325 -876 25 ) (0 -876 25 ) (0 -876 266 ) 
4 256 258 (-325 -876 25 ) (-325 -876 266 ) (-325 -646 266 ) (-325 -646 25 ) 
4 257 286 (0 -1024 9 ) (0 -1024 266 ) (-325 -1024 266 ) (-325 -1024 9 ) 
4 257 273 (-308 -1024 9 ) (-325 -1024 9 ) (-325 -876 9 ) (-308 -876 9 ) 
4 257 272 (-116 -1024 9 ) (-308 -1024 9 ) (-308 -876 9 ) (-116 -876 9 ) 
4 257 271 (-108 -1024 9 ) (-116 -1024 9 ) (-116 -876 9 ) (-108 -876 9 ) 
4 257 260 (0 -1024 9 ) (-108 -1024 9 ) (-108 -876 9 ) (0 -876 9 ) 
4 257 258 (-325 -876 9 ) (-325 -1024 9 ) (-325 -1024 266 ) (-325 -876 266 ) 
4 258 286 (-325 -1024 266 ) (-507 -1024 266 ) (-507 -1024 9 ) (-325 -1024 9 ) 
4 258 275 (-507 -1024 9 ) (-507 -1024 266 ) (-507 -646 266 ) (-507 -646 9 ) 
4 258 274 (-325 -1024 9 ) (-507 -1024 9 ) (-507 -646 9 ) (-325 -646 9 ) 
4 259 265 (-108 -806 9 ) (-108 -754 9 ) (-108 -754 -119 ) (-108 -806 -119 ) 
4 259 263 (-108 -750 -119 ) (-108 -753 -119 ) (-108 -753 1 ) (-108 -750 1 ) 
4 259 262 (-108 -753 -119 ) (-108 -754 -119 ) (-108 -754 1 ) (-108 -753 1 ) 
4 259 261 (-108 -754 9 ) (-108 -742 9 ) (-108 -742 1 ) (-108 -754 1 ) 
4 260 286 (0 -1024 -119 ) (0 -1024 9 ) (-108 -1024 9 ) (-108 -1024 -119 ) 
4 260 279 (0 -1024 -119 ) (-108 -1024 -119 ) (-108 -876 -119 ) (0 -876 -119 ) 
4 260 271 (-108 -1024 9 ) (-108 -876 9 ) (-108 -876 -119 ) (-108 -1024 -119 ) 
4 261 272 (-116 -754 9 ) (-116 -742 9 ) (-116 -742 1 ) (-116 -754 1 ) 
4 261 267 (-115 -754 1 ) (-113 -754 1 ) (-113 -754 7 ) (-115 -754 7 ) 
4 261 266 (-113 -754 7 ) (-113 -754 9 ) (-115 -754 9 ) (-115 -754 7 ) 
4 261 265 (-113 -754 1 ) (-108 -754 1 ) (-108 -754 9 ) (-113 -754 9 ) 
4 261 270 (-116 -754 9 ) (-116 -754 1 ) (-115 -754 1 ) (-115 -754 9 ) 
3 261 264 (-116 -745 1 ) (-116 -742 1 ) (-115 -746 1 ) 
3 261 263 (-108 -750 1 ) (-108 -753 1 ) (-112 -749 1 ) 
4 261 262 (-108 -754 1 ) (-116 -754 1 ) (-116 -745 1 ) (-108 -753 1 ) 
4 262 272 (-116 -745 -119 ) (-116 -754 -119 ) (-116 -754 1 ) (-116 -745 1 ) 
4 262 267 (-113 -754 -25 ) (-113 -754 1 ) (-115 -754 1 ) (-115 -754 -25 ) 
4 262 268 (-115 -754 -119 ) (-113 -754 -119 ) (-113 -754 -25 ) (-115 -754 -25 ) 
4 262 265 (-113 -754 -119 ) (-108 -754 -119 ) (-108 -754 1 ) (-113 -754 1 ) 
4 262 270 (-116 -754 1 ) (-116 -754 -119 ) (-115 -754 -119 ) (-115 -754 1 ) 
4 262 264 (-116 -745 -119 ) (-116 -745 1 ) (-115 -746 1 ) (-115 -746 -119 ) 
4 262 263 (-112 -749 1 ) (-108 -753 1 ) (-108 -753 -119 ) (-112 -749 -119 ) 
4 264 272 (-116 -742 1 ) (-116 -742 -119 ) (-116 -745 -119 ) (-116 -745 1 ) 
4 265 267 (-113 -754 7 ) (-113 -754 -25 ) (-113 -802 -25 ) (-113 -802 7 ) 
4 265 266 (-113 -754 9 ) (-113 -754 7 ) (-113 -802 7 ) (-113 -802 9 ) 
4 265 268 (-113 -754 -25 ) (-113 -754 -119 ) (-113 -802 -119 ) (-113 -802 -25 ) 
4 265 269 (-113 -802 -119 ) (-113 -806 -119 ) (-113 -806 9 ) (-113 -802 9 ) 
4 266 270 (-115 -754 9 ) (-115 -754 7 ) (-115 -802 7 ) (-115 -802 9 ) 
4 266 269 (-115 -802 9 ) (-115 -802 7 ) (-113 -802 7 ) (-113 -802 9 ) 
4 266 267 (-113 -802 7 ) (-115 -802 7 ) (-115 -754 7 ) (-113 -754 7 ) 
4 267 268 (-113 -802 -25 ) (-115 -802 -25 ) (-115 -754 -25 ) (-113 -754 -25 ) 
4 267 270 (-115 -754 7 ) (-115 -754 -25 ) (-115 -802 -25 ) (-115 -802 7 ) 
4 267 269 (-115 -802 7 ) (-115 -802 -25 ) (-113 -802 -25 ) (-113 -802 7 ) 
4 268 269 (-115 -802 -25 ) (-115 -802 -119 ) (-113 -802 -119 ) (-113 -802 -25 ) 
4 268 270 (-115 -754 -25 ) (-115 -754 -119 ) (-115 -802 -119 ) (-115 -802 -25 ) 
4 269 270 (-115 -802 -119 ) (-115 -806 -119 ) (-115 -806 9 ) (-115 -802 9 ) 
4 270 272 (-116 -806 9 ) (-116 -754 9 ) (-116 -754 -119 ) (-116 -806 -119 ) 
4 271 286 (-108 -1024 9 ) (-116 -1024 9 ) (-116 -1024 -119 ) (-108 -1024 -119 ) 
4 271 280 (-108 -1024 -119 ) (-116 -1024 -119 ) (-116 -876 -119 ) (-108 -876 -119 ) 
4 271 272 (-116 -1024 9 ) (-116 -876 9 ) (-116 -876 -119 ) (-116 -1024 -119 ) 
4 272 286 (-116 -1024 9 ) (-308 -1024 9 ) (-308 -1024 -119 ) (-116 -1024 -119 ) 
4 272 281 (-116 -1024 -119 ) (-308 -1024 -119 ) (-308 -876 -119 ) (-116 -876 -119 ) 
4 272 273 (-308 -1024 9 ) (-308 -876 9 ) (-308 -876 -119 ) (-308 -1024 -119 ) 
4 273 286 (-308 -1024 9 ) (-325 -1024 9 ) (-325 -1024 -119 ) (-308 -1024 -119 ) 
4 273 282 (-308 -1024 -119 ) (-325 -1024 -119 ) (-325 -876 -119 ) (-308 -876 -119 ) 
4 273 274 (-325 -1024 9 ) (-325 -876 9 ) (-325 -876 -119 ) (-325 -1024 -119 ) 
4 274 286 (-325 -1024 9 ) (-507 -1024 9 ) (-507 -1024 -119 ) (-325 -1024 -119 ) 
4 274 283 (-325 -1024 -119 ) (-507 -1024 -119 ) (-507 -646 -119 ) (-325 -646 -119 ) 
4 274 275 (-507 -646 -119 ) (-507 -1024 -119 ) (-507 -1024 9 ) (-507 -646 9 ) 
4 275 286 (-891 -1024 -119 ) (-507 -1024 -119 ) (-507 -1024 266 ) (-891 -1024 266 ) 
4 275 283 (-507 -1024 -119 ) (-891 -1024 -119 ) (-891 -646 -119 ) (-507 -646 -119 ) 
4 275 278 (-891 -646 -119 ) (-891 -160 -119 ) (-507 -160 -119 ) (-507 -646 -119 ) 
4 275 277 (-891 -160 -119 ) (-891 0 -119 ) (-507 0 -119 ) (-507 -160 -119 ) 
4 276 284 (-111 0 -146 ) (0 0 -146 ) (0 -160 -146 ) (-111 -160 -146 ) 
4 277 284 (-891 0 -146 ) (-313 0 -146 ) (-313 -160 -146 ) (-891 -160 -146 ) 
4 277 278 (-891 -160 -146 ) (-507 -160 -146 ) (-507 -160 -119 ) (-891 -160 -119 ) 
4 278 284 (-891 -160 -146 ) (-507 -160 -146 ) (-507 -646 -146 ) (-891 -646 -146 ) 
4 278 283 (-891 -646 -146 ) (-507 -646 -146 ) (-507 -646 -119 ) (-891 -646 -119 ) 
4 279 286 (0 -1024 -146 ) (0 -1024 -119 ) (-108 -1024 -119 ) (-108 -1024 -146 ) 
4 279 284 (0 -876 -146 ) (0 -1024 -146 ) (-108 -1024 -146 ) (-108 -876 -146 ) 
4 279 280 (-108 -876 -146 ) (-108 -1024 -146 ) (-108 -1024 -119 ) (-108 -876 -119 ) 
4 280 286 (-108 -1024 -119 ) (-116 -1024 -119 ) (-116 -1024 -146 ) (-108 -1024 -146 ) 
4 280 284 (-108 -876 -146 ) (-108 -1024 -146 ) (-116 -1024 -146 ) (-116 -876 -146 ) 
4 280 281 (-116 -876 -146 ) (-116 -1024 -146 ) (-116 -1024 -119 ) (-116 -876 -119 ) 
4 281 286 (-116 -1024 -119 ) (-308 -1024 -119 ) (-308 -1024 -146 ) (-116 -1024 -146 ) 
4 281 284 (-116 -876 -146 ) (-116 -1024 -146 ) (-308 -1024 -146 ) (-308 -876 -146 ) 
4 281 282 (-308 -876 -146 ) (-308 -1024 -146 ) (-308 -1024 -119 ) (-308 -876 -119 ) 
4 282 286 (-308 -1024 -119 ) (-325 -1024 -119 ) (-325 -1024 -146 ) (-308 -1024 -146 ) 
4 282 284 (-308 -876 -146 ) (-308 -1024 -146 ) (-325 -1024 -146 ) (-325 -876 -146 ) 
4 282 283 (-325 -876 -146 ) (-325 -1024 -146 ) (-325 -1024 -119 ) (-325 -876 -119 ) 
4 283 286 (-325 -1024 -119 ) (-891 -1024 -119 ) (-891 -1024 -146 ) (-325 -1024 -146 ) 
4 283 284 (-891 -646 -146 ) (-325 -646 -146 ) (-325 -1024 -146 ) (-891 -1024 -146 ) 
4 284 286 (0 -1024 -266 ) (0 -1024 -146 ) (-891 -1024 -146 ) (-891 -1024 -266 ) 
4 285 286 (0 -1024 266 ) (0 -1024 -266 ) (0 -1236.630127 -266 ) (0 -1236.630127 266 ) 
