PRT1
47
86
4 0 31 (-3159 -1024 -1597 ) (-3584 -1024 -1597 ) (-3584 -1024 -1856 ) (-3159 -1024 -1856 ) 
4 0 5 (-3159 -1024 -1856 ) (-3584 -1024 -1856 ) (-3584 -896 -1856 ) (-3159 -896 -1856 ) 
4 0 1 (-3584 -906 -1805 ) (-3584 -1024 -1805 ) (-3584 -1024 -1620 ) (-3584 -906 -1620 ) 
4 1 32 (-3607 -1024 -1620 ) (-3607 -1024 -1805 ) (-3584 -1024 -1805 ) (-3584 -1024 -1620 ) 
4 1 3 (-3607 -1024 -1789.010742 ) (-3607 -1024 -1620 ) (-3607 -906 -1620 ) (-3607 -906 -1789.010742 ) 
4 2 8 (-3840 -768 -1856 ) (-3840 -890 -1856 ) (-4032 -890 -1856 ) (-4032 -768 -1856 ) 
4 2 3 (-3607 -890 -1789.010620 ) (-3607 -890 -1560 ) (-3656 -890 -1560 ) (-3656 -890 -1822.010742 ) 
4 2 4 (-4096 -890 -1856 ) (-3656 -890 -1856 ) (-3656 -890 -1560 ) (-4096 -890 -1560 ) 
4 3 36 (-3607 -1024 -1789.010620 ) (-3607 -1024 -1560 ) (-3656 -1024 -1560 ) (-3656 -1024 -1822.010742 ) 
4 3 4 (-3656 -890 -1560 ) (-3656 -890 -1822.010742 ) (-3656 -1024 -1822.010620 ) (-3656 -1024 -1560 ) 
4 4 37 (-4096 -1024 -1560 ) (-4096 -1024 -1856 ) (-3656 -1024 -1856 ) (-3656 -1024 -1560 ) 
4 4 8 (-4032 -890 -1856 ) (-3840 -890 -1856 ) (-3840 -896 -1856 ) (-4032 -896 -1856 ) 
4 5 31 (-3159 -1024 -1856 ) (-3584 -1024 -1856 ) (-3584 -1024 -2361 ) (-3159 -1024 -2361 ) 
4 5 13 (-3159 -1024 -2361 ) (-3584 -1024 -2361 ) (-3584 -896 -2361 ) (-3159 -896 -2361 ) 
4 6 39 (-3776 -1024 -2177 ) (-3776 -1024 -2361 ) (-3607 -1024 -2361 ) (-3607 -1024 -2177 ) 
4 6 35 (-3607 -1024 -2361 ) (-3594 -1024 -2361 ) (-3594 -1024 -2240 ) (-3607 -1024 -2240 ) 
4 6 33 (-3594 -1024 -2240 ) (-3594 -1024 -2177 ) (-3607 -1024 -2177 ) (-3607 -1024 -2240 ) 
4 6 15 (-3594 -1024 -2361 ) (-3776 -1024 -2361 ) (-3776 -704 -2361 ) (-3594 -704 -2361 ) 
4 6 14 (-3776 -704 -2361 ) (-3776 -383 -2361 ) (-3594 -383 -2361 ) (-3594 -704 -2361 ) 
4 6 12 (-3776 -960 -2361 ) (-3776 -1024 -2361 ) (-3776 -1024 -2177 ) (-3776 -960 -2177 ) 
4 6 7 (-3776 -383 -2361 ) (-3776 -704 -2361 ) (-3776 -704 -2177 ) (-3776 -383 -2177 ) 
4 7 18 (-3840 -704 -2361 ) (-4032 -704 -2361 ) (-4032 -383 -2361 ) (-3840 -383 -2361 ) 
4 7 16 (-3776 -383 -2361 ) (-3776 -704 -2361 ) (-3840 -704 -2361 ) (-3840 -383 -2361 ) 
4 7 10 (-4032 -383 -2361 ) (-4032 -704 -2361 ) (-4032 -704 -2240 ) (-4032 -383 -2240 ) 
4 7 9 (-4032 -704 -2240 ) (-4032 -704 -2177 ) (-4032 -383 -2177 ) (-4032 -383 -2240 ) 
4 8 20 (-4032 -896 -2361 ) (-4032 -832 -2361 ) (-3840 -832 -2361 ) (-3840 -896 -2361 ) 
4 8 19 (-4032 -832 -2361 ) (-4032 -768 -2361 ) (-3840 -768 -2361 ) (-3840 -832 -2361 ) 
4 8 11 (-4032 -832 -2361 ) (-4032 -896 -2361 ) (-4032 -896 -2240 ) (-4032 -832 -2240 ) 
4 9 26 (-4096 -383 -2240 ) (-4096 -704 -2240 ) (-4096 -704 -2177 ) (-4096 -383 -2177 ) 
4 9 10 (-4032 -383 -2240 ) (-4032 -704 -2240 ) (-4096 -704 -2240 ) (-4096 -383 -2240 ) 
4 10 26 (-4096 -383 -2361 ) (-4096 -704 -2361 ) (-4096 -704 -2240 ) (-4096 -383 -2240 ) 
4 10 22 (-4096 -704 -2361 ) (-4096 -383 -2361 ) (-4032 -383 -2361 ) (-4032 -704 -2361 ) 
4 11 26 (-4096 -832 -2361 ) (-4096 -896 -2361 ) (-4096 -896 -2240 ) (-4096 -832 -2240 ) 
4 11 23 (-4096 -896 -2361 ) (-4096 -832 -2361 ) (-4032 -832 -2361 ) (-4032 -896 -2361 ) 
4 12 39 (-4096 -1024 -2177 ) (-4096 -1024 -2361 ) (-3776 -1024 -2361 ) (-3776 -1024 -2177 ) 
4 12 26 (-4096 -1024 -2361 ) (-4096 -1024 -2177 ) (-4096 -960 -2177 ) (-4096 -960 -2361 ) 
4 12 24 (-4032 -1024 -2361 ) (-4096 -1024 -2361 ) (-4096 -960 -2361 ) (-4032 -960 -2361 ) 
4 12 21 (-3840 -1024 -2361 ) (-4032 -1024 -2361 ) (-4032 -960 -2361 ) (-3840 -960 -2361 ) 
4 12 17 (-3776 -1024 -2361 ) (-3840 -1024 -2361 ) (-3840 -960 -2361 ) (-3776 -960 -2361 ) 
4 13 40 (-3159 -1024 -2361 ) (-3584 -1024 -2361 ) (-3584 -1024 -2368 ) (-3159 -1024 -2368 ) 
4 14 16 (-3776 -383 -2361 ) (-3776 -383 -2368 ) (-3776 -704 -2368 ) (-3776 -704 -2361 ) 
4 14 15 (-3776 -704 -2361 ) (-3776 -704 -2368 ) (-3594 -704 -2368 ) (-3594 -704 -2361 ) 
4 15 42 (-3594 -1024 -2361 ) (-3776 -1024 -2361 ) (-3776 -1024 -2368 ) (-3594 -1024 -2368 ) 
4 15 17 (-3776 -960 -2368 ) (-3776 -1024 -2368 ) (-3776 -1024 -2361 ) (-3776 -960 -2361 ) 
4 16 18 (-3840 -383 -2368 ) (-3840 -704 -2368 ) (-3840 -704 -2361 ) (-3840 -383 -2361 ) 
4 17 43 (-3776 -1024 -2361 ) (-3840 -1024 -2361 ) (-3840 -1024 -2368 ) (-3776 -1024 -2368 ) 
4 17 21 (-3840 -960 -2368 ) (-3840 -1024 -2368 ) (-3840 -1024 -2361 ) (-3840 -960 -2361 ) 
4 18 22 (-4032 -383 -2368 ) (-4032 -704 -2368 ) (-4032 -704 -2361 ) (-4032 -383 -2361 ) 
4 19 20 (-4032 -832 -2361 ) (-4032 -832 -2368 ) (-3840 -832 -2368 ) (-3840 -832 -2361 ) 
4 20 23 (-4032 -832 -2368 ) (-4032 -896 -2368 ) (-4032 -896 -2361 ) (-4032 -832 -2361 ) 
4 21 43 (-3840 -1024 -2361 ) (-4032 -1024 -2361 ) (-4032 -1024 -2368 ) (-3840 -1024 -2368 ) 
4 21 24 (-4032 -960 -2368 ) (-4032 -1024 -2368 ) (-4032 -1024 -2361 ) (-4032 -960 -2361 ) 
4 22 29 (-4096 -704 -2361 ) (-4096 -383 -2361 ) (-4096 -383 -2368 ) (-4096 -704 -2368 ) 
4 23 29 (-4096 -896 -2361 ) (-4096 -832 -2361 ) (-4096 -832 -2368 ) (-4096 -896 -2368 ) 
4 24 43 (-4032 -1024 -2361 ) (-4096 -1024 -2361 ) (-4096 -1024 -2368 ) (-4032 -1024 -2368 ) 
4 24 29 (-4096 -1024 -2368 ) (-4096 -1024 -2361 ) (-4096 -960 -2361 ) (-4096 -960 -2368 ) 
4 25 44 (-3136 -1024 -2406 ) (-3584 -1024 -2406 ) (-3584 -1024 -3200 ) (-3136 -1024 -3200 ) 
4 26 45 (-4096 -1024 -2361 ) (-4096 -1024 -2177 ) (-4278 -1024 -2177 ) (-4278 -1024 -2361 ) 
4 26 29 (-4096 -383 -2361 ) (-4096 -1024 -2361 ) (-4278 -1024 -2361 ) (-4278 -383 -2361 ) 
4 26 27 (-4278 -768 -2361 ) (-4278 -896 -2361 ) (-4278 -896 -2177 ) (-4278 -768 -2177 ) 
4 27 30 (-4278 -768 -2361 ) (-4278 -896 -2361 ) (-4288 -896 -2361 ) (-4288 -768 -2361 ) 
4 27 28 (-4288 -768 -2361 ) (-4288 -896 -2361 ) (-4288 -896 -2177 ) (-4288 -768 -2177 ) 
4 28 30 (-4288 -768 -2361 ) (-4288 -896 -2361 ) (-4416 -896 -2361 ) (-4416 -768 -2361 ) 
4 29 46 (-4096 -1024 -2368 ) (-4096 -1024 -2361 ) (-4278 -1024 -2361 ) (-4278 -1024 -2368 ) 
4 29 30 (-4278 -768 -2368 ) (-4278 -896 -2368 ) (-4278 -896 -2361 ) (-4278 -768 -2361 ) 
4 31 40 (-3584 -1268 -2361 ) (-3584 -1024 -2361 ) (-3159 -1024 -2361 ) (-3159 -1268 -2361 ) 
4 31 34 (-3584 -1088 -2361 ) (-3584 -1216 -2361 ) (-3584 -1216 -2240 ) (-3584 -1088 -2240 ) 
4 31 32 (-3584 -1024 -1620 ) (-3584 -1024 -1805 ) (-3584 -1254 -1805 ) (-3584 -1254 -1620 ) 
4 32 36 (-3607 -1254 -1620 ) (-3607 -1024 -1620 ) (-3607 -1024 -1789.010742 ) (-3607 -1254 -1789.010742 ) 
4 33 39 (-3607 -1281 -2177 ) (-3607 -1024 -2177 ) (-3607 -1024 -2240 ) (-3607 -1281 -2240 ) 
4 33 35 (-3607 -1281 -2240 ) (-3607 -1024 -2240 ) (-3594 -1024 -2240 ) (-3594 -1281 -2240 ) 
4 34 41 (-3584 -1088 -2361 ) (-3584 -1216 -2361 ) (-3594 -1216 -2361 ) (-3594 -1088 -2361 ) 
4 34 35 (-3594 -1088 -2361 ) (-3594 -1216 -2361 ) (-3594 -1216 -2240 ) (-3594 -1088 -2240 ) 
4 35 42 (-3607 -1281 -2361 ) (-3607 -1024 -2361 ) (-3594 -1024 -2361 ) (-3594 -1281 -2361 ) 
4 35 39 (-3607 -1024 -2361 ) (-3607 -1281 -2361 ) (-3607 -1281 -2240 ) (-3607 -1024 -2240 ) 
4 36 38 (-3607 -1254 -1789.010620 ) (-3607 -1254 -1560 ) (-3656 -1254 -1560 ) (-3656 -1254 -1822.010742 ) 
4 36 37 (-3656 -1254 -1822.010620 ) (-3656 -1254 -1560 ) (-3656 -1024 -1560 ) (-3656 -1024 -1822.010742 ) 
4 37 38 (-4096 -1254 -1856 ) (-3656 -1254 -1856 ) (-3656 -1254 -1560 ) (-4096 -1254 -1560 ) 
4 39 45 (-4096 -1024 -2177 ) (-4096 -1024 -2361 ) (-4096 -1281 -2361 ) (-4096 -1281 -2177 ) 
4 39 43 (-4096 -1281 -2361 ) (-4096 -1024 -2361 ) (-3776 -1024 -2361 ) (-3776 -1281 -2361 ) 
4 39 42 (-3776 -1024 -2361 ) (-3607 -1024 -2361 ) (-3607 -1281 -2361 ) (-3776 -1281 -2361 ) 
4 40 41 (-3584 -1088 -2368 ) (-3584 -1216 -2368 ) (-3584 -1216 -2361 ) (-3584 -1088 -2361 ) 
4 41 42 (-3594 -1088 -2368 ) (-3594 -1216 -2368 ) (-3594 -1216 -2361 ) (-3594 -1088 -2361 ) 
4 42 43 (-3776 -1024 -2368 ) (-3776 -1281 -2368 ) (-3776 -1281 -2361 ) (-3776 -1024 -2361 ) 
4 43 46 (-4096 -1024 -2361 ) (-4096 -1024 -2368 ) (-4096 -1281 -2368 ) (-4096 -1281 -2361 ) 
4 45 46 (-4278 -1281 -2361 ) (-4278 -1024 -2361 ) (-4096 -1024 -2361 ) (-4096 -1281 -2361 ) 
