


materialPath: D:\SteamGames\SteamApps\common\Half-Life 2\hl2\materials
Loading C:\Users\admin\Desktop\gm_factorynormal.vmf
Could not locate 'GameData' key in d:\steamgames\steamapps\common\half-life 2\hl2\gameinfo.txt
Patching WVT material: maps/gm_factorynormal/nature/blendcliffgrass001a_wvt_patch
fixing up env_cubemap materials on brush sides...
0...1...2...3...4...5...6...7...8...9...10**** leaked ****
Entity sky_camera (0.00 0.00 -3.17) leaked!

FindPortalSide: Couldn't find a good match for which brush to assign to a portal near (9216.0 -512.0 704.1)
Leaf 0 contents: 
Leaf 1 contents: CONTENTS_SOLID 
viscontents (node 0 contents ^ node 1 contents): CONTENTS_SOLID 
This means that none of the brushes in leaf 0 or 1 that touches the portal has CONTENTS_SOLID 
Check for a huge brush enclosing the coordinates above that has contents CONTENTS_SOLID 
Candidate brush IDs: 


FindPortalSide: Couldn't find a good match for which brush to assign to a portal near (8704.0 0.0 704.1)
Leaf 0 contents: 
Leaf 1 contents: CONTENTS_SOLID 
viscontents (node 0 contents ^ node 1 contents): CONTENTS_SOLID 
This means that none of the brushes in leaf 0 or 1 that touches the portal has CONTENTS_SOLID 
Check for a huge brush enclosing the coordinates above that has contents CONTENTS_SOLID 
Candidate brush IDs: 


FindPortalSide: Couldn't find a good match for which brush to assign to a portal near (7680.0 0.0 704.1)
Leaf 0 contents: 
Leaf 1 contents: CONTENTS_SOLID 
viscontents (node 0 contents ^ node 1 contents): CONTENTS_SOLID 
This means that none of the brushes in leaf 0 or 1 that touches the portal has CONTENTS_SOLID 
Check for a huge brush enclosing the coordinates above that has contents CONTENTS_SOLID 
Candidate brush IDs: 


FindPortalSide: Couldn't find a good match for which brush to assign to a portal near (9216.0 -1536.0 704.1)
Leaf 0 contents: 
Leaf 1 contents: CONTENTS_SOLID 
viscontents (node 0 contents ^ node 1 contents): CONTENTS_SOLID 
This means that none of the brushes in leaf 0 or 1 that touches the portal has CONTENTS_SOLID 
Check for a huge brush enclosing the coordinates above that has contents CONTENTS_SOLID 
Candidate brush IDs: 


FindPortalSide: Couldn't find a good match for which brush to assign to a portal near (9216.0 -2560.0 704.1)
Leaf 0 contents: 
Leaf 1 contents: CONTENTS_SOLID 
viscontents (node 0 contents ^ node 1 contents): CONTENTS_SOLID 
This means that none of the brushes in leaf 0 or 1 that touches the portal has CONTENTS_SOLID 
Check for a huge brush enclosing the coordinates above that has contents CONTENTS_SOLID 
Candidate brush IDs: 


FindPortalSide: Couldn't find a good match for which brush to assign to a portal near (8704.0 -4096.0 704.1)
Leaf 0 contents: CONTENTS_SOLID 
Leaf 1 contents: 
viscontents (node 0 contents ^ node 1 contents): CONTENTS_SOLID 
This means that none of the brushes in leaf 0 or 1 that touches the portal has CONTENTS_SOLID 
Check for a huge brush enclosing the coordinates above that has contents CONTENTS_SOLID 
Candidate brush IDs: 


FindPortalSide: Couldn't find a good match for which brush to assign to a portal near (9216.0 -3584.0 704.1)
Leaf 0 contents: 
Leaf 1 contents: CONTENTS_SOLID 
viscontents (node 0 contents ^ node 1 contents): CONTENTS_SOLID 
This means that none of the brushes in leaf 0 or 1 that touches the portal has CONTENTS_SOLID 
Check for a huge brush enclosing the coordinates above that has contents CONTENTS_SOLID 
Candidate brush IDs: 


FindPortalSide: Couldn't find a good match for which brush to assign to a portal near (7680.0 -4096.0 704.1)
Leaf 0 contents: CONTENTS_SOLID 
Leaf 1 contents: 
viscontents (node 0 contents ^ node 1 contents): CONTENTS_SOLID 
This means that none of the brushes in leaf 0 or 1 that touches the portal has CONTENTS_SOLID 
Check for a huge brush enclosing the coordinates above that has contents CONTENTS_SOLID 
Candidate brush IDs: 

*** Suppressing further FindPortalSide errors.... ***
Processing areas...done (0)
Building Faces...done (0)
Chop Details...done (0)
Find Visible Detail Sides...done (0)
Merging details...done (0)
FixTjuncs...
PruneNodes...
WriteBSP...
done (0)
Creating default LDR cubemaps for env_cubemap using skybox materials:
   skybox/sky_day01_08*.vmt
 ! Run buildcubemaps in the engine to get the correct cube maps.
Creating default HDR cubemaps for env_cubemap using skybox materials:
   skybox/sky_day01_08*.vmt
 ! Run buildcubemaps in the engine to get the correct cube maps.
Finding displacement neighbors...
Found a displacement edge abutting multiple other edges.
Finding lightmap sample positions...
Displacement Alpha : 0...1...2...3...4...5...6...7...8...9...10
Building Physics collision data...
WARNING: Map using power 4 displacements, terrain physics cannot be compressed, map will need additional memory and CPU.
Degenerate Triangle
(-350.44, -183.84, 43.41), (-356.20, -183.84, 57.23), (-356.20, -183.84, 57.23)
Degenerate Triangle
(-356.20, -183.84, 57.23), (-361.96, -183.84, 61.54), (-356.20, -183.84, 57.23)
Degenerate Triangle
(-350.44, -183.84, 43.41), (-350.44, -183.84, 43.41), (-356.20, -183.84, 57.23)
Degenerate Triangle
(-350.44, -183.84, 43.41), (-350.44, -183.84, 43.41), (-356.20, -183.84, 57.23)
Degenerate Triangle
(-350.44, -183.84, 43.41), (-350.44, -183.84, 43.41), (-344.68, -183.84, 33.21)
Degenerate Triangle
(-350.44, -183.84, 43.41), (-350.44, -183.84, 43.41), (-344.68, -183.84, 33.21)
Degenerate Triangle
(-350.44, -183.84, 43.41), (-350.44, -183.84, 43.41), (-344.68, -183.84, 33.19)
Degenerate Triangle
(-350.44, -183.84, 43.41), (-350.44, -183.84, 43.41), (-344.68, -183.84, 33.19)
Degenerate Triangle
(-350.44, -183.84, 43.41), (-356.20, -183.84, 57.23), (-356.20, -183.84, 57.23)
Degenerate Triangle
(-356.20, -183.84, 57.23), (-361.96, -183.84, 61.54), (-356.20, -183.84, 57.23)
Degenerate Triangle
(-361.96, -183.84, 61.54), (-356.20, -183.84, 57.23), (-356.20, -183.84, 57.23)
Degenerate Triangle
(-356.20, -183.84, 57.23), (-350.44, -183.84, 43.41), (-356.20, -183.84, 57.23)
Degenerate Triangle
(-350.44, -183.84, 43.41), (-350.44, -183.84, 43.41), (-356.20, -183.84, 57.23)
Degenerate Triangle
(-350.44, -183.84, 43.41), (-350.44, -183.84, 43.41), (-356.20, -183.84, 57.23)
Degenerate Triangle
(-350.44, -183.84, 43.41), (-356.20, -183.84, 57.23), (-356.20, -183.84, 57.23)
Degenerate Triangle
(-356.20, -183.84, 57.23), (-361.96, -183.84, 61.54), (-356.20, -183.84, 57.23)
Degenerate Triangle
(-361.96, -183.84, 61.54), (-356.20, -183.84, 57.23), (-356.20, -183.84, 57.23)
Degenerate Triangle
(-356.20, -183.84, 57.23), (-350.44, -183.84, 43.41), (-356.20, -183.84, 57.23)
Degenerate Triangle
(-350.44, -183.84, 43.41), (-350.44, -183.84, 43.41), (-356.20, -183.84, 57.23)
Degenerate Triangle
(-350.44, -183.84, 43.41), (-350.44, -183.84, 43.41), (-356.20, -183.84, 57.23)
Degenerate Triangle
(-350.44, -183.84, 43.41), (-350.44, -183.84, 43.41), (-344.68, -183.84, 33.16)
Degenerate Triangle
(-350.44, -183.84, 43.41), (-350.44, -183.84, 43.41), (-344.68, -183.84, 33.16)
Degenerate Triangle
(-350.44, -183.84, 43.41), (-350.44, -183.84, 43.41), (-344.68, -183.84, 33.09)
Degenerate Triangle
(-350.44, -183.84, 43.41), (-356.20, -183.84, 57.23), (-356.20, -183.84, 57.23)
Degenerate Triangle
(-356.20, -183.84, 57.23), (-361.96, -183.84, 61.54), (-356.20, -183.84, 57.23)
Degenerate Triangle
(-350.44, -183.84, 43.41), (-350.44, -183.84, 43.41), (-356.20, -183.84, 57.23)
Degenerate Triangle
(3072.00, -5696.00, 54.52), (3072.00, -5696.00, 54.52), (3072.00, -5752.00, 48.55)
Degenerate Triangle
(3072.00, -5696.00, 54.53), (3072.00, -5752.00, 48.55), (3072.00, -5752.00, 48.55)
Degenerate Triangle
(3072.00, -5752.00, 48.55), (3072.00, -5808.00, 14.41), (3072.00, -5752.00, 48.55)
Degenerate Triangle
(3072.00, -5696.00, 54.53), (3072.00, -5752.00, 48.55), (3072.00, -5752.00, 48.55)
Degenerate Triangle
(3072.00, -5752.00, 48.55), (3072.00, -5808.00, 14.73), (3072.00, -5752.00, 48.55)
Degenerate Triangle
(3072.00, -5808.00, 14.41), (3072.00, -5808.00, 14.41), (3072.00, -5752.00, 48.55)
Degenerate Triangle
(3072.00, -5920.00, -77.07), (3072.00, -5864.00, -53.03), (3072.00, -5864.00, -53.03)
Degenerate Triangle
(3072.00, -5864.00, -53.03), (3072.00, -5808.00, 14.41), (3072.00, -5864.00, -53.03)
Degenerate Triangle
(3072.00, -5808.00, 14.41), (3072.00, -5808.00, 14.41), (3072.00, -5864.00, -53.03)
Degenerate Triangle
(3072.00, -5920.00, -77.18), (3072.00, -5864.00, -53.03), (3072.00, -5864.00, -53.03)
Degenerate Triangle
(3072.00, -5864.00, -53.03), (3072.00, -5808.00, 14.73), (3072.00, -5864.00, -53.03)
Degenerate Triangle
(3072.00, -6480.00, 500.20), (3072.00, -6480.00, 500.20), (3072.00, -6424.00, 484.88)
Degenerate Triangle
(3072.00, -6480.00, 500.20), (3072.00, -6480.00, 500.20), (3072.00, -6536.00, 504.01)
Degenerate Triangle
(3072.00, -6256.00, -89.65), (3072.00, -6312.00, -87.85), (3072.00, -6312.00, -87.85)
Degenerate Triangle
(3072.00, -6312.00, -87.85), (3072.00, -6368.00, -87.52), (3072.00, -6312.00, -87.85)
Degenerate Triangle
(3072.00, -6368.00, -87.52), (3072.00, -6368.00, -87.52), (3072.00, -6312.00, -87.85)
Degenerate Triangle
(3072.00, -6256.00, -89.65), (3072.00, -6256.00, -89.65), (3072.00, -6312.00, -87.85)
Degenerate Triangle
(3072.00, -6256.00, -89.65), (3072.00, -6256.00, -89.65), (3072.00, -6200.00, -92.36)
Degenerate Triangle
(3072.00, -6256.00, -89.65), (3072.00, -6200.00, -92.36), (3072.00, -6200.00, -92.36)
Degenerate Triangle
(3072.00, -6200.00, -92.36), (3072.00, -6144.00, -93.93), (3072.00, -6200.00, -92.36)
Degenerate Triangle
(3072.00, -6144.00, -93.93), (3072.00, -6144.00, -93.93), (3072.00, -6200.00, -92.36)
Degenerate Triangle
(3072.00, -6368.00, -87.52), (3072.00, -6424.00, -86.26), (3072.00, -6424.00, -86.26)
Degenerate Triangle
(3072.00, -6424.00, -86.26), (3072.00, -6480.00, -85.96), (3072.00, -6424.00, -86.26)
Degenerate Triangle
(3072.00, -6480.00, -85.96), (3072.00, -6424.00, -86.26), (3072.00, -6424.00, -86.26)
Degenerate Triangle
(3072.00, -6424.00, -86.26), (3072.00, -6368.00, -87.50), (3072.00, -6424.00, -86.26)
Degenerate Triangle
(3072.00, -6480.00, -85.96), (3072.00, -6424.00, -86.26), (3072.00, -6424.00, -86.26)
Degenerate Triangle
(3072.00, -6424.00, -86.26), (3072.00, -6368.00, -87.52), (3072.00, -6424.00, -86.26)
Degenerate Triangle
(3072.00, -6368.00, -87.52), (3072.00, -6368.00, -87.52), (3072.00, -6424.00, -86.26)
Degenerate Triangle
(3072.00, -6368.00, -87.52), (3072.00, -6424.00, -86.26), (3072.00, -6424.00, -86.26)
Degenerate Triangle
(3072.00, -6424.00, -86.26), (3072.00, -6480.00, -85.96), (3072.00, -6424.00, -86.26)
Degenerate Triangle
(3072.00, -6368.00, -87.52), (3072.00, -6368.00, -87.52), (3072.00, -6424.00, -86.26)
Degenerate Triangle
(3072.00, -6368.00, -87.52), (3072.00, -6368.00, -87.52), (3072.00, -6424.00, -86.26)
Degenerate Triangle
(3072.00, -6368.00, -87.52), (3072.00, -6368.00, -87.52), (3072.00, -6424.00, -86.31)
Degenerate Triangle
(3072.00, -6144.00, -93.93), (3072.00, -6200.00, -92.36), (3072.00, -6200.00, -92.36)
Degenerate Triangle
(3072.00, -6200.00, -92.36), (3072.00, -6256.00, -89.65), (3072.00, -6200.00, -92.36)
Degenerate Triangle
(3072.00, -6256.00, -89.65), (3072.00, -6256.00, -89.65), (3072.00, -6200.00, -92.36)
Degenerate Triangle
(3072.00, -6256.00, -89.65), (3072.00, -6256.00, -89.65), (3072.00, -6200.00, -92.36)
Degenerate Triangle
(3072.00, -6256.00, -89.65), (3072.00, -6200.00, -92.36), (3072.00, -6200.00, -92.36)
Degenerate Triangle
(3072.00, -6200.00, -92.36), (3072.00, -6144.00, -93.93), (3072.00, -6200.00, -92.36)
Degenerate Triangle
(3072.00, -6368.00, -87.52), (3072.00, -6368.00, -87.52), (3072.00, -6312.00, -87.85)
Degenerate Triangle
(3072.00, -6368.00, -87.52), (3072.00, -6368.00, -87.52), (3072.00, -6312.00, -87.85)
Degenerate Triangle
(3072.00, -6368.00, -87.52), (3072.00, -6312.00, -87.85), (3072.00, -6312.00, -87.85)
Degenerate Triangle
(3072.00, -6312.00, -87.85), (3072.00, -6256.00, -89.65), (3072.00, -6312.00, -87.85)
Degenerate Triangle
(3072.00, -6256.00, -89.65), (3072.00, -6256.00, -89.65), (3072.00, -6312.00, -87.85)
Degenerate Triangle
(3072.00, -6256.00, -89.65), (3072.00, -6256.00, -89.65), (3072.00, -6312.00, -87.85)
Degenerate Triangle
(3072.00, -6368.00, -87.52), (3072.00, -6368.00, -87.52), (3072.00, -6312.00, -87.85)
Degenerate Triangle
(3072.00, -6256.00, -89.65), (3072.00, -6200.00, -92.36), (3072.00, -6200.00, -92.36)
Degenerate Triangle
(3072.00, -6200.00, -92.36), (3072.00, -6144.00, -93.93), (3072.00, -6200.00, -92.36)
Degenerate Triangle
(3072.00, -5808.00, 14.50), (3072.00, -5808.00, 14.50), (3072.00, -5752.00, 48.55)
Degenerate Triangle
(3072.00, -5808.00, 14.50), (3072.00, -5808.00, 14.50), (3072.00, -5864.00, -53.03)
Degenerate Triangle
(3072.00, -5808.00, 14.73), (3072.00, -5864.00, -53.03), (3072.00, -5864.00, -53.03)
Degenerate Triangle
(3072.00, -5864.00, -53.03), (3072.00, -5920.00, -77.57), (3072.00, -5864.00, -53.03)
Degenerate Triangle
(3072.00, -5808.00, 14.73), (3072.00, -5808.00, 14.73), (3072.00, -5864.00, -53.03)
Degenerate Triangle
(3072.00, -5808.00, 14.73), (3072.00, -5808.00, 14.73), (3072.00, -5752.00, 48.55)
Degenerate Triangle
(3072.00, -6144.00, -93.93), (3072.00, -6144.00, -93.93), (3072.00, -6088.00, -90.32)
Degenerate Triangle
(3072.00, -6144.00, -93.93), (3072.00, -6088.00, -90.33), (3072.00, -6088.00, -90.33)
Degenerate Triangle
(3072.00, -6088.00, -90.33), (3072.00, -6032.00, -85.89), (3072.00, -6088.00, -90.33)
Degenerate Triangle
(3072.00, -5808.00, 14.73), (3072.00, -5808.00, 14.73), (3072.00, -5752.00, 48.55)
Degenerate Triangle
(3072.00, -5920.00, -77.57), (3072.00, -5864.00, -53.03), (3072.00, -5864.00, -53.03)
Degenerate Triangle
(3072.00, -5864.00, -53.03), (3072.00, -5808.00, 14.73), (3072.00, -5864.00, -53.03)
Degenerate Triangle
(3072.00, -5808.00, 14.73), (3072.00, -5808.00, 14.73), (3072.00, -5864.00, -53.03)
Degenerate Triangle
(3072.00, -5920.00, -77.87), (3072.00, -5864.00, -53.04), (3072.00, -5864.00, -53.04)
Degenerate Triangle
(3072.00, -5864.00, -53.04), (3072.00, -5808.00, 14.44), (3072.00, -5864.00, -53.04)
Degenerate Triangle
(3072.00, -5696.00, 54.53), (3072.00, -5696.00, 54.53), (3072.00, -5752.00, 48.55)
Degenerate Triangle
(3000.00, -5696.00, 60.22), (3000.00, -5696.00, 60.22), (3036.00, -5696.00, 57.03)
Degenerate Triangle
(3072.00, -5696.00, 54.52), (3072.00, -5696.00, 54.52), (3036.00, -5696.00, 57.03)
Degenerate Triangle
(3000.00, -5696.00, 60.22), (3000.00, -5696.00, 60.22), (3036.00, -5696.00, 57.03)
Degenerate Triangle
(2928.00, -5696.00, 68.90), (2928.00, -5696.00, 68.90), (2964.00, -5696.00, 64.49)
Degenerate Triangle
(3000.00, -5696.00, 60.22), (3000.00, -5696.00, 60.22), (2964.00, -5696.00, 64.49)
Degenerate Triangle
(3000.00, -5696.00, 60.22), (3000.00, -5696.00, 60.22), (2964.00, -5696.00, 64.49)
Degenerate Triangle
(3000.00, -5696.00, 60.19), (3036.00, -5696.00, 57.04), (3036.00, -5696.00, 57.04)
Degenerate Triangle
(3036.00, -5696.00, 57.04), (3072.00, -5696.00, 54.53), (3036.00, -5696.00, 57.04)
Degenerate Triangle
(3072.00, -5696.00, 54.53), (3072.00, -5696.00, 54.53), (3036.00, -5696.00, 57.04)
Degenerate Triangle
(3072.00, -5696.00, 54.53), (3072.00, -5696.00, 54.53), (3036.00, -5696.00, 57.04)
Degenerate Triangle
(2928.00, -5696.00, 68.91), (2928.00, -5696.00, 68.91), (2964.00, -5696.00, 64.50)
Degenerate Triangle
(2856.00, -5696.00, 77.83), (2856.00, -5696.00, 77.83), (2892.00, -5696.00, 73.36)
Degenerate Triangle
(2928.00, -5696.00, 68.91), (2928.00, -5696.00, 68.91), (2892.00, -5696.00, 73.37)
Degenerate Triangle
(2928.00, -5696.00, 68.91), (2892.00, -5696.00, 73.37), (2892.00, -5696.00, 73.37)
Degenerate Triangle
(2892.00, -5696.00, 73.37), (2856.00, -5696.00, 77.84), (2892.00, -5696.00, 73.37)
Degenerate Triangle
(2784.00, -5696.00, 86.59), (2784.00, -5696.00, 86.59), (2820.00, -5696.00, 82.27)
Degenerate Triangle
(2784.00, -5696.00, 86.57), (2784.00, -5696.00, 86.57), (2820.00, -5696.00, 82.29)
Degenerate Triangle
(2856.00, -5696.00, 77.83), (2856.00, -5696.00, 77.83), (2820.00, -5696.00, 82.29)
Degenerate Triangle
(2856.00, -5696.00, 77.83), (2892.00, -5696.00, 73.36), (2892.00, -5696.00, 73.36)
Degenerate Triangle
(2892.00, -5696.00, 73.36), (2928.00, -5696.00, 68.91), (2892.00, -5696.00, 73.36)
Degenerate Triangle
(2928.00, -5696.00, 68.90), (2928.00, -5696.00, 68.90), (2892.00, -5696.00, 73.36)
Degenerate Triangle
(2928.00, -5696.00, 68.91), (2892.00, -5696.00, 73.36), (2892.00, -5696.00, 73.36)
Degenerate Triangle
(2892.00, -5696.00, 73.36), (2856.00, -5696.00, 77.83), (2892.00, -5696.00, 73.36)
Degenerate Triangle
(2784.00, -5696.00, 86.56), (2784.00, -5696.00, 86.56), (2820.00, -5696.00, 82.28)
Degenerate Triangle
(2856.00, -5696.00, 77.83), (2820.00, -5696.00, 82.28), (2820.00, -5696.00, 82.28)
Degenerate Triangle
(2820.00, -5696.00, 82.28), (2784.00, -5696.00, 86.56), (2820.00, -5696.00, 82.28)
Degenerate Triangle
(2784.00, -5696.00, 86.56), (2784.00, -5696.00, 86.56), (2820.00, -5696.00, 82.29)
Degenerate Triangle
(3072.00, -5696.00, 54.53), (3036.00, -5696.00, 57.12), (3036.00, -5696.00, 57.12)
Degenerate Triangle
(3036.00, -5696.00, 57.12), (3000.00, -5696.00, 60.22), (3036.00, -5696.00, 57.12)
Degenerate Triangle
(3000.00, -5696.00, 60.22), (3000.00, -5696.00, 60.22), (3036.00, -5696.00, 57.04)
Degenerate Triangle
(3000.00, -5696.00, 60.22), (3000.00, -5696.00, 60.22), (3036.00, -5696.00, 57.04)
Degenerate Triangle
(3000.00, -5696.00, 60.22), (3036.00, -5696.00, 57.04), (3036.00, -5696.00, 57.04)
Degenerate Triangle
(3036.00, -5696.00, 57.04), (3072.00, -5696.00, 54.51), (3036.00, -5696.00, 57.04)
Degenerate Triangle
(2928.00, -5696.00, 68.91), (2928.00, -5696.00, 68.91), (2964.00, -5696.00, 64.50)
Degenerate Triangle
(2928.00, -5696.00, 68.91), (2964.00, -5696.00, 64.50), (2964.00, -5696.00, 64.50)
Degenerate Triangle
(2964.00, -5696.00, 64.50), (3000.00, -5696.00, 60.22), (2964.00, -5696.00, 64.50)
Degenerate Triangle
(3000.00, -5696.00, 60.22), (3000.00, -5696.00, 60.22), (2964.00, -5696.00, 64.50)
Degenerate Triangle
(3000.00, -5696.00, 60.22), (3000.00, -5696.00, 60.22), (2964.00, -5696.00, 64.50)
Degenerate Triangle
(2928.00, -5696.00, 68.91), (2928.00, -5696.00, 68.91), (2964.00, -5696.00, 64.50)
Degenerate Triangle
(2928.00, -5696.00, 68.91), (2928.00, -5696.00, 68.91), (2964.00, -5696.00, 64.50)
Degenerate Triangle
(3072.00, -5696.00, 54.53), (3072.00, -5696.00, 54.53), (3036.00, -5696.00, 57.04)
Degenerate Triangle
(2928.00, -5696.00, 68.90), (2928.00, -5696.00, 68.90), (2964.00, -5696.00, 64.50)
Degenerate Triangle
(2856.00, -5696.00, 77.83), (2892.00, -5696.00, 73.36), (2892.00, -5696.00, 73.36)
Degenerate Triangle
(2892.00, -5696.00, 73.36), (2928.00, -5696.00, 68.90), (2892.00, -5696.00, 73.36)
Degenerate Triangle
(2928.00, -5696.00, 68.90), (2928.00, -5696.00, 68.90), (2892.00, -5696.00, 73.36)
Degenerate Triangle
(2856.00, -5696.00, 77.83), (2856.00, -5696.00, 77.83), (2892.00, -5696.00, 73.36)
Degenerate Triangle
(2784.00, -5696.00, 86.56), (2784.00, -5696.00, 86.56), (2820.00, -5696.00, 82.29)
Degenerate Triangle
(2856.00, -5696.00, 77.83), (2856.00, -5696.00, 77.83), (2820.00, -5696.00, 82.29)
Degenerate Triangle
(2856.00, -5696.00, 77.83), (2820.00, -5696.00, 82.29), (2820.00, -5696.00, 82.29)
Degenerate Triangle
(2820.00, -5696.00, 82.29), (2784.00, -5696.00, 86.56), (2820.00, -5696.00, 82.29)
Degenerate Triangle
(2784.00, -5696.00, 86.56), (2784.00, -5696.00, 86.56), (2820.00, -5696.00, 82.27)
Degenerate Triangle
(2928.00, -5696.00, 68.91), (2928.00, -5696.00, 68.91), (2892.00, -5696.00, 73.36)
Degenerate Triangle
(2928.00, -5696.00, 68.91), (2928.00, -5696.00, 68.91), (2892.00, -5696.00, 73.36)
Degenerate Triangle
(2856.00, -5696.00, 77.84), (2856.00, -5696.00, 77.84), (2892.00, -5696.00, 73.36)
Degenerate Triangle
(2856.00, -5696.00, 77.83), (2892.00, -5696.00, 73.36), (2892.00, -5696.00, 73.36)
Degenerate Triangle
(2892.00, -5696.00, 73.36), (2928.00, -5696.00, 68.91), (2892.00, -5696.00, 73.36)
Degenerate Triangle
(2928.00, -5696.00, 68.91), (2928.00, -5696.00, 68.91), (2892.00, -5696.00, 73.36)
Degenerate Triangle
(2784.00, -5696.00, 86.56), (2784.00, -5696.00, 86.56), (2820.00, -5696.00, 82.27)
Degenerate Triangle
(2784.00, -5696.00, 86.56), (2820.00, -5696.00, 82.27), (2820.00, -5696.00, 82.27)
Degenerate Triangle
(2820.00, -5696.00, 82.27), (2856.00, -5696.00, 77.83), (2820.00, -5696.00, 82.27)
Degenerate Triangle
(2856.00, -5696.00, 77.84), (2856.00, -5696.00, 77.84), (2820.00, -5696.00, 82.27)
Degenerate Triangle
(2784.00, -5696.00, 86.64), (2784.00, -5696.00, 86.64), (2820.00, -5696.00, 82.27)
Degenerate Triangle
(2784.00, -5696.00, 86.64), (2784.00, -5696.00, 86.64), (2820.00, -5696.00, 82.27)
Degenerate Triangle
(2856.00, -5696.00, 77.82), (2820.00, -5696.00, 82.27), (2820.00, -5696.00, 82.27)
Degenerate Triangle
(2820.00, -5696.00, 82.27), (2784.00, -5696.00, 86.64), (2820.00, -5696.00, 82.27)
Degenerate Triangle
(2712.00, -5696.00, 95.80), (2748.00, -5696.00, 90.95), (2748.00, -5696.00, 90.95)
Degenerate Triangle
(2748.00, -5696.00, 90.95), (2784.00, -5696.00, 86.64), (2748.00, -5696.00, 90.95)
Degenerate Triangle
(2784.00, -5696.00, 86.64), (2784.00, -5696.00, 86.64), (2748.00, -5696.00, 90.95)
Degenerate Triangle
(2784.00, -5696.00, 86.64), (2784.00, -5696.00, 86.64), (2748.00, -5696.00, 90.95)
Degenerate Triangle
(2784.00, -5696.00, 86.64), (2748.00, -5696.00, 90.95), (2748.00, -5696.00, 90.95)
Degenerate Triangle
(2748.00, -5696.00, 90.95), (2712.00, -5696.00, 95.82), (2748.00, -5696.00, 90.95)
Degenerate Triangle
(2712.00, -5696.00, 95.66), (2748.00, -5696.00, 90.95), (2748.00, -5696.00, 90.95)
Degenerate Triangle
(2748.00, -5696.00, 90.95), (2784.00, -5696.00, 86.56), (2748.00, -5696.00, 90.95)
Degenerate Triangle
(2784.00, -5696.00, 86.56), (2784.00, -5696.00, 86.56), (2748.00, -5696.00, 90.95)
Degenerate Triangle
(2784.00, -5696.00, 86.64), (2748.00, -5696.00, 90.95), (2748.00, -5696.00, 90.95)
Degenerate Triangle
(2748.00, -5696.00, 90.95), (2712.00, -5696.00, 95.80), (2748.00, -5696.00, 90.95)
Degenerate Triangle
(2784.00, -5696.00, 86.56), (2784.00, -5696.00, 86.56), (2748.00, -5696.00, 90.95)
Degenerate Triangle
(2784.00, -5696.00, 86.56), (2784.00, -5696.00, 86.56), (2748.00, -5696.00, 90.95)
Degenerate Triangle
(2784.00, -5696.00, 86.56), (2784.00, -5696.00, 86.56), (2748.00, -5696.00, 90.95)
Degenerate Triangle
(2712.00, -5696.00, 95.85), (2748.00, -5696.00, 90.95), (2748.00, -5696.00, 90.95)
Degenerate Triangle
(2748.00, -5696.00, 90.95), (2784.00, -5696.00, 86.57), (2748.00, -5696.00, 90.95)
Degenerate Triangle
(2784.00, -5696.00, 86.56), (2784.00, -5696.00, 86.56), (2748.00, -5696.00, 90.95)
Degenerate Triangle
(2784.00, -5696.00, 86.57), (2784.00, -5696.00, 86.57), (2748.00, -5696.00, 90.95)
Degenerate Triangle
(2784.00, -5696.00, 86.57), (2748.00, -5696.00, 90.95), (2748.00, -5696.00, 90.95)
Degenerate Triangle
(2748.00, -5696.00, 90.95), (2712.00, -5696.00, 95.85), (2748.00, -5696.00, 90.95)
Degenerate Triangle
(2784.00, -5696.00, 86.59), (2784.00, -5696.00, 86.59), (2748.00, -5696.00, 90.98)
Degenerate Triangle
(2784.00, -5696.00, 86.59), (2748.00, -5696.00, 90.98), (2748.00, -5696.00, 90.98)
Degenerate Triangle
(2748.00, -5696.00, 90.98), (2712.00, -5696.00, 95.84), (2748.00, -5696.00, 90.98)
Degenerate Triangle
(3072.00, -6592.00, 506.12), (3036.00, -6592.00, 504.37), (3036.00, -6592.00, 504.37)
Degenerate Triangle
(3036.00, -6592.00, 504.37), (3000.00, -6592.00, 502.87), (3036.00, -6592.00, 504.37)
Degenerate Triangle
(3000.00, -6592.00, 502.87), (3000.00, -6592.00, 502.87), (3036.00, -6592.00, 504.37)
Degenerate Triangle
(3000.00, -6592.00, 502.87), (2964.00, -6592.00, 501.87), (2964.00, -6592.00, 501.87)
Degenerate Triangle
(2964.00, -6592.00, 501.87), (2928.00, -6592.00, 500.63), (2964.00, -6592.00, 501.87)
Degenerate Triangle
(2928.00, -6592.00, 500.63), (2928.00, -6592.00, 500.63), (2964.00, -6592.00, 501.87)
Degenerate Triangle
(3000.00, -6592.00, 502.87), (3000.00, -6592.00, 502.87), (2964.00, -6592.00, 501.87)
Degenerate Triangle
(2928.00, -6592.00, 500.63), (2928.00, -6592.00, 500.63), (2892.00, -6592.00, 500.44)
done (0) (6039374 bytes)
Placing detail props : 0...1...2...3...4...5...6...7...8...9...10
Compacting texture/material tables...
Reduced 579 texinfos to 359
Reduced 37 texdatas to 34 (924 bytes to 824)
Writing C:\Users\admin\Desktop\gm_factorynormal.bsp
1 second elapsed



6 threads
reading c:\users\admin\desktop\gm_factorynormal.bsp
reading c:\users\admin\desktop\gm_factorynormal.prt
LoadPortals: couldn't read c:\users\admin\desktop\gm_factorynormal.prt



[Reading texlights from 'lights.rad']
[45 texlights parsed from 'lights.rad']

Loading c:\users\admin\desktop\gm_factorynormal.bsp
No vis information, direct lighting only.
2420 faces
2 degenerate faces
2249438 square feet [323919104.00 square inches]
112 Displacements
200633 Square Feet [28891170.00 Square Inches]
39 direct lights
0...1...2...3...4...5...6...7...8...9...10Build Patch/Sample Hash Table(s).....Done<0.0158 sec>
0...1...2...3...4...5...6...7...8...9...10FinalLightFace Done
Computing detail prop lighting : 0...1...2...3...4...5...6...7...8...9...10
0 of 0 (0% of) surface lights went in leaf ambient cubes.
0...1...2...3...4...5...6...7...8...9...10Writing leaf ambient...done
Ready to Finish

Object names       Objects/Maxobjs  Memory / Maxmem  Fullness 
------------       ---------------  ---------------  -------- 
models                  19/1024          912/49152    ( 1.9%) 
brushes                338/8192         4056/98304    ( 4.1%) 
brushsides            2046/65536       16368/524288   ( 3.1%) 
planes                1092/65536       21840/1310720  ( 1.7%) 
vertexes              3443/65536       41316/786432   ( 5.3%) 
nodes                 1601/65536       51232/2097152  ( 2.4%) 
texinfos               359/12288       25848/884736   ( 2.9%) 
texdata                 34/2048         1088/65536    ( 1.7%) 
dispinfos              112/0           19712/0        ( 0.0%) 
disp_verts           29872/0          597440/0        ( 0.0%) 
disp_tris            52736/0          105472/0        ( 0.0%) 
disp_lmsamples      440550/0          440550/0        ( 0.0%) 
faces                 2420/65536      135520/3670016  ( 3.7%) 
hdr faces                0/65536           0/3670016  ( 0.0%) 
origfaces             1169/65536       65464/3670016  ( 1.8%) 
leaves                1621/65536       51872/2097152  ( 2.5%) 
leaffaces             2613/65536        5226/131072   ( 4.0%) 
leafbrushes            830/65536        1660/131072   ( 1.3%) 
areas                    4/256            32/2048     ( 1.6%) 
surfedges            16043/512000      64172/2048000  ( 3.1%) 
edges                 9531/256000      38124/1024000  ( 3.7%) 
LDR worldlights         39/8192         3432/720896   ( 0.5%) 
HDR worldlights          0/8192            0/720896   ( 0.0%) 
leafwaterdata            0/32768           0/393216   ( 0.0%) 
waterstrips            248/32768        2480/327680   ( 0.8%) 
waterverts               0/65536           0/786432   ( 0.0%) 
waterindices          4155/65536        8310/131072   ( 6.3%) 
cubemapsamples           0/1024            0/16384    ( 0.0%) 
overlays                 0/512             0/180224   ( 0.0%) 
LDR lightdata         [variable]     1678512/0        ( 0.0%) 
HDR lightdata         [variable]           0/0        ( 0.0%) 
visdata               [variable]           0/16777216 ( 0.0%) 
entdata               [variable]       86482/393216   (22.0%) 
LDR ambient table     1621/65536        6484/262144   ( 2.5%) 
HDR ambient table     1621/65536        6484/262144   ( 2.5%) 
LDR leaf ambient      9043/65536      253204/1835008  (13.8%) 
HDR leaf ambient      1621/65536       45388/1835008  ( 2.5%) 
occluders                0/0               0/0        ( 0.0%) 
occluder polygons        0/0               0/0        ( 0.0%) 
occluder vert ind        0/0               0/0        ( 0.0%) 
detail props          [variable]           1/12820    ( 0.0%) 
dtl prp lght          [variable]           1/4        (25.0%) 
HDR dtl prp lght      [variable]           1/4        (25.0%) 
static props          [variable]           1/5592     ( 0.0%) 
pakfile               [variable]       87326/0        ( 0.0%) 
physics               [variable]     6039374/4194304  (144.0%) VERY FULL!
physics terrain       [variable]           0/1048576  ( 0.0%) 

Level flags = 0

Total triangle count: 6529
Writing c:\users\admin\desktop\gm_factorynormal.bsp
30 seconds elapsed
