


materialPath: D:\SteamGames\SteamApps\common\Half-Life 2\hl2\materials
Loading C:\Users\admin\Desktop\Hammer Editor\gm_battlefield.vmf
Could not locate 'GameData' key in d:\steamgames\steamapps\common\half-life 2\hl2\gameinfo.txt
fixing up env_cubemap materials on brush sides...
0...1...2...3...4...5...6...7...8...9...100...1...2...3...4...5...6...7...8...9...10Processing areas...done (0)
Building Faces...done (0)
FixTjuncs...
PruneNodes...
WriteBSP...
NODRAW on terrain surface!
done (0)
writing C:\Users\admin\Desktop\Hammer Editor\gm_battlefield.prt...Building visibility clusters...
done (0)
Creating default LDR cubemaps for env_cubemap using skybox materials:
   skybox/sky_day01_01*.vmt
 ! Run buildcubemaps in the engine to get the correct cube maps.
Creating default HDR cubemaps for env_cubemap using skybox materials:
   skybox/sky_day01_01*.vmt
 ! Run buildcubemaps in the engine to get the correct cube maps.
Finding displacement neighbors...
Finding lightmap sample positions...
Displacement Alpha : 0...1...2...3...4...5...6...7...8...9...10
Building Physics collision data...
WARNING: Map using power 4 displacements, terrain physics cannot be compressed, map will need additional memory and CPU.
done (0) (374639 bytes)
Placing detail props : 0...1...2...3...4...5...6...7...8...9...10
Compacting texture/material tables...
Reduced 143 texinfos to 91
Reduced 12 texdatas to 12 (239 bytes to 239)
Writing C:\Users\admin\Desktop\Hammer Editor\gm_battlefield.bsp
0 seconds elapsed



6 threads
reading c:\users\admin\desktop\hammer editor\gm_battlefield.bsp
reading c:\users\admin\desktop\hammer editor\gm_battlefield.prt
 428 portalclusters
1037 numportals
0...1...2...3...4...5...6...7...8...9...100...1...2...3...4...5...6...7...8...9...10Optimized: 51 visible clusters (0.03%)
Total clusters visible: 179731
Average clusters visible: 419
Building PAS...
Average clusters audible: 428
visdatasize:49641  compressed from 47936
writing c:\users\admin\desktop\hammer editor\gm_battlefield.bsp
5 minutes, 13 seconds elapsed



[Reading texlights from 'lights.rad']
[45 texlights parsed from 'lights.rad']

Loading c:\users\admin\desktop\hammer editor\gm_battlefield.bsp
Patch Sample Radius Clamped!
Patch Sample Radius Clamped!
Patch Sample Radius Clamped!
Patch Sample Radius Clamped!
Patch Sample Radius Clamped!
Patch Sample Radius Clamped!
994 faces
4966034 square feet [715108992.00 square inches]
6 Displacements
2340991 Square Feet [337102752.00 Square Inches]
994 patches before subdivision
3834 patches after subdivision
0 direct lights
0...1...2...3...4...5...6...7...8...9...100...1...2...3...4...5...6...7...8...9...10transfers 144001, max 236
transfer lists:   1.1 megs
0...1...2...3...4...5...6...7...8...9...10	Bounce #1 added RGB(0, 0, 0)
Build Patch/Sample Hash Table(s).....Done<0.0040 sec>
0...1...2...3...4...5...6...7...8...9...10FinalLightFace Done
0 of 0 (0% of) surface lights went in leaf ambient cubes.
0...1...2...3...4...5...6...7...8...9...10Writing leaf ambient...done
Ready to Finish

Object names       Objects/Maxobjs  Memory / Maxmem  Fullness 
------------       ---------------  ---------------  -------- 
models                  11/1024          528/49152    ( 1.1%) 
brushes                 71/8192          852/98304    ( 0.9%) 
brushsides             429/65536        3432/524288   ( 0.7%) 
planes                 348/65536        6960/1310720  ( 0.5%) 
vertexes              1156/65536       13872/786432   ( 1.8%) 
nodes                 1318/65536       42176/2097152  ( 2.0%) 
texinfos                91/12288        6552/884736   ( 0.7%) 
texdata                 12/2048          384/65536    ( 0.6%) 
dispinfos                6/0            1056/0        ( 0.0%) 
disp_verts            1734/0           34680/0        ( 0.0%) 
disp_tris             3072/0            6144/0        ( 0.0%) 
disp_lmsamples      131600/0          131600/0        ( 0.0%) 
faces                  994/65536       55664/3670016  ( 1.5%) 
hdr faces                0/65536           0/3670016  ( 0.0%) 
origfaces              241/65536       13496/3670016  ( 0.4%) 
leaves                1330/65536       42560/2097152  ( 2.0%) 
leaffaces             1042/65536        2084/131072   ( 1.6%) 
leafbrushes            794/65536        1588/131072   ( 1.2%) 
areas                    2/256            16/2048     ( 0.8%) 
surfedges             5079/512000      20316/2048000  ( 1.0%) 
edges                 2699/256000      10796/1024000  ( 1.1%) 
LDR worldlights          0/8192            0/720896   ( 0.0%) 
HDR worldlights          0/8192            0/720896   ( 0.0%) 
leafwaterdata            0/32768           0/393216   ( 0.0%) 
waterstrips              3/32768          30/327680   ( 0.0%) 
waterverts               0/65536           0/786432   ( 0.0%) 
waterindices            51/65536         102/131072   ( 0.1%) 
cubemapsamples           0/1024            0/16384    ( 0.0%) 
overlays                 0/512             0/180224   ( 0.0%) 
LDR lightdata         [variable]      117592/0        ( 0.0%) 
HDR lightdata         [variable]           0/0        ( 0.0%) 
visdata               [variable]       49641/16777216 ( 0.3%) 
entdata               [variable]       13600/393216   ( 3.5%) 
LDR ambient table     1330/65536        5320/262144   ( 2.0%) 
HDR ambient table     1330/65536        5320/262144   ( 2.0%) 
LDR leaf ambient       497/65536       13916/1835008  ( 0.8%) 
HDR leaf ambient      1330/65536       37240/1835008  ( 2.0%) 
occluders                0/0               0/0        ( 0.0%) 
occluder polygons        0/0               0/0        ( 0.0%) 
occluder vert ind        0/0               0/0        ( 0.0%) 
detail props          [variable]           1/12       ( 8.3%) 
static props          [variable]           1/740      ( 0.1%) 
pakfile               [variable]      105687/0        ( 0.0%) 
physics               [variable]      374639/4194304  ( 8.9%) 
physics terrain       [variable]           0/1048576  ( 0.0%) 

Level flags = 0

Total triangle count: 2127
Writing c:\users\admin\desktop\hammer editor\gm_battlefield.bsp
15 seconds elapsed



materialPath: D:\SteamGames\SteamApps\common\Half-Life 2\hl2\materials
Loading C:\Users\admin\Desktop\Hammer Editor\gm_battlefield.vmf
Could not locate 'GameData' key in d:\steamgames\steamapps\common\half-life 2\hl2\gameinfo.txt
fixing up env_cubemap materials on brush sides...
0...1...2...3...4...5...6...7...8...9...100...1...2...3...4...5...6...7...8...9...10Processing areas...done (0)
Building Faces...done (0)
FixTjuncs...
PruneNodes...
WriteBSP...
done (0)
writing C:\Users\admin\Desktop\Hammer Editor\gm_battlefield.prt...Building visibility clusters...
done (0)
Creating default LDR cubemaps for env_cubemap using skybox materials:
   skybox/sky_day01_01*.vmt
 ! Run buildcubemaps in the engine to get the correct cube maps.
Creating default HDR cubemaps for env_cubemap using skybox materials:
   skybox/sky_day01_01*.vmt
 ! Run buildcubemaps in the engine to get the correct cube maps.
Finding displacement neighbors...
Finding lightmap sample positions...
Displacement Alpha : 0...1...2...3...4...5...6...7...8...9...10
Building Physics collision data...
WARNING: Map using power 4 displacements, terrain physics cannot be compressed, map will need additional memory and CPU.
done (0) (383503 bytes)
Placing detail props : 0...1...2...3...4...5...6...7...8...9...10
Compacting texture/material tables...
Reduced 168 texinfos to 109
Reduced 15 texdatas to 15 (305 bytes to 305)
Writing C:\Users\admin\Desktop\Hammer Editor\gm_battlefield.bsp
0 seconds elapsed



6 threads
reading c:\users\admin\desktop\hammer editor\gm_battlefield.bsp
reading c:\users\admin\desktop\hammer editor\gm_battlefield.prt
 473 portalclusters
1196 numportals
0...1...2...3...4...5...6...7...8...9...100...1...2...3...4...5...6...7...8...9...10Optimized: 39 visible clusters (0.02%)
Total clusters visible: 216498
Average clusters visible: 457
Building PAS...
Average clusters audible: 473
visdatasize:60464  compressed from 60544
writing c:\users\admin\desktop\hammer editor\gm_battlefield.bsp
20 minutes, 7 seconds elapsed



materialPath: D:\SteamGames\SteamApps\common\Half-Life 2\hl2\materials
Loading C:\Users\admin\Desktop\Hammer Editor\gm_battlefield.vmf
Could not locate 'GameData' key in d:\steamgames\steamapps\common\half-life 2\hl2\gameinfo.txt
Patching WVT material: maps/gm_battlefield/nature/blendgrassgrass001a_wvt_patch
fixing up env_cubemap materials on brush sides...
0...1...2...3...4...5...6...7...8...9...100...1...2...3...4...5...6...7...8...9...10Processing areas...done (0)
Building Faces...done (0)
FixTjuncs...
PruneNodes...
WriteBSP...
done (0)
writing C:\Users\admin\Desktop\Hammer Editor\gm_battlefield.prt...Building visibility clusters...
done (0)
Creating default LDR cubemaps for env_cubemap using skybox materials:
   skybox/sky_day01_05*.vmt
 ! Run buildcubemaps in the engine to get the correct cube maps.
Creating default HDR cubemaps for env_cubemap using skybox materials:
   skybox/sky_day01_05*.vmt
 ! Run buildcubemaps in the engine to get the correct cube maps.
Finding displacement neighbors...
Found a displacement edge abutting multiple other edges.
Finding lightmap sample positions...
Displacement Alpha : 0...1...2...3...4...5...6...7...8...9...10
Building Physics collision data...
WARNING: Map using power 4 displacements, terrain physics cannot be compressed, map will need additional memory and CPU.
done (0) (510511 bytes)
Placing detail props : 0...1...2...3...4...5...6...7...8...9...10
Compacting texture/material tables...
Reduced 160 texinfos to 99
Reduced 13 texdatas to 13 (296 bytes to 296)
Writing C:\Users\admin\Desktop\Hammer Editor\gm_battlefield.bsp
1 second elapsed



6 threads
reading c:\users\admin\desktop\hammer editor\gm_battlefield.bsp
reading c:\users\admin\desktop\hammer editor\gm_battlefield.prt
 717 portalclusters
1746 numportals
0...1...2...3...4...5...6...7...8...9...100...1...2...3...4...5...6...7...8...9...10Optimized: 144 visible clusters (0.04%)
Total clusters visible: 374735
Average clusters visible: 522
Building PAS...
Average clusters audible: 717
visdatasize:133869  compressed from 137664
writing c:\users\admin\desktop\hammer editor\gm_battlefield.bsp
2 minutes, 52 seconds elapsed



[Reading texlights from 'lights.rad']
[45 texlights parsed from 'lights.rad']

Loading c:\users\admin\desktop\hammer editor\gm_battlefield.bsp
4802 faces
8843039 square feet [1273397632.00 square inches]
9 Displacements
334848 Square Feet [48218112.00 Square Inches]
4802 patches before subdivision
281138 patches after subdivision
3 direct lights
0...1...2...3...4...5...6...7...8...9...100...1...2...3...4...5...6...7...8...9...10transfers 2985007, max 1826
transfer lists:  22.8 megs
0...1...2...3...4...5...6...7...8...9...10	Bounce #1 added RGB(20152, 15955, 5974)
0...1...2...3...4...5...6...7...8...9...10	Bounce #2 added RGB(1127, 708, 266)
0...1...2...3...4...5...6...7...8...9...10	Bounce #3 added RGB(99, 49, 20)
0...1...2...3...4...5...6...7...8...9...10	Bounce #4 added RGB(11, 4, 2)
0...1...2...3...4...5...6...7...8...9...10	Bounce #5 added RGB(1, 0, 0)
0...1...2...3...4...5...6...7...8...9...10	Bounce #6 added RGB(0, 0, 0)
Build Patch/Sample Hash Table(s).....Done<0.2168 sec>
0...1...2...3...4...5...6...7...8...9...10FinalLightFace Done
0 of 0 (0% of) surface lights went in leaf ambient cubes.
0...1...2...3...4...5...6...7...8...9...10Writing leaf ambient...done
Ready to Finish

Object names       Objects/Maxobjs  Memory / Maxmem  Fullness 
------------       ---------------  ---------------  -------- 
models                  11/1024          528/49152    ( 1.1%) 
brushes                 97/8192         1164/98304    ( 1.2%) 
brushsides             585/65536        4680/524288   ( 0.9%) 
planes                 364/65536        7280/1310720  ( 0.6%) 
vertexes              5108/65536       61296/786432   ( 7.8%) 
nodes                 1859/65536       59488/2097152  ( 2.8%) 
texinfos                99/12288        7128/884736   ( 0.8%) 
texdata                 13/2048          416/65536    ( 0.6%) 
dispinfos                9/0            1584/0        ( 0.0%) 
disp_verts            2393/0           47860/0        ( 0.0%) 
disp_tris             4224/0            8448/0        ( 0.0%) 
disp_lmsamples      389256/0          389256/0        ( 0.0%) 
faces                 4802/65536      268912/3670016  ( 7.3%) 
hdr faces                0/65536           0/3670016  ( 0.0%) 
origfaces              311/65536       17416/3670016  ( 0.5%) 
leaves                1871/65536       59872/2097152  ( 2.9%) 
leaffaces             4905/65536        9810/131072   ( 7.5%) 
leafbrushes           1163/65536        2326/131072   ( 1.8%) 
areas                    2/256            16/2048     ( 0.8%) 
surfedges            20822/512000      83288/2048000  ( 4.1%) 
edges                10558/256000      42232/1024000  ( 4.1%) 
LDR worldlights          3/8192          264/720896   ( 0.0%) 
HDR worldlights          0/8192            0/720896   ( 0.0%) 
leafwaterdata            0/32768           0/393216   ( 0.0%) 
waterstrips              4/32768          40/327680   ( 0.0%) 
waterverts               0/65536           0/786432   ( 0.0%) 
waterindices            63/65536         126/131072   ( 0.1%) 
cubemapsamples           0/1024            0/16384    ( 0.0%) 
overlays                 0/512             0/180224   ( 0.0%) 
LDR lightdata         [variable]     8460560/0        ( 0.0%) 
HDR lightdata         [variable]           0/0        ( 0.0%) 
visdata               [variable]      133869/16777216 ( 0.8%) 
entdata               [variable]       14794/393216   ( 3.8%) 
LDR ambient table     1871/65536        7484/262144   ( 2.9%) 
HDR ambient table     1871/65536        7484/262144   ( 2.9%) 
LDR leaf ambient      9399/65536      263172/1835008  (14.3%) 
HDR leaf ambient      1871/65536       52388/1835008  ( 2.9%) 
occluders                0/0               0/0        ( 0.0%) 
occluder polygons        0/0               0/0        ( 0.0%) 
occluder vert ind        0/0               0/0        ( 0.0%) 
detail props          [variable]           1/12       ( 8.3%) 
static props          [variable]           1/736      ( 0.1%) 
pakfile               [variable]      106084/0        ( 0.0%) 
physics               [variable]      510511/4194304  (12.2%) 
physics terrain       [variable]           0/1048576  ( 0.0%) 

Level flags = 0

Total triangle count: 9974
Writing c:\users\admin\desktop\hammer editor\gm_battlefield.bsp
54 seconds elapsed
