PRT1
32
83
4 0 18 (387 0 202 ) (0 0 202 ) (0 0 -94 ) (387 0 -94 ) 
4 0 16 (0 0 -94 ) (0 0 -76 ) (0 178 -76 ) (0 178 -94 ) 
4 0 15 (0 0 -76 ) (0 0 -63 ) (0 178 -63 ) (0 178 -76 ) 
4 0 11 (0 0 -63 ) (0 0 67 ) (0 178 67 ) (0 178 -63 ) 
4 0 10 (0 0 67 ) (0 0 76 ) (0 178 76 ) (0 178 67 ) 
4 0 9 (0 0 76 ) (0 0 202 ) (0 178 202 ) (0 178 76 ) 
4 0 6 (0 192 -63 ) (0 192 -94 ) (0 178 -94 ) (0 178 -63 ) 
4 0 3 (0 192 76 ) (0 192 -63 ) (0 178 -63 ) (0 178 76 ) 
4 0 2 (0 178 202 ) (0 192 202 ) (0 192 76 ) (0 178 76 ) 
4 0 1 (0 192 202 ) (0 274 202 ) (0 274 -94 ) (0 192 -94 ) 
4 1 8 (-516 192 -94 ) (-235 192 -94 ) (-235 192 -63 ) (-516 192 -63 ) 
4 1 7 (-235 192 -94 ) (-81 192 -94 ) (-81 192 -76 ) (-235 192 -76 ) 
4 1 6 (-81 192 -94 ) (0 192 -94 ) (0 192 -63 ) (-81 192 -63 ) 
4 1 5 (-235 192 76 ) (-516 192 76 ) (-516 192 -63 ) (-235 192 -63 ) 
4 1 4 (-185 192 45 ) (-185 192 -63 ) (-137 192 -63 ) (-137 192 45 ) 
4 1 3 (0 192 -63 ) (0 192 76 ) (-81 192 76 ) (-81 192 -63 ) 
4 1 2 (0 192 76 ) (0 192 202 ) (-516 192 202 ) (-516 192 76 ) 
4 2 17 (-235 178 202 ) (-516 178 202 ) (-516 178 76 ) (-235 178 76 ) 
4 2 9 (0 178 76 ) (0 178 202 ) (-235 178 202 ) (-235 178 76 ) 
4 2 5 (-235 178 76 ) (-516 178 76 ) (-516 192 76 ) (-235 192 76 ) 
4 2 3 (0 178 76 ) (-81 178 76 ) (-81 192 76 ) (0 192 76 ) 
4 3 11 (0 178 -63 ) (0 178 67 ) (-81 178 67 ) (-81 178 -63 ) 
4 3 10 (0 178 67 ) (0 178 76 ) (-81 178 76 ) (-81 178 67 ) 
4 3 6 (0 178 -63 ) (-81 178 -63 ) (-81 192 -63 ) (0 192 -63 ) 
4 4 13 (-185 178 45 ) (-185 178 -63 ) (-137 178 -63 ) (-137 178 45 ) 
4 5 17 (-235 178 76 ) (-516 178 76 ) (-516 178 -63 ) (-235 178 -63 ) 
4 5 8 (-235 178 -63 ) (-516 178 -63 ) (-516 192 -63 ) (-235 192 -63 ) 
4 6 16 (0 178 -94 ) (0 178 -76 ) (-81 178 -76 ) (-81 178 -94 ) 
4 6 15 (0 178 -76 ) (0 178 -63 ) (-81 178 -63 ) (-81 178 -76 ) 
4 6 7 (-81 192 -94 ) (-81 178 -94 ) (-81 178 -76 ) (-81 192 -76 ) 
4 7 16 (-235 178 -76 ) (-235 178 -94 ) (-81 178 -94 ) (-81 178 -76 ) 
4 7 8 (-235 192 -94 ) (-235 178 -94 ) (-235 178 -76 ) (-235 192 -76 ) 
4 8 17 (-235 178 -63 ) (-516 178 -63 ) (-516 178 -94 ) (-235 178 -94 ) 
4 9 20 (-81 0 202 ) (-235 0 202 ) (-235 0 76 ) (-81 0 76 ) 
4 9 19 (0 0 76 ) (0 0 202 ) (-81 0 202 ) (-81 0 76 ) 
4 9 17 (-235 178 202 ) (-235 178 76 ) (-235 0 76 ) (-235 0 202 ) 
4 9 10 (0 0 76 ) (-81 0 76 ) (-81 178 76 ) (0 178 76 ) 
4 10 19 (0 0 67 ) (0 0 76 ) (-81 0 76 ) (-81 0 67 ) 
4 10 11 (-81 178 67 ) (0 178 67 ) (0 0 67 ) (-81 0 67 ) 
4 11 21 (0 0 -63 ) (0 0 67 ) (-81 0 67 ) (-81 0 -63 ) 
4 11 15 (0 0 -63 ) (-81 0 -63 ) (-81 178 -63 ) (0 178 -63 ) 
4 11 12 (-81 17 -63 ) (-81 0 -63 ) (-81 0 45 ) (-81 17 45 ) 
4 12 22 (-94 0 45 ) (-94 0 -63 ) (-81 0 -63 ) (-81 0 45 ) 
4 12 13 (-94 17 -63 ) (-94 0 -63 ) (-94 0 45 ) (-94 17 45 ) 
4 13 23 (-94 0 67 ) (-222 0 67 ) (-222 0 -63 ) (-94 0 -63 ) 
4 13 14 (-222 17 -63 ) (-222 0 -63 ) (-222 0 45 ) (-222 17 45 ) 
4 14 24 (-235 0 45 ) (-235 0 -63 ) (-222 0 -63 ) (-222 0 45 ) 
4 14 17 (-235 17 -63 ) (-235 0 -63 ) (-235 0 45 ) (-235 17 45 ) 
4 15 25 (0 0 -76 ) (0 0 -63 ) (-81 0 -63 ) (-81 0 -76 ) 
4 15 16 (-81 178 -76 ) (0 178 -76 ) (0 0 -76 ) (-81 0 -76 ) 
4 16 26 (0 0 -94 ) (0 0 -76 ) (-235 0 -76 ) (-235 0 -94 ) 
4 16 17 (-235 178 -76 ) (-235 178 -94 ) (-235 0 -94 ) (-235 0 -76 ) 
4 17 31 (-235 0 -94 ) (-235 0 202 ) (-516 0 202 ) (-516 0 -94 ) 
4 18 30 (0 -331 -94 ) (0 -649 -94 ) (0 -649 202 ) (0 -331 202 ) 
4 18 27 (0 -320 -94 ) (0 -331 -94 ) (0 -331 202 ) (0 -320 202 ) 
4 18 26 (0 0 -76 ) (0 0 -94 ) (0 -320 -94 ) (0 -320 -76 ) 
4 18 25 (0 0 -63 ) (0 0 -76 ) (0 -320 -76 ) (0 -320 -63 ) 
4 18 21 (0 0 67 ) (0 0 -63 ) (0 -320 -63 ) (0 -320 67 ) 
4 18 19 (0 0 202 ) (0 0 67 ) (0 -320 67 ) (0 -320 202 ) 
4 19 27 (-81 -320 67 ) (0 -320 67 ) (0 -320 202 ) (-81 -320 202 ) 
4 19 21 (0 -320 67 ) (-81 -320 67 ) (-81 0 67 ) (0 0 67 ) 
4 19 20 (-81 -320 76 ) (-81 -320 202 ) (-81 0 202 ) (-81 0 76 ) 
4 20 31 (-235 -320 76 ) (-235 -320 202 ) (-235 0 202 ) (-235 0 76 ) 
4 20 28 (-235 -320 202 ) (-235 -320 76 ) (-81 -320 76 ) (-81 -320 202 ) 
4 21 27 (-81 -320 -63 ) (0 -320 -63 ) (0 -320 67 ) (-81 -320 67 ) 
4 21 25 (0 -320 -63 ) (-81 -320 -63 ) (-81 0 -63 ) (0 0 -63 ) 
4 21 22 (-81 0 -63 ) (-81 -31 -63 ) (-81 -31 45 ) (-81 0 45 ) 
4 22 23 (-94 0 -63 ) (-94 -31 -63 ) (-94 -31 45 ) (-94 0 45 ) 
4 23 24 (-222 0 -63 ) (-222 -31 -63 ) (-222 -31 45 ) (-222 0 45 ) 
4 24 31 (-235 0 45 ) (-235 0 -63 ) (-235 -31 -63 ) (-235 -31 45 ) 
4 25 27 (-81 -320 -76 ) (0 -320 -76 ) (0 -320 -63 ) (-81 -320 -63 ) 
4 25 26 (0 -320 -76 ) (-81 -320 -76 ) (-81 0 -76 ) (0 0 -76 ) 
4 26 31 (-235 -320 -94 ) (-235 -320 -76 ) (-235 0 -76 ) (-235 0 -94 ) 
4 26 29 (-235 -320 -76 ) (-235 -320 -94 ) (-81 -320 -94 ) (-81 -320 -76 ) 
4 26 27 (-81 -320 -94 ) (0 -320 -94 ) (0 -320 -76 ) (-81 -320 -76 ) 
4 27 30 (-81 -331 -94 ) (0 -331 -94 ) (0 -331 202 ) (-81 -331 202 ) 
4 27 28 (-81 -331 76 ) (-81 -331 202 ) (-81 -320 202 ) (-81 -320 76 ) 
4 27 29 (-81 -320 -94 ) (-81 -331 -94 ) (-81 -331 -76 ) (-81 -320 -76 ) 
4 28 31 (-235 -331 202 ) (-235 -320 202 ) (-235 -320 76 ) (-235 -331 76 ) 
4 28 30 (-81 -331 76 ) (-81 -331 202 ) (-235 -331 202 ) (-235 -331 76 ) 
4 29 31 (-235 -320 -76 ) (-235 -320 -94 ) (-235 -331 -94 ) (-235 -331 -76 ) 
4 29 30 (-235 -331 -94 ) (-81 -331 -94 ) (-81 -331 -76 ) (-235 -331 -76 ) 
4 30 31 (-235 -649 202 ) (-235 -331 202 ) (-235 -331 -94 ) (-235 -649 -94 ) 
