


materialPath: D:\SteamGames\SteamApps\common\Half-Life 2\hl2\materials
Loading C:\Users\Matìj\Desktop\Hammer Editor\coop_lost\coop_lost_singleplayer_factory.vmf
Could not locate 'GameData' key in d:\steamgames\steamapps\common\half-life 2\hl2\gameinfo.txt
fixing up env_cubemap materials on brush sides...
0...1...2...3...4...5...6...7...8...9...10**** leaked ****
Entity prop_door_rotating (-92.91 -30.00 -9.00) leaked!
Processing areas...done (0)
Building Faces...done (0)
FixTjuncs...
PruneNodes...
WriteBSP...
done (0)
Creating default LDR cubemaps for env_cubemap using skybox materials:
   skybox/sky_day01_01*.vmt
 ! Run buildcubemaps in the engine to get the correct cube maps.
Creating default HDR cubemaps for env_cubemap using skybox materials:
   skybox/sky_day01_01*.vmt
 ! Run buildcubemaps in the engine to get the correct cube maps.
Finding displacement neighbors...
Finding lightmap sample positions...
Displacement Alpha : 0...1...2...3...4...5...6...7...8...9...10
Building Physics collision data...
done (0) (10487 bytes)
Placing detail props : 0...1...2...3...4...5...6...7...8...9...10
Compacting texture/material tables...
Reduced 55 texinfos to 32
Reduced 11 texdatas to 10 (238 bytes to 212)
Writing C:\Users\Matìj\Desktop\Hammer Editor\coop_lost\coop_lost_singleplayer_factory.bsp
0 seconds elapsed



6 threads
reading c:\users\matìj\desktop\hammer editor\coop_lost\coop_lost_singleplayer_factory.bsp
reading c:\users\matìj\desktop\hammer editor\coop_lost\coop_lost_singleplayer_factory.prt
LoadPortals: couldn't read c:\users\matìj\desktop\hammer editor\coop_lost\coop_lost_singleplayer_factory.prt



[Reading texlights from 'lights.rad']
[45 texlights parsed from 'lights.rad']

Loading c:\users\matìj\desktop\hammer editor\coop_lost\coop_lost_singleplayer_factory.bsp
No vis information, direct lighting only.
76 faces
3282 square feet [472739.63 square inches]
0 Displacements
0 Square Feet [0.00 Square Inches]
2 direct lights
0...1...2...3...4...5...6...7...8...9...10Build Patch/Sample Hash Table(s).....Done<0.0001 sec>
0...1...2...3...4...5...6...7...8...9...10FinalLightFace Done
0 of 0 (0% of) surface lights went in leaf ambient cubes.
0...1...2...3...4...5...6...7...8...9...10Writing leaf ambient...done
Ready to Finish

Object names       Objects/Maxobjs  Memory / Maxmem  Fullness 
------------       ---------------  ---------------  -------- 
models                   3/1024          144/49152    ( 0.3%) 
brushes                 29/8192          348/98304    ( 0.4%) 
brushsides             174/65536        1392/524288   ( 0.3%) 
planes                  88/65536        1760/1310720  ( 0.1%) 
vertexes               171/65536        2052/786432   ( 0.3%) 
nodes                  115/65536        3680/2097152  ( 0.2%) 
texinfos                32/12288        2304/884736   ( 0.3%) 
texdata                 10/2048          320/65536    ( 0.5%) 
dispinfos                0/0               0/0        ( 0.0%) 
disp_verts               0/0               0/0        ( 0.0%) 
disp_tris                0/0               0/0        ( 0.0%) 
disp_lmsamples           0/0               0/0        ( 0.0%) 
faces                   76/65536        4256/3670016  ( 0.1%) 
hdr faces                0/65536           0/3670016  ( 0.0%) 
origfaces               61/65536        3416/3670016  ( 0.1%) 
leaves                 119/65536        3808/2097152  ( 0.2%) 
leaffaces               86/65536         172/131072   ( 0.1%) 
leafbrushes             38/65536          76/131072   ( 0.1%) 
areas                    2/256            16/2048     ( 0.8%) 
surfedges              609/512000       2436/2048000  ( 0.1%) 
edges                  394/256000       1576/1024000  ( 0.2%) 
LDR worldlights          2/8192          176/720896   ( 0.0%) 
HDR worldlights          0/8192            0/720896   ( 0.0%) 
leafwaterdata            0/32768           0/393216   ( 0.0%) 
waterstrips             11/32768         110/327680   ( 0.0%) 
waterverts               0/65536           0/786432   ( 0.0%) 
waterindices           156/65536         312/131072   ( 0.2%) 
cubemapsamples           0/1024            0/16384    ( 0.0%) 
overlays                 0/512             0/180224   ( 0.0%) 
LDR lightdata         [variable]       11680/0        ( 0.0%) 
HDR lightdata         [variable]           0/0        ( 0.0%) 
visdata               [variable]           0/16777216 ( 0.0%) 
entdata               [variable]        4195/393216   ( 1.1%) 
LDR ambient table      119/65536         476/262144   ( 0.2%) 
HDR ambient table      119/65536         476/262144   ( 0.2%) 
LDR leaf ambient       510/65536       14280/1835008  ( 0.8%) 
HDR leaf ambient       119/65536        3332/1835008  ( 0.2%) 
occluders                0/0               0/0        ( 0.0%) 
occluder polygons        0/0               0/0        ( 0.0%) 
occluder vert ind        0/0               0/0        ( 0.0%) 
detail props          [variable]           1/12       ( 8.3%) 
static props          [variable]           1/12       ( 8.3%) 
pakfile               [variable]      105751/0        ( 0.0%) 
physics               [variable]       10487/4194304  ( 0.3%) 
physics terrain       [variable]           2/1048576  ( 0.0%) 

Level flags = 0

Total triangle count: 213
Writing c:\users\matìj\desktop\hammer editor\coop_lost\coop_lost_singleplayer_factory.bsp
0 seconds elapsed



materialPath: D:\SteamGames\SteamApps\common\Half-Life 2\hl2\materials
Loading C:\Users\Matìj\Desktop\Hammer Editor\coop_lost\coop_lost_singleplayer_factory.vmf
Could not locate 'GameData' key in d:\steamgames\steamapps\common\half-life 2\hl2\gameinfo.txt
fixing up env_cubemap materials on brush sides...
0...1...2...3...4...5...6...7...8...9...100...1...2...3...4...5...6...7...8...9...10Processing areas...done (0)
Building Faces...done (0)
FixTjuncs...
PruneNodes...
WriteBSP...
done (0)
writing C:\Users\Matìj\Desktop\Hammer Editor\coop_lost\coop_lost_singleplayer_factory.prt...Building visibility clusters...
done (0)
Creating default LDR cubemaps for env_cubemap using skybox materials:
   skybox/sky_day01_01*.vmt
 ! Run buildcubemaps in the engine to get the correct cube maps.
Creating default HDR cubemaps for env_cubemap using skybox materials:
   skybox/sky_day01_01*.vmt
 ! Run buildcubemaps in the engine to get the correct cube maps.
Finding displacement neighbors...
Finding lightmap sample positions...
Displacement Alpha : 0...1...2...3...4...5...6...7...8...9...10
Building Physics collision data...
done (0) (12583 bytes)
Placing detail props : 0...1...2...3...4...5...6...7...8...9...10
Compacting texture/material tables...
Reduced 58 texinfos to 31
Reduced 11 texdatas to 10 (238 bytes to 212)
Writing C:\Users\Matìj\Desktop\Hammer Editor\coop_lost\coop_lost_singleplayer_factory.bsp
0 seconds elapsed



6 threads
reading c:\users\matìj\desktop\hammer editor\coop_lost\coop_lost_singleplayer_factory.bsp
reading c:\users\matìj\desktop\hammer editor\coop_lost\coop_lost_singleplayer_factory.prt
  32 portalclusters
  83 numportals
0...1...2...3...4...5...6...7...8...9...100...1...2...3...4...5...6...7...8...9...10Optimized: 1 visible clusters (0.11%)
Total clusters visible: 883
Average clusters visible: 27
Building PAS...
Average clusters audible: 32
visdatasize:516  compressed from 512
writing c:\users\matìj\desktop\hammer editor\coop_lost\coop_lost_singleplayer_factory.bsp
0 seconds elapsed



[Reading texlights from 'lights.rad']
[45 texlights parsed from 'lights.rad']

Loading c:\users\matìj\desktop\hammer editor\coop_lost\coop_lost_singleplayer_factory.bsp
71 faces
3282 square feet [472674.00 square inches]
0 Displacements
0 Square Feet [0.00 Square Inches]
71 patches before subdivision
545 patches after subdivision
2 direct lights
0...1...2...3...4...5...6...7...8...9...100...1...2...3...4...5...6...7...8...9...10transfers 33739, max 156
transfer lists:   0.3 megs
0...1...2...3...4...5...6...7...8...9...10	Bounce #1 added RGB(934, 922, 357)
0...1...2...3...4...5...6...7...8...9...10	Bounce #2 added RGB(211, 193, 60)
0...1...2...3...4...5...6...7...8...9...10	Bounce #3 added RGB(41, 35, 9)
0...1...2...3...4...5...6...7...8...9...10	Bounce #4 added RGB(9, 7, 1)
0...1...2...3...4...5...6...7...8...9...10	Bounce #5 added RGB(2, 1, 0)
0...1...2...3...4...5...6...7...8...9...10	Bounce #6 added RGB(0, 0, 0)
Build Patch/Sample Hash Table(s).....Done<0.0001 sec>
0...1...2...3...4...5...6...7...8...9...10FinalLightFace Done
0 of 0 (0% of) surface lights went in leaf ambient cubes.
0...1...2...3...4...5...6...7...8...9...10Writing leaf ambient...done
Ready to Finish

Object names       Objects/Maxobjs  Memory / Maxmem  Fullness 
------------       ---------------  ---------------  -------- 
models                   3/1024          144/49152    ( 0.3%) 
brushes                 35/8192          420/98304    ( 0.4%) 
brushsides             210/65536        1680/524288   ( 0.3%) 
planes                 114/65536        2280/1310720  ( 0.2%) 
vertexes               205/65536        2460/786432   ( 0.3%) 
nodes                   99/65536        3168/2097152  ( 0.2%) 
texinfos                31/12288        2232/884736   ( 0.3%) 
texdata                 10/2048          320/65536    ( 0.5%) 
dispinfos                0/0               0/0        ( 0.0%) 
disp_verts               0/0               0/0        ( 0.0%) 
disp_tris                0/0               0/0        ( 0.0%) 
disp_lmsamples           0/0               0/0        ( 0.0%) 
faces                   71/65536        3976/3670016  ( 0.1%) 
hdr faces                0/65536           0/3670016  ( 0.0%) 
origfaces               57/65536        3192/3670016  ( 0.1%) 
leaves                 103/65536        3296/2097152  ( 0.2%) 
leaffaces               71/65536         142/131072   ( 0.1%) 
leafbrushes             73/65536         146/131072   ( 0.1%) 
areas                    2/256            16/2048     ( 0.8%) 
surfedges              559/512000       2236/2048000  ( 0.1%) 
edges                  364/256000       1456/1024000  ( 0.1%) 
LDR worldlights          2/8192          176/720896   ( 0.0%) 
HDR worldlights          0/8192            0/720896   ( 0.0%) 
leafwaterdata            0/32768           0/393216   ( 0.0%) 
waterstrips              8/32768          80/327680   ( 0.0%) 
waterverts               0/65536           0/786432   ( 0.0%) 
waterindices           123/65536         246/131072   ( 0.2%) 
cubemapsamples           0/1024            0/16384    ( 0.0%) 
overlays                 0/512             0/180224   ( 0.0%) 
LDR lightdata         [variable]       10944/0        ( 0.0%) 
HDR lightdata         [variable]           0/0        ( 0.0%) 
visdata               [variable]         516/16777216 ( 0.0%) 
entdata               [variable]        4195/393216   ( 1.1%) 
LDR ambient table      103/65536         412/262144   ( 0.2%) 
HDR ambient table      103/65536         412/262144   ( 0.2%) 
LDR leaf ambient       346/65536        9688/1835008  ( 0.5%) 
HDR leaf ambient       103/65536        2884/1835008  ( 0.2%) 
occluders                0/0               0/0        ( 0.0%) 
occluder polygons        0/0               0/0        ( 0.0%) 
occluder vert ind        0/0               0/0        ( 0.0%) 
detail props          [variable]           1/12       ( 8.3%) 
static props          [variable]           1/12       ( 8.3%) 
pakfile               [variable]      105751/0        ( 0.0%) 
physics               [variable]       12583/4194304  ( 0.3%) 
physics terrain       [variable]           2/1048576  ( 0.0%) 

Level flags = 0

Total triangle count: 189
Writing c:\users\matìj\desktop\hammer editor\coop_lost\coop_lost_singleplayer_factory.bsp
0 seconds elapsed



materialPath: D:\SteamGames\SteamApps\common\Half-Life 2\hl2\materials
Loading C:\Users\Matìj\Desktop\Hammer Editor\coop_lost\coop_lost_singleplayer_factory.vmf
Could not locate 'GameData' key in d:\steamgames\steamapps\common\half-life 2\hl2\gameinfo.txt
fixing up env_cubemap materials on brush sides...
0...1...2...3...4...5...6...7...8...9...100...1...2...3...4...5...6...7...8...9...10Processing areas...done (0)
Building Faces...done (0)
FixTjuncs...
PruneNodes...
WriteBSP...
done (0)
writing C:\Users\Matìj\Desktop\Hammer Editor\coop_lost\coop_lost_singleplayer_factory.prt...Building visibility clusters...
done (0)
Creating default LDR cubemaps for env_cubemap using skybox materials:
   skybox/sky_day01_01*.vmt
 ! Run buildcubemaps in the engine to get the correct cube maps.
Creating default HDR cubemaps for env_cubemap using skybox materials:
   skybox/sky_day01_01*.vmt
 ! Run buildcubemaps in the engine to get the correct cube maps.
Finding displacement neighbors...
Finding lightmap sample positions...
Displacement Alpha : 0...1...2...3...4...5...6...7...8...9...10
Building Physics collision data...
done (0) (13138 bytes)
Placing detail props : 0...1...2...3...4...5...6...7...8...9...10
Compacting texture/material tables...
Reduced 61 texinfos to 34
Reduced 11 texdatas to 10 (238 bytes to 212)
Writing C:\Users\Matìj\Desktop\Hammer Editor\coop_lost\coop_lost_singleplayer_factory.bsp
0 seconds elapsed



6 threads
reading c:\users\matìj\desktop\hammer editor\coop_lost\coop_lost_singleplayer_factory.bsp
reading c:\users\matìj\desktop\hammer editor\coop_lost\coop_lost_singleplayer_factory.prt
  32 portalclusters
  83 numportals
0...1...2...3...4...5...6...7...8...9...100...1...2...3...4...5...6...7...8...9...10Optimized: 1 visible clusters (0.11%)
Total clusters visible: 883
Average clusters visible: 27
Building PAS...
Average clusters audible: 32
visdatasize:516  compressed from 512
writing c:\users\matìj\desktop\hammer editor\coop_lost\coop_lost_singleplayer_factory.bsp
0 seconds elapsed



[Reading texlights from 'lights.rad']
[45 texlights parsed from 'lights.rad']

Loading c:\users\matìj\desktop\hammer editor\coop_lost\coop_lost_singleplayer_factory.bsp
77 faces
3815 square feet [549390.00 square inches]
0 Displacements
0 Square Feet [0.00 Square Inches]
77 patches before subdivision
551 patches after subdivision
2 direct lights
0...1...2...3...4...5...6...7...8...9...100...1...2...3...4...5...6...7...8...9...10transfers 33919, max 156
transfer lists:   0.3 megs
0...1...2...3...4...5...6...7...8...9...10	Bounce #1 added RGB(940, 928, 359)
0...1...2...3...4...5...6...7...8...9...10	Bounce #2 added RGB(212, 195, 60)
0...1...2...3...4...5...6...7...8...9...10	Bounce #3 added RGB(41, 35, 9)
0...1...2...3...4...5...6...7...8...9...10	Bounce #4 added RGB(9, 7, 1)
0...1...2...3...4...5...6...7...8...9...10	Bounce #5 added RGB(2, 1, 0)
0...1...2...3...4...5...6...7...8...9...10	Bounce #6 added RGB(0, 0, 0)
Build Patch/Sample Hash Table(s).....Done<0.0001 sec>
0...1...2...3...4...5...6...7...8...9...10FinalLightFace Done
0 of 0 (0% of) surface lights went in leaf ambient cubes.
0...1...2...3...4...5...6...7...8...9...10Writing leaf ambient...done
Ready to Finish

Object names       Objects/Maxobjs  Memory / Maxmem  Fullness 
------------       ---------------  ---------------  -------- 
models                   4/1024          192/49152    ( 0.4%) 
brushes                 36/8192          432/98304    ( 0.4%) 
brushsides             216/65536        1728/524288   ( 0.3%) 
planes                 120/65536        2400/1310720  ( 0.2%) 
vertexes               213/65536        2556/786432   ( 0.3%) 
nodes                  105/65536        3360/2097152  ( 0.2%) 
texinfos                34/12288        2448/884736   ( 0.3%) 
texdata                 10/2048          320/65536    ( 0.5%) 
dispinfos                0/0               0/0        ( 0.0%) 
disp_verts               0/0               0/0        ( 0.0%) 
disp_tris                0/0               0/0        ( 0.0%) 
disp_lmsamples           0/0               0/0        ( 0.0%) 
faces                   77/65536        4312/3670016  ( 0.1%) 
hdr faces                0/65536           0/3670016  ( 0.0%) 
origfaces               63/65536        3528/3670016  ( 0.1%) 
leaves                 110/65536        3520/2097152  ( 0.2%) 
leaffaces               77/65536         154/131072   ( 0.1%) 
leafbrushes             74/65536         148/131072   ( 0.1%) 
areas                    2/256            16/2048     ( 0.8%) 
surfedges              607/512000       2428/2048000  ( 0.1%) 
edges                  388/256000       1552/1024000  ( 0.2%) 
LDR worldlights          2/8192          176/720896   ( 0.0%) 
HDR worldlights          0/8192            0/720896   ( 0.0%) 
leafwaterdata            0/32768           0/393216   ( 0.0%) 
waterstrips              8/32768          80/327680   ( 0.0%) 
waterverts               0/65536           0/786432   ( 0.0%) 
waterindices           123/65536         246/131072   ( 0.2%) 
cubemapsamples           0/1024            0/16384    ( 0.0%) 
overlays                 0/512             0/180224   ( 0.0%) 
LDR lightdata         [variable]       10944/0        ( 0.0%) 
HDR lightdata         [variable]           0/0        ( 0.0%) 
visdata               [variable]         516/16777216 ( 0.0%) 
entdata               [variable]        4290/393216   ( 1.1%) 
LDR ambient table      110/65536         440/262144   ( 0.2%) 
HDR ambient table      110/65536         440/262144   ( 0.2%) 
LDR leaf ambient       352/65536        9856/1835008  ( 0.5%) 
HDR leaf ambient       110/65536        3080/1835008  ( 0.2%) 
occluders                0/0               0/0        ( 0.0%) 
occluder polygons        0/0               0/0        ( 0.0%) 
occluder vert ind        0/0               0/0        ( 0.0%) 
detail props          [variable]           1/12       ( 8.3%) 
static props          [variable]           1/12       ( 8.3%) 
pakfile               [variable]      105751/0        ( 0.0%) 
physics               [variable]       13138/4194304  ( 0.3%) 
physics terrain       [variable]           2/1048576  ( 0.0%) 

Level flags = 0

Total triangle count: 201
Writing c:\users\matìj\desktop\hammer editor\coop_lost\coop_lost_singleplayer_factory.bsp
0 seconds elapsed



materialPath: D:\SteamGames\SteamApps\common\Half-Life 2\hl2\materials
Loading C:\Users\Matìj\Desktop\Hammer Editor\coop_lost\coop_lost_singleplayer_factory.vmf
Could not locate 'GameData' key in d:\steamgames\steamapps\common\half-life 2\hl2\gameinfo.txt
fixing up env_cubemap materials on brush sides...
0...1...2...3...4...5...6...7...8...9...100...1...2...3...4...5...6...7...8...9...10Processing areas...done (0)
Building Faces...done (0)
FixTjuncs...
PruneNodes...
WriteBSP...
done (0)
writing C:\Users\Matìj\Desktop\Hammer Editor\coop_lost\coop_lost_singleplayer_factory.prt...Building visibility clusters...
done (0)
Creating default LDR cubemaps for env_cubemap using skybox materials:
   skybox/sky_day01_01*.vmt
 ! Run buildcubemaps in the engine to get the correct cube maps.
Creating default HDR cubemaps for env_cubemap using skybox materials:
   skybox/sky_day01_01*.vmt
 ! Run buildcubemaps in the engine to get the correct cube maps.
Finding displacement neighbors...
Finding lightmap sample positions...
Displacement Alpha : 0...1...2...3...4...5...6...7...8...9...10
Building Physics collision data...
done (0) (13138 bytes)
Placing detail props : 0...1...2...3...4...5...6...7...8...9...10
Compacting texture/material tables...
Reduced 61 texinfos to 34
Reduced 11 texdatas to 10 (238 bytes to 212)
Writing C:\Users\Matìj\Desktop\Hammer Editor\coop_lost\coop_lost_singleplayer_factory.bsp
0 seconds elapsed



6 threads
reading c:\users\matìj\desktop\hammer editor\coop_lost\coop_lost_singleplayer_factory.bsp
reading c:\users\matìj\desktop\hammer editor\coop_lost\coop_lost_singleplayer_factory.prt
  32 portalclusters
  83 numportals
0...1...2...3...4...5...6...7...8...9...100...1...2...3...4...5...6...7...8...9...10Optimized: 1 visible clusters (0.11%)
Total clusters visible: 883
Average clusters visible: 27
Building PAS...
Average clusters audible: 32
visdatasize:516  compressed from 512
writing c:\users\matìj\desktop\hammer editor\coop_lost\coop_lost_singleplayer_factory.bsp
0 seconds elapsed



[Reading texlights from 'lights.rad']
[45 texlights parsed from 'lights.rad']

Loading c:\users\matìj\desktop\hammer editor\coop_lost\coop_lost_singleplayer_factory.bsp
77 faces
3815 square feet [549390.00 square inches]
0 Displacements
0 Square Feet [0.00 Square Inches]
77 patches before subdivision
551 patches after subdivision
2 direct lights
0...1...2...3...4...5...6...7...8...9...100...1...2...3...4...5...6...7...8...9...10transfers 33919, max 156
transfer lists:   0.3 megs
0...1...2...3...4...5...6...7...8...9...10	Bounce #1 added RGB(940, 928, 359)
0...1...2...3...4...5...6...7...8...9...10	Bounce #2 added RGB(212, 195, 60)
0...1...2...3...4...5...6...7...8...9...10	Bounce #3 added RGB(41, 35, 9)
0...1...2...3...4...5...6...7...8...9...10	Bounce #4 added RGB(9, 7, 1)
0...1...2...3...4...5...6...7...8...9...10	Bounce #5 added RGB(2, 1, 0)
0...1...2...3...4...5...6...7...8...9...10	Bounce #6 added RGB(0, 0, 0)
Build Patch/Sample Hash Table(s).....Done<0.0001 sec>
0...1...2...3...4...5...6...7...8...9...10FinalLightFace Done
0 of 0 (0% of) surface lights went in leaf ambient cubes.
0...1...2...3...4...5...6...7...8...9...10Writing leaf ambient...done
Ready to Finish

Object names       Objects/Maxobjs  Memory / Maxmem  Fullness 
------------       ---------------  ---------------  -------- 
models                   4/1024          192/49152    ( 0.4%) 
brushes                 36/8192          432/98304    ( 0.4%) 
brushsides             216/65536        1728/524288   ( 0.3%) 
planes                 120/65536        2400/1310720  ( 0.2%) 
vertexes               213/65536        2556/786432   ( 0.3%) 
nodes                  105/65536        3360/2097152  ( 0.2%) 
texinfos                34/12288        2448/884736   ( 0.3%) 
texdata                 10/2048          320/65536    ( 0.5%) 
dispinfos                0/0               0/0        ( 0.0%) 
disp_verts               0/0               0/0        ( 0.0%) 
disp_tris                0/0               0/0        ( 0.0%) 
disp_lmsamples           0/0               0/0        ( 0.0%) 
faces                   77/65536        4312/3670016  ( 0.1%) 
hdr faces                0/65536           0/3670016  ( 0.0%) 
origfaces               63/65536        3528/3670016  ( 0.1%) 
leaves                 110/65536        3520/2097152  ( 0.2%) 
leaffaces               77/65536         154/131072   ( 0.1%) 
leafbrushes             74/65536         148/131072   ( 0.1%) 
areas                    2/256            16/2048     ( 0.8%) 
surfedges              607/512000       2428/2048000  ( 0.1%) 
edges                  388/256000       1552/1024000  ( 0.2%) 
LDR worldlights          2/8192          176/720896   ( 0.0%) 
HDR worldlights          0/8192            0/720896   ( 0.0%) 
leafwaterdata            0/32768           0/393216   ( 0.0%) 
waterstrips              8/32768          80/327680   ( 0.0%) 
waterverts               0/65536           0/786432   ( 0.0%) 
waterindices           123/65536         246/131072   ( 0.2%) 
cubemapsamples           0/1024            0/16384    ( 0.0%) 
overlays                 0/512             0/180224   ( 0.0%) 
LDR lightdata         [variable]       10944/0        ( 0.0%) 
HDR lightdata         [variable]           0/0        ( 0.0%) 
visdata               [variable]         516/16777216 ( 0.0%) 
entdata               [variable]        4404/393216   ( 1.1%) 
LDR ambient table      110/65536         440/262144   ( 0.2%) 
HDR ambient table      110/65536         440/262144   ( 0.2%) 
LDR leaf ambient       352/65536        9856/1835008  ( 0.5%) 
HDR leaf ambient       110/65536        3080/1835008  ( 0.2%) 
occluders                0/0               0/0        ( 0.0%) 
occluder polygons        0/0               0/0        ( 0.0%) 
occluder vert ind        0/0               0/0        ( 0.0%) 
detail props          [variable]           1/12       ( 8.3%) 
static props          [variable]           1/12       ( 8.3%) 
pakfile               [variable]      105751/0        ( 0.0%) 
physics               [variable]       13138/4194304  ( 0.3%) 
physics terrain       [variable]           2/1048576  ( 0.0%) 

Level flags = 0

Total triangle count: 201
Writing c:\users\matìj\desktop\hammer editor\coop_lost\coop_lost_singleplayer_factory.bsp
0 seconds elapsed



materialPath: D:\SteamGames\SteamApps\common\Half-Life 2\hl2\materials
Loading C:\Users\Matìj\Desktop\Hammer Editor\coop_lost\coop_lost_singleplayer_factory.vmf
Could not locate 'GameData' key in d:\steamgames\steamapps\common\half-life 2\hl2\gameinfo.txt
fixing up env_cubemap materials on brush sides...
0...1...2...3...4...5...6...7...8...9...100...1...2...3...4...5...6...7...8...9...10Processing areas...done (0)
Building Faces...done (0)
FixTjuncs...
PruneNodes...
WriteBSP...
done (0)
writing C:\Users\Matìj\Desktop\Hammer Editor\coop_lost\coop_lost_singleplayer_factory.prt...Building visibility clusters...
done (0)
Creating default LDR cubemaps for env_cubemap using skybox materials:
   skybox/sky_day01_01*.vmt
 ! Run buildcubemaps in the engine to get the correct cube maps.
Creating default HDR cubemaps for env_cubemap using skybox materials:
   skybox/sky_day01_01*.vmt
 ! Run buildcubemaps in the engine to get the correct cube maps.
Finding displacement neighbors...
Finding lightmap sample positions...
Displacement Alpha : 0...1...2...3...4...5...6...7...8...9...10
Building Physics collision data...
done (0) (12028 bytes)
Placing detail props : 0...1...2...3...4...5...6...7...8...9...10
Compacting texture/material tables...
Reduced 55 texinfos to 28
Reduced 11 texdatas to 10 (238 bytes to 212)
Writing C:\Users\Matìj\Desktop\Hammer Editor\coop_lost\coop_lost_singleplayer_factory.bsp
0 seconds elapsed



6 threads
reading c:\users\matìj\desktop\hammer editor\coop_lost\coop_lost_singleplayer_factory.bsp
reading c:\users\matìj\desktop\hammer editor\coop_lost\coop_lost_singleplayer_factory.prt
  32 portalclusters
  83 numportals
0...1...2...3...4...5...6...7...8...9...100...1...2...3...4...5...6...7...8...9...10Optimized: 1 visible clusters (0.11%)
Total clusters visible: 883
Average clusters visible: 27
Building PAS...
Average clusters audible: 32
visdatasize:516  compressed from 512
writing c:\users\matìj\desktop\hammer editor\coop_lost\coop_lost_singleplayer_factory.bsp
0 seconds elapsed



[Reading texlights from 'lights.rad']
[45 texlights parsed from 'lights.rad']

Loading c:\users\matìj\desktop\hammer editor\coop_lost\coop_lost_singleplayer_factory.bsp
65 faces
2790 square feet [401792.00 square inches]
0 Displacements
0 Square Feet [0.00 Square Inches]
65 patches before subdivision
539 patches after subdivision
2 direct lights
0...1...2...3...4...5...6...7...8...9...100...1...2...3...4...5...6...7...8...9...10transfers 33484, max 156
transfer lists:   0.3 megs
0...1...2...3...4...5...6...7...8...9...10	Bounce #1 added RGB(924, 912, 353)
0...1...2...3...4...5...6...7...8...9...10	Bounce #2 added RGB(208, 191, 59)
0...1...2...3...4...5...6...7...8...9...10	Bounce #3 added RGB(40, 35, 9)
0...1...2...3...4...5...6...7...8...9...10	Bounce #4 added RGB(9, 7, 1)
0...1...2...3...4...5...6...7...8...9...10	Bounce #5 added RGB(2, 1, 0)
0...1...2...3...4...5...6...7...8...9...10	Bounce #6 added RGB(0, 0, 0)
Build Patch/Sample Hash Table(s).....Done<0.0001 sec>
0...1...2...3...4...5...6...7...8...9...10FinalLightFace Done
0 of 0 (0% of) surface lights went in leaf ambient cubes.
0...1...2...3...4...5...6...7...8...9...10Writing leaf ambient...done
Ready to Finish

Object names       Objects/Maxobjs  Memory / Maxmem  Fullness 
------------       ---------------  ---------------  -------- 
models                   2/1024           96/49152    ( 0.2%) 
brushes                 34/8192          408/98304    ( 0.4%) 
brushsides             204/65536        1632/524288   ( 0.3%) 
planes                 108/65536        2160/1310720  ( 0.2%) 
vertexes               197/65536        2364/786432   ( 0.3%) 
nodes                   93/65536        2976/2097152  ( 0.1%) 
texinfos                28/12288        2016/884736   ( 0.2%) 
texdata                 10/2048          320/65536    ( 0.5%) 
dispinfos                0/0               0/0        ( 0.0%) 
disp_verts               0/0               0/0        ( 0.0%) 
disp_tris                0/0               0/0        ( 0.0%) 
disp_lmsamples           0/0               0/0        ( 0.0%) 
faces                   65/65536        3640/3670016  ( 0.1%) 
hdr faces                0/65536           0/3670016  ( 0.0%) 
origfaces               51/65536        2856/3670016  ( 0.1%) 
leaves                  96/65536        3072/2097152  ( 0.1%) 
leaffaces               65/65536         130/131072   ( 0.1%) 
leafbrushes             72/65536         144/131072   ( 0.1%) 
areas                    2/256            16/2048     ( 0.8%) 
surfedges              511/512000       2044/2048000  ( 0.1%) 
edges                  340/256000       1360/1024000  ( 0.1%) 
LDR worldlights          2/8192          176/720896   ( 0.0%) 
HDR worldlights          0/8192            0/720896   ( 0.0%) 
leafwaterdata            0/32768           0/393216   ( 0.0%) 
waterstrips              8/32768          80/327680   ( 0.0%) 
waterverts               0/65536           0/786432   ( 0.0%) 
waterindices           123/65536         246/131072   ( 0.2%) 
cubemapsamples           0/1024            0/16384    ( 0.0%) 
overlays                 0/512             0/180224   ( 0.0%) 
LDR lightdata         [variable]       10944/0        ( 0.0%) 
HDR lightdata         [variable]           0/0        ( 0.0%) 
visdata               [variable]         516/16777216 ( 0.0%) 
entdata               [variable]        4083/393216   ( 1.0%) 
LDR ambient table       96/65536         384/262144   ( 0.1%) 
HDR ambient table       96/65536         384/262144   ( 0.1%) 
LDR leaf ambient       283/65536        7924/1835008  ( 0.4%) 
HDR leaf ambient        96/65536        2688/1835008  ( 0.1%) 
occluders                0/0               0/0        ( 0.0%) 
occluder polygons        0/0               0/0        ( 0.0%) 
occluder vert ind        0/0               0/0        ( 0.0%) 
detail props          [variable]           1/12       ( 8.3%) 
static props          [variable]           1/12       ( 8.3%) 
pakfile               [variable]      105751/0        ( 0.0%) 
physics               [variable]       12028/4194304  ( 0.3%) 
physics terrain       [variable]           2/1048576  ( 0.0%) 

Level flags = 0

Total triangle count: 177
Writing c:\users\matìj\desktop\hammer editor\coop_lost\coop_lost_singleplayer_factory.bsp
0 seconds elapsed



materialPath: D:\SteamGames\SteamApps\common\Half-Life 2\hl2\materials
Loading C:\Users\Matìj\Desktop\Hammer Editor\coop_lost\coop_lost_singleplayer_factory.vmf
Could not locate 'GameData' key in d:\steamgames\steamapps\common\half-life 2\hl2\gameinfo.txt
fixing up env_cubemap materials on brush sides...
0...1...2...3...4...5...6...7...8...9...100...1...2...3...4...5...6...7...8...9...10Processing areas...done (0)
Building Faces...done (0)
FixTjuncs...
PruneNodes...
WriteBSP...
done (0)
writing C:\Users\Matìj\Desktop\Hammer Editor\coop_lost\coop_lost_singleplayer_factory.prt...Building visibility clusters...
done (0)
Creating default LDR cubemaps for env_cubemap using skybox materials:
   skybox/sky_day01_01*.vmt
 ! Run buildcubemaps in the engine to get the correct cube maps.
Creating default HDR cubemaps for env_cubemap using skybox materials:
   skybox/sky_day01_01*.vmt
 ! Run buildcubemaps in the engine to get the correct cube maps.
Finding displacement neighbors...
Finding lightmap sample positions...
Displacement Alpha : 0...1...2...3...4...5...6...7...8...9...10
Building Physics collision data...
done (0) (12028 bytes)
Placing detail props : 0...1...2...3...4...5...6...7...8...9...10
Compacting texture/material tables...
Reduced 55 texinfos to 28
Reduced 11 texdatas to 10 (238 bytes to 212)
Writing C:\Users\Matìj\Desktop\Hammer Editor\coop_lost\coop_lost_singleplayer_factory.bsp
0 seconds elapsed



materialPath: D:\SteamGames\SteamApps\common\Half-Life 2\hl2\materials
Loading C:\Users\Matìj\Desktop\Hammer Editor\coop_lost\coop_lost_singleplayer_factory.vmf
Could not locate 'GameData' key in d:\steamgames\steamapps\common\half-life 2\hl2\gameinfo.txt
fixing up env_cubemap materials on brush sides...
0...1...2...3...4...5...6...7...8...9...100...1...2...3...4...5...6...7...8...9...10Processing areas...done (0)
Building Faces...done (0)
FixTjuncs...
PruneNodes...
WriteBSP...
done (0)
writing C:\Users\Matìj\Desktop\Hammer Editor\coop_lost\coop_lost_singleplayer_factory.prt...Building visibility clusters...
done (0)
Creating default LDR cubemaps for env_cubemap using skybox materials:
   skybox/sky_day01_01*.vmt
 ! Run buildcubemaps in the engine to get the correct cube maps.
Creating default HDR cubemaps for env_cubemap using skybox materials:
   skybox/sky_day01_01*.vmt
 ! Run buildcubemaps in the engine to get the correct cube maps.
Finding displacement neighbors...
Finding lightmap sample positions...
Displacement Alpha : 0...1...2...3...4...5...6...7...8...9...10
Building Physics collision data...
done (0) (12028 bytes)
Placing detail props : 0...1...2...3...4...5...6...7...8...9...10
Compacting texture/material tables...
Reduced 55 texinfos to 28
Reduced 11 texdatas to 10 (238 bytes to 212)
Writing C:\Users\Matìj\Desktop\Hammer Editor\coop_lost\coop_lost_singleplayer_factory.bsp
0 seconds elapsed
