


materialPath: D:\SteamGames\SteamApps\common\Half-Life 2\hl2\materials
Loading C:\Users\Matìj\Desktop\Hammer Editor\coop_lost\lost_singleplayer.vmf
Could not locate 'GameData' key in d:\steamgames\steamapps\common\half-life 2\hl2\gameinfo.txt
Patching WVT material: maps/lost_singleplayer/nature/blendgrassdirt01_wvt_patch
Patching WVT material: maps/lost_singleplayer/nature/blendgrassgravel002b_wvt_patch
Patching WVT material: maps/lost_singleplayer/nature/blendrockslime01a_wvt_patch
fixing up env_cubemap materials on brush sides...
0...1...2...3...4...5...6...7...8...9...100...1...2...3...4...5...6...7...8...9...10Processing areas...done (0)
Building Faces...done (0)
Chop Details...done (0)
Find Visible Detail Sides...
Merged 212 detail faces...done (0)
Merging details...done (0)
FixTjuncs...
PruneNodes...
WriteBSP...
done (0)
writing C:\Users\Matìj\Desktop\Hammer Editor\coop_lost\lost_singleplayer.prt...Building visibility clusters...
done (0)
Creating default LDR cubemaps for env_cubemap using skybox materials:
   skybox/sky_day01_05*.vmt
 ! Run buildcubemaps in the engine to get the correct cube maps.
Creating default HDR cubemaps for env_cubemap using skybox materials:
   skybox/sky_day01_05*.vmt
 ! Run buildcubemaps in the engine to get the correct cube maps.
Finding displacement neighbors...
Finding lightmap sample positions...
Displacement Alpha : 0...1...2...3...4...5...6...7...8...9...10
Building Physics collision data...
done (1) (319432 bytes)
Placing detail props : 0...1...2...3...4...5...6...7...Material NATURE/BLENDGRASSDIRT01 uses unknown detail object type forest_floor_01!
Material NATURE/BLENDGRASSDIRT01 uses unknown detail object type forest_floor_01!
Material NATURE/BLENDGRASSDIRT01 uses unknown detail object type forest_floor_01!
Material NATURE/BLENDGRASSDIRT01 uses unknown detail object type forest_floor_01!
Material NATURE/BLENDGRASSDIRT01 uses unknown detail object type forest_floor_01!
Material NATURE/BLENDGRASSDIRT01 uses unknown detail object type forest_floor_01!
Material NATURE/BLENDGRASSDIRT01 uses unknown detail object type forest_floor_01!
Material NATURE/BLENDGRASSDIRT01 uses unknown detail object type forest_floor_01!
Material NATURE/BLENDGRASSDIRT01 uses unknown detail object type forest_floor_01!
Material NATURE/BLENDGRASSDIRT01 uses unknown detail object type forest_floor_01!
Material NATURE/BLENDGRASSDIRT01 uses unknown detail object type forest_floor_01!
Material NATURE/BLENDGRASSDIRT01 uses unknown detail object type forest_floor_01!
Material NATURE/BLENDGRASSDIRT01 uses unknown detail object type forest_floor_01!
Material NATURE/BLENDGRASSDIRT01 uses unknown detail object type forest_floor_01!
Material NATURE/BLENDGRASSDIRT01 uses unknown detail object type forest_floor_01!
Material NATURE/BLENDGRASSDIRT01 uses unknown detail object type forest_floor_01!
Material NATURE/BLENDGRASSDIRT01 uses unknown detail object type forest_floor_01!
Material NATURE/BLENDGRASSDIRT01 uses unknown detail object type forest_floor_01!
Material NATURE/BLENDGRASSDIRT01 uses unknown detail object type forest_floor_01!
Material NATURE/BLENDGRASSDIRT01 uses unknown detail object type forest_floor_01!
Material NATURE/BLENDGRASSDIRT01 uses unknown detail object type forest_floor_01!
Material NATURE/BLENDGRASSDIRT01 uses unknown detail object type forest_floor_01!
Material NATURE/BLENDGRASSDIRT01 uses unknown detail object type forest_floor_01!
Material NATURE/BLENDGRASSDIRT01 uses unknown detail object type forest_floor_01!
Material NATURE/BLENDGRASSDIRT01 uses unknown detail object type forest_floor_01!
Material NATURE/BLENDGRASSDIRT01 uses unknown detail object type forest_floor_01!
Material NATURE/BLENDGRASSDIRT01 uses unknown detail object type forest_floor_01!
Material NATURE/BLENDGRASSDIRT01 uses unknown detail object type forest_floor_01!
Material NATURE/BLENDGRASSDIRT01 uses unknown detail object type forest_floor_01!
Material NATURE/BLENDGRASSDIRT01 uses unknown detail object type forest_floor_01!
Material NATURE/BLENDGRASSDIRT01 uses unknown detail object type forest_floor_01!
Material NATURE/BLENDGRASSDIRT01 uses unknown detail object type forest_floor_01!
Material NATURE/BLENDGRASSDIRT01 uses unknown detail object type forest_floor_01!
Material NATURE/BLENDGRASSDIRT01 uses unknown detail object type forest_floor_01!
Material NATURE/BLENDGRASSDIRT01 uses unknown detail object type forest_floor_01!
Material NATURE/BLENDGRASSDIRT01 uses unknown detail object type forest_floor_01!
Material NATURE/BLENDGRASSDIRT01 uses unknown detail object type forest_floor_01!
Material NATURE/BLENDGRASSDIRT01 uses unknown detail object type forest_floor_01!
Material NATURE/BLENDGRASSDIRT01 uses unknown detail object type forest_floor_01!
Material NATURE/BLENDGRASSDIRT01 uses unknown detail object type forest_floor_01!
Material NATURE/BLENDGRASSDIRT01 uses unknown detail object type forest_floor_01!
8Material NATURE/BLENDGRASSDIRT01 uses unknown detail object type forest_floor_01!
Material NATURE/BLENDGRASSDIRT01 uses unknown detail object type forest_floor_01!
Material NATURE/BLENDGRASSDIRT01 uses unknown detail object type forest_floor_01!
Material NATURE/BLENDGRASSDIRT01 uses unknown detail object type forest_floor_01!
Material NATURE/BLENDGRASSDIRT01 uses unknown detail object type forest_floor_01!
Material NATURE/BLENDGRASSDIRT01 uses unknown detail object type forest_floor_01!
Material NATURE/BLENDGRASSDIRT01 uses unknown detail object type forest_floor_01!
Material NATURE/BLENDGRASSDIRT01 uses unknown detail object type forest_floor_01!
Material NATURE/BLENDGRASSDIRT01 uses unknown detail object type forest_floor_01!
Material NATURE/BLENDGRASSDIRT01 uses unknown detail object type forest_floor_01!
Material NATURE/BLENDGRASSDIRT01 uses unknown detail object type forest_floor_01!
Material NATURE/BLENDGRASSDIRT01 uses unknown detail object type forest_floor_01!
Material NATURE/BLENDGRASSDIRT01 uses unknown detail object type forest_floor_01!
Material NATURE/BLENDGRASSDIRT01 uses unknown detail object type forest_floor_01!
Material NATURE/BLENDGRASSDIRT01 uses unknown detail object type forest_floor_01!
Material NATURE/BLENDGRASSDIRT01 uses unknown detail object type forest_floor_01!
Material NATURE/BLENDGRASSDIRT01 uses unknown detail object type forest_floor_01!
Material NATURE/BLENDGRASSDIRT01 uses unknown detail object type forest_floor_01!
Material NATURE/BLENDGRASSDIRT01 uses unknown detail object type forest_floor_01!
Material NATURE/BLENDGRASSDIRT01 uses unknown detail object type forest_floor_01!
Material NATURE/BLENDGRASSDIRT01 uses unknown detail object type forest_floor_01!
Material NATURE/BLENDGRASSDIRT01 uses unknown detail object type forest_floor_01!
Material NATURE/BLENDGRASSDIRT01 uses unknown detail object type forest_floor_01!
Material NATURE/BLENDGRASSDIRT01 uses unknown detail object type forest_floor_01!
Material NATURE/BLENDGRASSDIRT01 uses unknown detail object type forest_floor_01!
Material NATURE/BLENDGRASSDIRT01 uses unknown detail object type forest_floor_01!
Material NATURE/BLENDGRASSDIRT01 uses unknown detail object type forest_floor_01!
Material NATURE/BLENDGRASSDIRT01 uses unknown detail object type forest_floor_01!
Material NATURE/BLENDGRASSDIRT01 uses unknown detail object type forest_floor_01!
Material NATURE/BLENDGRASSDIRT01 uses unknown detail object type forest_floor_01!
Material NATURE/BLENDGRASSDIRT01 uses unknown detail object type forest_floor_01!
Material NATURE/BLENDGRASSDIRT01 uses unknown detail object type forest_floor_01!
Material NATURE/BLENDGRASSDIRT01 uses unknown detail object type forest_floor_01!
Material NATURE/BLENDGRASSDIRT01 uses unknown detail object type forest_floor_01!
Material NATURE/BLENDGRASSDIRT01 uses unknown detail object type forest_floor_01!
Material NATURE/BLENDGRASSDIRT01 uses unknown detail object type forest_floor_01!
Material NATURE/BLENDGRASSDIRT01 uses unknown detail object type forest_floor_01!
Material NATURE/BLENDGRASSDIRT01 uses unknown detail object type forest_floor_01!
Material NATURE/BLENDGRASSDIRT01 uses unknown detail object type forest_floor_01!
Material NATURE/BLENDGRASSDIRT01 uses unknown detail object type forest_floor_01!
Material NATURE/BLENDGRASSDIRT01 uses unknown detail object type forest_floor_01!
Material NATURE/BLENDGRASSDIRT01 uses unknown detail object type forest_floor_01!
Material NATURE/BLENDGRASSDIRT01 uses unknown detail object type forest_floor_01!
Material NATURE/BLENDGRASSDIRT01 uses unknown detail object type forest_floor_01!
Material NATURE/BLENDGRASSDIRT01 uses unknown detail object type forest_floor_01!
Material NATURE/BLENDGRASSDIRT01 uses unknown detail object type forest_floor_01!
Material NATURE/BLENDGRASSDIRT01 uses unknown detail object type forest_floor_01!
Material NATURE/BLENDGRASSDIRT01 uses unknown detail object type forest_floor_01!
Material NATURE/BLENDGRASSDIRT01 uses unknown detail object type forest_floor_01!
Material NATURE/BLENDGRASSDIRT01 uses unknown detail object type forest_floor_01!
Material NATURE/BLENDGRASSDIRT01 uses unknown detail object type forest_floor_01!
Material NATURE/BLENDGRASSDIRT01 uses unknown detail object type forest_floor_01!
Material NATURE/BLENDGRASSDIRT01 uses unknown detail object type forest_floor_01!
Material NATURE/BLENDGRASSDIRT01 uses unknown detail object type forest_floor_01!
Material NATURE/BLENDGRASSDIRT01 uses unknown detail object type forest_floor_01!
Material NATURE/BLENDGRASSDIRT01 uses unknown detail object type forest_floor_01!
Material NATURE/BLENDGRASSDIRT01 uses unknown detail object type forest_floor_01!
Material NATURE/BLENDGRASSDIRT01 uses unknown detail object type forest_floor_01!
Material NATURE/BLENDGRASSDIRT01 uses unknown detail object type forest_floor_01!
Material NATURE/BLENDGRASSDIRT01 uses unknown detail object type forest_floor_01!
Material NATURE/BLENDGRASSDIRT01 uses unknown detail object type forest_floor_01!
Material NATURE/BLENDGRASSDIRT01 uses unknown detail object type forest_floor_01!
Material NATURE/BLENDGRASSDIRT01 uses unknown detail object type forest_floor_01!
Material NATURE/BLENDGRASSDIRT01 uses unknown detail object type forest_floor_01!
Material NATURE/BLENDGRASSDIRT01 uses unknown detail object type forest_floor_01!
Material NATURE/BLENDGRASSDIRT01 uses unknown detail object type forest_floor_01!
Material NATURE/BLENDGRASSDIRT01 uses unknown detail object type forest_floor_01!
Material NATURE/BLENDGRASSDIRT01 uses unknown detail object type forest_floor_01!
Material NATURE/BLENDGRASSDIRT01 uses unknown detail object type forest_floor_01!
Material NATURE/BLENDGRASSDIRT01 uses unknown detail object type forest_floor_01!
Material NATURE/BLENDGRASSDIRT01 uses unknown detail object type forest_floor_01!
Material NATURE/BLENDGRASSDIRT01 uses unknown detail object type forest_floor_01!
Material NATURE/BLENDGRASSDIRT01 uses unknown detail object type forest_floor_01!
Material NATURE/BLENDGRASSDIRT01 uses unknown detail object type forest_floor_01!
Material NATURE/BLENDGRASSDIRT01 uses unknown detail object type forest_floor_01!
Material NATURE/BLENDGRASSDIRT01 uses unknown detail object type forest_floor_01!
Material NATURE/BLENDGRASSDIRT01 uses unknown detail object type forest_floor_01!
Material NATURE/BLENDGRASSDIRT01 uses unknown detail object type forest_floor_01!
Material NATURE/BLENDGRASSDIRT01 uses unknown detail object type forest_floor_01!
Material NATURE/BLENDGRASSDIRT01 uses unknown detail object type forest_floor_01!
Material NATURE/BLENDGRASSDIRT01 uses unknown detail object type forest_floor_01!
Material NATURE/BLENDGRASSDIRT01 uses unknown detail object type forest_floor_01!
Material NATURE/BLENDGRASSDIRT01 uses unknown detail object type forest_floor_01!
Material NATURE/BLENDGRASSDIRT01 uses unknown detail object type forest_floor_01!
Material NATURE/BLENDGRASSDIRT01 uses unknown detail object type forest_floor_01!
Material NATURE/BLENDGRASSDIRT01 uses unknown detail object type forest_floor_01!
Material NATURE/BLENDGRASSDIRT01 uses unknown detail object type forest_floor_01!
Material NATURE/BLENDGRASSDIRT01 uses unknown detail object type forest_floor_01!
.Material NATURE/BLENDGRASSDIRT01 uses unknown detail object type forest_floor_01!
Material NATURE/BLENDGRASSDIRT01 uses unknown detail object type forest_floor_01!
Material NATURE/BLENDGRASSDIRT01 uses unknown detail object type forest_floor_01!
Material NATURE/BLENDGRASSDIRT01 uses unknown detail object type forest_floor_01!
Material NATURE/BLENDGRASSDIRT01 uses unknown detail object type forest_floor_01!
Material NATURE/BLENDGRASSDIRT01 uses unknown detail object type forest_floor_01!
Material NATURE/BLENDGRASSDIRT01 uses unknown detail object type forest_floor_01!
Material NATURE/BLENDGRASSDIRT01 uses unknown detail object type forest_floor_01!
Material NATURE/BLENDGRASSDIRT01 uses unknown detail object type forest_floor_01!
Material NATURE/BLENDGRASSDIRT01 uses unknown detail object type forest_floor_01!
Material NATURE/BLENDGRASSDIRT01 uses unknown detail object type forest_floor_01!
Material NATURE/BLENDGRASSDIRT01 uses unknown detail object type forest_floor_01!
Material NATURE/BLENDGRASSDIRT01 uses unknown detail object type forest_floor_01!
Material NATURE/BLENDGRASSDIRT01 uses unknown detail object type forest_floor_01!
.Material NATURE/BLENDGRASSDIRT01 uses unknown detail object type forest_floor_01!
Material NATURE/BLENDGRASSDIRT01 uses unknown detail object type forest_floor_01!
Material NATURE/BLENDGRASSDIRT01 uses unknown detail object type forest_floor_01!
Material NATURE/BLENDGRASSDIRT01 uses unknown detail object type forest_floor_01!
Material NATURE/BLENDGRASSDIRT01 uses unknown detail object type forest_floor_01!
Material NATURE/BLENDGRASSDIRT01 uses unknown detail object type forest_floor_01!
Material NATURE/BLENDGRASSDIRT01 uses unknown detail object type forest_floor_01!
Material NATURE/BLENDGRASSDIRT01 uses unknown detail object type forest_floor_01!
Material NATURE/BLENDGRASSDIRT01 uses unknown detail object type forest_floor_01!
Material NATURE/BLENDGRASSDIRT01 uses unknown detail object type forest_floor_01!
Material NATURE/BLENDGRASSDIRT01 uses unknown detail object type forest_floor_01!
Material NATURE/BLENDGRASSDIRT01 uses unknown detail object type forest_floor_01!
Material NATURE/BLENDGRASSDIRT01 uses unknown detail object type forest_floor_01!
Material NATURE/BLENDGRASSDIRT01 uses unknown detail object type forest_floor_01!
Material NATURE/BLENDGRASSDIRT01 uses unknown detail object type forest_floor_01!
Material NATURE/BLENDGRASSDIRT01 uses unknown detail object type forest_floor_01!
Material NATURE/BLENDGRASSDIRT01 uses unknown detail object type forest_floor_01!
Material NATURE/BLENDGRASSDIRT01 uses unknown detail object type forest_floor_01!
Material NATURE/BLENDGRASSDIRT01 uses unknown detail object type forest_floor_01!
Material NATURE/BLENDGRASSDIRT01 uses unknown detail object type forest_floor_01!
Material NATURE/BLENDGRASSDIRT01 uses unknown detail object type forest_floor_01!
Material NATURE/BLENDGRASSDIRT01 uses unknown detail object type forest_floor_01!
Material NATURE/BLENDGRASSDIRT01 uses unknown detail object type forest_floor_01!
Material NATURE/BLENDGRASSDIRT01 uses unknown detail object type forest_floor_01!
Material NATURE/BLENDGRASSDIRT01 uses unknown detail object type forest_floor_01!
Material NATURE/BLENDGRASSDIRT01 uses unknown detail object type forest_floor_01!
Material NATURE/BLENDGRASSDIRT01 uses unknown detail object type forest_floor_01!
Material NATURE/BLENDGRASSDIRT01 uses unknown detail object type forest_floor_01!
Material NATURE/BLENDGRASSDIRT01 uses unknown detail object type forest_floor_01!
Material NATURE/BLENDGRASSDIRT01 uses unknown detail object type forest_floor_01!
.Material NATURE/BLENDGRASSDIRT01 uses unknown detail object type forest_floor_01!
Material NATURE/BLENDGRASSDIRT01 uses unknown detail object type forest_floor_01!
Material NATURE/BLENDGRASSDIRT01 uses unknown detail object type forest_floor_01!
Material NATURE/BLENDGRASSDIRT01 uses unknown detail object type forest_floor_01!
Material NATURE/BLENDGRASSDIRT01 uses unknown detail object type forest_floor_01!
Material NATURE/BLENDGRASSDIRT01 uses unknown detail object type forest_floor_01!
Material NATURE/BLENDGRASSDIRT01 uses unknown detail object type forest_floor_01!
Material NATURE/BLENDGRASSDIRT01 uses unknown detail object type forest_floor_01!
Material NATURE/BLENDGRASSDIRT01 uses unknown detail object type forest_floor_01!
Material NATURE/BLENDGRASSDIRT01 uses unknown detail object type forest_floor_01!
Material NATURE/BLENDGRASSDIRT01 uses unknown detail object type forest_floor_01!
Material NATURE/BLENDGRASSDIRT01 uses unknown detail object type forest_floor_01!
Material NATURE/BLENDGRASSDIRT01 uses unknown detail object type forest_floor_01!
Material NATURE/BLENDGRASSDIRT01 uses unknown detail object type forest_floor_01!
Material NATURE/BLENDGRASSDIRT01 uses unknown detail object type forest_floor_01!
Material NATURE/BLENDGRASSDIRT01 uses unknown detail object type forest_floor_01!
Material NATURE/BLENDGRASSDIRT01 uses unknown detail object type forest_floor_01!
Material NATURE/BLENDGRASSDIRT01 uses unknown detail object type forest_floor_01!
Material NATURE/BLENDGRASSDIRT01 uses unknown detail object type forest_floor_01!
Material NATURE/BLENDGRASSDIRT01 uses unknown detail object type forest_floor_01!
Material NATURE/BLENDGRASSDIRT01 uses unknown detail object type forest_floor_01!
Material NATURE/BLENDGRASSDIRT01 uses unknown detail object type forest_floor_01!
Material NATURE/BLENDGRASSDIRT01 uses unknown detail object type forest_floor_01!
Material NATURE/BLENDGRASSDIRT01 uses unknown detail object type forest_floor_01!
Material NATURE/BLENDGRASSDIRT01 uses unknown detail object type forest_floor_01!
9...10
Compacting texture/material tables...
Reduced 2322 texinfos to 1242
Reduced 188 texdatas to 151 (7539 bytes to 6087)
Writing C:\Users\Matìj\Desktop\Hammer Editor\coop_lost\lost_singleplayer.bsp
5 seconds elapsed
